[ 2016-12-22T16:09:56+08:00 ] ::1 /meidian/index.php/Home/Common/is_online?product_maccode=00-11-22-33
ERR: 无法加载控制器:Common

[ 2016-12-22T16:11:22+08:00 ] ::1 /meidian/index.php/Home/Common/is_online?product_maccode=00-11-22-33
ERR: 无法加载控制器:Common

[ 2016-12-22T16:11:23+08:00 ] ::1 /meidian/index.php/Home/Common/is_online?product_maccode=00-11-22-33
ERR: 无法加载控制器:Common

[ 2016-12-22T16:11:52+08:00 ] ::1 /meidian/index.php/Home/Common/is_online?product_maccode=00-11-22-33
ERR: 无法加载控制器:Common

[ 2016-12-22T16:11:52+08:00 ] ::1 /meidian/index.php/Home/Common/is_online?product_maccode=00-11-22-33
ERR: 无法加载控制器:Common

[ 2016-12-22T16:12:10+08:00 ] ::1 /meidian/index.php/Home/Index?product_maccode=00-11-22-33
ERR: 无法加载控制器:Index

[ 2016-12-22T16:13:31+08:00 ] ::1 /meidian/index.php/Home/Index
ERR: 无法加载控制器:Index

[ 2016-12-22T16:14:44+08:00 ] ::1 /meidian/index.php/Home/Index
ERR: 无法加载控制器:Index

[ 2016-12-22T16:16:26+08:00 ] ::1 /meidian/index.php/Home
ERR: 无法加载控制器:Index

[ 2016-12-22T16:16:32+08:00 ] ::1 /meidian/index.php/Home
ERR: 无法加载控制器:Index

[ 2016-12-22T16:16:49+08:00 ] ::1 /meidian/index.php/Home/Common/is_online
ERR: 无法加载控制器:Common

[ 2016-12-22T16:16:56+08:00 ] ::1 /meidian/index.php/Home/Common/upload
ERR: 无法加载控制器:Common

[ 2016-12-22T16:20:06+08:00 ] ::1 /meidian/index.php/Home/Common/is_online?product_maccode=00-11-22-33
ERR: Think\Model:update_Product方法不存在！

