[ 2016-12-05T09:57:38+08:00 ] ::1 /cp/index.php
INFO: [ app_init ] --START--
INFO: Run Behavior\BuildLiteBehavior [ RunTime:0.000044s ]
INFO: [ app_init ] --END-- [ RunTime:0.000968s ]
INFO: [ app_begin ] --START--
INFO: Run Behavior\ReadHtmlCacheBehavior [ RunTime:0.000975s ]
INFO: [ app_begin ] --END-- [ RunTime:0.001185s ]
INFO: [ view_parse ] --START--
INFO: [ template_filter ] --START--
INFO: Run Behavior\ContentReplaceBehavior [ RunTime:0.001088s ]
INFO: [ template_filter ] --END-- [ RunTime:0.001281s ]
INFO: Run Behavior\ParseTemplateBehavior [ RunTime:0.010436s ]
INFO: [ view_parse ] --END-- [ RunTime:0.010774s ]
INFO: [ view_filter ] --START--
INFO: Run Behavior\WriteHtmlCacheBehavior [ RunTime:0.000606s ]
INFO: [ view_filter ] --END-- [ RunTime:0.000769s ]
INFO: [ app_end ] --START--
INFO: Run Behavior\ShowPageTraceBehavior [ RunTime:0.000852s ]
INFO: [ app_end ] --END-- [ RunTime:0.001336s ]

[ 2016-12-05T11:09:18+08:00 ] ::1 /cp/index.php/home/user/login
INFO: [ app_init ] --START--
INFO: Run Behavior\BuildLiteBehavior [ RunTime:0.000063s ]
INFO: [ app_init ] --END-- [ RunTime:0.000917s ]

[ 2016-12-05T11:09:37+08:00 ] ::1 /cp/index.php/home/user/login
INFO: [ app_init ] --START--
INFO: Run Behavior\BuildLiteBehavior [ RunTime:0.000040s ]
INFO: [ app_init ] --END-- [ RunTime:0.000742s ]
ERR: 无法加载控制器:User

[ 2016-12-05T11:10:07+08:00 ] ::1 /cp/index.php/home/user/login
INFO: [ app_init ] --START--
INFO: Run Behavior\BuildLiteBehavior [ RunTime:0.000039s ]
INFO: [ app_init ] --END-- [ RunTime:0.000798s ]
ERR: 无法加载控制器:User

[ 2016-12-05T11:10:09+08:00 ] ::1 /cp/index.php/home/user/login
INFO: [ app_init ] --START--
INFO: Run Behavior\BuildLiteBehavior [ RunTime:0.000071s ]
INFO: [ app_init ] --END-- [ RunTime:0.000981s ]
ERR: 无法加载控制器:User

[ 2016-12-05T11:10:10+08:00 ] ::1 /cp/index.php/home/user/login
INFO: [ app_init ] --START--
INFO: Run Behavior\BuildLiteBehavior [ RunTime:0.000077s ]
INFO: [ app_init ] --END-- [ RunTime:0.001118s ]
ERR: 无法加载控制器:User

[ 2016-12-05T11:10:10+08:00 ] ::1 /cp/index.php/home/user/login
INFO: [ app_init ] --START--
INFO: Run Behavior\BuildLiteBehavior [ RunTime:0.000086s ]
INFO: [ app_init ] --END-- [ RunTime:0.001368s ]
ERR: 无法加载控制器:User

[ 2016-12-05T11:10:28+08:00 ] ::1 /cp/index.php/home/user/login
INFO: [ app_init ] --START--
INFO: Run Behavior\BuildLiteBehavior [ RunTime:0.000040s ]
INFO: [ app_init ] --END-- [ RunTime:0.000863s ]
ERR: 无法加载控制器:User

[ 2016-12-05T11:10:29+08:00 ] ::1 /cp/index.php/home/user/login
INFO: [ app_init ] --START--
INFO: Run Behavior\BuildLiteBehavior [ RunTime:0.000040s ]
INFO: [ app_init ] --END-- [ RunTime:0.000772s ]
ERR: 无法加载控制器:User

[ 2016-12-05T11:10:30+08:00 ] ::1 /cp/index.php/home/user/login
INFO: [ app_init ] --START--
INFO: Run Behavior\BuildLiteBehavior [ RunTime:0.000081s ]
INFO: [ app_init ] --END-- [ RunTime:0.001589s ]
ERR: 无法加载控制器:User

[ 2016-12-05T11:11:53+08:00 ] ::1 /cp/index.php/home/user/login
INFO: [ app_init ] --START--
INFO: Run Behavior\BuildLiteBehavior [ RunTime:0.000041s ]
INFO: [ app_init ] --END-- [ RunTime:0.000768s ]
ERR: 无法加载控制器:User

[ 2016-12-05T11:12:12+08:00 ] ::1 /cp/index.php/home/user/login
INFO: [ app_init ] --START--
INFO: Run Behavior\BuildLiteBehavior [ RunTime:0.000041s ]
INFO: [ app_init ] --END-- [ RunTime:0.000766s ]
ERR: 无法加载控制器:User

[ 2016-12-05T11:12:15+08:00 ] ::1 /cp/index.php/home/user/login
INFO: [ app_init ] --START--
INFO: Run Behavior\BuildLiteBehavior [ RunTime:0.000041s ]
INFO: [ app_init ] --END-- [ RunTime:0.000963s ]
ERR: 无法加载控制器:User

[ 2016-12-05T11:12:54+08:00 ] ::1 /cp/index.php/home/user/login
INFO: [ app_init ] --START--
INFO: Run Behavior\BuildLiteBehavior [ RunTime:0.000040s ]
INFO: [ app_init ] --END-- [ RunTime:0.000829s ]

[ 2016-12-05T11:13:29+08:00 ] ::1 /cp/index.php/home/user/login
INFO: [ app_init ] --START--
INFO: Run Behavior\BuildLiteBehavior [ RunTime:0.000041s ]
INFO: [ app_init ] --END-- [ RunTime:0.000802s ]

[ 2016-12-05T11:15:40+08:00 ] ::1 /cp/index.php/home/user/login
INFO: [ app_init ] --START--
INFO: Run Behavior\BuildLiteBehavior [ RunTime:0.000075s ]
INFO: [ app_init ] --END-- [ RunTime:0.001509s ]

[ 2016-12-05T11:16:25+08:00 ] ::1 /cp/index.php/home/user/login
INFO: [ app_init ] --START--
INFO: Run Behavior\BuildLiteBehavior [ RunTime:0.000080s ]
INFO: [ app_init ] --END-- [ RunTime:0.001228s ]

[ 2016-12-05T11:16:26+08:00 ] ::1 /cp/index.php/home/user/login
INFO: [ app_init ] --START--
INFO: Run Behavior\BuildLiteBehavior [ RunTime:0.000045s ]
INFO: [ app_init ] --END-- [ RunTime:0.000827s ]

[ 2016-12-05T11:17:50+08:00 ] ::1 /cp/index.php/home/user/login
INFO: [ app_init ] --START--
INFO: Run Behavior\BuildLiteBehavior [ RunTime:0.000078s ]
INFO: [ app_init ] --END-- [ RunTime:0.000935s ]

[ 2016-12-05T11:18:49+08:00 ] ::1 /cp/index.php/home/user/login
INFO: [ app_init ] --START--
INFO: Run Behavior\BuildLiteBehavior [ RunTime:0.000070s ]
INFO: [ app_init ] --END-- [ RunTime:0.001060s ]

[ 2016-12-05T11:19:21+08:00 ] ::1 /cp/index.php/home/user/login
INFO: [ app_init ] --START--
INFO: Run Behavior\BuildLiteBehavior [ RunTime:0.000041s ]
INFO: [ app_init ] --END-- [ RunTime:0.000769s ]

[ 2016-12-05T11:19:21+08:00 ] ::1 /cp/index.php/home/user/login
INFO: [ app_init ] --START--
INFO: Run Behavior\BuildLiteBehavior [ RunTime:0.000048s ]
INFO: [ app_init ] --END-- [ RunTime:0.000950s ]

[ 2016-12-05T11:19:22+08:00 ] ::1 /cp/index.php/home/user/login
INFO: [ app_init ] --START--
INFO: Run Behavior\BuildLiteBehavior [ RunTime:0.000044s ]
INFO: [ app_init ] --END-- [ RunTime:0.000763s ]

[ 2016-12-05T11:19:22+08:00 ] ::1 /cp/index.php/home/user/login
INFO: [ app_init ] --START--
INFO: Run Behavior\BuildLiteBehavior [ RunTime:0.000072s ]
INFO: [ app_init ] --END-- [ RunTime:0.001425s ]

[ 2016-12-05T11:19:22+08:00 ] ::1 /cp/index.php/home/user/login
INFO: [ app_init ] --START--
INFO: Run Behavior\BuildLiteBehavior [ RunTime:0.000072s ]
INFO: [ app_init ] --END-- [ RunTime:0.001127s ]

[ 2016-12-05T11:19:23+08:00 ] ::1 /cp/index.php/home/user/login
INFO: [ app_init ] --START--
INFO: Run Behavior\BuildLiteBehavior [ RunTime:0.000041s ]
INFO: [ app_init ] --END-- [ RunTime:0.000796s ]

[ 2016-12-05T11:19:23+08:00 ] ::1 /cp/index.php/home/user/login
INFO: [ app_init ] --START--
INFO: Run Behavior\BuildLiteBehavior [ RunTime:0.000138s ]
INFO: [ app_init ] --END-- [ RunTime:0.001661s ]

[ 2016-12-05T11:19:23+08:00 ] ::1 /cp/index.php/home/user/login
INFO: [ app_init ] --START--
INFO: Run Behavior\BuildLiteBehavior [ RunTime:0.000049s ]
INFO: [ app_init ] --END-- [ RunTime:0.001100s ]

[ 2016-12-05T11:19:24+08:00 ] ::1 /cp/index.php/home/user/login
INFO: [ app_init ] --START--
INFO: Run Behavior\BuildLiteBehavior [ RunTime:0.000081s ]
INFO: [ app_init ] --END-- [ RunTime:0.001043s ]

[ 2016-12-05T11:19:26+08:00 ] ::1 /cp/index.php/home/user/login
INFO: [ app_init ] --START--
INFO: Run Behavior\BuildLiteBehavior [ RunTime:0.000041s ]
INFO: [ app_init ] --END-- [ RunTime:0.000768s ]

[ 2016-12-05T11:19:26+08:00 ] ::1 /cp/index.php/home/user/login
INFO: [ app_init ] --START--
INFO: Run Behavior\BuildLiteBehavior [ RunTime:0.000046s ]
INFO: [ app_init ] --END-- [ RunTime:0.000812s ]

[ 2016-12-05T11:19:26+08:00 ] ::1 /cp/index.php/home/user/login
INFO: [ app_init ] --START--
INFO: Run Behavior\BuildLiteBehavior [ RunTime:0.000081s ]
INFO: [ app_init ] --END-- [ RunTime:0.001512s ]

[ 2016-12-05T11:19:27+08:00 ] ::1 /cp/index.php/home/user/login
INFO: [ app_init ] --START--
INFO: Run Behavior\BuildLiteBehavior [ RunTime:0.000078s ]
INFO: [ app_init ] --END-- [ RunTime:0.001487s ]

[ 2016-12-05T11:19:27+08:00 ] ::1 /cp/index.php/home/user/login
INFO: [ app_init ] --START--
INFO: Run Behavior\BuildLiteBehavior [ RunTime:0.000044s ]
INFO: [ app_init ] --END-- [ RunTime:0.000891s ]

[ 2016-12-05T11:20:02+08:00 ] ::1 /cp/index.php/home/user/login
INFO: [ app_init ] --START--
INFO: Run Behavior\BuildLiteBehavior [ RunTime:0.000038s ]
INFO: [ app_init ] --END-- [ RunTime:0.000690s ]

[ 2016-12-05T11:21:09+08:00 ] ::1 /cp/index.php/home/user/login
INFO: [ app_init ] --START--
INFO: Run Behavior\BuildLiteBehavior [ RunTime:0.000044s ]
INFO: [ app_init ] --END-- [ RunTime:0.001512s ]

[ 2016-12-05T11:21:10+08:00 ] ::1 /cp/index.php/home/user/login
INFO: [ app_init ] --START--
INFO: Run Behavior\BuildLiteBehavior [ RunTime:0.000046s ]
INFO: [ app_init ] --END-- [ RunTime:0.001071s ]

[ 2016-12-05T11:21:10+08:00 ] ::1 /cp/index.php/home/user/login
INFO: [ app_init ] --START--
INFO: Run Behavior\BuildLiteBehavior [ RunTime:0.000040s ]
INFO: [ app_init ] --END-- [ RunTime:0.000675s ]

[ 2016-12-05T11:21:10+08:00 ] ::1 /cp/index.php/home/user/login
INFO: [ app_init ] --START--
INFO: Run Behavior\BuildLiteBehavior [ RunTime:0.000080s ]
INFO: [ app_init ] --END-- [ RunTime:0.001172s ]

[ 2016-12-05T11:21:11+08:00 ] ::1 /cp/index.php/home/user/login
INFO: [ app_init ] --START--
INFO: Run Behavior\BuildLiteBehavior [ RunTime:0.000041s ]
INFO: [ app_init ] --END-- [ RunTime:0.000780s ]

[ 2016-12-05T11:21:11+08:00 ] ::1 /cp/index.php/home/user/login
INFO: [ app_init ] --START--
INFO: Run Behavior\BuildLiteBehavior [ RunTime:0.000088s ]
INFO: [ app_init ] --END-- [ RunTime:0.001297s ]

[ 2016-12-05T11:21:13+08:00 ] ::1 /cp/index.php/home/user/login
INFO: [ app_init ] --START--
INFO: Run Behavior\BuildLiteBehavior [ RunTime:0.000041s ]
INFO: [ app_init ] --END-- [ RunTime:0.000760s ]

[ 2016-12-05T11:21:14+08:00 ] ::1 /cp/index.php/home/user/login
INFO: [ app_init ] --START--
INFO: Run Behavior\BuildLiteBehavior [ RunTime:0.000039s ]
INFO: [ app_init ] --END-- [ RunTime:0.000774s ]

[ 2016-12-05T11:22:03+08:00 ] ::1 /cp/index.php/home/user/login
INFO: [ app_init ] --START--
INFO: Run Behavior\BuildLiteBehavior [ RunTime:0.000040s ]
INFO: [ app_init ] --END-- [ RunTime:0.000903s ]

[ 2016-12-05T11:22:24+08:00 ] ::1 /cp/index.php/home/user/login
INFO: [ app_init ] --START--
INFO: Run Behavior\BuildLiteBehavior [ RunTime:0.000041s ]
INFO: [ app_init ] --END-- [ RunTime:0.000712s ]

[ 2016-12-05T11:22:30+08:00 ] ::1 /cp/index.php/home/user/login
INFO: [ app_init ] --START--
INFO: Run Behavior\BuildLiteBehavior [ RunTime:0.000039s ]
INFO: [ app_init ] --END-- [ RunTime:0.000752s ]

[ 2016-12-05T11:22:31+08:00 ] ::1 /cp/index.php/home/user/login
INFO: [ app_init ] --START--
INFO: Run Behavior\BuildLiteBehavior [ RunTime:0.000041s ]
INFO: [ app_init ] --END-- [ RunTime:0.000736s ]

[ 2016-12-05T11:22:32+08:00 ] ::1 /cp/index.php/home/user/login
INFO: [ app_init ] --START--
INFO: Run Behavior\BuildLiteBehavior [ RunTime:0.000078s ]
INFO: [ app_init ] --END-- [ RunTime:0.001266s ]

[ 2016-12-05T11:22:32+08:00 ] ::1 /cp/index.php/home/user/login
INFO: [ app_init ] --START--
INFO: Run Behavior\BuildLiteBehavior [ RunTime:0.000042s ]
INFO: [ app_init ] --END-- [ RunTime:0.000861s ]

[ 2016-12-05T11:22:32+08:00 ] ::1 /cp/index.php/home/user/login
INFO: [ app_init ] --START--
INFO: Run Behavior\BuildLiteBehavior [ RunTime:0.000042s ]
INFO: [ app_init ] --END-- [ RunTime:0.001021s ]

[ 2016-12-05T11:22:32+08:00 ] ::1 /cp/index.php/home/user/login
INFO: [ app_init ] --START--
INFO: Run Behavior\BuildLiteBehavior [ RunTime:0.000043s ]
INFO: [ app_init ] --END-- [ RunTime:0.000697s ]

[ 2016-12-05T11:22:33+08:00 ] ::1 /cp/index.php/home/user/login
INFO: [ app_init ] --START--
INFO: Run Behavior\BuildLiteBehavior [ RunTime:0.000039s ]
INFO: [ app_init ] --END-- [ RunTime:0.000698s ]

[ 2016-12-05T11:22:39+08:00 ] ::1 /cp/index.php/home/user/login
INFO: [ app_init ] --START--
INFO: Run Behavior\BuildLiteBehavior [ RunTime:0.000040s ]
INFO: [ app_init ] --END-- [ RunTime:0.000754s ]

[ 2016-12-05T11:22:50+08:00 ] ::1 /cp/index.php/home/user/login
INFO: [ app_init ] --START--
INFO: Run Behavior\BuildLiteBehavior [ RunTime:0.000039s ]
INFO: [ app_init ] --END-- [ RunTime:0.000708s ]

[ 2016-12-05T11:23:04+08:00 ] ::1 /cp/index.php/home/user/login
INFO: [ app_init ] --START--
INFO: Run Behavior\BuildLiteBehavior [ RunTime:0.000042s ]
INFO: [ app_init ] --END-- [ RunTime:0.000759s ]
ERR: Think\Model:login方法不存在！

[ 2016-12-05T11:23:16+08:00 ] ::1 /cp/index.php/home/user/login
INFO: [ app_init ] --START--
INFO: Run Behavior\BuildLiteBehavior [ RunTime:0.000044s ]
INFO: [ app_init ] --END-- [ RunTime:0.000816s ]

[ 2016-12-05T11:23:31+08:00 ] ::1 /cp/index.php/home/user/login
INFO: [ app_init ] --START--
INFO: Run Behavior\BuildLiteBehavior [ RunTime:0.000044s ]
INFO: [ app_init ] --END-- [ RunTime:0.001118s ]

[ 2016-12-05T11:24:21+08:00 ] ::1 /cp/index.php/home/user/login
INFO: [ app_init ] --START--
INFO: Run Behavior\BuildLiteBehavior [ RunTime:0.000084s ]
INFO: [ app_init ] --END-- [ RunTime:0.001387s ]

[ 2016-12-05T11:25:26+08:00 ] ::1 /cp/index.php/home/user/login
INFO: [ app_init ] --START--
INFO: Run Behavior\BuildLiteBehavior [ RunTime:0.000074s ]
INFO: [ app_init ] --END-- [ RunTime:0.001225s ]

[ 2016-12-05T11:25:50+08:00 ] ::1 /cp/index.php/home/user/login
INFO: [ app_init ] --START--
INFO: Run Behavior\BuildLiteBehavior [ RunTime:0.000073s ]
INFO: [ app_init ] --END-- [ RunTime:0.001232s ]

[ 2016-12-05T11:25:50+08:00 ] ::1 /cp/index.php/home/user/index.js.map
INFO: [ app_init ] --START--
INFO: Run Behavior\BuildLiteBehavior [ RunTime:0.000067s ]
INFO: [ app_init ] --END-- [ RunTime:0.001024s ]
ERR: 非法操作:index.js.map

[ 2016-12-05T11:26:05+08:00 ] ::1 /cp/index.php/home/user/login
INFO: [ app_init ] --START--
INFO: Run Behavior\BuildLiteBehavior [ RunTime:0.000043s ]
INFO: [ app_init ] --END-- [ RunTime:0.000893s ]

[ 2016-12-05T11:26:06+08:00 ] ::1 /cp/index.php/home/user/index.js.map
INFO: [ app_init ] --START--
INFO: Run Behavior\BuildLiteBehavior [ RunTime:0.000043s ]
INFO: [ app_init ] --END-- [ RunTime:0.000741s ]
ERR: 非法操作:index.js.map

[ 2016-12-05T11:26:17+08:00 ] ::1 /cp/index.php/home/user/login
INFO: [ app_init ] --START--
INFO: Run Behavior\BuildLiteBehavior [ RunTime:0.000039s ]
INFO: [ app_init ] --END-- [ RunTime:0.000884s ]

[ 2016-12-05T11:26:18+08:00 ] ::1 /cp/index.php/home/user/login
INFO: [ app_init ] --START--
INFO: Run Behavior\BuildLiteBehavior [ RunTime:0.000083s ]
INFO: [ app_init ] --END-- [ RunTime:0.001231s ]

[ 2016-12-05T11:26:18+08:00 ] ::1 /cp/index.php/home/user/index.js.map
INFO: [ app_init ] --START--
INFO: Run Behavior\BuildLiteBehavior [ RunTime:0.000075s ]
INFO: [ app_init ] --END-- [ RunTime:0.002508s ]
ERR: 非法操作:index.js.map

[ 2016-12-05T11:26:19+08:00 ] ::1 /cp/index.php/home/user/login
INFO: [ app_init ] --START--
INFO: Run Behavior\BuildLiteBehavior [ RunTime:0.000042s ]
INFO: [ app_init ] --END-- [ RunTime:0.000880s ]

[ 2016-12-05T11:26:19+08:00 ] ::1 /cp/index.php/home/user/login
INFO: [ app_init ] --START--
INFO: Run Behavior\BuildLiteBehavior [ RunTime:0.000075s ]
INFO: [ app_init ] --END-- [ RunTime:0.001157s ]

[ 2016-12-05T11:26:20+08:00 ] ::1 /cp/index.php/home/user/login
INFO: [ app_init ] --START--
INFO: Run Behavior\BuildLiteBehavior [ RunTime:0.000080s ]
INFO: [ app_init ] --END-- [ RunTime:0.001311s ]

[ 2016-12-05T11:26:20+08:00 ] ::1 /cp/index.php/home/user/index.js.map
INFO: [ app_init ] --START--
INFO: Run Behavior\BuildLiteBehavior [ RunTime:0.000100s ]
INFO: [ app_init ] --END-- [ RunTime:0.005958s ]
ERR: 非法操作:index.js.map

[ 2016-12-05T11:26:20+08:00 ] ::1 /cp/index.php/home/user/index.js.map
INFO: [ app_init ] --START--
INFO: Run Behavior\BuildLiteBehavior [ RunTime:0.000074s ]
INFO: [ app_init ] --END-- [ RunTime:0.000825s ]
ERR: 非法操作:index.js.map

[ 2016-12-05T11:28:46+08:00 ] ::1 /cp/index.php/home/user/login
INFO: [ app_init ] --START--
INFO: Run Behavior\BuildLiteBehavior [ RunTime:0.000049s ]
INFO: [ app_init ] --END-- [ RunTime:0.001304s ]

[ 2016-12-05T11:28:46+08:00 ] ::1 /cp/index.php/home/user/index.js.map
INFO: [ app_init ] --START--
INFO: Run Behavior\BuildLiteBehavior [ RunTime:0.000041s ]
INFO: [ app_init ] --END-- [ RunTime:0.000717s ]
ERR: 非法操作:index.js.map

[ 2016-12-05T11:28:57+08:00 ] ::1 /cp/index.php/home/user/login
INFO: [ app_init ] --START--
INFO: Run Behavior\BuildLiteBehavior [ RunTime:0.000042s ]
INFO: [ app_init ] --END-- [ RunTime:0.000908s ]

[ 2016-12-05T11:28:58+08:00 ] ::1 /cp/index.php/home/user/index.js.map
INFO: [ app_init ] --START--
INFO: Run Behavior\BuildLiteBehavior [ RunTime:0.000046s ]
INFO: [ app_init ] --END-- [ RunTime:0.000809s ]
ERR: 非法操作:index.js.map

[ 2016-12-05T11:29:44+08:00 ] ::1 /cp/index.php/home/user/login
INFO: [ app_init ] --START--
INFO: Run Behavior\BuildLiteBehavior [ RunTime:0.000082s ]
INFO: [ app_init ] --END-- [ RunTime:0.001400s ]

[ 2016-12-05T11:29:44+08:00 ] ::1 /cp/index.php/home/user/index.js.map
INFO: [ app_init ] --START--
INFO: Run Behavior\BuildLiteBehavior [ RunTime:0.000041s ]
INFO: [ app_init ] --END-- [ RunTime:0.000750s ]
ERR: 非法操作:index.js.map

[ 2016-12-05T11:29:57+08:00 ] ::1 /cp/index.php/home/user/login
INFO: [ app_init ] --START--
INFO: Run Behavior\BuildLiteBehavior [ RunTime:0.000075s ]
INFO: [ app_init ] --END-- [ RunTime:0.001265s ]

[ 2016-12-05T11:29:57+08:00 ] ::1 /cp/index.php/home/user/index.js.map
INFO: [ app_init ] --START--
INFO: Run Behavior\BuildLiteBehavior [ RunTime:0.000093s ]
INFO: [ app_init ] --END-- [ RunTime:0.001488s ]
ERR: 非法操作:index.js.map

[ 2016-12-05T11:29:58+08:00 ] ::1 /cp/index.php/home/user/login
INFO: [ app_init ] --START--
INFO: Run Behavior\BuildLiteBehavior [ RunTime:0.000044s ]
INFO: [ app_init ] --END-- [ RunTime:0.000834s ]

[ 2016-12-05T11:29:59+08:00 ] ::1 /cp/index.php/home/user/login
INFO: [ app_init ] --START--
INFO: Run Behavior\BuildLiteBehavior [ RunTime:0.000092s ]
INFO: [ app_init ] --END-- [ RunTime:0.001431s ]

[ 2016-12-05T11:29:59+08:00 ] ::1 /cp/index.php/home/user/login
INFO: [ app_init ] --START--
INFO: Run Behavior\BuildLiteBehavior [ RunTime:0.000081s ]
INFO: [ app_init ] --END-- [ RunTime:0.001498s ]

[ 2016-12-05T11:29:59+08:00 ] ::1 /cp/index.php/home/user/index.js.map
INFO: [ app_init ] --START--
INFO: Run Behavior\BuildLiteBehavior [ RunTime:0.000045s ]
INFO: [ app_init ] --END-- [ RunTime:0.000850s ]
ERR: 非法操作:index.js.map

[ 2016-12-05T11:30:03+08:00 ] ::1 /cp/index.php/home/user/login
INFO: [ app_init ] --START--
INFO: Run Behavior\BuildLiteBehavior [ RunTime:0.000140s ]
INFO: [ app_init ] --END-- [ RunTime:0.002589s ]

[ 2016-12-05T11:30:04+08:00 ] ::1 /cp/index.php/home/user/index.js.map
INFO: [ app_init ] --START--
INFO: Run Behavior\BuildLiteBehavior [ RunTime:0.000117s ]
INFO: [ app_init ] --END-- [ RunTime:0.002292s ]
ERR: 非法操作:index.js.map

[ 2016-12-05T11:30:12+08:00 ] ::1 /cp/index.php/home/user/login
INFO: [ app_init ] --START--
INFO: Run Behavior\BuildLiteBehavior [ RunTime:0.000071s ]
INFO: [ app_init ] --END-- [ RunTime:0.001445s ]

[ 2016-12-05T11:30:13+08:00 ] ::1 /cp/index.php/home/user/index.js.map
INFO: [ app_init ] --START--
INFO: Run Behavior\BuildLiteBehavior [ RunTime:0.000048s ]
INFO: [ app_init ] --END-- [ RunTime:0.000935s ]
ERR: 非法操作:index.js.map

[ 2016-12-05T11:30:25+08:00 ] ::1 /cp/index.php/home/user/login
INFO: [ app_init ] --START--
INFO: Run Behavior\BuildLiteBehavior [ RunTime:0.000039s ]
INFO: [ app_init ] --END-- [ RunTime:0.000757s ]

[ 2016-12-05T11:30:26+08:00 ] ::1 /cp/index.php/home/user/login
INFO: [ app_init ] --START--
INFO: Run Behavior\BuildLiteBehavior [ RunTime:0.000054s ]
INFO: [ app_init ] --END-- [ RunTime:0.001059s ]

[ 2016-12-05T11:30:26+08:00 ] ::1 /cp/index.php/home/user/index.js.map
INFO: [ app_init ] --START--
INFO: Run Behavior\BuildLiteBehavior [ RunTime:0.000071s ]
INFO: [ app_init ] --END-- [ RunTime:0.001158s ]
ERR: 非法操作:index.js.map

[ 2016-12-05T11:30:26+08:00 ] ::1 /cp/index.php/home/user/login
INFO: [ app_init ] --START--
INFO: Run Behavior\BuildLiteBehavior [ RunTime:0.000070s ]
INFO: [ app_init ] --END-- [ RunTime:0.001436s ]

[ 2016-12-05T11:30:27+08:00 ] ::1 /cp/index.php/home/user/index.js.map
INFO: [ app_init ] --START--
INFO: Run Behavior\BuildLiteBehavior [ RunTime:0.000045s ]
INFO: [ app_init ] --END-- [ RunTime:0.000696s ]
ERR: 非法操作:index.js.map

[ 2016-12-05T11:31:22+08:00 ] ::1 /cp/index.php/home/user/login
INFO: [ app_init ] --START--
INFO: Run Behavior\BuildLiteBehavior [ RunTime:0.000079s ]
INFO: [ app_init ] --END-- [ RunTime:0.001989s ]

[ 2016-12-05T11:31:23+08:00 ] ::1 /cp/index.php/home/user/index.js.map
INFO: [ app_init ] --START--
INFO: Run Behavior\BuildLiteBehavior [ RunTime:0.000077s ]
INFO: [ app_init ] --END-- [ RunTime:0.001440s ]
ERR: 非法操作:index.js.map

[ 2016-12-05T11:31:23+08:00 ] ::1 /cp/index.php/home/user/login
INFO: [ app_init ] --START--
INFO: Run Behavior\BuildLiteBehavior [ RunTime:0.000043s ]
INFO: [ app_init ] --END-- [ RunTime:0.001240s ]

[ 2016-12-05T11:31:23+08:00 ] ::1 /cp/index.php/home/user/login
INFO: [ app_init ] --START--
INFO: Run Behavior\BuildLiteBehavior [ RunTime:0.000043s ]
INFO: [ app_init ] --END-- [ RunTime:0.000861s ]

[ 2016-12-05T11:31:24+08:00 ] ::1 /cp/index.php/home/user/login
INFO: [ app_init ] --START--
INFO: Run Behavior\BuildLiteBehavior [ RunTime:0.000082s ]
INFO: [ app_init ] --END-- [ RunTime:0.001344s ]

[ 2016-12-05T11:31:24+08:00 ] ::1 /cp/index.php/home/user/index.js.map
INFO: [ app_init ] --START--
INFO: Run Behavior\BuildLiteBehavior [ RunTime:0.000074s ]
INFO: [ app_init ] --END-- [ RunTime:0.001657s ]
ERR: 非法操作:index.js.map

[ 2016-12-05T11:31:24+08:00 ] ::1 /cp/index.php/home/user/index.js.map
INFO: [ app_init ] --START--
INFO: Run Behavior\BuildLiteBehavior [ RunTime:0.000070s ]
INFO: [ app_init ] --END-- [ RunTime:0.001086s ]
ERR: 非法操作:index.js.map

[ 2016-12-05T11:31:34+08:00 ] ::1 /cp/index.php/home/user/login
INFO: [ app_init ] --START--
INFO: Run Behavior\BuildLiteBehavior [ RunTime:0.000040s ]
INFO: [ app_init ] --END-- [ RunTime:0.000717s ]

[ 2016-12-05T11:31:34+08:00 ] ::1 /cp/index.php/home/user/index.js.map
INFO: [ app_init ] --START--
INFO: Run Behavior\BuildLiteBehavior [ RunTime:0.000085s ]
INFO: [ app_init ] --END-- [ RunTime:0.001595s ]
ERR: 非法操作:index.js.map

[ 2016-12-05T11:31:35+08:00 ] ::1 /cp/index.php/home/user/login
INFO: [ app_init ] --START--
INFO: Run Behavior\BuildLiteBehavior [ RunTime:0.000042s ]
INFO: [ app_init ] --END-- [ RunTime:0.000962s ]

[ 2016-12-05T11:31:36+08:00 ] ::1 /cp/index.php/home/user/login
INFO: [ app_init ] --START--
INFO: Run Behavior\BuildLiteBehavior [ RunTime:0.000076s ]
INFO: [ app_init ] --END-- [ RunTime:0.001261s ]

[ 2016-12-05T11:31:36+08:00 ] ::1 /cp/index.php/home/user/index.js.map
INFO: [ app_init ] --START--
INFO: Run Behavior\BuildLiteBehavior [ RunTime:0.000067s ]
INFO: [ app_init ] --END-- [ RunTime:0.001112s ]
ERR: 非法操作:index.js.map

[ 2016-12-05T11:31:37+08:00 ] ::1 /cp/index.php/home/user/index.js.map
INFO: [ app_init ] --START--
INFO: Run Behavior\BuildLiteBehavior [ RunTime:0.000047s ]
INFO: [ app_init ] --END-- [ RunTime:0.000879s ]
ERR: 非法操作:index.js.map

[ 2016-12-05T11:31:46+08:00 ] ::1 /cp/index.php/home/user/login
INFO: [ app_init ] --START--
INFO: Run Behavior\BuildLiteBehavior [ RunTime:0.000039s ]
INFO: [ app_init ] --END-- [ RunTime:0.000714s ]

[ 2016-12-05T11:31:47+08:00 ] ::1 /cp/index.php/home/user/index.js.map
INFO: [ app_init ] --START--
INFO: Run Behavior\BuildLiteBehavior [ RunTime:0.000041s ]
INFO: [ app_init ] --END-- [ RunTime:0.000658s ]
ERR: 非法操作:index.js.map

[ 2016-12-05T11:32:00+08:00 ] ::1 /cp/index.php/home/user/login
INFO: [ app_init ] --START--
INFO: Run Behavior\BuildLiteBehavior [ RunTime:0.000039s ]
INFO: [ app_init ] --END-- [ RunTime:0.000719s ]

[ 2016-12-05T11:32:01+08:00 ] ::1 /cp/index.php/home/user/index.js.map
INFO: [ app_init ] --START--
INFO: Run Behavior\BuildLiteBehavior [ RunTime:0.000077s ]
INFO: [ app_init ] --END-- [ RunTime:0.001033s ]
ERR: 非法操作:index.js.map

[ 2016-12-05T11:32:55+08:00 ] ::1 /cp/index.php/home/user/login
INFO: [ app_init ] --START--
INFO: Run Behavior\BuildLiteBehavior [ RunTime:0.000044s ]
INFO: [ app_init ] --END-- [ RunTime:0.001101s ]

[ 2016-12-05T11:32:55+08:00 ] ::1 /cp/index.php/home/user/index.js.map
INFO: [ app_init ] --START--
INFO: Run Behavior\BuildLiteBehavior [ RunTime:0.000066s ]
INFO: [ app_init ] --END-- [ RunTime:0.001092s ]
ERR: 非法操作:index.js.map

[ 2016-12-05T11:34:42+08:00 ] ::1 /cp/index.php/home/user/login
INFO: [ app_init ] --START--
INFO: Run Behavior\BuildLiteBehavior [ RunTime:0.000146s ]
INFO: [ app_init ] --END-- [ RunTime:0.001643s ]

[ 2016-12-05T11:34:43+08:00 ] ::1 /cp/index.php/home/user/index.js.map
INFO: [ app_init ] --START--
INFO: Run Behavior\BuildLiteBehavior [ RunTime:0.000075s ]
INFO: [ app_init ] --END-- [ RunTime:0.001314s ]
ERR: 非法操作:index.js.map

[ 2016-12-05T11:34:43+08:00 ] ::1 /cp/index.php/home/user/login
INFO: [ app_init ] --START--
INFO: Run Behavior\BuildLiteBehavior [ RunTime:0.000059s ]
INFO: [ app_init ] --END-- [ RunTime:0.000872s ]

[ 2016-12-05T11:34:44+08:00 ] ::1 /cp/index.php/home/user/index.js.map
INFO: [ app_init ] --START--
INFO: Run Behavior\BuildLiteBehavior [ RunTime:0.000039s ]
INFO: [ app_init ] --END-- [ RunTime:0.000649s ]
ERR: 非法操作:index.js.map

[ 2016-12-05T11:34:57+08:00 ] ::1 /cp/index.php/home/user/login
INFO: [ app_init ] --START--
INFO: Run Behavior\BuildLiteBehavior [ RunTime:0.000075s ]
INFO: [ app_init ] --END-- [ RunTime:0.001333s ]

[ 2016-12-05T11:34:58+08:00 ] ::1 /cp/index.php/home/user/index.js.map
INFO: [ app_init ] --START--
INFO: Run Behavior\BuildLiteBehavior [ RunTime:0.000048s ]
INFO: [ app_init ] --END-- [ RunTime:0.000723s ]
ERR: 非法操作:index.js.map

[ 2016-12-05T11:35:04+08:00 ] ::1 /cp/index.php/home/user/login
INFO: [ app_init ] --START--
INFO: Run Behavior\BuildLiteBehavior [ RunTime:0.000048s ]
INFO: [ app_init ] --END-- [ RunTime:0.000861s ]

[ 2016-12-05T11:35:05+08:00 ] ::1 /cp/index.php/home/user/index.js.map
INFO: [ app_init ] --START--
INFO: Run Behavior\BuildLiteBehavior [ RunTime:0.000046s ]
INFO: [ app_init ] --END-- [ RunTime:0.001163s ]
ERR: 非法操作:index.js.map

[ 2016-12-05T11:35:32+08:00 ] ::1 /cp/index.php/home/user/login
INFO: [ app_init ] --START--
INFO: Run Behavior\BuildLiteBehavior [ RunTime:0.000087s ]
INFO: [ app_init ] --END-- [ RunTime:0.001250s ]

[ 2016-12-05T11:35:32+08:00 ] ::1 /cp/index.php/home/user/index.js.map
INFO: [ app_init ] --START--
INFO: Run Behavior\BuildLiteBehavior [ RunTime:0.000049s ]
INFO: [ app_init ] --END-- [ RunTime:0.000818s ]

[ 2016-12-05T11:35:54+08:00 ] ::1 /cp/index.php/home/user/login
INFO: [ app_init ] --START--
INFO: Run Behavior\BuildLiteBehavior [ RunTime:0.000054s ]
INFO: [ app_init ] --END-- [ RunTime:0.001052s ]

[ 2016-12-05T11:35:54+08:00 ] ::1 /cp/index.php/home/user/index.js.map
INFO: [ app_init ] --START--
INFO: Run Behavior\BuildLiteBehavior [ RunTime:0.000046s ]
INFO: [ app_init ] --END-- [ RunTime:0.000702s ]

[ 2016-12-05T11:35:55+08:00 ] ::1 /cp/index.php/home/user/login
INFO: [ app_init ] --START--
INFO: Run Behavior\BuildLiteBehavior [ RunTime:0.000152s ]
INFO: [ app_init ] --END-- [ RunTime:0.001100s ]

[ 2016-12-05T11:35:55+08:00 ] ::1 /cp/index.php/home/user/index.js.map
INFO: [ app_init ] --START--
INFO: Run Behavior\BuildLiteBehavior [ RunTime:0.000093s ]
INFO: [ app_init ] --END-- [ RunTime:0.001423s ]

[ 2016-12-05T11:35:56+08:00 ] ::1 /cp/index.php/home/user/login
INFO: [ app_init ] --START--
INFO: Run Behavior\BuildLiteBehavior [ RunTime:0.000135s ]
INFO: [ app_init ] --END-- [ RunTime:0.004059s ]

[ 2016-12-05T11:35:56+08:00 ] ::1 /cp/index.php/home/user/login
INFO: [ app_init ] --START--
INFO: Run Behavior\BuildLiteBehavior [ RunTime:0.000200s ]
INFO: [ app_init ] --END-- [ RunTime:0.001768s ]

[ 2016-12-05T11:35:56+08:00 ] ::1 /cp/index.php/home/user/login
INFO: [ app_init ] --START--
INFO: Run Behavior\BuildLiteBehavior [ RunTime:0.000129s ]
INFO: [ app_init ] --END-- [ RunTime:0.001543s ]

[ 2016-12-05T11:35:56+08:00 ] ::1 /cp/index.php/home/user/login
INFO: [ app_init ] --START--
INFO: Run Behavior\BuildLiteBehavior [ RunTime:0.000079s ]
INFO: [ app_init ] --END-- [ RunTime:0.002000s ]

[ 2016-12-05T11:35:56+08:00 ] ::1 /cp/index.php/home/user/login
INFO: [ app_init ] --START--
INFO: Run Behavior\BuildLiteBehavior [ RunTime:0.000073s ]
INFO: [ app_init ] --END-- [ RunTime:0.001040s ]

[ 2016-12-05T11:35:57+08:00 ] ::1 /cp/index.php/home/user/index.js.map
INFO: [ app_init ] --START--
INFO: Run Behavior\BuildLiteBehavior [ RunTime:0.000089s ]
INFO: [ app_init ] --END-- [ RunTime:0.001434s ]

[ 2016-12-05T11:35:57+08:00 ] ::1 /cp/index.php/home/user/login
INFO: [ app_init ] --START--
INFO: Run Behavior\BuildLiteBehavior [ RunTime:0.001156s ]
INFO: [ app_init ] --END-- [ RunTime:0.002902s ]

[ 2016-12-05T11:35:57+08:00 ] ::1 /cp/index.php/home/user/login
INFO: [ app_init ] --START--
INFO: Run Behavior\BuildLiteBehavior [ RunTime:0.000050s ]
INFO: [ app_init ] --END-- [ RunTime:0.000993s ]

[ 2016-12-05T11:35:57+08:00 ] ::1 /cp/index.php/home/user/login
INFO: [ app_init ] --START--
INFO: Run Behavior\BuildLiteBehavior [ RunTime:0.000080s ]
INFO: [ app_init ] --END-- [ RunTime:0.001358s ]

[ 2016-12-05T11:35:58+08:00 ] ::1 /cp/index.php/home/user/index.js.map
INFO: [ app_init ] --START--
INFO: Run Behavior\BuildLiteBehavior [ RunTime:0.000095s ]
INFO: [ app_init ] --END-- [ RunTime:0.001303s ]

[ 2016-12-05T11:35:58+08:00 ] ::1 /cp/index.php/home/user/login
INFO: [ app_init ] --START--
INFO: Run Behavior\BuildLiteBehavior [ RunTime:0.000041s ]
INFO: [ app_init ] --END-- [ RunTime:0.000828s ]

[ 2016-12-05T11:35:58+08:00 ] ::1 /cp/index.php/home/user/index.js.map
INFO: [ app_init ] --START--
INFO: Run Behavior\BuildLiteBehavior [ RunTime:0.000041s ]
INFO: [ app_init ] --END-- [ RunTime:0.000794s ]

[ 2016-12-05T11:36:09+08:00 ] ::1 /cp/index.php/home/user/login
INFO: [ app_init ] --START--
INFO: Run Behavior\BuildLiteBehavior [ RunTime:0.000040s ]
INFO: [ app_init ] --END-- [ RunTime:0.000750s ]

[ 2016-12-05T11:36:09+08:00 ] ::1 /cp/index.php/home/user/index.js.map
INFO: [ app_init ] --START--
INFO: Run Behavior\BuildLiteBehavior [ RunTime:0.000040s ]
INFO: [ app_init ] --END-- [ RunTime:0.000655s ]

[ 2016-12-05T11:36:10+08:00 ] ::1 /cp/index.php/home/user/login
INFO: [ app_init ] --START--
INFO: Run Behavior\BuildLiteBehavior [ RunTime:0.000076s ]
INFO: [ app_init ] --END-- [ RunTime:0.000883s ]

[ 2016-12-05T11:36:11+08:00 ] ::1 /cp/index.php/home/user/index.js.map
INFO: [ app_init ] --START--
INFO: Run Behavior\BuildLiteBehavior [ RunTime:0.000083s ]
INFO: [ app_init ] --END-- [ RunTime:0.000792s ]

[ 2016-12-05T11:36:11+08:00 ] ::1 /cp/index.php/home/user/login
INFO: [ app_init ] --START--
INFO: Run Behavior\BuildLiteBehavior [ RunTime:0.000048s ]
INFO: [ app_init ] --END-- [ RunTime:0.000744s ]

[ 2016-12-05T11:36:11+08:00 ] ::1 /cp/index.php/home/user/index.js.map
INFO: [ app_init ] --START--
INFO: Run Behavior\BuildLiteBehavior [ RunTime:0.000047s ]
INFO: [ app_init ] --END-- [ RunTime:0.000703s ]

[ 2016-12-05T11:36:19+08:00 ] ::1 /cp/index.php/home/user/login
INFO: [ app_init ] --START--
INFO: Run Behavior\BuildLiteBehavior [ RunTime:0.000103s ]
INFO: [ app_init ] --END-- [ RunTime:0.001325s ]

[ 2016-12-05T11:36:20+08:00 ] ::1 /cp/index.php/home/user/index.js.map
INFO: [ app_init ] --START--
INFO: Run Behavior\BuildLiteBehavior [ RunTime:0.000058s ]
INFO: [ app_init ] --END-- [ RunTime:0.000787s ]

[ 2016-12-05T11:36:20+08:00 ] ::1 /cp/index.php/home/user/login
INFO: [ app_init ] --START--
INFO: Run Behavior\BuildLiteBehavior [ RunTime:0.000045s ]
INFO: [ app_init ] --END-- [ RunTime:0.000843s ]

[ 2016-12-05T11:36:20+08:00 ] ::1 /cp/index.php/home/user/index.js.map
INFO: [ app_init ] --START--
INFO: Run Behavior\BuildLiteBehavior [ RunTime:0.000043s ]
INFO: [ app_init ] --END-- [ RunTime:0.000805s ]

[ 2016-12-05T11:36:35+08:00 ] ::1 /cp/index.php/home/user/login
INFO: [ app_init ] --START--
INFO: Run Behavior\BuildLiteBehavior [ RunTime:0.000092s ]
INFO: [ app_init ] --END-- [ RunTime:0.003177s ]

[ 2016-12-05T11:36:36+08:00 ] ::1 /cp/index.php/home/user/index.js.map
INFO: [ app_init ] --START--
INFO: Run Behavior\BuildLiteBehavior [ RunTime:0.000043s ]
INFO: [ app_init ] --END-- [ RunTime:0.001073s ]

[ 2016-12-05T11:36:36+08:00 ] ::1 /cp/index.php/home/user/login
INFO: [ app_init ] --START--
INFO: Run Behavior\BuildLiteBehavior [ RunTime:0.000040s ]
INFO: [ app_init ] --END-- [ RunTime:0.000679s ]

[ 2016-12-05T11:36:37+08:00 ] ::1 /cp/index.php/home/user/login
INFO: [ app_init ] --START--
INFO: Run Behavior\BuildLiteBehavior [ RunTime:0.000082s ]
INFO: [ app_init ] --END-- [ RunTime:0.001375s ]

[ 2016-12-05T11:36:37+08:00 ] ::1 /cp/index.php/home/user/index.js.map
INFO: [ app_init ] --START--
INFO: Run Behavior\BuildLiteBehavior [ RunTime:0.000076s ]
INFO: [ app_init ] --END-- [ RunTime:0.001194s ]

[ 2016-12-05T11:36:38+08:00 ] ::1 /cp/index.php/home/user/index.js.map
INFO: [ app_init ] --START--
INFO: Run Behavior\BuildLiteBehavior [ RunTime:0.000051s ]
INFO: [ app_init ] --END-- [ RunTime:0.000918s ]

[ 2016-12-05T11:36:52+08:00 ] ::1 /cp/index.php/home/user/login
INFO: [ app_init ] --START--
INFO: Run Behavior\BuildLiteBehavior [ RunTime:0.000077s ]
INFO: [ app_init ] --END-- [ RunTime:0.001387s ]

[ 2016-12-05T11:36:53+08:00 ] ::1 /cp/index.php/home/user/index.js.map
INFO: [ app_init ] --START--
INFO: Run Behavior\BuildLiteBehavior [ RunTime:0.000091s ]
INFO: [ app_init ] --END-- [ RunTime:0.001809s ]
ERR: 非法操作:index.js.map

[ 2016-12-05T11:36:54+08:00 ] ::1 /cp/index.php/home/user/login
INFO: [ app_init ] --START--
INFO: Run Behavior\BuildLiteBehavior [ RunTime:0.000047s ]
INFO: [ app_init ] --END-- [ RunTime:0.000829s ]

[ 2016-12-05T11:36:54+08:00 ] ::1 /cp/index.php/home/user/login
INFO: [ app_init ] --START--
INFO: Run Behavior\BuildLiteBehavior [ RunTime:0.000046s ]
INFO: [ app_init ] --END-- [ RunTime:0.000760s ]

[ 2016-12-05T11:36:55+08:00 ] ::1 /cp/index.php/home/user/index.js.map
INFO: [ app_init ] --START--
INFO: Run Behavior\BuildLiteBehavior [ RunTime:0.000238s ]
INFO: [ app_init ] --END-- [ RunTime:0.001506s ]
ERR: 非法操作:index.js.map

[ 2016-12-05T11:38:30+08:00 ] ::1 /cp/index.php/home/user/login
INFO: [ app_init ] --START--
INFO: Run Behavior\BuildLiteBehavior [ RunTime:0.000079s ]
INFO: [ app_init ] --END-- [ RunTime:0.001322s ]

[ 2016-12-05T11:38:31+08:00 ] ::1 /cp/index.php/home/user/login
INFO: [ app_init ] --START--
INFO: Run Behavior\BuildLiteBehavior [ RunTime:0.000085s ]
INFO: [ app_init ] --END-- [ RunTime:0.001390s ]

[ 2016-12-05T11:38:31+08:00 ] ::1 /cp/index.php/home/user/index.js.map
INFO: [ app_init ] --START--
INFO: Run Behavior\BuildLiteBehavior [ RunTime:0.000322s ]
INFO: [ app_init ] --END-- [ RunTime:0.001457s ]
ERR: 非法操作:index.js.map

[ 2016-12-05T11:38:31+08:00 ] ::1 /cp/index.php/home/user/login
INFO: [ app_init ] --START--
INFO: Run Behavior\BuildLiteBehavior [ RunTime:0.000082s ]
INFO: [ app_init ] --END-- [ RunTime:0.001852s ]

[ 2016-12-05T11:38:31+08:00 ] ::1 /cp/index.php/home/user/index.js.map
INFO: [ app_init ] --START--
INFO: Run Behavior\BuildLiteBehavior [ RunTime:0.000043s ]
INFO: [ app_init ] --END-- [ RunTime:0.000769s ]
ERR: 非法操作:index.js.map

[ 2016-12-05T11:38:35+08:00 ] ::1 /cp/index.php/home/user/login
INFO: [ app_init ] --START--
INFO: Run Behavior\BuildLiteBehavior [ RunTime:0.000040s ]
INFO: [ app_init ] --END-- [ RunTime:0.000816s ]

[ 2016-12-05T11:38:36+08:00 ] ::1 /cp/index.php/home/user/index.js.map
INFO: [ app_init ] --START--
INFO: Run Behavior\BuildLiteBehavior [ RunTime:0.000041s ]
INFO: [ app_init ] --END-- [ RunTime:0.000735s ]
ERR: 非法操作:index.js.map

[ 2016-12-05T11:38:40+08:00 ] ::1 /cp/index.php/home/user/login
INFO: [ app_init ] --START--
INFO: Run Behavior\BuildLiteBehavior [ RunTime:0.000089s ]
INFO: [ app_init ] --END-- [ RunTime:0.001449s ]

[ 2016-12-05T11:38:40+08:00 ] ::1 /cp/index.php/home/user/index.js.map
INFO: [ app_init ] --START--
INFO: Run Behavior\BuildLiteBehavior [ RunTime:0.000042s ]
INFO: [ app_init ] --END-- [ RunTime:0.000751s ]
ERR: 非法操作:index.js.map

[ 2016-12-05T11:39:12+08:00 ] ::1 /cp/index.php/home/user/login
INFO: [ app_init ] --START--
INFO: Run Behavior\BuildLiteBehavior [ RunTime:0.000047s ]
INFO: [ app_init ] --END-- [ RunTime:0.001130s ]

[ 2016-12-05T11:39:13+08:00 ] ::1 /cp/index.php/home/user/index.js.map
INFO: [ app_init ] --START--
INFO: Run Behavior\BuildLiteBehavior [ RunTime:0.000069s ]
INFO: [ app_init ] --END-- [ RunTime:0.001194s ]
ERR: 非法操作:index.js.map

[ 2016-12-05T11:39:22+08:00 ] ::1 /cp/index.php/home/user/login
INFO: [ app_init ] --START--
INFO: Run Behavior\BuildLiteBehavior [ RunTime:0.000040s ]
INFO: [ app_init ] --END-- [ RunTime:0.000812s ]

[ 2016-12-05T11:39:23+08:00 ] ::1 /cp/index.php/home/user/index.js.map
INFO: [ app_init ] --START--
INFO: Run Behavior\BuildLiteBehavior [ RunTime:0.000040s ]
INFO: [ app_init ] --END-- [ RunTime:0.000707s ]
ERR: 非法操作:index.js.map

[ 2016-12-05T11:39:48+08:00 ] ::1 /cp/index.php/home/user/login
INFO: [ app_init ] --START--
INFO: Run Behavior\BuildLiteBehavior [ RunTime:0.000055s ]
INFO: [ app_init ] --END-- [ RunTime:0.002150s ]

[ 2016-12-05T11:39:48+08:00 ] ::1 /cp/index.php/home/user/index.js.map
INFO: [ app_init ] --START--
INFO: Run Behavior\BuildLiteBehavior [ RunTime:0.000043s ]
INFO: [ app_init ] --END-- [ RunTime:0.000786s ]
ERR: 非法操作:index.js.map

[ 2016-12-05T11:44:35+08:00 ] ::1 /cp/index.php/home/user/login
INFO: [ app_init ] --START--
INFO: Run Behavior\BuildLiteBehavior [ RunTime:0.000129s ]
INFO: [ app_init ] --END-- [ RunTime:0.003083s ]

[ 2016-12-05T11:44:36+08:00 ] ::1 /cp/index.php/home/user/index.js.map
INFO: [ app_init ] --START--
INFO: Run Behavior\BuildLiteBehavior [ RunTime:0.000042s ]
INFO: [ app_init ] --END-- [ RunTime:0.000815s ]
ERR: 非法操作:index.js.map

[ 2016-12-05T11:45:03+08:00 ] ::1 /cp/index.php/home/user/login
INFO: [ app_init ] --START--
INFO: Run Behavior\BuildLiteBehavior [ RunTime:0.000043s ]
INFO: [ app_init ] --END-- [ RunTime:0.001134s ]

[ 2016-12-05T11:45:04+08:00 ] ::1 /cp/index.php/home/user/index.js.map
INFO: [ app_init ] --START--
INFO: Run Behavior\BuildLiteBehavior [ RunTime:0.000084s ]
INFO: [ app_init ] --END-- [ RunTime:0.001308s ]
ERR: 非法操作:index.js.map

[ 2016-12-05T11:45:10+08:00 ] ::1 /cp/index.php/home/user/login
INFO: [ app_init ] --START--
INFO: Run Behavior\BuildLiteBehavior [ RunTime:0.000265s ]
INFO: [ app_init ] --END-- [ RunTime:0.001571s ]

[ 2016-12-05T11:45:11+08:00 ] ::1 /cp/index.php/home/user/index.js.map
INFO: [ app_init ] --START--
INFO: Run Behavior\BuildLiteBehavior [ RunTime:0.000050s ]
INFO: [ app_init ] --END-- [ RunTime:0.000706s ]
ERR: 非法操作:index.js.map

[ 2016-12-05T11:45:11+08:00 ] ::1 /cp/index.php/home/user/login
INFO: [ app_init ] --START--
INFO: Run Behavior\BuildLiteBehavior [ RunTime:0.000044s ]
INFO: [ app_init ] --END-- [ RunTime:0.000827s ]

[ 2016-12-05T11:45:12+08:00 ] ::1 /cp/index.php/home/user/login
INFO: [ app_init ] --START--
INFO: Run Behavior\BuildLiteBehavior [ RunTime:0.000084s ]
INFO: [ app_init ] --END-- [ RunTime:0.001477s ]

[ 2016-12-05T11:45:12+08:00 ] ::1 /cp/index.php/home/user/index.js.map
INFO: [ app_init ] --START--
INFO: Run Behavior\BuildLiteBehavior [ RunTime:0.000082s ]
INFO: [ app_init ] --END-- [ RunTime:0.001911s ]
ERR: 非法操作:index.js.map

[ 2016-12-05T11:45:13+08:00 ] ::1 /cp/index.php/home/user/login
INFO: [ app_init ] --START--
INFO: Run Behavior\BuildLiteBehavior [ RunTime:0.000072s ]
INFO: [ app_init ] --END-- [ RunTime:0.003032s ]

[ 2016-12-05T11:45:13+08:00 ] ::1 /cp/index.php/home/user/login
INFO: [ app_init ] --START--
INFO: Run Behavior\BuildLiteBehavior [ RunTime:0.000122s ]
INFO: [ app_init ] --END-- [ RunTime:0.002110s ]

[ 2016-12-05T11:45:13+08:00 ] ::1 /cp/index.php/home/user/login
INFO: [ app_init ] --START--
INFO: Run Behavior\BuildLiteBehavior [ RunTime:0.000136s ]
INFO: [ app_init ] --END-- [ RunTime:0.008749s ]

[ 2016-12-05T11:45:13+08:00 ] ::1 /cp/index.php/home/user/index.js.map
INFO: [ app_init ] --START--
INFO: Run Behavior\BuildLiteBehavior [ RunTime:0.000073s ]
INFO: [ app_init ] --END-- [ RunTime:0.001251s ]
ERR: 非法操作:index.js.map

[ 2016-12-05T11:45:13+08:00 ] ::1 /cp/index.php/home/user/login
INFO: [ app_init ] --START--
INFO: Run Behavior\BuildLiteBehavior [ RunTime:0.000072s ]
INFO: [ app_init ] --END-- [ RunTime:0.001329s ]

[ 2016-12-05T11:45:14+08:00 ] ::1 /cp/index.php/home/user/index.js.map
INFO: [ app_init ] --START--
INFO: Run Behavior\BuildLiteBehavior [ RunTime:0.000040s ]
INFO: [ app_init ] --END-- [ RunTime:0.000813s ]
ERR: 非法操作:index.js.map

[ 2016-12-05T11:45:27+08:00 ] ::1 /cp/index.php/home/user/login
INFO: [ app_init ] --START--
INFO: Run Behavior\BuildLiteBehavior [ RunTime:0.000040s ]
INFO: [ app_init ] --END-- [ RunTime:0.000743s ]

[ 2016-12-05T11:45:28+08:00 ] ::1 /cp/index.php/home/user/index.js.map
INFO: [ app_init ] --START--
INFO: Run Behavior\BuildLiteBehavior [ RunTime:0.000105s ]
INFO: [ app_init ] --END-- [ RunTime:0.001905s ]
ERR: 非法操作:index.js.map

[ 2016-12-05T11:45:28+08:00 ] ::1 /cp/index.php/home/user/login
INFO: [ app_init ] --START--
INFO: Run Behavior\BuildLiteBehavior [ RunTime:0.000043s ]
INFO: [ app_init ] --END-- [ RunTime:0.000808s ]

[ 2016-12-05T11:45:29+08:00 ] ::1 /cp/index.php/home/user/login
INFO: [ app_init ] --START--
INFO: Run Behavior\BuildLiteBehavior [ RunTime:0.000083s ]
INFO: [ app_init ] --END-- [ RunTime:0.001379s ]

[ 2016-12-05T11:45:30+08:00 ] ::1 /cp/index.php/home/user/login
INFO: [ app_init ] --START--
INFO: Run Behavior\BuildLiteBehavior [ RunTime:0.000080s ]
INFO: [ app_init ] --END-- [ RunTime:0.001636s ]

[ 2016-12-05T11:45:30+08:00 ] ::1 /cp/index.php/home/user/index.js.map
INFO: [ app_init ] --START--
INFO: Run Behavior\BuildLiteBehavior [ RunTime:0.000080s ]
INFO: [ app_init ] --END-- [ RunTime:0.001355s ]
ERR: 非法操作:index.js.map

[ 2016-12-05T11:45:30+08:00 ] ::1 /cp/index.php/home/user/login
INFO: [ app_init ] --START--
INFO: Run Behavior\BuildLiteBehavior [ RunTime:0.000076s ]
INFO: [ app_init ] --END-- [ RunTime:0.001254s ]

[ 2016-12-05T11:45:30+08:00 ] ::1 /cp/index.php/home/user/login
INFO: [ app_init ] --START--
INFO: Run Behavior\BuildLiteBehavior [ RunTime:0.000084s ]
INFO: [ app_init ] --END-- [ RunTime:0.001670s ]

[ 2016-12-05T11:45:31+08:00 ] ::1 /cp/index.php/home/user/index.js.map
INFO: [ app_init ] --START--
INFO: Run Behavior\BuildLiteBehavior [ RunTime:0.000040s ]
INFO: [ app_init ] --END-- [ RunTime:0.000811s ]
ERR: 非法操作:index.js.map

[ 2016-12-05T11:45:51+08:00 ] ::1 /cp/index.php/home/user/login
INFO: [ app_init ] --START--
INFO: Run Behavior\BuildLiteBehavior [ RunTime:0.000084s ]
INFO: [ app_init ] --END-- [ RunTime:0.002082s ]

[ 2016-12-05T11:45:52+08:00 ] ::1 /cp/index.php/home/user/index.js.map
INFO: [ app_init ] --START--
INFO: Run Behavior\BuildLiteBehavior [ RunTime:0.000051s ]
INFO: [ app_init ] --END-- [ RunTime:0.000880s ]
ERR: 非法操作:index.js.map

[ 2016-12-05T11:46:07+08:00 ] ::1 /cp/index.php/home/user/login
INFO: [ app_init ] --START--
INFO: Run Behavior\BuildLiteBehavior [ RunTime:0.000076s ]
INFO: [ app_init ] --END-- [ RunTime:0.001369s ]

[ 2016-12-05T11:46:08+08:00 ] ::1 /cp/index.php/home/user/index.js.map
INFO: [ app_init ] --START--
INFO: Run Behavior\BuildLiteBehavior [ RunTime:0.000064s ]
INFO: [ app_init ] --END-- [ RunTime:0.001137s ]
ERR: 非法操作:index.js.map

[ 2016-12-05T11:46:08+08:00 ] ::1 /cp/index.php/home/user/login
INFO: [ app_init ] --START--
INFO: Run Behavior\BuildLiteBehavior [ RunTime:0.000039s ]
INFO: [ app_init ] --END-- [ RunTime:0.001259s ]

[ 2016-12-05T11:46:09+08:00 ] ::1 /cp/index.php/home/user/login
INFO: [ app_init ] --START--
INFO: Run Behavior\BuildLiteBehavior [ RunTime:0.000136s ]
INFO: [ app_init ] --END-- [ RunTime:0.002543s ]

[ 2016-12-05T11:46:09+08:00 ] ::1 /cp/index.php/home/user/index.js.map
INFO: [ app_init ] --START--
INFO: Run Behavior\BuildLiteBehavior [ RunTime:0.000066s ]
INFO: [ app_init ] --END-- [ RunTime:0.002185s ]
ERR: 非法操作:index.js.map

[ 2016-12-05T11:46:10+08:00 ] ::1 /cp/index.php/home/user/index.js.map
INFO: [ app_init ] --START--
INFO: Run Behavior\BuildLiteBehavior [ RunTime:0.000075s ]
INFO: [ app_init ] --END-- [ RunTime:0.001310s ]
ERR: 非法操作:index.js.map

[ 2016-12-05T11:46:30+08:00 ] ::1 /cp/index.php/home/user/login
INFO: [ app_init ] --START--
INFO: Run Behavior\BuildLiteBehavior [ RunTime:0.000039s ]
INFO: [ app_init ] --END-- [ RunTime:0.000769s ]

[ 2016-12-05T11:46:30+08:00 ] ::1 /cp/index.php/home/user/index.js.map
INFO: [ app_init ] --START--
INFO: Run Behavior\BuildLiteBehavior [ RunTime:0.000039s ]
INFO: [ app_init ] --END-- [ RunTime:0.000702s ]
ERR: 非法操作:index.js.map

[ 2016-12-05T11:46:51+08:00 ] ::1 /cp/index.php/home/user/login
INFO: [ app_init ] --START--
INFO: Run Behavior\BuildLiteBehavior [ RunTime:0.000040s ]
INFO: [ app_init ] --END-- [ RunTime:0.000856s ]

[ 2016-12-05T11:46:52+08:00 ] ::1 /cp/index.php/home/user/index.js.map
INFO: [ app_init ] --START--
INFO: Run Behavior\BuildLiteBehavior [ RunTime:0.000043s ]
INFO: [ app_init ] --END-- [ RunTime:0.001030s ]
ERR: 非法操作:index.js.map

[ 2016-12-05T11:46:53+08:00 ] ::1 /cp/index.php/home/user/login
INFO: [ app_init ] --START--
INFO: Run Behavior\BuildLiteBehavior [ RunTime:0.000047s ]
INFO: [ app_init ] --END-- [ RunTime:0.001667s ]

[ 2016-12-05T11:46:54+08:00 ] ::1 /cp/index.php/home/user/index.js.map
INFO: [ app_init ] --START--
INFO: Run Behavior\BuildLiteBehavior [ RunTime:0.000090s ]
INFO: [ app_init ] --END-- [ RunTime:0.002489s ]
ERR: 非法操作:index.js.map

[ 2016-12-05T11:46:59+08:00 ] ::1 /cp/index.php/home/user/login
INFO: [ app_init ] --START--
INFO: Run Behavior\BuildLiteBehavior [ RunTime:0.000065s ]
INFO: [ app_init ] --END-- [ RunTime:0.001238s ]

[ 2016-12-05T11:47:00+08:00 ] ::1 /cp/index.php/home/user/index.js.map
INFO: [ app_init ] --START--
INFO: Run Behavior\BuildLiteBehavior [ RunTime:0.000040s ]
INFO: [ app_init ] --END-- [ RunTime:0.000711s ]
ERR: 非法操作:index.js.map

[ 2016-12-05T11:47:15+08:00 ] ::1 /cp/index.php/home/user/login
INFO: [ app_init ] --START--
INFO: Run Behavior\BuildLiteBehavior [ RunTime:0.000042s ]
INFO: [ app_init ] --END-- [ RunTime:0.001069s ]

[ 2016-12-05T11:47:16+08:00 ] ::1 /cp/index.php/home/user/index.js.map
INFO: [ app_init ] --START--
INFO: Run Behavior\BuildLiteBehavior [ RunTime:0.000041s ]
INFO: [ app_init ] --END-- [ RunTime:0.000770s ]
ERR: 非法操作:index.js.map

[ 2016-12-05T11:47:16+08:00 ] ::1 /cp/index.php/home/user/login
INFO: [ app_init ] --START--
INFO: Run Behavior\BuildLiteBehavior [ RunTime:0.000037s ]
INFO: [ app_init ] --END-- [ RunTime:0.000705s ]

[ 2016-12-05T11:47:17+08:00 ] ::1 /cp/index.php/home/user/index.js.map
INFO: [ app_init ] --START--
INFO: Run Behavior\BuildLiteBehavior [ RunTime:0.000148s ]
INFO: [ app_init ] --END-- [ RunTime:0.002084s ]
ERR: 非法操作:index.js.map

[ 2016-12-05T11:47:17+08:00 ] ::1 /cp/index.php/home/user/login
INFO: [ app_init ] --START--
INFO: Run Behavior\BuildLiteBehavior [ RunTime:0.000077s ]
INFO: [ app_init ] --END-- [ RunTime:0.002069s ]

[ 2016-12-05T11:47:17+08:00 ] ::1 /cp/index.php/home/user/index.js.map
INFO: [ app_init ] --START--
INFO: Run Behavior\BuildLiteBehavior [ RunTime:0.000040s ]
INFO: [ app_init ] --END-- [ RunTime:0.000688s ]
ERR: 非法操作:index.js.map

[ 2016-12-05T11:47:18+08:00 ] ::1 /cp/index.php/home/user/login
INFO: [ app_init ] --START--
INFO: Run Behavior\BuildLiteBehavior [ RunTime:0.000074s ]
INFO: [ app_init ] --END-- [ RunTime:0.001221s ]

[ 2016-12-05T11:47:18+08:00 ] ::1 /cp/index.php/home/user/index.js.map
INFO: [ app_init ] --START--
INFO: Run Behavior\BuildLiteBehavior [ RunTime:0.000078s ]
INFO: [ app_init ] --END-- [ RunTime:0.001655s ]
ERR: 非法操作:index.js.map

[ 2016-12-05T11:47:18+08:00 ] ::1 /cp/index.php/home/user/login
INFO: [ app_init ] --START--
INFO: Run Behavior\BuildLiteBehavior [ RunTime:0.000070s ]
INFO: [ app_init ] --END-- [ RunTime:0.001260s ]

[ 2016-12-05T11:47:19+08:00 ] ::1 /cp/index.php/home/user/index.js.map
INFO: [ app_init ] --START--
INFO: Run Behavior\BuildLiteBehavior [ RunTime:0.000040s ]
INFO: [ app_init ] --END-- [ RunTime:0.000719s ]
ERR: 非法操作:index.js.map

[ 2016-12-05T11:47:33+08:00 ] ::1 /cp/index.php/home/user/login
INFO: [ app_init ] --START--
INFO: Run Behavior\BuildLiteBehavior [ RunTime:0.000041s ]
INFO: [ app_init ] --END-- [ RunTime:0.000910s ]

[ 2016-12-05T11:47:34+08:00 ] ::1 /cp/index.php/home/user/index.js.map
INFO: [ app_init ] --START--
INFO: Run Behavior\BuildLiteBehavior [ RunTime:0.000040s ]
INFO: [ app_init ] --END-- [ RunTime:0.000739s ]
ERR: 非法操作:index.js.map

[ 2016-12-05T11:47:34+08:00 ] ::1 /cp/index.php/home/user/login
INFO: [ app_init ] --START--
INFO: Run Behavior\BuildLiteBehavior [ RunTime:0.000040s ]
INFO: [ app_init ] --END-- [ RunTime:0.000826s ]

[ 2016-12-05T11:47:35+08:00 ] ::1 /cp/index.php/home/user/login
INFO: [ app_init ] --START--
INFO: Run Behavior\BuildLiteBehavior [ RunTime:0.000131s ]
INFO: [ app_init ] --END-- [ RunTime:0.001861s ]

[ 2016-12-05T11:47:35+08:00 ] ::1 /cp/index.php/home/user/login
INFO: [ app_init ] --START--
INFO: Run Behavior\BuildLiteBehavior [ RunTime:0.000077s ]
INFO: [ app_init ] --END-- [ RunTime:0.001390s ]

[ 2016-12-05T11:47:35+08:00 ] ::1 /cp/index.php/home/user/index.js.map
INFO: [ app_init ] --START--
INFO: Run Behavior\BuildLiteBehavior [ RunTime:0.000039s ]
INFO: [ app_init ] --END-- [ RunTime:0.000711s ]
ERR: 非法操作:index.js.map

[ 2016-12-05T11:56:28+08:00 ] ::1 /cp/index.php/home/user/login
INFO: [ app_init ] --START--
INFO: Run Behavior\BuildLiteBehavior [ RunTime:0.000040s ]
INFO: [ app_init ] --END-- [ RunTime:0.000816s ]

[ 2016-12-05T11:56:28+08:00 ] ::1 /cp/index.php/home/user/index.js.map
INFO: [ app_init ] --START--
INFO: Run Behavior\BuildLiteBehavior [ RunTime:0.000040s ]
INFO: [ app_init ] --END-- [ RunTime:0.000717s ]
ERR: 非法操作:index.js.map

[ 2016-12-05T11:56:29+08:00 ] ::1 /cp/index.php/home/user/login
INFO: [ app_init ] --START--
INFO: Run Behavior\BuildLiteBehavior [ RunTime:0.000041s ]
INFO: [ app_init ] --END-- [ RunTime:0.000869s ]

[ 2016-12-05T11:56:29+08:00 ] ::1 /cp/index.php/home/user/login
INFO: [ app_init ] --START--
INFO: Run Behavior\BuildLiteBehavior [ RunTime:0.000078s ]
INFO: [ app_init ] --END-- [ RunTime:0.001534s ]

[ 2016-12-05T11:56:29+08:00 ] ::1 /cp/index.php/home/user/index.js.map
INFO: [ app_init ] --START--
INFO: Run Behavior\BuildLiteBehavior [ RunTime:0.000041s ]
INFO: [ app_init ] --END-- [ RunTime:0.000805s ]
ERR: 非法操作:index.js.map

[ 2016-12-05T11:56:30+08:00 ] ::1 /cp/index.php/home/user/index.js.map
INFO: [ app_init ] --START--
INFO: Run Behavior\BuildLiteBehavior [ RunTime:0.000039s ]
INFO: [ app_init ] --END-- [ RunTime:0.000663s ]
ERR: 非法操作:index.js.map

[ 2016-12-05T11:56:48+08:00 ] ::1 /cp/index.php/home/user/login
INFO: [ app_init ] --START--
INFO: Run Behavior\BuildLiteBehavior [ RunTime:0.000079s ]
INFO: [ app_init ] --END-- [ RunTime:0.000871s ]

[ 2016-12-05T11:56:49+08:00 ] ::1 /cp/index.php/home/user/index.js.map
INFO: [ app_init ] --START--
INFO: Run Behavior\BuildLiteBehavior [ RunTime:0.000043s ]
INFO: [ app_init ] --END-- [ RunTime:0.000755s ]
ERR: 非法操作:index.js.map

[ 2016-12-05T11:57:13+08:00 ] ::1 /cp/index.php/home/user/login
INFO: [ app_init ] --START--
INFO: Run Behavior\BuildLiteBehavior [ RunTime:0.000041s ]
INFO: [ app_init ] --END-- [ RunTime:0.000758s ]

[ 2016-12-05T11:57:14+08:00 ] ::1 /cp/index.php/home/user/index.js.map
INFO: [ app_init ] --START--
INFO: Run Behavior\BuildLiteBehavior [ RunTime:0.000078s ]
INFO: [ app_init ] --END-- [ RunTime:0.001483s ]
ERR: 非法操作:index.js.map

[ 2016-12-05T11:57:36+08:00 ] ::1 /cp/index.php/home/user/login
INFO: [ app_init ] --START--
INFO: Run Behavior\BuildLiteBehavior [ RunTime:0.000042s ]
INFO: [ app_init ] --END-- [ RunTime:0.000811s ]

[ 2016-12-05T11:57:36+08:00 ] ::1 /cp/index.php/home/user/index.js.map
INFO: [ app_init ] --START--
INFO: Run Behavior\BuildLiteBehavior [ RunTime:0.000040s ]
INFO: [ app_init ] --END-- [ RunTime:0.000703s ]

[ 2016-12-05T11:57:47+08:00 ] ::1 /cp/index.php/home/user/login
INFO: [ app_init ] --START--
INFO: Run Behavior\BuildLiteBehavior [ RunTime:0.000041s ]
INFO: [ app_init ] --END-- [ RunTime:0.000735s ]

[ 2016-12-05T11:57:47+08:00 ] ::1 /cp/index.php/home/user/index.js.map
INFO: [ app_init ] --START--
INFO: Run Behavior\BuildLiteBehavior [ RunTime:0.000041s ]
INFO: [ app_init ] --END-- [ RunTime:0.000709s ]

[ 2016-12-05T11:57:48+08:00 ] ::1 /cp/index.php/home/user/login
INFO: [ app_init ] --START--
INFO: Run Behavior\BuildLiteBehavior [ RunTime:0.000043s ]
INFO: [ app_init ] --END-- [ RunTime:0.000842s ]

[ 2016-12-05T11:57:48+08:00 ] ::1 /cp/index.php/home/user/index.js.map
INFO: [ app_init ] --START--
INFO: Run Behavior\BuildLiteBehavior [ RunTime:0.000078s ]
INFO: [ app_init ] --END-- [ RunTime:0.001300s ]

[ 2016-12-05T11:57:49+08:00 ] ::1 /cp/index.php/home/user/login
INFO: [ app_init ] --START--
INFO: Run Behavior\BuildLiteBehavior [ RunTime:0.000078s ]
INFO: [ app_init ] --END-- [ RunTime:0.001236s ]

[ 2016-12-05T11:57:49+08:00 ] ::1 /cp/index.php/home/user/index.js.map
INFO: [ app_init ] --START--
INFO: Run Behavior\BuildLiteBehavior [ RunTime:0.000039s ]
INFO: [ app_init ] --END-- [ RunTime:0.000782s ]

[ 2016-12-05T11:58:11+08:00 ] ::1 /cp/index.php/home/user/login
INFO: [ app_init ] --START--
INFO: Run Behavior\BuildLiteBehavior [ RunTime:0.000041s ]
INFO: [ app_init ] --END-- [ RunTime:0.001115s ]

[ 2016-12-05T11:58:11+08:00 ] ::1 /cp/index.php/home/user/index.js.map
INFO: [ app_init ] --START--
INFO: Run Behavior\BuildLiteBehavior [ RunTime:0.000038s ]
INFO: [ app_init ] --END-- [ RunTime:0.000720s ]

[ 2016-12-05T11:58:24+08:00 ] ::1 /cp/index.php/home/user/login
INFO: [ app_init ] --START--
INFO: Run Behavior\BuildLiteBehavior [ RunTime:0.000079s ]
INFO: [ app_init ] --END-- [ RunTime:0.001218s ]

[ 2016-12-05T11:58:25+08:00 ] ::1 /cp/index.php/home/user/index.js.map
INFO: [ app_init ] --START--
INFO: Run Behavior\BuildLiteBehavior [ RunTime:0.000077s ]
INFO: [ app_init ] --END-- [ RunTime:0.001273s ]
ERR: 非法操作:index.js.map

[ 2016-12-05T11:58:30+08:00 ] ::1 /cp/index.php/home/user/login
INFO: [ app_init ] --START--
INFO: Run Behavior\BuildLiteBehavior [ RunTime:0.000040s ]
INFO: [ app_init ] --END-- [ RunTime:0.000831s ]

[ 2016-12-05T11:58:30+08:00 ] ::1 /cp/index.php/home/user/index.js.map
INFO: [ app_init ] --START--
INFO: Run Behavior\BuildLiteBehavior [ RunTime:0.000039s ]
INFO: [ app_init ] --END-- [ RunTime:0.000706s ]
ERR: 非法操作:index.js.map

[ 2016-12-05T11:58:31+08:00 ] ::1 /cp/index.php/home/user/login
INFO: [ app_init ] --START--
INFO: Run Behavior\BuildLiteBehavior [ RunTime:0.000080s ]
INFO: [ app_init ] --END-- [ RunTime:0.001951s ]

[ 2016-12-05T11:58:32+08:00 ] ::1 /cp/index.php/home/user/index.js.map
INFO: [ app_init ] --START--
INFO: Run Behavior\BuildLiteBehavior [ RunTime:0.000041s ]
INFO: [ app_init ] --END-- [ RunTime:0.000918s ]
ERR: 非法操作:index.js.map

[ 2016-12-05T11:58:36+08:00 ] ::1 /cp/index.php/home/user/login
INFO: [ app_init ] --START--
INFO: Run Behavior\BuildLiteBehavior [ RunTime:0.000070s ]
INFO: [ app_init ] --END-- [ RunTime:0.000901s ]

[ 2016-12-05T11:58:36+08:00 ] ::1 /cp/index.php/home/user/index.js.map
INFO: [ app_init ] --START--
INFO: Run Behavior\BuildLiteBehavior [ RunTime:0.000040s ]
INFO: [ app_init ] --END-- [ RunTime:0.000739s ]
ERR: 非法操作:index.js.map

[ 2016-12-05T11:59:37+08:00 ] ::1 /cp/index.php/home/user/login
INFO: [ app_init ] --START--
INFO: Run Behavior\BuildLiteBehavior [ RunTime:0.000095s ]
INFO: [ app_init ] --END-- [ RunTime:0.002057s ]

[ 2016-12-05T11:59:38+08:00 ] ::1 /cp/index.php/home/user/index.js.map
INFO: [ app_init ] --START--
INFO: Run Behavior\BuildLiteBehavior [ RunTime:0.000039s ]
INFO: [ app_init ] --END-- [ RunTime:0.000738s ]
ERR: 非法操作:index.js.map

[ 2016-12-05T11:59:44+08:00 ] ::1 /cp/index.php/home/user/login
INFO: [ app_init ] --START--
INFO: Run Behavior\BuildLiteBehavior [ RunTime:0.000041s ]
INFO: [ app_init ] --END-- [ RunTime:0.000847s ]

[ 2016-12-05T11:59:45+08:00 ] ::1 /cp/index.php/home/user/index.js.map
INFO: [ app_init ] --START--
INFO: Run Behavior\BuildLiteBehavior [ RunTime:0.000039s ]
INFO: [ app_init ] --END-- [ RunTime:0.000708s ]
ERR: 非法操作:index.js.map

[ 2016-12-05T12:00:11+08:00 ] ::1 /cp/index.php/home/user/login
INFO: [ app_init ] --START--
INFO: Run Behavior\BuildLiteBehavior [ RunTime:0.000083s ]
INFO: [ app_init ] --END-- [ RunTime:0.001471s ]

[ 2016-12-05T12:00:11+08:00 ] ::1 /cp/index.php/home/user/index.js.map
INFO: [ app_init ] --START--
INFO: Run Behavior\BuildLiteBehavior [ RunTime:0.000042s ]
INFO: [ app_init ] --END-- [ RunTime:0.000958s ]
ERR: 非法操作:index.js.map

[ 2016-12-05T12:00:39+08:00 ] ::1 /cp/index.php/home/user/login
INFO: [ app_init ] --START--
INFO: Run Behavior\BuildLiteBehavior [ RunTime:0.000041s ]
INFO: [ app_init ] --END-- [ RunTime:0.000915s ]

[ 2016-12-05T12:00:40+08:00 ] ::1 /cp/index.php/home/user/index.js.map
INFO: [ app_init ] --START--
INFO: Run Behavior\BuildLiteBehavior [ RunTime:0.000040s ]
INFO: [ app_init ] --END-- [ RunTime:0.000743s ]
ERR: 非法操作:index.js.map

[ 2016-12-05T12:01:31+08:00 ] ::1 /cp/index.php/home/user/login
INFO: [ app_init ] --START--
INFO: Run Behavior\BuildLiteBehavior [ RunTime:0.000042s ]
INFO: [ app_init ] --END-- [ RunTime:0.001228s ]

[ 2016-12-05T12:01:31+08:00 ] ::1 /cp/index.php/home/user/index.js.map
INFO: [ app_init ] --START--
INFO: Run Behavior\BuildLiteBehavior [ RunTime:0.000080s ]
INFO: [ app_init ] --END-- [ RunTime:0.001429s ]
ERR: 非法操作:index.js.map

[ 2016-12-05T12:02:11+08:00 ] ::1 /cp/index.php/home/user/login
INFO: [ app_init ] --START--
INFO: Run Behavior\BuildLiteBehavior [ RunTime:0.000039s ]
INFO: [ app_init ] --END-- [ RunTime:0.000763s ]

[ 2016-12-05T12:02:12+08:00 ] ::1 /cp/index.php/home/user/index.js.map
INFO: [ app_init ] --START--
INFO: Run Behavior\BuildLiteBehavior [ RunTime:0.000040s ]
INFO: [ app_init ] --END-- [ RunTime:0.000723s ]
ERR: 非法操作:index.js.map

[ 2016-12-05T12:02:22+08:00 ] ::1 /cp/index.php/home/user/login
INFO: [ app_init ] --START--
INFO: Run Behavior\BuildLiteBehavior [ RunTime:0.000039s ]
INFO: [ app_init ] --END-- [ RunTime:0.000805s ]

[ 2016-12-05T12:02:23+08:00 ] ::1 /cp/index.php/home/user/index.js.map
INFO: [ app_init ] --START--
INFO: Run Behavior\BuildLiteBehavior [ RunTime:0.000534s ]
INFO: [ app_init ] --END-- [ RunTime:0.002164s ]
ERR: 非法操作:index.js.map

[ 2016-12-05T12:02:36+08:00 ] ::1 /cp/index.php/home/user/login
INFO: [ app_init ] --START--
INFO: Run Behavior\BuildLiteBehavior [ RunTime:0.000043s ]
INFO: [ app_init ] --END-- [ RunTime:0.001111s ]

[ 2016-12-05T12:02:37+08:00 ] ::1 /cp/index.php/home/user/index.js.map
INFO: [ app_init ] --START--
INFO: Run Behavior\BuildLiteBehavior [ RunTime:0.000042s ]
INFO: [ app_init ] --END-- [ RunTime:0.000986s ]
ERR: 非法操作:index.js.map

[ 2016-12-05T12:02:38+08:00 ] ::1 /cp/index.php/home/user/login
INFO: [ app_init ] --START--
INFO: Run Behavior\BuildLiteBehavior [ RunTime:0.000041s ]
INFO: [ app_init ] --END-- [ RunTime:0.000821s ]

[ 2016-12-05T12:02:39+08:00 ] ::1 /cp/index.php/home/user/login
INFO: [ app_init ] --START--
INFO: Run Behavior\BuildLiteBehavior [ RunTime:0.000078s ]
INFO: [ app_init ] --END-- [ RunTime:0.001221s ]

[ 2016-12-05T12:02:39+08:00 ] ::1 /cp/index.php/home/user/index.js.map
INFO: [ app_init ] --START--
INFO: Run Behavior\BuildLiteBehavior [ RunTime:0.000065s ]
INFO: [ app_init ] --END-- [ RunTime:0.001237s ]
ERR: 非法操作:index.js.map

[ 2016-12-05T12:02:39+08:00 ] ::1 /cp/index.php/home/user/index.js.map
INFO: [ app_init ] --START--
INFO: Run Behavior\BuildLiteBehavior [ RunTime:0.000040s ]
INFO: [ app_init ] --END-- [ RunTime:0.000660s ]
ERR: 非法操作:index.js.map

[ 2016-12-05T12:02:46+08:00 ] ::1 /cp/index.php/home/user/login
INFO: [ app_init ] --START--
INFO: Run Behavior\BuildLiteBehavior [ RunTime:0.000044s ]
INFO: [ app_init ] --END-- [ RunTime:0.000860s ]

[ 2016-12-05T12:02:47+08:00 ] ::1 /cp/index.php/home/user/index.js.map
INFO: [ app_init ] --START--
INFO: Run Behavior\BuildLiteBehavior [ RunTime:0.000071s ]
INFO: [ app_init ] --END-- [ RunTime:0.000764s ]
ERR: 非法操作:index.js.map

[ 2016-12-05T12:02:53+08:00 ] ::1 /cp/index.php/home/user/login
INFO: [ app_init ] --START--
INFO: Run Behavior\BuildLiteBehavior [ RunTime:0.000078s ]
INFO: [ app_init ] --END-- [ RunTime:0.001333s ]

[ 2016-12-05T12:02:53+08:00 ] ::1 /cp/index.php/home/user/index.js.map
INFO: [ app_init ] --START--
INFO: Run Behavior\BuildLiteBehavior [ RunTime:0.000042s ]
INFO: [ app_init ] --END-- [ RunTime:0.000983s ]
ERR: 非法操作:index.js.map

[ 2016-12-05T12:03:18+08:00 ] ::1 /cp/index.php/home/user/login
INFO: [ app_init ] --START--
INFO: Run Behavior\BuildLiteBehavior [ RunTime:0.000040s ]
INFO: [ app_init ] --END-- [ RunTime:0.001058s ]

[ 2016-12-05T12:03:19+08:00 ] ::1 /cp/index.php/home/user/index.js.map
INFO: [ app_init ] --START--
INFO: Run Behavior\BuildLiteBehavior [ RunTime:0.000039s ]
INFO: [ app_init ] --END-- [ RunTime:0.000740s ]
ERR: 非法操作:index.js.map

[ 2016-12-05T12:03:20+08:00 ] ::1 /cp/index.php/home/user/login
INFO: [ app_init ] --START--
INFO: Run Behavior\BuildLiteBehavior [ RunTime:0.000050s ]
INFO: [ app_init ] --END-- [ RunTime:0.000756s ]

[ 2016-12-05T12:03:20+08:00 ] ::1 /cp/index.php/home/user/login
INFO: [ app_init ] --START--
INFO: Run Behavior\BuildLiteBehavior [ RunTime:0.000083s ]
INFO: [ app_init ] --END-- [ RunTime:0.001329s ]

[ 2016-12-05T12:03:20+08:00 ] ::1 /cp/index.php/home/user/login
INFO: [ app_init ] --START--
INFO: Run Behavior\BuildLiteBehavior [ RunTime:0.000068s ]
INFO: [ app_init ] --END-- [ RunTime:0.001365s ]

[ 2016-12-05T12:03:21+08:00 ] ::1 /cp/index.php/home/user/index.js.map
INFO: [ app_init ] --START--
INFO: Run Behavior\BuildLiteBehavior [ RunTime:0.000054s ]
INFO: [ app_init ] --END-- [ RunTime:0.000767s ]
ERR: 非法操作:index.js.map

[ 2016-12-05T12:03:29+08:00 ] ::1 /cp/index.php/home/user/login
INFO: [ app_init ] --START--
INFO: Run Behavior\BuildLiteBehavior [ RunTime:0.000070s ]
INFO: [ app_init ] --END-- [ RunTime:0.001112s ]

[ 2016-12-05T12:03:29+08:00 ] ::1 /cp/index.php/home/user/index.js.map
INFO: [ app_init ] --START--
INFO: Run Behavior\BuildLiteBehavior [ RunTime:0.000067s ]
INFO: [ app_init ] --END-- [ RunTime:0.001263s ]
ERR: 非法操作:index.js.map

[ 2016-12-05T12:03:35+08:00 ] ::1 /cp/index.php/home/user/login
INFO: [ app_init ] --START--
INFO: Run Behavior\BuildLiteBehavior [ RunTime:0.000040s ]
INFO: [ app_init ] --END-- [ RunTime:0.000847s ]

[ 2016-12-05T12:03:36+08:00 ] ::1 /cp/index.php/home/user/index.js.map
INFO: [ app_init ] --START--
INFO: Run Behavior\BuildLiteBehavior [ RunTime:0.000040s ]
INFO: [ app_init ] --END-- [ RunTime:0.000730s ]
ERR: 非法操作:index.js.map

[ 2016-12-05T12:04:01+08:00 ] ::1 /cp/index.php/home/user/login
INFO: [ app_init ] --START--
INFO: Run Behavior\BuildLiteBehavior [ RunTime:0.000041s ]
INFO: [ app_init ] --END-- [ RunTime:0.000864s ]

[ 2016-12-05T12:04:02+08:00 ] ::1 /cp/index.php/home/user/index.js.map
INFO: [ app_init ] --START--
INFO: Run Behavior\BuildLiteBehavior [ RunTime:0.000043s ]
INFO: [ app_init ] --END-- [ RunTime:0.000817s ]
ERR: 非法操作:index.js.map

