[ 2017-02-08T20:04:47+08:00 ] 139.205.180.196 /meidian/index.php/home/index/remote?data=up&client_id=kushfsdjkhfsdjkfhsdjkfds
ERR: client_id kushfsdjkhfsdjkfhsdjkfds is invalid

[ 2017-02-08T20:05:08+08:00 ] 139.205.180.196 /meidian/index.php/home/index/remote?data=up&client_id=kushfsdjkhfsdjkfhsdjkfds
ERR: client_id kushfsdjkhfsdjkfhsdjkfds is invalid

[ 2017-02-08T20:27:37+08:00 ] 139.205.180.196 /meidian/index.php/home/index/client
INFO: [ app_begin ] --START--
INFO: Run Behavior\ReadHtmlCacheBehavior [ RunTime:0.000977s ]
INFO: [ app_begin ] --END-- [ RunTime:0.001954s ]
SQL: SHOW COLUMNS FROM `md_online` [ RunTime:0.0029s ]
SQL: SHOW COLUMNS FROM `md_online` [ RunTime:0.0059s ]
SQL: SHOW COLUMNS FROM `md_product` [ RunTime:0.0039s ]
SQL: SHOW COLUMNS FROM `md_product` [ RunTime:0.0059s ]
SQL: UPDATE `md_product` SET `product_status`='1',`last_time`='2017-02-08 20:27:37' WHERE ( product_maccode='123456' ) [ RunTime:0.0010s ]
NOTIC: [8] Undefined index: validate C:\wamp\www\meidian\ThinkPHP\Library\Think\Model.class.php 第 1185 行.
NOTIC: [8] Undefined index: auto C:\wamp\www\meidian\ThinkPHP\Library\Think\Model.class.php 第 1128 行.
SQL: INSERT INTO `md_online` (`mac`,`client_id`,`start_time`) VALUES ('123456','7f0000010fa000000007','2017-02-08 20:27:37') [ RunTime:0.0010s ]

[ 2017-02-08T20:28:47+08:00 ] 139.205.180.196 /meidian/index.php/home/index/client
ERR: client_id  is invalid

[ 2017-02-08T20:29:01+08:00 ] 139.205.180.196 /meidian/index.php/home/index/client
INFO: [ app_begin ] --START--
INFO: Run Behavior\ReadHtmlCacheBehavior [ RunTime:0.001953s ]
INFO: [ app_begin ] --END-- [ RunTime:0.003906s ]
SQL: SHOW COLUMNS FROM `md_online` [ RunTime:0.0039s ]
SQL: SHOW COLUMNS FROM `md_online` [ RunTime:0.0039s ]
SQL: SHOW COLUMNS FROM `md_product` [ RunTime:0.0049s ]
SQL: SHOW COLUMNS FROM `md_product` [ RunTime:0.0059s ]
SQL: UPDATE `md_product` SET `product_status`='1',`last_time`='2017-02-08 20:29:01' WHERE ( product_maccode='123456' ) [ RunTime:0.0000s ]
NOTIC: [8] Undefined index: validate C:\wamp\www\meidian\ThinkPHP\Library\Think\Model.class.php 第 1185 行.
NOTIC: [8] Undefined index: auto C:\wamp\www\meidian\ThinkPHP\Library\Think\Model.class.php 第 1128 行.
SQL: INSERT INTO `md_online` (`mac`,`client_id`,`start_time`) VALUES ('123456','7f0000010fa000000008','2017-02-08 20:29:01') [ RunTime:0.0000s ]

[ 2017-02-08T20:30:29+08:00 ] 139.205.180.196 /meidian/index.php/home/index/client
INFO: [ app_begin ] --START--
INFO: Run Behavior\ReadHtmlCacheBehavior [ RunTime:0.002930s ]
INFO: [ app_begin ] --END-- [ RunTime:0.003906s ]
SQL: SHOW COLUMNS FROM `md_online` [ RunTime:0.0029s ]
SQL: SHOW COLUMNS FROM `md_online` [ RunTime:0.0029s ]
SQL: SHOW COLUMNS FROM `md_product` [ RunTime:0.0049s ]
SQL: SHOW COLUMNS FROM `md_product` [ RunTime:0.0039s ]
SQL: UPDATE `md_product` SET `product_status`='1',`last_time`='2017-02-08 20:30:29' WHERE ( product_maccode='123456' ) [ RunTime:0.0020s ]
NOTIC: [8] Undefined index: validate C:\wamp\www\meidian\ThinkPHP\Library\Think\Model.class.php 第 1185 行.
NOTIC: [8] Undefined index: auto C:\wamp\www\meidian\ThinkPHP\Library\Think\Model.class.php 第 1128 行.
SQL: INSERT INTO `md_online` (`mac`,`client_id`,`start_time`) VALUES ('123456','7f0000010fa000000001','2017-02-08 20:30:29') [ RunTime:0.0010s ]

[ 2017-02-08T20:36:47+08:00 ] 139.205.180.196 /meidian/index.php/home/index/client
INFO: [ app_begin ] --START--
INFO: Run Behavior\ReadHtmlCacheBehavior [ RunTime:0.001954s ]
INFO: [ app_begin ] --END-- [ RunTime:0.001954s ]
SQL: SHOW COLUMNS FROM `md_online` [ RunTime:0.0039s ]
SQL: SHOW COLUMNS FROM `md_online` [ RunTime:0.0029s ]
SQL: SHOW COLUMNS FROM `md_product` [ RunTime:0.0029s ]
SQL: SHOW COLUMNS FROM `md_product` [ RunTime:0.0039s ]
SQL: UPDATE `md_product` SET `product_status`='1',`last_time`='2017-02-08 20:36:47' WHERE ( product_maccode='123456' ) [ RunTime:0.0010s ]
NOTIC: [8] Undefined index: validate C:\wamp\www\meidian\ThinkPHP\Library\Think\Model.class.php 第 1185 行.
NOTIC: [8] Undefined index: auto C:\wamp\www\meidian\ThinkPHP\Library\Think\Model.class.php 第 1128 行.
SQL: INSERT INTO `md_online` (`mac`,`client_id`,`start_time`) VALUES ('123456','7f0000010fa000000001','2017-02-08 20:36:47') [ RunTime:0.0000s ]

[ 2017-02-08T20:47:25+08:00 ] 139.205.180.196 /meidian/index.php/home/index/client
INFO: [ app_begin ] --START--
INFO: Run Behavior\ReadHtmlCacheBehavior [ RunTime:0.000976s ]
INFO: [ app_begin ] --END-- [ RunTime:0.000976s ]
SQL: SHOW COLUMNS FROM `md_online` [ RunTime:0.0107s ]
SQL: SHOW COLUMNS FROM `md_online` [ RunTime:0.0039s ]
SQL: SHOW COLUMNS FROM `md_product` [ RunTime:0.0049s ]
SQL: SHOW COLUMNS FROM `md_product` [ RunTime:0.0039s ]
SQL: UPDATE `md_product` SET `product_status`='1',`last_time`='2017-02-08 20:47:25' WHERE ( product_maccode='123456' ) [ RunTime:0.0010s ]
NOTIC: [8] Undefined index: validate C:\wamp\www\meidian\ThinkPHP\Library\Think\Model.class.php 第 1185 行.
NOTIC: [8] Undefined index: auto C:\wamp\www\meidian\ThinkPHP\Library\Think\Model.class.php 第 1128 行.
SQL: INSERT INTO `md_online` (`mac`,`client_id`,`start_time`) VALUES ('123456','7f0000010fa000000001','2017-02-08 20:47:25') [ RunTime:0.0020s ]

[ 2017-02-08T20:50:11+08:00 ] 139.205.180.196 /meidian/index.php/home/index/client
INFO: [ app_begin ] --START--
INFO: Run Behavior\ReadHtmlCacheBehavior [ RunTime:0.000977s ]
INFO: [ app_begin ] --END-- [ RunTime:0.001953s ]
SQL: SHOW COLUMNS FROM `md_online` [ RunTime:0.0029s ]
SQL: SHOW COLUMNS FROM `md_online` [ RunTime:0.0039s ]
SQL: SHOW COLUMNS FROM `md_product` [ RunTime:0.0039s ]
SQL: SHOW COLUMNS FROM `md_product` [ RunTime:0.0059s ]
SQL: UPDATE `md_product` SET `product_status`='1',`last_time`='2017-02-08 20:50:11' WHERE ( product_maccode='123456' ) [ RunTime:0.0020s ]
NOTIC: [8] Undefined index: validate C:\wamp\www\meidian\ThinkPHP\Library\Think\Model.class.php 第 1185 行.
NOTIC: [8] Undefined index: auto C:\wamp\www\meidian\ThinkPHP\Library\Think\Model.class.php 第 1128 行.
SQL: INSERT INTO `md_online` (`mac`,`client_id`,`start_time`) VALUES ('123456','7f0000010fa000000002','2017-02-08 20:50:11') [ RunTime:0.0020s ]

[ 2017-02-08T20:52:55+08:00 ] 139.205.180.196 /meidian/index.php/home/index/client
INFO: [ app_begin ] --START--
INFO: Run Behavior\ReadHtmlCacheBehavior [ RunTime:0.002929s ]
INFO: [ app_begin ] --END-- [ RunTime:0.002929s ]
SQL: SHOW COLUMNS FROM `md_online` [ RunTime:0.0039s ]
SQL: SHOW COLUMNS FROM `md_online` [ RunTime:0.0029s ]
SQL: SHOW COLUMNS FROM `md_product` [ RunTime:0.0049s ]
SQL: SHOW COLUMNS FROM `md_product` [ RunTime:0.0029s ]
SQL: UPDATE `md_product` SET `product_status`='1',`last_time`='2017-02-08 20:52:55' WHERE ( product_maccode='123456' ) [ RunTime:0.0039s ]
NOTIC: [8] Undefined index: validate C:\wamp\www\meidian\ThinkPHP\Library\Think\Model.class.php 第 1185 行.
NOTIC: [8] Undefined index: auto C:\wamp\www\meidian\ThinkPHP\Library\Think\Model.class.php 第 1128 行.
SQL: INSERT INTO `md_online` (`mac`,`client_id`,`start_time`) VALUES ('123456','7f0000010fa000000003','2017-02-08 20:52:55') [ RunTime:0.0010s ]

[ 2017-02-08T21:00:19+08:00 ] 139.205.180.196 /meidian/index.php/home/index/client
INFO: [ app_begin ] --START--
INFO: Run Behavior\ReadHtmlCacheBehavior [ RunTime:0.001953s ]
INFO: [ app_begin ] --END-- [ RunTime:0.002929s ]
SQL: SHOW COLUMNS FROM `md_online` [ RunTime:0.0029s ]
SQL: SHOW COLUMNS FROM `md_online` [ RunTime:0.0078s ]
SQL: SHOW COLUMNS FROM `md_product` [ RunTime:0.0029s ]
SQL: SHOW COLUMNS FROM `md_product` [ RunTime:0.0059s ]
SQL: UPDATE `md_product` SET `product_status`='1',`last_time`='2017-02-08 21:00:18' WHERE ( product_maccode='123456' ) [ RunTime:0.0000s ]
NOTIC: [8] Undefined index: validate C:\wamp\www\meidian\ThinkPHP\Library\Think\Model.class.php 第 1185 行.
NOTIC: [8] Undefined index: auto C:\wamp\www\meidian\ThinkPHP\Library\Think\Model.class.php 第 1128 行.
SQL: INSERT INTO `md_online` (`mac`,`client_id`,`start_time`) VALUES ('123456','7f0000010fa000000001','2017-02-08 21:00:18') [ RunTime:0.0010s ]

[ 2017-02-08T21:01:58+08:00 ] 139.205.180.196 /meidian/index.php/home/index/client
INFO: [ app_begin ] --START--
INFO: Run Behavior\ReadHtmlCacheBehavior [ RunTime:0.001953s ]
INFO: [ app_begin ] --END-- [ RunTime:0.003906s ]
SQL: SHOW COLUMNS FROM `md_online` [ RunTime:0.0049s ]
SQL: SHOW COLUMNS FROM `md_online` [ RunTime:0.0049s ]
SQL: SHOW COLUMNS FROM `md_product` [ RunTime:0.0029s ]
SQL: SHOW COLUMNS FROM `md_product` [ RunTime:0.0029s ]
SQL: UPDATE `md_product` SET `product_status`='1',`last_time`='2017-02-08 21:01:58' WHERE ( product_maccode='123456' ) [ RunTime:0.0010s ]
NOTIC: [8] Undefined index: validate C:\wamp\www\meidian\ThinkPHP\Library\Think\Model.class.php 第 1185 行.
NOTIC: [8] Undefined index: auto C:\wamp\www\meidian\ThinkPHP\Library\Think\Model.class.php 第 1128 行.
SQL: INSERT INTO `md_online` (`mac`,`client_id`,`start_time`) VALUES ('123456','7f0000010fa000000001','2017-02-08 21:01:58') [ RunTime:0.0010s ]

[ 2017-02-08T21:05:26+08:00 ] 139.205.180.196 /meidian/index.php/home/index/client
INFO: [ app_begin ] --START--
INFO: Run Behavior\ReadHtmlCacheBehavior [ RunTime:0.000977s ]
INFO: [ app_begin ] --END-- [ RunTime:0.001954s ]
SQL: SHOW COLUMNS FROM `md_online` [ RunTime:0.0029s ]
SQL: SHOW COLUMNS FROM `md_online` [ RunTime:0.0029s ]
SQL: SHOW COLUMNS FROM `md_product` [ RunTime:0.0039s ]
SQL: SHOW COLUMNS FROM `md_product` [ RunTime:0.0029s ]
SQL: UPDATE `md_product` SET `product_status`='1',`last_time`='2017-02-08 21:05:26' WHERE ( product_maccode='123456' ) [ RunTime:0.0000s ]
NOTIC: [8] Undefined index: validate C:\wamp\www\meidian\ThinkPHP\Library\Think\Model.class.php 第 1185 行.
NOTIC: [8] Undefined index: auto C:\wamp\www\meidian\ThinkPHP\Library\Think\Model.class.php 第 1128 行.
SQL: INSERT INTO `md_online` (`mac`,`client_id`,`start_time`) VALUES ('123456','7f0000010fa000000001','2017-02-08 21:05:26') [ RunTime:0.0000s ]

[ 2017-02-08T21:09:43+08:00 ] 139.205.180.196 /meidian/index.php/home/index/client
INFO: [ app_begin ] --START--
INFO: Run Behavior\ReadHtmlCacheBehavior [ RunTime:0.001953s ]
INFO: [ app_begin ] --END-- [ RunTime:0.002929s ]
SQL: SHOW COLUMNS FROM `md_online` [ RunTime:0.0039s ]
SQL: SHOW COLUMNS FROM `md_online` [ RunTime:0.0078s ]
SQL: SELECT * FROM `md_online` WHERE `mac` = '123456'  [ RunTime:0.0000s ]
SQL: SHOW COLUMNS FROM `md_product` [ RunTime:0.0029s ]
SQL: SHOW COLUMNS FROM `md_product` [ RunTime:0.0078s ]
SQL: UPDATE `md_product` SET `product_status`='1',`last_time`='2017-02-08 21:09:43' WHERE ( product_maccode='123456' ) [ RunTime:0.0000s ]
NOTIC: [8] Undefined variable: reg C:\wamp\www\meidian\Application\Home\Controller\IndexController.class.php 第 39 行.

[ 2017-02-08T21:10:24+08:00 ] 139.205.180.196 /meidian/index.php/home/index/client
INFO: [ app_begin ] --START--
INFO: Run Behavior\ReadHtmlCacheBehavior [ RunTime:0.000976s ]
INFO: [ app_begin ] --END-- [ RunTime:0.001953s ]
SQL: SHOW COLUMNS FROM `md_online` [ RunTime:0.0029s ]
SQL: SHOW COLUMNS FROM `md_online` [ RunTime:0.0020s ]
SQL: SELECT * FROM `md_online` WHERE `mac` = '123456'  [ RunTime:0.0000s ]
SQL: SHOW COLUMNS FROM `md_product` [ RunTime:0.0020s ]
SQL: SHOW COLUMNS FROM `md_product` [ RunTime:0.0029s ]
SQL: UPDATE `md_product` SET `product_status`='1',`last_time`='2017-02-08 21:10:24' WHERE ( product_maccode='123456' ) [ RunTime:0.0010s ]
NOTIC: [8] Undefined variable: reg C:\wamp\www\meidian\Application\Home\Controller\IndexController.class.php 第 39 行.

[ 2017-02-08T21:10:29+08:00 ] 139.205.180.196 /meidian/index.php/home/index/client
INFO: [ app_begin ] --START--
INFO: Run Behavior\ReadHtmlCacheBehavior [ RunTime:0.000977s ]
INFO: [ app_begin ] --END-- [ RunTime:0.001953s ]
SQL: SHOW COLUMNS FROM `md_online` [ RunTime:0.0039s ]
SQL: SHOW COLUMNS FROM `md_online` [ RunTime:0.0068s ]
SQL: SELECT * FROM `md_online` WHERE `mac` = '123456'  [ RunTime:0.0020s ]
SQL: SHOW COLUMNS FROM `md_product` [ RunTime:0.0039s ]
SQL: SHOW COLUMNS FROM `md_product` [ RunTime:0.0029s ]
SQL: UPDATE `md_product` SET `product_status`='1',`last_time`='2017-02-08 21:10:29' WHERE ( product_maccode='123456' ) [ RunTime:0.0029s ]
NOTIC: [8] Undefined variable: reg C:\wamp\www\meidian\Application\Home\Controller\IndexController.class.php 第 39 行.

[ 2017-02-08T21:11:40+08:00 ] 139.205.180.196 /meidian/index.php/home/index/client
INFO: [ app_begin ] --START--
INFO: Run Behavior\ReadHtmlCacheBehavior [ RunTime:0.000977s ]
INFO: [ app_begin ] --END-- [ RunTime:0.001953s ]
SQL: SHOW COLUMNS FROM `md_online` [ RunTime:0.0049s ]
SQL: SHOW COLUMNS FROM `md_online` [ RunTime:0.0068s ]
SQL: SELECT * FROM `md_online` WHERE `mac` = '123456'  [ RunTime:0.0000s ]
SQL: SHOW COLUMNS FROM `md_product` [ RunTime:0.0039s ]
SQL: SHOW COLUMNS FROM `md_product` [ RunTime:0.0039s ]
SQL: UPDATE `md_product` SET `product_status`='1',`last_time`='2017-02-08 21:11:40' WHERE ( product_maccode='123456' ) [ RunTime:0.0020s ]
NOTIC: [8] Undefined variable: reg C:\wamp\www\meidian\Application\Home\Controller\IndexController.class.php 第 39 行.

[ 2017-02-08T21:13:13+08:00 ] 139.205.180.196 /meidian/index.php/home/index/client
INFO: [ app_begin ] --START--
INFO: Run Behavior\ReadHtmlCacheBehavior [ RunTime:0.001953s ]
INFO: [ app_begin ] --END-- [ RunTime:0.002930s ]
SQL: SHOW COLUMNS FROM `md_online` [ RunTime:0.0039s ]
SQL: SHOW COLUMNS FROM `md_online` [ RunTime:0.0098s ]
SQL: SELECT * FROM `md_online` WHERE `mac` = '123456'  [ RunTime:0.0010s ]
SQL: SHOW COLUMNS FROM `md_product` [ RunTime:0.0020s ]
SQL: SHOW COLUMNS FROM `md_product` [ RunTime:0.0049s ]
SQL: UPDATE `md_product` SET `product_status`='1',`last_time`='2017-02-08 21:13:13' WHERE ( product_maccode='123456' ) [ RunTime:0.0010s ]
NOTIC: [8] Undefined variable: reg C:\wamp\www\meidian\Application\Home\Controller\IndexController.class.php 第 39 行.

[ 2017-02-08T21:13:43+08:00 ] 139.205.180.196 /meidian/index.php/home/index/client
INFO: [ app_begin ] --START--
INFO: Run Behavior\ReadHtmlCacheBehavior [ RunTime:0.000976s ]
INFO: [ app_begin ] --END-- [ RunTime:0.001953s ]
SQL: SHOW COLUMNS FROM `md_online` [ RunTime:0.0039s ]
SQL: SHOW COLUMNS FROM `md_online` [ RunTime:0.0020s ]
SQL: SELECT * FROM `md_online` WHERE `mac` = '123456'  [ RunTime:0.0000s ]
SQL: SHOW COLUMNS FROM `md_product` [ RunTime:0.0020s ]
SQL: SHOW COLUMNS FROM `md_product` [ RunTime:0.0049s ]
SQL: UPDATE `md_product` SET `product_status`='1',`last_time`='2017-02-08 21:13:43' WHERE ( product_maccode='123456' ) [ RunTime:0.0000s ]
NOTIC: [8] Undefined variable: reg C:\wamp\www\meidian\Application\Home\Controller\IndexController.class.php 第 39 行.

[ 2017-02-08T21:18:30+08:00 ] 139.205.180.196 /meidian/index.php/home/index/client
INFO: [ app_begin ] --START--
INFO: Run Behavior\ReadHtmlCacheBehavior [ RunTime:0.002930s ]
INFO: [ app_begin ] --END-- [ RunTime:0.003907s ]
SQL: SHOW COLUMNS FROM `md_online` [ RunTime:0.0020s ]
SQL: SHOW COLUMNS FROM `md_online` [ RunTime:0.0000s ]
SQL: SELECT * FROM `md_online` WHERE `mac` = '123456'  [ RunTime:0.0020s ]
SQL: SHOW COLUMNS FROM `md_product` [ RunTime:0.0029s ]
SQL: SHOW COLUMNS FROM `md_product` [ RunTime:0.0068s ]
SQL: UPDATE `md_product` SET `product_status`='1',`last_time`='2017-02-08 21:18:30' WHERE ( product_maccode='123456' ) [ RunTime:0.0000s ]
NOTIC: [8] Undefined variable: reg C:\wamp\www\meidian\Application\Home\Controller\IndexController.class.php 第 39 行.

[ 2017-02-08T21:19:18+08:00 ] 139.205.180.196 /meidian/index.php/home/index/client
INFO: [ app_begin ] --START--
INFO: Run Behavior\ReadHtmlCacheBehavior [ RunTime:0.000000s ]
INFO: [ app_begin ] --END-- [ RunTime:0.001953s ]
SQL: SHOW COLUMNS FROM `md_online` [ RunTime:0.0029s ]
SQL: SHOW COLUMNS FROM `md_online` [ RunTime:0.0049s ]
SQL: SELECT * FROM `md_online` WHERE `mac` = '123456'  [ RunTime:0.0000s ]
SQL: SHOW COLUMNS FROM `md_product` [ RunTime:0.0049s ]
SQL: SHOW COLUMNS FROM `md_product` [ RunTime:0.0029s ]
SQL: UPDATE `md_product` SET `product_status`='1',`last_time`='2017-02-08 21:19:18' WHERE ( product_maccode='123456' ) [ RunTime:0.0010s ]
NOTIC: [8] Undefined variable: reg C:\wamp\www\meidian\Application\Home\Controller\IndexController.class.php 第 39 行.

[ 2017-02-08T21:20:08+08:00 ] 139.205.180.196 /meidian/index.php/home/index/client
INFO: [ app_begin ] --START--
INFO: Run Behavior\ReadHtmlCacheBehavior [ RunTime:0.000000s ]
INFO: [ app_begin ] --END-- [ RunTime:0.000000s ]
SQL: SHOW COLUMNS FROM `md_online` [ RunTime:0.0049s ]
SQL: SHOW COLUMNS FROM `md_online` [ RunTime:0.0049s ]
SQL: SELECT * FROM `md_online` WHERE `mac` = '123456'  [ RunTime:0.0010s ]
SQL: SHOW COLUMNS FROM `md_product` [ RunTime:0.0068s ]
SQL: SHOW COLUMNS FROM `md_product` [ RunTime:0.0039s ]
SQL: UPDATE `md_product` SET `product_status`='1',`last_time`='2017-02-08 21:20:08' WHERE ( product_maccode='123456' ) [ RunTime:0.0010s ]
NOTIC: [8] Undefined variable: reg C:\wamp\www\meidian\Application\Home\Controller\IndexController.class.php 第 39 行.

[ 2017-02-08T21:22:21+08:00 ] 139.205.180.196 /meidian/index.php/home/index/client
INFO: [ app_begin ] --START--
INFO: Run Behavior\ReadHtmlCacheBehavior [ RunTime:0.003906s ]
INFO: [ app_begin ] --END-- [ RunTime:0.004883s ]
SQL: SHOW COLUMNS FROM `md_online` [ RunTime:0.0029s ]
SQL: SHOW COLUMNS FROM `md_online` [ RunTime:0.0020s ]
SQL: SELECT * FROM `md_online` WHERE `mac` = '123456'  [ RunTime:0.0000s ]
SQL: SHOW COLUMNS FROM `md_product` [ RunTime:0.0049s ]
SQL: SHOW COLUMNS FROM `md_product` [ RunTime:0.0029s ]
SQL: UPDATE `md_product` SET `product_status`='1',`last_time`='2017-02-08 21:22:21' WHERE ( product_maccode='123456' ) [ RunTime:0.0000s ]
NOTIC: [8] Undefined variable: reg C:\wamp\www\meidian\Application\Home\Controller\IndexController.class.php 第 39 行.

[ 2017-02-08T21:24:28+08:00 ] 139.205.180.196 /meidian/index.php/home/index/client
INFO: [ app_begin ] --START--
INFO: Run Behavior\ReadHtmlCacheBehavior [ RunTime:0.000000s ]
INFO: [ app_begin ] --END-- [ RunTime:0.001953s ]
SQL: SHOW COLUMNS FROM `md_online` [ RunTime:0.0029s ]
SQL: SHOW COLUMNS FROM `md_online` [ RunTime:0.0020s ]
SQL: SELECT * FROM `md_online` WHERE `mac` = '123456'  [ RunTime:0.0010s ]
SQL: SHOW COLUMNS FROM `md_product` [ RunTime:0.0029s ]
SQL: SHOW COLUMNS FROM `md_product` [ RunTime:0.0059s ]
SQL: UPDATE `md_product` SET `product_status`='1',`last_time`='2017-02-08 21:24:28' WHERE ( product_maccode='123456' ) [ RunTime:0.0020s ]
NOTIC: [8] Undefined variable: reg C:\wamp\www\meidian\Application\Home\Controller\IndexController.class.php 第 39 行.

[ 2017-02-08T21:25:52+08:00 ] 139.205.180.196 /meidian/index.php/home/index/client
INFO: [ app_begin ] --START--
INFO: Run Behavior\ReadHtmlCacheBehavior [ RunTime:0.001953s ]
INFO: [ app_begin ] --END-- [ RunTime:0.002930s ]
SQL: SHOW COLUMNS FROM `md_online` [ RunTime:0.0049s ]
SQL: SHOW COLUMNS FROM `md_online` [ RunTime:0.0059s ]
SQL: SELECT * FROM `md_online` WHERE `mac` = '123456'  [ RunTime:0.0000s ]
SQL: SHOW COLUMNS FROM `md_product` [ RunTime:0.0039s ]
SQL: SHOW COLUMNS FROM `md_product` [ RunTime:0.0029s ]
SQL: UPDATE `md_product` SET `product_status`='1',`last_time`='2017-02-08 21:25:52' WHERE ( product_maccode='123456' ) [ RunTime:0.0000s ]
NOTIC: [8] Undefined variable: reg C:\wamp\www\meidian\Application\Home\Controller\IndexController.class.php 第 39 行.

[ 2017-02-08T21:27:45+08:00 ] 139.205.180.196 /meidian/index.php/home/index/client
INFO: [ app_begin ] --START--
INFO: Run Behavior\ReadHtmlCacheBehavior [ RunTime:0.001953s ]
INFO: [ app_begin ] --END-- [ RunTime:0.002929s ]
SQL: SHOW COLUMNS FROM `md_online` [ RunTime:0.0039s ]
SQL: SHOW COLUMNS FROM `md_online` [ RunTime:0.0029s ]
SQL: SELECT * FROM `md_online` WHERE `mac` = '123456'  [ RunTime:0.0000s ]
SQL: SHOW COLUMNS FROM `md_product` [ RunTime:0.0029s ]
SQL: SHOW COLUMNS FROM `md_product` [ RunTime:0.0029s ]
SQL: UPDATE `md_product` SET `product_status`='1',`last_time`='2017-02-08 21:27:45' WHERE ( product_maccode='123456' ) [ RunTime:0.0010s ]
NOTIC: [8] Undefined variable: reg C:\wamp\www\meidian\Application\Home\Controller\IndexController.class.php 第 39 行.

[ 2017-02-08T21:28:15+08:00 ] 139.205.180.196 /meidian/index.php/home/index/client
INFO: [ app_begin ] --START--
INFO: Run Behavior\ReadHtmlCacheBehavior [ RunTime:0.001954s ]
INFO: [ app_begin ] --END-- [ RunTime:0.002930s ]
SQL: SHOW COLUMNS FROM `md_online` [ RunTime:0.0049s ]
SQL: SHOW COLUMNS FROM `md_online` [ RunTime:0.0049s ]
SQL: SELECT * FROM `md_online` WHERE `mac` = '123456'  [ RunTime:0.0000s ]
SQL: SHOW COLUMNS FROM `md_product` [ RunTime:0.0049s ]
SQL: SHOW COLUMNS FROM `md_product` [ RunTime:0.0039s ]
SQL: UPDATE `md_product` SET `product_status`='1',`last_time`='2017-02-08 21:28:15' WHERE ( product_maccode='123456' ) [ RunTime:0.0020s ]
NOTIC: [8] Undefined variable: reg C:\wamp\www\meidian\Application\Home\Controller\IndexController.class.php 第 39 行.

[ 2017-02-08T21:35:38+08:00 ] 139.205.180.196 /meidian/index.php/home/index/client
INFO: [ app_begin ] --START--
INFO: Run Behavior\ReadHtmlCacheBehavior [ RunTime:0.000977s ]
INFO: [ app_begin ] --END-- [ RunTime:0.001954s ]
SQL: SHOW COLUMNS FROM `md_online` [ RunTime:0.0039s ]
SQL: SHOW COLUMNS FROM `md_online` [ RunTime:0.0039s ]
SQL: SELECT * FROM `md_online` WHERE `mac` = '123456'  [ RunTime:0.0020s ]
SQL: SHOW COLUMNS FROM `md_product` [ RunTime:0.0029s ]
SQL: SHOW COLUMNS FROM `md_product` [ RunTime:0.0068s ]
SQL: UPDATE `md_product` SET `product_status`='1',`last_time`='2017-02-08 21:35:38' WHERE ( product_maccode='123456' ) [ RunTime:0.0010s ]
NOTIC: [8] Undefined variable: reg C:\wamp\www\meidian\Application\Home\Controller\IndexController.class.php 第 39 行.

[ 2017-02-08T21:38:02+08:00 ] 139.205.180.196 /meidian/index.php/home/index/client
INFO: [ app_begin ] --START--
INFO: Run Behavior\ReadHtmlCacheBehavior [ RunTime:0.000977s ]
INFO: [ app_begin ] --END-- [ RunTime:0.002929s ]
SQL: SHOW COLUMNS FROM `md_online` [ RunTime:0.0020s ]
SQL: SHOW COLUMNS FROM `md_online` [ RunTime:0.0029s ]
SQL: SELECT * FROM `md_online` WHERE `mac` = '123456'  [ RunTime:0.0010s ]
SQL: SHOW COLUMNS FROM `md_product` [ RunTime:0.0039s ]
SQL: SHOW COLUMNS FROM `md_product` [ RunTime:0.0029s ]
SQL: UPDATE `md_product` SET `product_status`='1' WHERE ( product_maccode='123456' ) [ RunTime:0.0000s ]

[ 2017-02-08T21:38:03+08:00 ] 139.205.180.196 /meidian/index.php/home/index/client
INFO: [ app_begin ] --START--
INFO: Run Behavior\ReadHtmlCacheBehavior [ RunTime:0.001954s ]
INFO: [ app_begin ] --END-- [ RunTime:0.002930s ]
SQL: SHOW COLUMNS FROM `md_online` [ RunTime:0.0039s ]
SQL: SHOW COLUMNS FROM `md_online` [ RunTime:0.0049s ]
SQL: SELECT * FROM `md_online` WHERE `mac` = '123456'  [ RunTime:0.0020s ]
SQL: SHOW COLUMNS FROM `md_product` [ RunTime:0.0068s ]
SQL: SHOW COLUMNS FROM `md_product` [ RunTime:0.0049s ]
SQL: UPDATE `md_product` SET `product_status`='1' WHERE ( product_maccode='123456' ) [ RunTime:0.0049s ]

[ 2017-02-08T21:38:08+08:00 ] 139.205.180.196 /meidian/index.php/home/index/client
INFO: [ app_begin ] --START--
INFO: Run Behavior\ReadHtmlCacheBehavior [ RunTime:0.001953s ]
INFO: [ app_begin ] --END-- [ RunTime:0.001953s ]
SQL: SHOW COLUMNS FROM `md_online` [ RunTime:0.0039s ]
SQL: SHOW COLUMNS FROM `md_online` [ RunTime:0.0039s ]
SQL: SELECT * FROM `md_online` WHERE `mac` = '123456'  [ RunTime:0.0010s ]
SQL: SHOW COLUMNS FROM `md_product` [ RunTime:0.0137s ]
SQL: SHOW COLUMNS FROM `md_product` [ RunTime:0.0029s ]
SQL: UPDATE `md_product` SET `product_status`='1' WHERE ( product_maccode='123456' ) [ RunTime:0.0000s ]

[ 2017-02-08T21:38:10+08:00 ] 139.205.180.196 /meidian/index.php/home/index/client
INFO: [ app_begin ] --START--
INFO: Run Behavior\ReadHtmlCacheBehavior [ RunTime:0.000976s ]
INFO: [ app_begin ] --END-- [ RunTime:0.001953s ]
SQL: SHOW COLUMNS FROM `md_online` [ RunTime:0.0029s ]
SQL: SHOW COLUMNS FROM `md_online` [ RunTime:0.0029s ]
SQL: SELECT * FROM `md_online` WHERE `mac` = '123456'  [ RunTime:0.0010s ]
SQL: SHOW COLUMNS FROM `md_product` [ RunTime:0.0049s ]
SQL: SHOW COLUMNS FROM `md_product` [ RunTime:0.0039s ]
SQL: UPDATE `md_product` SET `product_status`='1' WHERE ( product_maccode='123456' ) [ RunTime:0.0010s ]

[ 2017-02-08T21:38:11+08:00 ] 139.205.180.196 /meidian/index.php/home/index/client
INFO: [ app_begin ] --START--
INFO: Run Behavior\ReadHtmlCacheBehavior [ RunTime:0.001953s ]
INFO: [ app_begin ] --END-- [ RunTime:0.006836s ]
SQL: SHOW COLUMNS FROM `md_online` [ RunTime:0.0039s ]
SQL: SHOW COLUMNS FROM `md_online` [ RunTime:0.0049s ]
SQL: SELECT * FROM `md_online` WHERE `mac` = '123456'  [ RunTime:0.0029s ]
SQL: SHOW COLUMNS FROM `md_product` [ RunTime:0.0029s ]
SQL: SHOW COLUMNS FROM `md_product` [ RunTime:0.0020s ]
SQL: UPDATE `md_product` SET `product_status`='1' WHERE ( product_maccode='123456' ) [ RunTime:0.0000s ]

[ 2017-02-08T21:38:12+08:00 ] 139.205.180.196 /meidian/index.php/home/index/client
INFO: [ app_begin ] --START--
INFO: Run Behavior\ReadHtmlCacheBehavior [ RunTime:0.000976s ]
INFO: [ app_begin ] --END-- [ RunTime:0.002930s ]
SQL: SHOW COLUMNS FROM `md_online` [ RunTime:0.0059s ]
SQL: SHOW COLUMNS FROM `md_online` [ RunTime:0.0068s ]
SQL: SELECT * FROM `md_online` WHERE `mac` = '123456'  [ RunTime:0.0010s ]
SQL: SHOW COLUMNS FROM `md_product` [ RunTime:0.0059s ]
SQL: SHOW COLUMNS FROM `md_product` [ RunTime:0.0059s ]
SQL: UPDATE `md_product` SET `product_status`='1' WHERE ( product_maccode='123456' ) [ RunTime:0.0010s ]

[ 2017-02-08T21:38:14+08:00 ] 139.205.180.196 /meidian/index.php/home/index/client
INFO: [ app_begin ] --START--
INFO: Run Behavior\ReadHtmlCacheBehavior [ RunTime:0.001953s ]
INFO: [ app_begin ] --END-- [ RunTime:0.001953s ]
SQL: SHOW COLUMNS FROM `md_online` [ RunTime:0.0039s ]
SQL: SHOW COLUMNS FROM `md_online` [ RunTime:0.0049s ]
SQL: SELECT * FROM `md_online` WHERE `mac` = '123456'  [ RunTime:0.0010s ]
SQL: SHOW COLUMNS FROM `md_product` [ RunTime:0.0039s ]
SQL: SHOW COLUMNS FROM `md_product` [ RunTime:0.0059s ]
SQL: UPDATE `md_product` SET `product_status`='1' WHERE ( product_maccode='123456' ) [ RunTime:0.0029s ]

[ 2017-02-08T21:38:15+08:00 ] 139.205.180.196 /meidian/index.php/home/index/client
INFO: [ app_begin ] --START--
INFO: Run Behavior\ReadHtmlCacheBehavior [ RunTime:0.000976s ]
INFO: [ app_begin ] --END-- [ RunTime:0.001953s ]
SQL: SHOW COLUMNS FROM `md_online` [ RunTime:0.0029s ]
SQL: SHOW COLUMNS FROM `md_online` [ RunTime:0.0020s ]
SQL: SELECT * FROM `md_online` WHERE `mac` = '123456'  [ RunTime:0.0010s ]
SQL: SHOW COLUMNS FROM `md_product` [ RunTime:0.0029s ]
SQL: SHOW COLUMNS FROM `md_product` [ RunTime:0.0020s ]
SQL: UPDATE `md_product` SET `product_status`='1' WHERE ( product_maccode='123456' ) [ RunTime:0.0010s ]

[ 2017-02-08T21:38:18+08:00 ] 139.205.180.196 /meidian/index.php/home/index/client
INFO: [ app_begin ] --START--
INFO: Run Behavior\ReadHtmlCacheBehavior [ RunTime:0.000976s ]
INFO: [ app_begin ] --END-- [ RunTime:0.001953s ]
SQL: SHOW COLUMNS FROM `md_online` [ RunTime:0.0039s ]
SQL: SHOW COLUMNS FROM `md_online` [ RunTime:0.0029s ]
SQL: SELECT * FROM `md_online` WHERE `mac` = '123456'  [ RunTime:0.0010s ]
SQL: SHOW COLUMNS FROM `md_product` [ RunTime:0.0039s ]
SQL: SHOW COLUMNS FROM `md_product` [ RunTime:0.0039s ]
SQL: UPDATE `md_product` SET `product_status`='1' WHERE ( product_maccode='123456' ) [ RunTime:0.0000s ]

[ 2017-02-08T21:38:55+08:00 ] 139.205.180.196 /meidian/index.php/home/index/client
INFO: [ app_begin ] --START--
INFO: Run Behavior\ReadHtmlCacheBehavior [ RunTime:0.001953s ]
INFO: [ app_begin ] --END-- [ RunTime:0.002930s ]
SQL: SHOW COLUMNS FROM `md_online` [ RunTime:0.0029s ]
SQL: SHOW COLUMNS FROM `md_online` [ RunTime:0.0020s ]
SQL: SELECT * FROM `md_online` WHERE `mac` = '123456'  [ RunTime:0.0010s ]
SQL: SHOW COLUMNS FROM `md_product` [ RunTime:0.0068s ]
SQL: SHOW COLUMNS FROM `md_product` [ RunTime:0.0039s ]
SQL: UPDATE `md_product` SET `product_status`='1' WHERE ( product_maccode='123456' ) [ RunTime:0.0010s ]

[ 2017-02-08T21:39:05+08:00 ] 139.205.180.196 /meidian/index.php/home/index/client
INFO: [ app_begin ] --START--
INFO: Run Behavior\ReadHtmlCacheBehavior [ RunTime:0.000976s ]
INFO: [ app_begin ] --END-- [ RunTime:0.001953s ]
SQL: SHOW COLUMNS FROM `md_online` [ RunTime:0.0049s ]
SQL: SHOW COLUMNS FROM `md_online` [ RunTime:0.0029s ]
SQL: SELECT * FROM `md_online` WHERE `mac` = '123456'  [ RunTime:0.0000s ]
SQL: SHOW COLUMNS FROM `md_product` [ RunTime:0.0000s ]
SQL: SHOW COLUMNS FROM `md_product` [ RunTime:0.0088s ]
SQL: UPDATE `md_product` SET `product_status`='1' WHERE ( product_maccode='123456' ) [ RunTime:0.0010s ]

[ 2017-02-08T21:40:38+08:00 ] 139.205.180.196 /meidian/index.php/home/index/client
INFO: [ app_begin ] --START--
INFO: Run Behavior\ReadHtmlCacheBehavior [ RunTime:0.001953s ]
INFO: [ app_begin ] --END-- [ RunTime:0.002930s ]
SQL: SHOW COLUMNS FROM `md_online` [ RunTime:0.0029s ]
SQL: SHOW COLUMNS FROM `md_online` [ RunTime:0.0039s ]
SQL: SELECT * FROM `md_online` WHERE `mac` = '123456'  [ RunTime:0.0010s ]
SQL: SHOW COLUMNS FROM `md_product` [ RunTime:0.0029s ]
SQL: SHOW COLUMNS FROM `md_product` [ RunTime:0.0049s ]
SQL: UPDATE `md_product` SET `product_status`='1' WHERE ( product_maccode='123456' ) [ RunTime:0.0010s ]

[ 2017-02-08T21:44:18+08:00 ] 139.205.180.196 /meidian/index.php/home/index/client
INFO: [ app_begin ] --START--
INFO: Run Behavior\ReadHtmlCacheBehavior [ RunTime:0.000977s ]
INFO: [ app_begin ] --END-- [ RunTime:0.001953s ]
SQL: SHOW COLUMNS FROM `md_online` [ RunTime:0.0020s ]
SQL: SHOW COLUMNS FROM `md_online` [ RunTime:0.0088s ]
SQL: SELECT * FROM `md_online` WHERE `mac` = '123456'  [ RunTime:0.0010s ]
SQL: SHOW COLUMNS FROM `md_product` [ RunTime:0.0049s ]
SQL: SHOW COLUMNS FROM `md_product` [ RunTime:0.0068s ]
SQL: UPDATE `md_product` SET `product_status`='1' WHERE ( product_maccode='123456' ) [ RunTime:0.0010s ]

[ 2017-02-08T21:45:00+08:00 ] 139.205.180.196 /meidian/index.php/home/index/client
INFO: [ app_begin ] --START--
INFO: Run Behavior\ReadHtmlCacheBehavior [ RunTime:0.001953s ]
INFO: [ app_begin ] --END-- [ RunTime:0.004883s ]
SQL: SHOW COLUMNS FROM `md_online` [ RunTime:0.0039s ]
SQL: SHOW COLUMNS FROM `md_online` [ RunTime:0.0029s ]
SQL: SELECT * FROM `md_online` WHERE `mac` = '123456'  [ RunTime:0.0000s ]
SQL: SHOW COLUMNS FROM `md_product` [ RunTime:0.0039s ]
SQL: SHOW COLUMNS FROM `md_product` [ RunTime:0.0107s ]
SQL: UPDATE `md_product` SET `product_status`='1' WHERE ( product_maccode='123456' ) [ RunTime:0.0010s ]

[ 2017-02-08T21:46:22+08:00 ] 139.205.180.196 /meidian/index.php/home/index/client
INFO: [ app_begin ] --START--
INFO: Run Behavior\ReadHtmlCacheBehavior [ RunTime:0.001954s ]
INFO: [ app_begin ] --END-- [ RunTime:0.002930s ]
SQL: SHOW COLUMNS FROM `md_online` [ RunTime:0.0020s ]
SQL: SHOW COLUMNS FROM `md_online` [ RunTime:0.0059s ]
SQL: SELECT * FROM `md_online` WHERE `mac` = '123456'  [ RunTime:0.0000s ]
SQL: SHOW COLUMNS FROM `md_product` [ RunTime:0.0049s ]
SQL: SHOW COLUMNS FROM `md_product` [ RunTime:0.0059s ]
SQL: UPDATE `md_product` SET `product_status`='1' WHERE ( product_maccode='123456' ) [ RunTime:0.0000s ]

[ 2017-02-08T21:50:56+08:00 ] 139.205.180.196 /meidian/index.php/home/index/client
INFO: [ app_begin ] --START--
INFO: Run Behavior\ReadHtmlCacheBehavior [ RunTime:0.001953s ]
INFO: [ app_begin ] --END-- [ RunTime:0.001953s ]
SQL: SHOW COLUMNS FROM `md_online` [ RunTime:0.0039s ]
SQL: SHOW COLUMNS FROM `md_online` [ RunTime:0.0039s ]
SQL: SELECT * FROM `md_online` WHERE `mac` = '123456'  [ RunTime:0.0020s ]
SQL: SHOW COLUMNS FROM `md_product` [ RunTime:0.0039s ]
SQL: SHOW COLUMNS FROM `md_product` [ RunTime:0.0049s ]
SQL: UPDATE `md_product` SET `product_status`='1' WHERE ( product_maccode='123456' ) [ RunTime:0.0000s ]

[ 2017-02-08T21:54:18+08:00 ] 139.205.180.196 /meidian/index.php/home/index/client
INFO: [ app_begin ] --START--
INFO: Run Behavior\ReadHtmlCacheBehavior [ RunTime:0.000000s ]
INFO: [ app_begin ] --END-- [ RunTime:0.000976s ]
SQL: SHOW COLUMNS FROM `md_online` [ RunTime:0.0029s ]
SQL: SHOW COLUMNS FROM `md_online` [ RunTime:0.0039s ]
SQL: SELECT * FROM `md_online` WHERE `mac` = '123456'  [ RunTime:0.0010s ]
SQL: SHOW COLUMNS FROM `md_product` [ RunTime:0.0029s ]
SQL: SHOW COLUMNS FROM `md_product` [ RunTime:0.0029s ]
SQL: UPDATE `md_product` SET `product_status`='1' WHERE ( product_maccode='123456' ) [ RunTime:0.0010s ]

[ 2017-02-08T21:57:32+08:00 ] 139.205.180.196 /meidian/index.php/home/index/client
INFO: [ app_begin ] --START--
INFO: Run Behavior\ReadHtmlCacheBehavior [ RunTime:0.000976s ]
INFO: [ app_begin ] --END-- [ RunTime:0.002930s ]
SQL: SHOW COLUMNS FROM `md_online` [ RunTime:0.0020s ]
SQL: SHOW COLUMNS FROM `md_online` [ RunTime:0.0020s ]
SQL: SELECT * FROM `md_online` WHERE `mac` = '123456'  [ RunTime:0.0000s ]
SQL: SHOW COLUMNS FROM `md_product` [ RunTime:0.0039s ]
SQL: SHOW COLUMNS FROM `md_product` [ RunTime:0.0039s ]
SQL: UPDATE `md_product` SET `product_status`='1' WHERE ( product_maccode='123456' ) [ RunTime:0.0010s ]

[ 2017-02-08T21:59:17+08:00 ] 139.205.180.196 /meidian/index.php/home/index/client
INFO: [ app_begin ] --START--
INFO: Run Behavior\ReadHtmlCacheBehavior [ RunTime:0.001954s ]
INFO: [ app_begin ] --END-- [ RunTime:0.004883s ]
SQL: SHOW COLUMNS FROM `md_online` [ RunTime:0.0068s ]
SQL: SHOW COLUMNS FROM `md_online` [ RunTime:0.0059s ]
SQL: SELECT * FROM `md_online` WHERE `mac` = '123456'  [ RunTime:0.0010s ]
SQL: SHOW COLUMNS FROM `md_product` [ RunTime:0.0039s ]
SQL: SHOW COLUMNS FROM `md_product` [ RunTime:0.0059s ]
SQL: UPDATE `md_product` SET `product_status`='1' WHERE ( product_maccode='123456' ) [ RunTime:0.0049s ]
NOTIC: [8] Undefined variable: reg C:\wamp\www\meidian\Application\Home\Controller\IndexController.class.php 第 39 行.

[ 2017-02-08T22:01:04+08:00 ] 139.205.180.196 /meidian/index.php/home/index/client
INFO: [ app_begin ] --START--
INFO: Run Behavior\ReadHtmlCacheBehavior [ RunTime:0.000976s ]
INFO: [ app_begin ] --END-- [ RunTime:0.000976s ]
SQL: SHOW COLUMNS FROM `md_online` [ RunTime:0.0020s ]
SQL: SHOW COLUMNS FROM `md_online` [ RunTime:0.0039s ]
SQL: SELECT * FROM `md_online` WHERE `mac` = '123456'  [ RunTime:0.0010s ]
SQL: SHOW COLUMNS FROM `md_product` [ RunTime:0.0029s ]
SQL: SHOW COLUMNS FROM `md_product` [ RunTime:0.0029s ]
SQL: UPDATE `md_product` SET `product_status`='1' WHERE ( product_maccode='123456' ) [ RunTime:0.0000s ]
NOTIC: [8] Undefined variable: reg C:\wamp\www\meidian\Application\Home\Controller\IndexController.class.php 第 39 行.

[ 2017-02-08T22:02:21+08:00 ] 139.205.180.196 /meidian/index.php/home/index/client
INFO: [ app_begin ] --START--
INFO: Run Behavior\ReadHtmlCacheBehavior [ RunTime:0.001953s ]
INFO: [ app_begin ] --END-- [ RunTime:0.003906s ]
SQL: SHOW COLUMNS FROM `md_online` [ RunTime:0.0029s ]
SQL: SHOW COLUMNS FROM `md_online` [ RunTime:0.0068s ]
SQL: SELECT * FROM `md_online` WHERE `mac` = '123456'  [ RunTime:0.0010s ]
SQL: SHOW COLUMNS FROM `md_product` [ RunTime:0.0059s ]
SQL: SHOW COLUMNS FROM `md_product` [ RunTime:0.0029s ]
SQL: UPDATE `md_product` SET `product_status`='1' WHERE ( product_maccode='123456' ) [ RunTime:0.0000s ]
NOTIC: [8] Undefined index: validate C:\wamp\www\meidian\ThinkPHP\Library\Think\Model.class.php 第 1185 行.
NOTIC: [8] Undefined index: auto C:\wamp\www\meidian\ThinkPHP\Library\Think\Model.class.php 第 1128 行.
SQL: INSERT INTO `md_online` (`mac`,`client_id`,`start_time`) VALUES ('123456','7f0000010fa000000001','2017-02-08 22:02:21') [ RunTime:0.0000s ]

[ 2017-02-08T22:04:40+08:00 ] 139.205.180.196 /meidian/index.php/home/index/client
INFO: [ app_begin ] --START--
INFO: Run Behavior\ReadHtmlCacheBehavior [ RunTime:0.000976s ]
INFO: [ app_begin ] --END-- [ RunTime:0.001953s ]
SQL: SHOW COLUMNS FROM `md_online` [ RunTime:0.0029s ]
SQL: SHOW COLUMNS FROM `md_online` [ RunTime:0.0029s ]
SQL: SELECT * FROM `md_online` WHERE `mac` = '123456'  [ RunTime:0.0000s ]
SQL: SHOW COLUMNS FROM `md_product` [ RunTime:0.0049s ]
SQL: SHOW COLUMNS FROM `md_product` [ RunTime:0.0029s ]
SQL: UPDATE `md_product` SET `product_status`='1' WHERE ( product_maccode='123456' ) [ RunTime:0.0000s ]
NOTIC: [8] Undefined index: validate C:\wamp\www\meidian\ThinkPHP\Library\Think\Model.class.php 第 1185 行.
NOTIC: [8] Undefined index: auto C:\wamp\www\meidian\ThinkPHP\Library\Think\Model.class.php 第 1128 行.
SQL: INSERT INTO `md_online` (`mac`,`client_id`,`start_time`) VALUES ('123456','7f0000010fa000000001','2017-02-08 22:04:40') [ RunTime:0.0000s ]

[ 2017-02-08T22:06:41+08:00 ] 139.205.180.196 /meidian/index.php/home/index/client
INFO: [ app_begin ] --START--
INFO: Run Behavior\ReadHtmlCacheBehavior [ RunTime:0.000976s ]
INFO: [ app_begin ] --END-- [ RunTime:0.001953s ]
SQL: SHOW COLUMNS FROM `md_online` [ RunTime:0.0029s ]
SQL: SHOW COLUMNS FROM `md_online` [ RunTime:0.0020s ]
SQL: SELECT * FROM `md_online` WHERE `mac` = '123456'  [ RunTime:0.0000s ]
SQL: SHOW COLUMNS FROM `md_product` [ RunTime:0.0029s ]
SQL: SHOW COLUMNS FROM `md_product` [ RunTime:0.0049s ]
SQL: UPDATE `md_product` SET `product_status`='1' WHERE ( product_maccode='123456' ) [ RunTime:0.0000s ]

