[ 2017-02-09T10:49:31+08:00 ] 182.137.15.216 /meidian/index.php/home/index/client
INFO: [ app_begin ] --START--
INFO: Run Behavior\ReadHtmlCacheBehavior [ RunTime:0.000000s ]
INFO: [ app_begin ] --END-- [ RunTime:0.000000s ]
NOTIC: [2] stream_socket_client(): unable to connect to tcp://127.0.0.1:1234 (No connection could be made because the target machine actively refused it.
) C:\wamp\www\meidian\GatewayClient\Gateway.php 第 826 行.
ERR: Can not connect to tcp://127.0.0.1:1234 No connection could be made because the target machine actively refused it.


[ 2017-02-09T17:30:58+08:00 ] 182.137.15.216 /meidian/index.php/home/index/client
ERR: client_id {&quot;type&quot;:&quot;init&quot;,&quot;client_id&quot;:&quot;7f0000010fa000000004&quot;} is invalid

[ 2017-02-09T17:31:13+08:00 ] 182.137.15.216 /meidian/index.php/home/index/client
ERR: client_id {&quot;type&quot;:&quot;ping&quot;} is invalid

[ 2017-02-09T17:31:32+08:00 ] 182.137.15.216 /meidian/index.php/home/index/client
ERR: client_id {&quot;type&quot;:&quot;ping&quot;} is invalid

[ 2017-02-09T17:31:33+08:00 ] 182.137.15.216 /meidian/index.php/home/index/client
ERR: client_id {&quot;type&quot;:&quot;ping&quot;} is invalid

[ 2017-02-09T17:31:46+08:00 ] 182.137.15.216 /meidian/index.php/home/index/client
ERR: client_id {&quot;type&quot;:&quot;ping&quot;} is invalid

[ 2017-02-09T17:31:53+08:00 ] 182.137.15.216 /meidian/index.php/home/index/client
ERR: client_id {&quot;type&quot;:&quot;ping&quot;} is invalid

[ 2017-02-09T17:32:03+08:00 ] 182.137.15.216 /meidian/index.php/home/index/client
ERR: client_id {&quot;type&quot;:&quot;ping&quot;} is invalid

[ 2017-02-09T20:39:02+08:00 ] 139.205.174.207 /meidian/index.php/home/index/client
INFO: [ app_begin ] --START--
INFO: Run Behavior\ReadHtmlCacheBehavior [ RunTime:0.000976s ]
INFO: [ app_begin ] --END-- [ RunTime:0.000976s ]
SQL: SHOW COLUMNS FROM `md_product` [ RunTime:0.0039s ]
SQL: SHOW COLUMNS FROM `md_product` [ RunTime:0.0039s ]
SQL: SELECT * FROM `md_product` WHERE `product_maccode` = 'dy123'  [ RunTime:0.0000s ]
SQL: SHOW COLUMNS FROM `md_online` [ RunTime:0.0029s ]
SQL: SHOW COLUMNS FROM `md_online` [ RunTime:0.0059s ]
SQL: UPDATE `md_product` SET `product_status`='1' WHERE ( product_maccode='dy123' ) [ RunTime:0.0010s ]
NOTIC: [8] Undefined index: validate C:\wamp\www\meidian\ThinkPHP\Library\Think\Model.class.php 第 1185 行.
NOTIC: [8] Undefined index: auto C:\wamp\www\meidian\ThinkPHP\Library\Think\Model.class.php 第 1128 行.
SQL: INSERT INTO `md_online` (`mac`,`client_id`,`start_time`) VALUES ('dy123','7f0000010fa000000001','2017-02-09 20:39:02') [ RunTime:0.0010s ]

[ 2017-02-09T20:41:51+08:00 ] 139.205.174.207 /meidian/index.php/home/index/client
INFO: [ app_begin ] --START--
INFO: Run Behavior\ReadHtmlCacheBehavior [ RunTime:0.003906s ]
INFO: [ app_begin ] --END-- [ RunTime:0.003906s ]
SQL: SHOW COLUMNS FROM `md_product` [ RunTime:0.0029s ]
SQL: SHOW COLUMNS FROM `md_product` [ RunTime:0.0059s ]
SQL: SELECT * FROM `md_product` WHERE `product_maccode` = 'dy123'  [ RunTime:0.0010s ]
SQL: SHOW COLUMNS FROM `md_online` [ RunTime:0.0059s ]
SQL: SHOW COLUMNS FROM `md_online` [ RunTime:0.0059s ]
SQL: UPDATE `md_product` SET `product_status`='1' WHERE ( product_maccode='dy123' ) [ RunTime:0.0010s ]
NOTIC: [8] Undefined index: validate C:\wamp\www\meidian\ThinkPHP\Library\Think\Model.class.php 第 1185 行.
NOTIC: [8] Undefined index: auto C:\wamp\www\meidian\ThinkPHP\Library\Think\Model.class.php 第 1128 行.
SQL: INSERT INTO `md_online` (`mac`,`client_id`,`start_time`) VALUES ('dy123','7f0000010fa000000001','2017-02-09 20:41:51') [ RunTime:0.0010s ]

[ 2017-02-09T20:42:49+08:00 ] 139.205.174.207 /meidian/index.php/home/index/client
INFO: [ app_begin ] --START--
INFO: Run Behavior\ReadHtmlCacheBehavior [ RunTime:0.001953s ]
INFO: [ app_begin ] --END-- [ RunTime:0.005859s ]
SQL: SHOW COLUMNS FROM `md_product` [ RunTime:0.0098s ]
SQL: SHOW COLUMNS FROM `md_product` [ RunTime:0.0049s ]
SQL: SELECT * FROM `md_product` WHERE `product_maccode` = 'dy123'  [ RunTime:0.0010s ]
SQL: SHOW COLUMNS FROM `md_online` [ RunTime:0.0039s ]
SQL: SHOW COLUMNS FROM `md_online` [ RunTime:0.0039s ]
SQL: UPDATE `md_product` SET `product_status`='1' WHERE ( product_maccode='dy123' ) [ RunTime:0.0010s ]
NOTIC: [8] Undefined index: validate C:\wamp\www\meidian\ThinkPHP\Library\Think\Model.class.php 第 1185 行.
NOTIC: [8] Undefined index: auto C:\wamp\www\meidian\ThinkPHP\Library\Think\Model.class.php 第 1128 行.
SQL: INSERT INTO `md_online` (`mac`,`client_id`,`start_time`) VALUES ('dy123','7f0000010fa000000002','2017-02-09 20:42:49') [ RunTime:0.0000s ]

[ 2017-02-09T20:43:23+08:00 ] 139.205.174.207 /meidian/index.php/home/index/client
INFO: [ app_begin ] --START--
INFO: Run Behavior\ReadHtmlCacheBehavior [ RunTime:0.001953s ]
INFO: [ app_begin ] --END-- [ RunTime:0.001953s ]
SQL: SHOW COLUMNS FROM `md_product` [ RunTime:0.0029s ]
SQL: SHOW COLUMNS FROM `md_product` [ RunTime:0.0020s ]
SQL: SELECT * FROM `md_product` WHERE `product_maccode` = 'dy123'  [ RunTime:0.0000s ]
SQL: SHOW COLUMNS FROM `md_online` [ RunTime:0.0078s ]
SQL: SHOW COLUMNS FROM `md_online` [ RunTime:0.0049s ]
SQL: UPDATE `md_product` SET `product_status`='1' WHERE ( product_maccode='dy123' ) [ RunTime:0.0000s ]
NOTIC: [8] Undefined index: validate C:\wamp\www\meidian\ThinkPHP\Library\Think\Model.class.php 第 1185 行.
NOTIC: [8] Undefined index: auto C:\wamp\www\meidian\ThinkPHP\Library\Think\Model.class.php 第 1128 行.
SQL: INSERT INTO `md_online` (`mac`,`client_id`,`start_time`) VALUES ('dy123','7f0000010fa000000003','2017-02-09 20:43:23') [ RunTime:0.0010s ]

[ 2017-02-09T20:45:07+08:00 ] 139.205.174.207 /meidian/index.php/home/index/client
INFO: [ app_begin ] --START--
INFO: Run Behavior\ReadHtmlCacheBehavior [ RunTime:0.001953s ]
INFO: [ app_begin ] --END-- [ RunTime:0.002929s ]
SQL: SHOW COLUMNS FROM `md_product` [ RunTime:0.0078s ]
SQL: SHOW COLUMNS FROM `md_product` [ RunTime:0.0039s ]
SQL: SELECT * FROM `md_product` WHERE `product_maccode` = 'dy123'  [ RunTime:0.0020s ]
SQL: SHOW COLUMNS FROM `md_online` [ RunTime:0.0039s ]
SQL: SHOW COLUMNS FROM `md_online` [ RunTime:0.0029s ]
SQL: UPDATE `md_product` SET `product_status`='1' WHERE ( product_maccode='dy123' ) [ RunTime:0.0010s ]
NOTIC: [8] Undefined index: validate C:\wamp\www\meidian\ThinkPHP\Library\Think\Model.class.php 第 1185 行.
NOTIC: [8] Undefined index: auto C:\wamp\www\meidian\ThinkPHP\Library\Think\Model.class.php 第 1128 行.
SQL: INSERT INTO `md_online` (`mac`,`client_id`,`start_time`) VALUES ('dy123','7f0000010fa000000003','2017-02-09 20:45:07') [ RunTime:0.0020s ]

[ 2017-02-09T20:45:15+08:00 ] 139.205.174.207 /meidian/index.php/home/index/client
INFO: [ app_begin ] --START--
INFO: Run Behavior\ReadHtmlCacheBehavior [ RunTime:0.001953s ]
INFO: [ app_begin ] --END-- [ RunTime:0.002930s ]
SQL: SHOW COLUMNS FROM `md_product` [ RunTime:0.0029s ]
SQL: SHOW COLUMNS FROM `md_product` [ RunTime:0.0049s ]
SQL: SELECT * FROM `md_product` WHERE `product_maccode` = 'dy123'  [ RunTime:0.0020s ]
SQL: SHOW COLUMNS FROM `md_online` [ RunTime:0.0059s ]
SQL: SHOW COLUMNS FROM `md_online` [ RunTime:0.0049s ]
SQL: UPDATE `md_product` SET `product_status`='1' WHERE ( product_maccode='dy123' ) [ RunTime:0.0010s ]
NOTIC: [8] Undefined index: validate C:\wamp\www\meidian\ThinkPHP\Library\Think\Model.class.php 第 1185 行.
NOTIC: [8] Undefined index: auto C:\wamp\www\meidian\ThinkPHP\Library\Think\Model.class.php 第 1128 行.
SQL: INSERT INTO `md_online` (`mac`,`client_id`,`start_time`) VALUES ('dy123','7f0000010fa000000004','2017-02-09 20:45:15') [ RunTime:0.0010s ]

[ 2017-02-09T20:50:38+08:00 ] 139.205.174.207 /meidian/index.php/home/index/client
INFO: [ app_begin ] --START--
INFO: Run Behavior\ReadHtmlCacheBehavior [ RunTime:0.001953s ]
INFO: [ app_begin ] --END-- [ RunTime:0.002929s ]
SQL: SHOW COLUMNS FROM `md_product` [ RunTime:0.0029s ]
SQL: SHOW COLUMNS FROM `md_product` [ RunTime:0.0068s ]
SQL: SELECT * FROM `md_product` WHERE `product_maccode` = 'dy123'  [ RunTime:0.0010s ]
SQL: SHOW COLUMNS FROM `md_online` [ RunTime:0.0039s ]
SQL: SHOW COLUMNS FROM `md_online` [ RunTime:0.0059s ]
ERR: Think\Model:getOnline方法不存在！

[ 2017-02-09T20:51:33+08:00 ] 139.205.174.207 /meidian/index.php/home/index/client
INFO: [ app_begin ] --START--
INFO: Run Behavior\ReadHtmlCacheBehavior [ RunTime:0.001953s ]
INFO: [ app_begin ] --END-- [ RunTime:0.001953s ]
SQL: SHOW COLUMNS FROM `md_product` [ RunTime:0.0039s ]
SQL: SHOW COLUMNS FROM `md_product` [ RunTime:0.0068s ]
SQL: SELECT * FROM `md_product` WHERE `product_maccode` = 'dy123'  [ RunTime:0.0000s ]
SQL: SHOW COLUMNS FROM `md_online` [ RunTime:0.0029s ]
SQL: SHOW COLUMNS FROM `md_online` [ RunTime:0.0078s ]
ERR: Think\Model:getOnline方法不存在！

[ 2017-02-09T20:51:34+08:00 ] 139.205.174.207 /meidian/index.php/home/index/client
INFO: [ app_begin ] --START--
INFO: Run Behavior\ReadHtmlCacheBehavior [ RunTime:0.000976s ]
INFO: [ app_begin ] --END-- [ RunTime:0.001953s ]
SQL: SHOW COLUMNS FROM `md_product` [ RunTime:0.0068s ]
SQL: SHOW COLUMNS FROM `md_product` [ RunTime:0.0059s ]
SQL: SELECT * FROM `md_product` WHERE `product_maccode` = 'dy123'  [ RunTime:0.0010s ]
SQL: SHOW COLUMNS FROM `md_online` [ RunTime:0.0029s ]
SQL: SHOW COLUMNS FROM `md_online` [ RunTime:0.0029s ]
ERR: Think\Model:getOnline方法不存在！

[ 2017-02-09T20:53:24+08:00 ] 139.205.174.207 /meidian/index.php/home/index/client
INFO: [ app_begin ] --START--
INFO: Run Behavior\ReadHtmlCacheBehavior [ RunTime:0.000977s ]
INFO: [ app_begin ] --END-- [ RunTime:0.001953s ]
SQL: SHOW COLUMNS FROM `md_product` [ RunTime:0.0049s ]
SQL: SHOW COLUMNS FROM `md_product` [ RunTime:0.0059s ]
SQL: SELECT * FROM `md_product` WHERE `product_maccode` = 'dy123'  [ RunTime:0.0010s ]
SQL: SHOW COLUMNS FROM `md_online` [ RunTime:0.0049s ]
SQL: SHOW COLUMNS FROM `md_online` [ RunTime:0.0039s ]
ERR: Think\Model:getOnline方法不存在！

[ 2017-02-09T20:54:32+08:00 ] 139.205.174.207 /meidian/index.php/home/index/client
INFO: [ app_begin ] --START--
INFO: Run Behavior\ReadHtmlCacheBehavior [ RunTime:0.001953s ]
INFO: [ app_begin ] --END-- [ RunTime:0.001953s ]
SQL: SHOW COLUMNS FROM `md_product` [ RunTime:0.0127s ]
SQL: SHOW COLUMNS FROM `md_product` [ RunTime:0.0029s ]
SQL: SELECT * FROM `md_product` WHERE `product_maccode` = 'dy123'  [ RunTime:0.0010s ]
SQL: SHOW COLUMNS FROM `md_online` [ RunTime:0.0068s ]
SQL: SHOW COLUMNS FROM `md_online` [ RunTime:0.0098s ]
SQL: SELECT * FROM `md_online` WHERE `mac` = 'dy123'  [ RunTime:0.0049s ]

[ 2017-02-09T20:59:44+08:00 ] 139.205.174.207 /meidian/index.php/home/index/client
INFO: [ app_begin ] --START--
INFO: Run Behavior\ReadHtmlCacheBehavior [ RunTime:0.001953s ]
INFO: [ app_begin ] --END-- [ RunTime:0.002929s ]
SQL: SHOW COLUMNS FROM `md_product` [ RunTime:0.0039s ]
SQL: SHOW COLUMNS FROM `md_product` [ RunTime:0.0039s ]
SQL: SELECT * FROM `md_product` WHERE `product_maccode` = 'dy123'  [ RunTime:0.0000s ]
SQL: SHOW COLUMNS FROM `md_online` [ RunTime:0.0059s ]
SQL: SHOW COLUMNS FROM `md_online` [ RunTime:0.0039s ]
SQL: SELECT * FROM `md_online` WHERE `mac` = 'dy123'  [ RunTime:0.0000s ]
SQL: UPDATE `md_product` SET `product_status`='1' WHERE ( product_maccode='dy123' ) [ RunTime:0.0000s ]
NOTIC: [8] Undefined index: validate C:\wamp\www\meidian\ThinkPHP\Library\Think\Model.class.php 第 1185 行.
NOTIC: [8] Undefined index: auto C:\wamp\www\meidian\ThinkPHP\Library\Think\Model.class.php 第 1128 行.
SQL: INSERT INTO `md_online` (`mac`,`client_id`,`start_time`) VALUES ('dy123','7f0000010fa00000000d','2017-02-09 20:59:44') [ RunTime:0.0000s ]

[ 2017-02-09T21:00:24+08:00 ] 139.205.174.207 /meidian/index.php/home/index/client
INFO: [ app_begin ] --START--
INFO: Run Behavior\ReadHtmlCacheBehavior [ RunTime:0.001953s ]
INFO: [ app_begin ] --END-- [ RunTime:0.002929s ]
SQL: SHOW COLUMNS FROM `md_product` [ RunTime:0.0049s ]
SQL: SHOW COLUMNS FROM `md_product` [ RunTime:0.0039s ]
SQL: SELECT * FROM `md_product` WHERE `product_maccode` = 'dy123'  [ RunTime:0.0000s ]
SQL: SHOW COLUMNS FROM `md_online` [ RunTime:0.0049s ]
SQL: SHOW COLUMNS FROM `md_online` [ RunTime:0.0059s ]
SQL: SELECT * FROM `md_online` WHERE `mac` = 'dy123'  [ RunTime:0.0010s ]

[ 2017-02-09T21:08:38+08:00 ] 139.205.174.207 /meidian/index.php/home/index/client
INFO: [ app_begin ] --START--
INFO: Run Behavior\ReadHtmlCacheBehavior [ RunTime:0.000976s ]
INFO: [ app_begin ] --END-- [ RunTime:0.001953s ]
SQL: SHOW COLUMNS FROM `md_product` [ RunTime:0.0029s ]
SQL: SHOW COLUMNS FROM `md_product` [ RunTime:0.0049s ]
SQL: SELECT * FROM `md_product` WHERE `product_maccode` = 'dy123'  [ RunTime:0.0010s ]
SQL: SHOW COLUMNS FROM `md_online` [ RunTime:0.0039s ]
SQL: SHOW COLUMNS FROM `md_online` [ RunTime:0.0088s ]
SQL: SELECT * FROM `md_online` WHERE `mac` = 'dy123'  [ RunTime:0.0010s ]
SQL: UPDATE `md_online` SET `client_id`='7f0000010fa000000012' WHERE ( mac='dy123' ) [ RunTime:0.0020s ]

[ 2017-02-09T21:09:27+08:00 ] 139.205.174.207 /meidian/index.php/home/index/client
INFO: [ app_begin ] --START--
INFO: Run Behavior\ReadHtmlCacheBehavior [ RunTime:0.000976s ]
INFO: [ app_begin ] --END-- [ RunTime:0.002930s ]
SQL: SHOW COLUMNS FROM `md_product` [ RunTime:0.0078s ]
SQL: SHOW COLUMNS FROM `md_product` [ RunTime:0.0039s ]
SQL: SELECT * FROM `md_product` WHERE `product_maccode` = 'dy123'  [ RunTime:0.0020s ]
SQL: SHOW COLUMNS FROM `md_online` [ RunTime:0.0049s ]
SQL: SHOW COLUMNS FROM `md_online` [ RunTime:0.0039s ]
SQL: SELECT * FROM `md_online` WHERE `mac` = 'dy123'  [ RunTime:0.0000s ]
SQL: UPDATE `md_online` SET `client_id`='7f0000010fa000000013' WHERE ( mac='dy123' ) [ RunTime:0.0010s ]

[ 2017-02-09T21:14:16+08:00 ] 139.205.174.207 /meidian/index.php/home/index/client
INFO: [ app_begin ] --START--
INFO: Run Behavior\ReadHtmlCacheBehavior [ RunTime:0.002930s ]
INFO: [ app_begin ] --END-- [ RunTime:0.005860s ]
SQL: SHOW COLUMNS FROM `md_product` [ RunTime:0.0059s ]
SQL: SHOW COLUMNS FROM `md_product` [ RunTime:0.0078s ]
SQL: SELECT * FROM `md_product` WHERE `product_maccode` = 'dy123'  [ RunTime:0.0049s ]
SQL: SHOW COLUMNS FROM `md_online` [ RunTime:0.0059s ]
SQL: SHOW COLUMNS FROM `md_online` [ RunTime:0.0039s ]
SQL: SELECT * FROM `md_online` WHERE `mac` = 'dy123'  [ RunTime:0.0010s ]
SQL: UPDATE `md_online` SET `client_id`='7f0000010fa000000001' WHERE ( mac='dy123' ) [ RunTime:0.0010s ]

[ 2017-02-09T21:17:41+08:00 ] 139.205.174.207 /meidian/index.php/home/index/client
INFO: [ app_begin ] --START--
INFO: Run Behavior\ReadHtmlCacheBehavior [ RunTime:0.000977s ]
INFO: [ app_begin ] --END-- [ RunTime:0.001954s ]
SQL: SHOW COLUMNS FROM `md_product` [ RunTime:0.0088s ]
SQL: SHOW COLUMNS FROM `md_product` [ RunTime:0.0049s ]
SQL: SELECT * FROM `md_product` WHERE `product_maccode` = '123456'  [ RunTime:0.0010s ]
SQL: SHOW COLUMNS FROM `md_online` [ RunTime:0.0059s ]
SQL: SHOW COLUMNS FROM `md_online` [ RunTime:0.0020s ]
SQL: SELECT * FROM `md_online` WHERE `mac` = '123456'  [ RunTime:0.0000s ]
SQL: UPDATE `md_product` SET `product_status`='1' WHERE ( product_maccode='123456' ) [ RunTime:0.0000s ]
NOTIC: [8] Undefined index: validate C:\wamp\www\meidian\ThinkPHP\Library\Think\Model.class.php 第 1185 行.
NOTIC: [8] Undefined index: auto C:\wamp\www\meidian\ThinkPHP\Library\Think\Model.class.php 第 1128 行.
SQL: INSERT INTO `md_online` (`mac`,`client_id`,`start_time`) VALUES ('123456','7f0000010fa000000001','2017-02-09 21:17:41') [ RunTime:0.0000s ]

[ 2017-02-09T21:18:42+08:00 ] 139.205.174.207 /meidian/index.php/home/index/client
INFO: [ app_begin ] --START--
INFO: Run Behavior\ReadHtmlCacheBehavior [ RunTime:0.001953s ]
INFO: [ app_begin ] --END-- [ RunTime:0.004883s ]
SQL: SHOW COLUMNS FROM `md_product` [ RunTime:0.0068s ]
SQL: SHOW COLUMNS FROM `md_product` [ RunTime:0.0049s ]
SQL: SELECT * FROM `md_product` WHERE `product_maccode` = '123456'  [ RunTime:0.0010s ]
SQL: SHOW COLUMNS FROM `md_online` [ RunTime:0.0117s ]
SQL: SHOW COLUMNS FROM `md_online` [ RunTime:0.0078s ]
SQL: SELECT * FROM `md_online` WHERE `mac` = '123456'  [ RunTime:0.0010s ]
SQL: UPDATE `md_online` SET `client_id`='7f0000010fa000000001' WHERE ( mac='123456' ) [ RunTime:0.0000s ]

[ 2017-02-09T21:19:30+08:00 ] 139.205.174.207 /meidian/index.php/home/index/client
INFO: [ app_begin ] --START--
INFO: Run Behavior\ReadHtmlCacheBehavior [ RunTime:0.001953s ]
INFO: [ app_begin ] --END-- [ RunTime:0.004883s ]
SQL: SHOW COLUMNS FROM `md_product` [ RunTime:0.0039s ]
SQL: SHOW COLUMNS FROM `md_product` [ RunTime:0.0127s ]
SQL: SELECT * FROM `md_product` WHERE `product_maccode` = '123456'  [ RunTime:0.0010s ]
SQL: SHOW COLUMNS FROM `md_online` [ RunTime:0.0117s ]
SQL: SHOW COLUMNS FROM `md_online` [ RunTime:0.0107s ]
SQL: SELECT * FROM `md_online` WHERE `mac` = '123456'  [ RunTime:0.0000s ]
SQL: UPDATE `md_online` SET `client_id`='7f0000010fa000000001' WHERE ( mac='123456' ) [ RunTime:0.0010s ]

[ 2017-02-09T21:21:18+08:00 ] 139.205.174.207 /meidian/index.php/home/index/client
INFO: [ app_begin ] --START--
INFO: Run Behavior\ReadHtmlCacheBehavior [ RunTime:0.000976s ]
INFO: [ app_begin ] --END-- [ RunTime:0.002929s ]
SQL: SHOW COLUMNS FROM `md_product` [ RunTime:0.0078s ]
SQL: SHOW COLUMNS FROM `md_product` [ RunTime:0.0039s ]
SQL: SELECT * FROM `md_product` WHERE `product_maccode` = '123456'  [ RunTime:0.0010s ]
SQL: SHOW COLUMNS FROM `md_online` [ RunTime:0.0049s ]
SQL: SHOW COLUMNS FROM `md_online` [ RunTime:0.0098s ]
SQL: SELECT * FROM `md_online` WHERE `mac` = '123456'  [ RunTime:0.0000s ]
SQL: UPDATE `md_online` SET `client_id`='7f0000010fa000000001' WHERE ( mac='123456' ) [ RunTime:0.0000s ]

[ 2017-02-09T21:23:11+08:00 ] 139.205.174.207 /meidian/index.php/home/index/client
INFO: [ app_begin ] --START--
INFO: Run Behavior\ReadHtmlCacheBehavior [ RunTime:0.000976s ]
INFO: [ app_begin ] --END-- [ RunTime:0.001953s ]
SQL: SHOW COLUMNS FROM `md_product` [ RunTime:0.0068s ]
SQL: SHOW COLUMNS FROM `md_product` [ RunTime:0.0127s ]
SQL: SELECT * FROM `md_product` WHERE `product_maccode` = '123456'  [ RunTime:0.0010s ]
SQL: SHOW COLUMNS FROM `md_online` [ RunTime:0.0039s ]
SQL: SHOW COLUMNS FROM `md_online` [ RunTime:0.0029s ]
SQL: SELECT * FROM `md_online` WHERE `mac` = '123456'  [ RunTime:0.0020s ]
SQL: UPDATE `md_online` SET `client_id`='7f0000010fa000000001' WHERE ( mac='123456' ) [ RunTime:0.0000s ]

[ 2017-02-09T21:25:42+08:00 ] 139.205.174.207 /meidian/index.php/home/index/client
INFO: [ app_begin ] --START--
INFO: Run Behavior\ReadHtmlCacheBehavior [ RunTime:0.000977s ]
INFO: [ app_begin ] --END-- [ RunTime:0.001953s ]
SQL: SHOW COLUMNS FROM `md_product` [ RunTime:0.0029s ]
SQL: SHOW COLUMNS FROM `md_product` [ RunTime:0.0039s ]
SQL: SELECT * FROM `md_product` WHERE `product_maccode` = 'dy123'  [ RunTime:0.0010s ]
SQL: SHOW COLUMNS FROM `md_online` [ RunTime:0.0049s ]
SQL: SHOW COLUMNS FROM `md_online` [ RunTime:0.0039s ]
SQL: SELECT * FROM `md_online` WHERE `mac` = 'dy123'  [ RunTime:0.0010s ]
SQL: UPDATE `md_product` SET `product_status`='1' WHERE ( product_maccode='dy123' ) [ RunTime:0.0010s ]
NOTIC: [8] Undefined index: validate C:\wamp\www\meidian\ThinkPHP\Library\Think\Model.class.php 第 1185 行.
NOTIC: [8] Undefined index: auto C:\wamp\www\meidian\ThinkPHP\Library\Think\Model.class.php 第 1128 行.
SQL: INSERT INTO `md_online` (`mac`,`client_id`,`start_time`) VALUES ('dy123','7f0000010fa000000002','2017-02-09 21:25:42') [ RunTime:0.0039s ]

[ 2017-02-09T21:26:00+08:00 ] 139.205.174.207 /meidian/index.php/home/index/client
INFO: [ app_begin ] --START--
INFO: Run Behavior\ReadHtmlCacheBehavior [ RunTime:0.003906s ]
INFO: [ app_begin ] --END-- [ RunTime:0.004883s ]
SQL: SHOW COLUMNS FROM `md_product` [ RunTime:0.0029s ]
SQL: SHOW COLUMNS FROM `md_product` [ RunTime:0.0049s ]
SQL: SELECT * FROM `md_product` WHERE `product_maccode` = 'dy123'  [ RunTime:0.0010s ]
SQL: SHOW COLUMNS FROM `md_online` [ RunTime:0.0029s ]
SQL: SHOW COLUMNS FROM `md_online` [ RunTime:0.0049s ]
SQL: SELECT * FROM `md_online` WHERE `mac` = 'dy123'  [ RunTime:0.0000s ]
SQL: UPDATE `md_online` SET `client_id`='7f0000010fa000000003' WHERE ( mac='dy123' ) [ RunTime:0.0010s ]

[ 2017-02-09T21:26:57+08:00 ] 139.205.174.207 /meidian/index.php/home/index/client
INFO: [ app_begin ] --START--
INFO: Run Behavior\ReadHtmlCacheBehavior [ RunTime:0.000977s ]
INFO: [ app_begin ] --END-- [ RunTime:0.002930s ]
SQL: SHOW COLUMNS FROM `md_product` [ RunTime:0.0029s ]
SQL: SHOW COLUMNS FROM `md_product` [ RunTime:0.0039s ]
SQL: SELECT * FROM `md_product` WHERE `product_maccode` = '123456'  [ RunTime:0.0000s ]
SQL: SHOW COLUMNS FROM `md_online` [ RunTime:0.0059s ]
SQL: SHOW COLUMNS FROM `md_online` [ RunTime:0.0039s ]
SQL: SELECT * FROM `md_online` WHERE `mac` = '123456'  [ RunTime:0.0000s ]
SQL: UPDATE `md_product` SET `product_status`='1' WHERE ( product_maccode='123456' ) [ RunTime:0.0000s ]
NOTIC: [8] Undefined index: validate C:\wamp\www\meidian\ThinkPHP\Library\Think\Model.class.php 第 1185 行.
NOTIC: [8] Undefined index: auto C:\wamp\www\meidian\ThinkPHP\Library\Think\Model.class.php 第 1128 行.
SQL: INSERT INTO `md_online` (`mac`,`client_id`,`start_time`) VALUES ('123456','7f0000010fa000000004','2017-02-09 21:26:57') [ RunTime:0.0000s ]

[ 2017-02-09T21:27:46+08:00 ] 139.205.174.207 /meidian/index.php/home/index/client
INFO: [ app_begin ] --START--
INFO: Run Behavior\ReadHtmlCacheBehavior [ RunTime:0.009765s ]
INFO: [ app_begin ] --END-- [ RunTime:0.010742s ]
SQL: SHOW COLUMNS FROM `md_product` [ RunTime:0.0029s ]
SQL: SHOW COLUMNS FROM `md_product` [ RunTime:0.0020s ]
SQL: SELECT * FROM `md_product` WHERE `product_maccode` = 'dy123'  [ RunTime:0.0010s ]
SQL: SHOW COLUMNS FROM `md_online` [ RunTime:0.0039s ]
SQL: SHOW COLUMNS FROM `md_online` [ RunTime:0.0029s ]
SQL: SELECT * FROM `md_online` WHERE `mac` = 'dy123'  [ RunTime:0.0029s ]
SQL: UPDATE `md_online` SET `client_id`='7f0000010fa000000005' WHERE ( mac='dy123' ) [ RunTime:0.0010s ]

[ 2017-02-09T21:29:08+08:00 ] 139.205.174.207 /meidian/index.php/home/index/client
INFO: [ app_begin ] --START--
INFO: Run Behavior\ReadHtmlCacheBehavior [ RunTime:0.001953s ]
INFO: [ app_begin ] --END-- [ RunTime:0.002930s ]
SQL: SHOW COLUMNS FROM `md_product` [ RunTime:0.0029s ]
SQL: SHOW COLUMNS FROM `md_product` [ RunTime:0.0107s ]
SQL: SELECT * FROM `md_product` WHERE `product_maccode` = 'dy123'  [ RunTime:0.0010s ]
SQL: SHOW COLUMNS FROM `md_online` [ RunTime:0.0117s ]
SQL: SHOW COLUMNS FROM `md_online` [ RunTime:0.0029s ]
SQL: SELECT * FROM `md_online` WHERE `mac` = 'dy123'  [ RunTime:0.0010s ]
SQL: UPDATE `md_online` SET `client_id`='7f0000010fa000000001' WHERE ( mac='dy123' ) [ RunTime:0.0010s ]

[ 2017-02-09T21:29:51+08:00 ] 139.205.174.207 /meidian/index.php/home/index/client
INFO: [ app_begin ] --START--
INFO: Run Behavior\ReadHtmlCacheBehavior [ RunTime:0.001953s ]
INFO: [ app_begin ] --END-- [ RunTime:0.003906s ]
SQL: SHOW COLUMNS FROM `md_product` [ RunTime:0.0176s ]
SQL: SHOW COLUMNS FROM `md_product` [ RunTime:0.0049s ]
SQL: SELECT * FROM `md_product` WHERE `product_maccode` = 'dy123'  [ RunTime:0.0020s ]
SQL: SHOW COLUMNS FROM `md_online` [ RunTime:0.0068s ]
SQL: SHOW COLUMNS FROM `md_online` [ RunTime:0.0039s ]
SQL: SELECT * FROM `md_online` WHERE `mac` = 'dy123'  [ RunTime:0.0010s ]
SQL: UPDATE `md_online` SET `client_id`='7f0000010fa000000002' WHERE ( mac='dy123' ) [ RunTime:0.0029s ]

[ 2017-02-09T21:30:26+08:00 ] 139.205.174.207 /meidian/index.php/home/index/client
INFO: [ app_begin ] --START--
INFO: Run Behavior\ReadHtmlCacheBehavior [ RunTime:0.001953s ]
INFO: [ app_begin ] --END-- [ RunTime:0.001953s ]
SQL: SHOW COLUMNS FROM `md_product` [ RunTime:0.0049s ]
SQL: SHOW COLUMNS FROM `md_product` [ RunTime:0.0039s ]
SQL: SELECT * FROM `md_product` WHERE `product_maccode` = 'dy123'  [ RunTime:0.0000s ]
SQL: SHOW COLUMNS FROM `md_online` [ RunTime:0.0029s ]
SQL: SHOW COLUMNS FROM `md_online` [ RunTime:0.0049s ]
SQL: SELECT * FROM `md_online` WHERE `mac` = 'dy123'  [ RunTime:0.0010s ]
SQL: UPDATE `md_online` SET `client_id`='7f0000010fa000000001' WHERE ( mac='dy123' ) [ RunTime:0.0107s ]

[ 2017-02-09T21:31:02+08:00 ] 139.205.174.207 /meidian/index.php/home/index/client
INFO: [ app_begin ] --START--
INFO: Run Behavior\ReadHtmlCacheBehavior [ RunTime:0.000976s ]
INFO: [ app_begin ] --END-- [ RunTime:0.001953s ]
SQL: SHOW COLUMNS FROM `md_product` [ RunTime:0.0049s ]
SQL: SHOW COLUMNS FROM `md_product` [ RunTime:0.0039s ]
SQL: SELECT * FROM `md_product` WHERE `product_maccode` = 'dy123'  [ RunTime:0.0010s ]
SQL: SHOW COLUMNS FROM `md_online` [ RunTime:0.0029s ]
SQL: SHOW COLUMNS FROM `md_online` [ RunTime:0.0059s ]
SQL: SELECT * FROM `md_online` WHERE `mac` = 'dy123'  [ RunTime:0.0000s ]
SQL: UPDATE `md_online` SET `client_id`='7f0000010fa000000001' WHERE ( mac='dy123' ) [ RunTime:0.0000s ]

[ 2017-02-09T21:31:36+08:00 ] 139.205.174.207 /meidian/index.php/home/index/client
INFO: [ app_begin ] --START--
INFO: Run Behavior\ReadHtmlCacheBehavior [ RunTime:0.000976s ]
INFO: [ app_begin ] --END-- [ RunTime:0.002930s ]
SQL: SHOW COLUMNS FROM `md_product` [ RunTime:0.0059s ]
SQL: SHOW COLUMNS FROM `md_product` [ RunTime:0.0049s ]
SQL: SELECT * FROM `md_product` WHERE `product_maccode` = 'dy123'  [ RunTime:0.0010s ]
SQL: SHOW COLUMNS FROM `md_online` [ RunTime:0.0059s ]
SQL: SHOW COLUMNS FROM `md_online` [ RunTime:0.0059s ]
SQL: SELECT * FROM `md_online` WHERE `mac` = 'dy123'  [ RunTime:0.0010s ]
SQL: UPDATE `md_online` SET `client_id`='7f0000010fa000000001' WHERE ( mac='dy123' ) [ RunTime:0.0010s ]

[ 2017-02-09T21:32:22+08:00 ] 139.205.174.207 /meidian/index.php/home/index/client
INFO: [ app_begin ] --START--
INFO: Run Behavior\ReadHtmlCacheBehavior [ RunTime:0.005859s ]
INFO: [ app_begin ] --END-- [ RunTime:0.006836s ]
SQL: SHOW COLUMNS FROM `md_product` [ RunTime:0.0029s ]
SQL: SHOW COLUMNS FROM `md_product` [ RunTime:0.0059s ]
SQL: SELECT * FROM `md_product` WHERE `product_maccode` = 'dy123'  [ RunTime:0.0000s ]
SQL: SHOW COLUMNS FROM `md_online` [ RunTime:0.0020s ]
SQL: SHOW COLUMNS FROM `md_online` [ RunTime:0.0029s ]
SQL: SELECT * FROM `md_online` WHERE `mac` = 'dy123'  [ RunTime:0.0020s ]
SQL: UPDATE `md_product` SET `product_status`='1' WHERE ( product_maccode='dy123' ) [ RunTime:0.0000s ]
NOTIC: [8] Undefined index: validate C:\wamp\www\meidian\ThinkPHP\Library\Think\Model.class.php 第 1185 行.
NOTIC: [8] Undefined index: auto C:\wamp\www\meidian\ThinkPHP\Library\Think\Model.class.php 第 1128 行.
SQL: INSERT INTO `md_online` (`mac`,`client_id`,`start_time`) VALUES ('dy123','7f0000010fa000000001','2017-02-09 21:32:22') [ RunTime:0.0000s ]

[ 2017-02-09T21:33:49+08:00 ] 139.205.174.207 /meidian/index.php/home/index/client
INFO: [ app_begin ] --START--
INFO: Run Behavior\ReadHtmlCacheBehavior [ RunTime:0.001953s ]
INFO: [ app_begin ] --END-- [ RunTime:0.002930s ]
SQL: SHOW COLUMNS FROM `md_product` [ RunTime:0.0068s ]
SQL: SHOW COLUMNS FROM `md_product` [ RunTime:0.0068s ]
SQL: SELECT * FROM `md_product` WHERE `product_maccode` = 'dy123'  [ RunTime:0.0020s ]
SQL: SHOW COLUMNS FROM `md_online` [ RunTime:0.0068s ]
SQL: SHOW COLUMNS FROM `md_online` [ RunTime:0.0010s ]
SQL: SELECT * FROM `md_online` WHERE `mac` = 'dy123'  [ RunTime:0.0010s ]
SQL: UPDATE `md_online` SET `client_id`='7f0000010fa000000001' WHERE ( mac='dy123' ) [ RunTime:0.0010s ]

[ 2017-02-09T21:34:36+08:00 ] 139.205.174.207 /meidian/index.php/home/index/client
INFO: [ app_begin ] --START--
INFO: Run Behavior\ReadHtmlCacheBehavior [ RunTime:0.000977s ]
INFO: [ app_begin ] --END-- [ RunTime:0.001953s ]
SQL: SHOW COLUMNS FROM `md_product` [ RunTime:0.0059s ]
SQL: SHOW COLUMNS FROM `md_product` [ RunTime:0.0059s ]
SQL: SELECT * FROM `md_product` WHERE `product_maccode` = '123456'  [ RunTime:0.0010s ]
SQL: SHOW COLUMNS FROM `md_online` [ RunTime:0.0049s ]
SQL: SHOW COLUMNS FROM `md_online` [ RunTime:0.0039s ]
SQL: SELECT * FROM `md_online` WHERE `mac` = '123456'  [ RunTime:0.0000s ]
SQL: UPDATE `md_product` SET `product_status`='1' WHERE ( product_maccode='123456' ) [ RunTime:0.0000s ]
NOTIC: [8] Undefined index: validate C:\wamp\www\meidian\ThinkPHP\Library\Think\Model.class.php 第 1185 行.
NOTIC: [8] Undefined index: auto C:\wamp\www\meidian\ThinkPHP\Library\Think\Model.class.php 第 1128 行.
SQL: INSERT INTO `md_online` (`mac`,`client_id`,`start_time`) VALUES ('123456','7f0000010fa000000002','2017-02-09 21:34:36') [ RunTime:0.0029s ]

[ 2017-02-09T21:35:49+08:00 ] 139.205.174.207 /meidian/index.php/home/index/client
INFO: [ app_begin ] --START--
INFO: Run Behavior\ReadHtmlCacheBehavior [ RunTime:0.000976s ]
INFO: [ app_begin ] --END-- [ RunTime:0.001953s ]
SQL: SHOW COLUMNS FROM `md_product` [ RunTime:0.0049s ]
SQL: SHOW COLUMNS FROM `md_product` [ RunTime:0.0068s ]
SQL: SELECT * FROM `md_product` WHERE `product_maccode` = '123456'  [ RunTime:0.0010s ]
SQL: SHOW COLUMNS FROM `md_online` [ RunTime:0.0049s ]
SQL: SHOW COLUMNS FROM `md_online` [ RunTime:0.0059s ]
SQL: SELECT * FROM `md_online` WHERE `mac` = '123456'  [ RunTime:0.0078s ]
SQL: UPDATE `md_product` SET `product_status`='1' WHERE ( product_maccode='123456' ) [ RunTime:0.0010s ]
NOTIC: [8] Undefined index: validate C:\wamp\www\meidian\ThinkPHP\Library\Think\Model.class.php 第 1185 行.
NOTIC: [8] Undefined index: auto C:\wamp\www\meidian\ThinkPHP\Library\Think\Model.class.php 第 1128 行.
SQL: INSERT INTO `md_online` (`mac`,`client_id`,`start_time`) VALUES ('123456','7f0000010fa000000001','2017-02-09 21:35:49') [ RunTime:0.0010s ]

[ 2017-02-09T21:36:54+08:00 ] 139.205.174.207 /meidian/index.php/home/index/client
INFO: [ app_begin ] --START--
INFO: Run Behavior\ReadHtmlCacheBehavior [ RunTime:0.001953s ]
INFO: [ app_begin ] --END-- [ RunTime:0.001953s ]
SQL: SHOW COLUMNS FROM `md_product` [ RunTime:0.0029s ]
SQL: SHOW COLUMNS FROM `md_product` [ RunTime:0.0078s ]
SQL: SELECT * FROM `md_product` WHERE `product_maccode` = '123456'  [ RunTime:0.0010s ]
SQL: SHOW COLUMNS FROM `md_online` [ RunTime:0.0029s ]
SQL: SHOW COLUMNS FROM `md_online` [ RunTime:0.0059s ]
SQL: SELECT * FROM `md_online` WHERE `mac` = '123456'  [ RunTime:0.0000s ]
SQL: UPDATE `md_online` SET `client_id`='7f0000010fa000000001' WHERE ( mac='123456' ) [ RunTime:0.0010s ]

[ 2017-02-09T21:37:11+08:00 ] 139.205.174.207 /meidian/index.php/home/index/client
INFO: [ app_begin ] --START--
INFO: Run Behavior\ReadHtmlCacheBehavior [ RunTime:0.000976s ]
INFO: [ app_begin ] --END-- [ RunTime:0.000976s ]
SQL: SHOW COLUMNS FROM `md_product` [ RunTime:0.0068s ]
SQL: SHOW COLUMNS FROM `md_product` [ RunTime:0.0039s ]
SQL: SELECT * FROM `md_product` WHERE `product_maccode` = 'dy123'  [ RunTime:0.0010s ]
SQL: SHOW COLUMNS FROM `md_online` [ RunTime:0.0068s ]
SQL: SHOW COLUMNS FROM `md_online` [ RunTime:0.0049s ]
SQL: SELECT * FROM `md_online` WHERE `mac` = 'dy123'  [ RunTime:0.0068s ]
SQL: UPDATE `md_product` SET `product_status`='1' WHERE ( product_maccode='dy123' ) [ RunTime:0.0010s ]
NOTIC: [8] Undefined index: validate C:\wamp\www\meidian\ThinkPHP\Library\Think\Model.class.php 第 1185 行.
NOTIC: [8] Undefined index: auto C:\wamp\www\meidian\ThinkPHP\Library\Think\Model.class.php 第 1128 行.
SQL: INSERT INTO `md_online` (`mac`,`client_id`,`start_time`) VALUES ('dy123','7f0000010fa000000002','2017-02-09 21:37:11') [ RunTime:0.0000s ]

[ 2017-02-09T21:37:22+08:00 ] 139.205.174.207 /meidian/index.php/home/index/client
INFO: [ app_begin ] --START--
INFO: Run Behavior\ReadHtmlCacheBehavior [ RunTime:0.002930s ]
INFO: [ app_begin ] --END-- [ RunTime:0.003907s ]
SQL: SHOW COLUMNS FROM `md_product` [ RunTime:0.0029s ]
SQL: SHOW COLUMNS FROM `md_product` [ RunTime:0.0039s ]
SQL: SELECT * FROM `md_product` WHERE `product_maccode` = 'dy123'  [ RunTime:0.0000s ]
SQL: SHOW COLUMNS FROM `md_online` [ RunTime:0.0088s ]
SQL: SHOW COLUMNS FROM `md_online` [ RunTime:0.0068s ]
SQL: SELECT * FROM `md_online` WHERE `mac` = 'dy123'  [ RunTime:0.0010s ]
SQL: UPDATE `md_product` SET `product_status`='1' WHERE ( product_maccode='dy123' ) [ RunTime:0.0010s ]
NOTIC: [8] Undefined index: validate C:\wamp\www\meidian\ThinkPHP\Library\Think\Model.class.php 第 1185 行.
NOTIC: [8] Undefined index: auto C:\wamp\www\meidian\ThinkPHP\Library\Think\Model.class.php 第 1128 行.
SQL: INSERT INTO `md_online` (`mac`,`client_id`,`start_time`) VALUES ('dy123','7f0000010fa000000003','2017-02-09 21:37:22') [ RunTime:0.0000s ]

[ 2017-02-09T21:37:25+08:00 ] 139.205.174.207 /meidian/index.php/home/index/client
INFO: [ app_begin ] --START--
INFO: Run Behavior\ReadHtmlCacheBehavior [ RunTime:0.000976s ]
INFO: [ app_begin ] --END-- [ RunTime:0.001953s ]
SQL: SHOW COLUMNS FROM `md_product` [ RunTime:0.0039s ]
SQL: SHOW COLUMNS FROM `md_product` [ RunTime:0.0049s ]
SQL: SELECT * FROM `md_product` WHERE `product_maccode` = 'dy123'  [ RunTime:0.0049s ]
SQL: SHOW COLUMNS FROM `md_online` [ RunTime:0.0029s ]
SQL: SHOW COLUMNS FROM `md_online` [ RunTime:0.0029s ]
SQL: SELECT * FROM `md_online` WHERE `mac` = 'dy123'  [ RunTime:0.0000s ]
SQL: UPDATE `md_product` SET `product_status`='1' WHERE ( product_maccode='dy123' ) [ RunTime:0.0010s ]
NOTIC: [8] Undefined index: validate C:\wamp\www\meidian\ThinkPHP\Library\Think\Model.class.php 第 1185 行.
NOTIC: [8] Undefined index: auto C:\wamp\www\meidian\ThinkPHP\Library\Think\Model.class.php 第 1128 行.
SQL: INSERT INTO `md_online` (`mac`,`client_id`,`start_time`) VALUES ('dy123','7f0000010fa000000004','2017-02-09 21:37:25') [ RunTime:0.0000s ]

[ 2017-02-09T21:37:32+08:00 ] 139.205.174.207 /meidian/index.php/home/index/client
INFO: [ app_begin ] --START--
INFO: Run Behavior\ReadHtmlCacheBehavior [ RunTime:0.003907s ]
INFO: [ app_begin ] --END-- [ RunTime:0.005859s ]
SQL: SHOW COLUMNS FROM `md_product` [ RunTime:0.0039s ]
SQL: SHOW COLUMNS FROM `md_product` [ RunTime:0.0029s ]
SQL: SELECT * FROM `md_product` WHERE `product_maccode` = 'dy123'  [ RunTime:0.0000s ]
SQL: SHOW COLUMNS FROM `md_online` [ RunTime:0.0107s ]
SQL: SHOW COLUMNS FROM `md_online` [ RunTime:0.0078s ]
SQL: SELECT * FROM `md_online` WHERE `mac` = 'dy123'  [ RunTime:0.0000s ]
SQL: UPDATE `md_product` SET `product_status`='1' WHERE ( product_maccode='dy123' ) [ RunTime:0.0098s ]
NOTIC: [8] Undefined index: validate C:\wamp\www\meidian\ThinkPHP\Library\Think\Model.class.php 第 1185 行.
NOTIC: [8] Undefined index: auto C:\wamp\www\meidian\ThinkPHP\Library\Think\Model.class.php 第 1128 行.
SQL: INSERT INTO `md_online` (`mac`,`client_id`,`start_time`) VALUES ('dy123','7f0000010fa000000005','2017-02-09 21:37:32') [ RunTime:0.0010s ]

[ 2017-02-09T21:39:44+08:00 ] 139.205.174.207 /meidian/index.php/home/index/client
INFO: [ app_begin ] --START--
INFO: Run Behavior\ReadHtmlCacheBehavior [ RunTime:0.001953s ]
INFO: [ app_begin ] --END-- [ RunTime:0.001953s ]
SQL: SHOW COLUMNS FROM `md_product` [ RunTime:0.0039s ]
SQL: SHOW COLUMNS FROM `md_product` [ RunTime:0.0059s ]
SQL: SELECT * FROM `md_product` WHERE `product_maccode` = '0b:1f:00:1r:00:00'  [ RunTime:0.0010s ]

[ 2017-02-09T21:40:33+08:00 ] 139.205.174.207 /meidian/index.php/home/index/client
INFO: [ app_begin ] --START--
INFO: Run Behavior\ReadHtmlCacheBehavior [ RunTime:0.000976s ]
INFO: [ app_begin ] --END-- [ RunTime:0.001953s ]
SQL: SHOW COLUMNS FROM `md_product` [ RunTime:0.0039s ]
SQL: SHOW COLUMNS FROM `md_product` [ RunTime:0.0039s ]
SQL: SELECT * FROM `md_product` WHERE `product_maccode` = '0b:1f:00:1r:00:00'  [ RunTime:0.0020s ]
SQL: SHOW COLUMNS FROM `md_online` [ RunTime:0.0127s ]
SQL: SHOW COLUMNS FROM `md_online` [ RunTime:0.0059s ]
SQL: SELECT * FROM `md_online` WHERE `mac` = '0b:1f:00:1r:00:00'  [ RunTime:0.0020s ]
SQL: UPDATE `md_product` SET `product_status`='1' WHERE ( product_maccode='0b:1f'1'0:1r'1'0'1'0' ) [ RunTime:0.0000s ]
NOTIC: [8] Undefined index: validate C:\wamp\www\meidian\ThinkPHP\Library\Think\Model.class.php 第 1185 行.
NOTIC: [8] Undefined index: auto C:\wamp\www\meidian\ThinkPHP\Library\Think\Model.class.php 第 1128 行.
SQL: INSERT INTO `md_online` (`mac`,`client_id`,`start_time`) VALUES ('0b:1f:00:1r:00:00','7f0000010fa00000000b','2017-02-09 21:40:33') [ RunTime:0.0020s ]

[ 2017-02-09T21:40:51+08:00 ] 139.205.174.207 /meidian/index.php/home/index/client
INFO: [ app_begin ] --START--
INFO: Run Behavior\ReadHtmlCacheBehavior [ RunTime:0.002929s ]
INFO: [ app_begin ] --END-- [ RunTime:0.003906s ]
SQL: SHOW COLUMNS FROM `md_product` [ RunTime:0.0088s ]
SQL: SHOW COLUMNS FROM `md_product` [ RunTime:0.0049s ]
SQL: SELECT * FROM `md_product` WHERE `product_maccode` = '0b:1f:00:1r:00:00'  [ RunTime:0.0000s ]
SQL: SHOW COLUMNS FROM `md_online` [ RunTime:0.0068s ]
SQL: SHOW COLUMNS FROM `md_online` [ RunTime:0.0039s ]
SQL: SELECT * FROM `md_online` WHERE `mac` = '0b:1f:00:1r:00:00'  [ RunTime:0.0010s ]
SQL: UPDATE `md_product` SET `product_status`='1' WHERE ( product_maccode='0b:1f'1'0:1r'1'0'1'0' ) [ RunTime:0.0010s ]
NOTIC: [8] Undefined index: validate C:\wamp\www\meidian\ThinkPHP\Library\Think\Model.class.php 第 1185 行.
NOTIC: [8] Undefined index: auto C:\wamp\www\meidian\ThinkPHP\Library\Think\Model.class.php 第 1128 行.
SQL: INSERT INTO `md_online` (`mac`,`client_id`,`start_time`) VALUES ('0b:1f:00:1r:00:00','7f0000010fa00000000c','2017-02-09 21:40:51') [ RunTime:0.0010s ]

