[ 2017-02-16T13:34:48+08:00 ] ::1 /meidian/index.php/Home/Advert/pushAdvert
INFO: [ app_begin ] --START--
INFO: Run Behavior\ReadHtmlCacheBehavior [ RunTime:0.001640s ]
INFO: [ app_begin ] --END-- [ RunTime:0.002877s ]
SQL: SHOW COLUMNS FROM `md_advert` [ RunTime:0.0094s ]
SQL: SHOW COLUMNS FROM `md_advert` [ RunTime:0.0068s ]
SQL: SELECT * FROM `md_advert` WHERE `id` = 1  [ RunTime:0.0006s ]
NOTIC: [8] Undefined index: city_id C:\wamp\www\meidian\Application\Home\Controller\AdvertController.class.php 第 99 行.
NOTIC: [8] Undefined index: district_id C:\wamp\www\meidian\Application\Home\Controller\AdvertController.class.php 第 100 行.
NOTIC: [8] Undefined index: street_id C:\wamp\www\meidian\Application\Home\Controller\AdvertController.class.php 第 101 行.
SQL: SHOW COLUMNS FROM `md_file_img` [ RunTime:0.0075s ]
SQL: SHOW COLUMNS FROM `md_file_video` [ RunTime:0.0055s ]

[ 2017-02-16T13:34:50+08:00 ] ::1 /meidian/index.php/Home/Advert/pushAdvert
INFO: [ app_begin ] --START--
INFO: Run Behavior\ReadHtmlCacheBehavior [ RunTime:0.000987s ]
INFO: [ app_begin ] --END-- [ RunTime:0.001656s ]
SQL: SHOW COLUMNS FROM `md_advert` [ RunTime:0.0077s ]
SQL: SHOW COLUMNS FROM `md_advert` [ RunTime:0.0072s ]
SQL: SELECT * FROM `md_advert` WHERE `id` = 1  [ RunTime:0.0008s ]
NOTIC: [8] Undefined index: city_id C:\wamp\www\meidian\Application\Home\Controller\AdvertController.class.php 第 99 行.
NOTIC: [8] Undefined index: district_id C:\wamp\www\meidian\Application\Home\Controller\AdvertController.class.php 第 100 行.
NOTIC: [8] Undefined index: street_id C:\wamp\www\meidian\Application\Home\Controller\AdvertController.class.php 第 101 行.
SQL: SHOW COLUMNS FROM `md_file_img` [ RunTime:0.0065s ]
SQL: SHOW COLUMNS FROM `md_file_video` [ RunTime:0.0098s ]

[ 2017-02-16T13:34:51+08:00 ] ::1 /meidian/index.php/Home/Advert/pushAdvert
INFO: [ app_begin ] --START--
INFO: Run Behavior\ReadHtmlCacheBehavior [ RunTime:0.001473s ]
INFO: [ app_begin ] --END-- [ RunTime:0.002635s ]
SQL: SHOW COLUMNS FROM `md_advert` [ RunTime:0.0070s ]
SQL: SHOW COLUMNS FROM `md_advert` [ RunTime:0.0077s ]
SQL: SELECT * FROM `md_advert` WHERE `id` = 1  [ RunTime:0.0008s ]
NOTIC: [8] Undefined index: city_id C:\wamp\www\meidian\Application\Home\Controller\AdvertController.class.php 第 99 行.
NOTIC: [8] Undefined index: district_id C:\wamp\www\meidian\Application\Home\Controller\AdvertController.class.php 第 100 行.
NOTIC: [8] Undefined index: street_id C:\wamp\www\meidian\Application\Home\Controller\AdvertController.class.php 第 101 行.
SQL: SHOW COLUMNS FROM `md_file_img` [ RunTime:0.0075s ]
SQL: SHOW COLUMNS FROM `md_file_video` [ RunTime:0.0081s ]

[ 2017-02-16T13:40:53+08:00 ] ::1 /meidian/index.php/Home/Advert/pushAdvert
INFO: [ app_begin ] --START--
INFO: Run Behavior\ReadHtmlCacheBehavior [ RunTime:0.001030s ]
INFO: [ app_begin ] --END-- [ RunTime:0.001793s ]
SQL: SHOW COLUMNS FROM `md_advert` [ RunTime:0.0084s ]
SQL: SHOW COLUMNS FROM `md_advert` [ RunTime:0.0082s ]
SQL: SELECT * FROM `md_advert` WHERE `id` = 1  [ RunTime:0.0006s ]
NOTIC: [8] Undefined index: city_id C:\wamp\www\meidian\Application\Home\Controller\AdvertController.class.php 第 99 行.
NOTIC: [8] Undefined index: district_id C:\wamp\www\meidian\Application\Home\Controller\AdvertController.class.php 第 100 行.
NOTIC: [8] Undefined index: street_id C:\wamp\www\meidian\Application\Home\Controller\AdvertController.class.php 第 101 行.
SQL: SHOW COLUMNS FROM `md_file_img` [ RunTime:0.0093s ]
SQL: SHOW COLUMNS FROM `md_file_video` [ RunTime:0.0097s ]

[ 2017-02-16T13:45:27+08:00 ] ::1 /meidian/index.php/Home/Advert/pushAdvert
INFO: [ app_begin ] --START--
INFO: Run Behavior\ReadHtmlCacheBehavior [ RunTime:0.001076s ]
INFO: [ app_begin ] --END-- [ RunTime:0.001901s ]
SQL: SHOW COLUMNS FROM `md_advert` [ RunTime:0.0090s ]
SQL: SHOW COLUMNS FROM `md_advert` [ RunTime:0.0091s ]
SQL: SELECT * FROM `md_advert` WHERE `id` = 1  [ RunTime:0.0007s ]
NOTIC: [8] Undefined index: city_id C:\wamp\www\meidian\Application\Home\Controller\AdvertController.class.php 第 99 行.
NOTIC: [8] Undefined index: district_id C:\wamp\www\meidian\Application\Home\Controller\AdvertController.class.php 第 100 行.
NOTIC: [8] Undefined index: street_id C:\wamp\www\meidian\Application\Home\Controller\AdvertController.class.php 第 101 行.
SQL: SHOW COLUMNS FROM `md_file_img` [ RunTime:0.0084s ]
SQL: SHOW COLUMNS FROM `md_file_video` [ RunTime:0.0090s ]

[ 2017-02-16T14:01:17+08:00 ] ::1 /meidian/index.php/Home/Advert/updateAdvert
INFO: [ app_begin ] --START--
INFO: Run Behavior\ReadHtmlCacheBehavior [ RunTime:0.001828s ]
INFO: [ app_begin ] --END-- [ RunTime:0.003273s ]
SQL: SHOW COLUMNS FROM `md_advert` [ RunTime:0.0106s ]
SQL: SHOW COLUMNS FROM `md_advert` [ RunTime:0.0101s ]
ERR: 非法操作:updateAdvert

[ 2017-02-16T14:01:18+08:00 ] ::1 /meidian/index.php/Home/Advert/updateAdvert
INFO: [ app_begin ] --START--
INFO: Run Behavior\ReadHtmlCacheBehavior [ RunTime:0.001298s ]
INFO: [ app_begin ] --END-- [ RunTime:0.002434s ]
SQL: SHOW COLUMNS FROM `md_advert` [ RunTime:0.0060s ]
SQL: SHOW COLUMNS FROM `md_advert` [ RunTime:0.0082s ]
ERR: 非法操作:updateAdvert

[ 2017-02-16T14:05:59+08:00 ] ::1 /meidian/index.php/Home/Advert/updateAdvert
INFO: [ app_begin ] --START--
INFO: Run Behavior\ReadHtmlCacheBehavior [ RunTime:0.001281s ]
INFO: [ app_begin ] --END-- [ RunTime:0.002146s ]
SQL: SHOW COLUMNS FROM `md_advert` [ RunTime:0.0087s ]
SQL: SHOW COLUMNS FROM `md_advert` [ RunTime:0.0076s ]
ERR: 非法操作:updateAdvert

[ 2017-02-16T14:06:00+08:00 ] ::1 /meidian/index.php/Home/Advert/updateAdvert
INFO: [ app_begin ] --START--
INFO: Run Behavior\ReadHtmlCacheBehavior [ RunTime:0.000948s ]
INFO: [ app_begin ] --END-- [ RunTime:0.001694s ]
SQL: SHOW COLUMNS FROM `md_advert` [ RunTime:0.0081s ]
SQL: SHOW COLUMNS FROM `md_advert` [ RunTime:0.0069s ]
ERR: 非法操作:updateAdvert

[ 2017-02-16T14:06:05+08:00 ] ::1 /meidian/index.php/Home/Advert/updateAdvert
ERR: 非法操作:updateAdvert

[ 2017-02-16T14:06:21+08:00 ] ::1 /meidian/index.php/Home/Advert/updateAdvert
ERR: 非法操作:updateAdvert

[ 2017-02-16T14:28:40+08:00 ] ::1 /meidian/index.php/Home/Advert/updateAdvert
ERR: 非法操作:updateAdvert

