[ 2017-02-21T17:05:20+08:00 ] ::1 /meidian/
ERR: ÈùûÊ≥ïÊìç‰Ωú:index

[ 2017-02-21T17:05:24+08:00 ] ::1 /meidian/
ERR: ÈùûÊ≥ïÊìç‰Ωú:index

[ 2017-02-21T17:19:53+08:00 ] ::1 /meidian/index.php/Home/Advert/pushAdvert
INFO: [ app_begin ] --START--
INFO: Run Behavior\ReadHtmlCacheBehavior [ RunTime:0.002338s ]
INFO: [ app_begin ] --END-- [ RunTime:0.003686s ]
SQL: SHOW COLUMNS FROM `md_advert` [ RunTime:0.0074s ]
SQL: SHOW COLUMNS FROM `md_advert` [ RunTime:0.0047s ]
NOTIC: [8] Undefined variable: data C:\wamp\www\meidian\Application\Home\Controller\AdvertController.class.php Á¨¨ 91 Ë°å.

[ 2017-02-21T17:19:55+08:00 ] ::1 /meidian/index.php/Home/Advert/pushAdvert
INFO: [ app_begin ] --START--
INFO: Run Behavior\ReadHtmlCacheBehavior [ RunTime:0.001674s ]
INFO: [ app_begin ] --END-- [ RunTime:0.003123s ]
SQL: SHOW COLUMNS FROM `md_advert` [ RunTime:0.0060s ]
SQL: SHOW COLUMNS FROM `md_advert` [ RunTime:0.0061s ]
NOTIC: [8] Undefined variable: data C:\wamp\www\meidian\Application\Home\Controller\AdvertController.class.php Á¨¨ 91 Ë°å.

[ 2017-02-21T17:19:56+08:00 ] ::1 /meidian/index.php/Home/Advert/pushAdvert
INFO: [ app_begin ] --START--
INFO: Run Behavior\ReadHtmlCacheBehavior [ RunTime:0.000878s ]
INFO: [ app_begin ] --END-- [ RunTime:0.001667s ]
SQL: SHOW COLUMNS FROM `md_advert` [ RunTime:0.0057s ]
SQL: SHOW COLUMNS FROM `md_advert` [ RunTime:0.0065s ]
NOTIC: [8] Undefined variable: data C:\wamp\www\meidian\Application\Home\Controller\AdvertController.class.php Á¨¨ 91 Ë°å.

[ 2017-02-21T17:21:42+08:00 ] ::1 /meidian/index.php/Home/Advert/pushAdvert
INFO: [ app_begin ] --START--
INFO: Run Behavior\ReadHtmlCacheBehavior [ RunTime:0.000863s ]
INFO: [ app_begin ] --END-- [ RunTime:0.001677s ]
SQL: SHOW COLUMNS FROM `md_advert` [ RunTime:0.0064s ]
SQL: SHOW COLUMNS FROM `md_advert` [ RunTime:0.0071s ]
SQL: SELECT * FROM `md_advert` WHERE `id` = 11  [ RunTime:0.0005s ]
NOTIC: [8] Undefined index: city_id C:\wamp\www\meidian\Application\Home\Controller\AdvertController.class.php Á¨¨ 101 Ë°å.
NOTIC: [8] Undefined index: district_id C:\wamp\www\meidian\Application\Home\Controller\AdvertController.class.php Á¨¨ 102 Ë°å.
NOTIC: [8] Undefined index: street_id C:\wamp\www\meidian\Application\Home\Controller\AdvertController.class.php Á¨¨ 103 Ë°å.
SQL: SHOW COLUMNS FROM `md_file_img` [ RunTime:0.0077s ]
SQL: SHOW COLUMNS FROM `md_file_video` [ RunTime:0.0048s ]
SQL: SELECT * FROM `md_file_img` WHERE ( id=2 )  [ RunTime:0.0004s ]
SQL: SHOW COLUMNS FROM `md_product` [ RunTime:0.0085s ]
SQL: SHOW COLUMNS FROM `md_product` [ RunTime:0.0047s ]
SQL: SELECT * FROM `md_product` WHERE ( province_id=1 )  [ RunTime:0.0005s ]

[ 2017-02-21T17:22:22+08:00 ] ::1 /meidian/index.php/Home/Advert/pushAdvert
INFO: [ app_begin ] --START--
INFO: Run Behavior\ReadHtmlCacheBehavior [ RunTime:0.001284s ]
INFO: [ app_begin ] --END-- [ RunTime:0.002159s ]
SQL: SHOW COLUMNS FROM `md_advert` [ RunTime:0.0062s ]
SQL: SHOW COLUMNS FROM `md_advert` [ RunTime:0.0047s ]
SQL: SELECT * FROM `md_advert` WHERE `id` = 11  [ RunTime:0.0008s ]
NOTIC: [8] Undefined index: city_id C:\wamp\www\meidian\Application\Home\Controller\AdvertController.class.php Á¨¨ 101 Ë°å.
NOTIC: [8] Undefined index: district_id C:\wamp\www\meidian\Application\Home\Controller\AdvertController.class.php Á¨¨ 102 Ë°å.
NOTIC: [8] Undefined index: street_id C:\wamp\www\meidian\Application\Home\Controller\AdvertController.class.php Á¨¨ 103 Ë°å.
SQL: SHOW COLUMNS FROM `md_file_img` [ RunTime:0.0056s ]
SQL: SHOW COLUMNS FROM `md_file_video` [ RunTime:0.0043s ]
SQL: SELECT * FROM `md_file_img` WHERE ( id=2 )  [ RunTime:0.0004s ]
SQL: SHOW COLUMNS FROM `md_product` [ RunTime:0.0064s ]
SQL: SHOW COLUMNS FROM `md_product` [ RunTime:0.0051s ]
SQL: SELECT * FROM `md_product` WHERE ( province_id=1 )  [ RunTime:0.0004s ]

[ 2017-02-21T17:22:37+08:00 ] ::1 /meidian/index.php/Home/Advert/pushAdvert
INFO: [ app_begin ] --START--
INFO: Run Behavior\ReadHtmlCacheBehavior [ RunTime:0.001038s ]
INFO: [ app_begin ] --END-- [ RunTime:0.001722s ]
SQL: SHOW COLUMNS FROM `md_advert` [ RunTime:0.0070s ]
SQL: SHOW COLUMNS FROM `md_advert` [ RunTime:0.0050s ]
SQL: SELECT * FROM `md_advert` WHERE `id` = 11  [ RunTime:0.0005s ]
NOTIC: [8] Undefined index: city_id C:\wamp\www\meidian\Application\Home\Controller\AdvertController.class.php Á¨¨ 101 Ë°å.
NOTIC: [8] Undefined index: district_id C:\wamp\www\meidian\Application\Home\Controller\AdvertController.class.php Á¨¨ 102 Ë°å.
NOTIC: [8] Undefined index: street_id C:\wamp\www\meidian\Application\Home\Controller\AdvertController.class.php Á¨¨ 103 Ë°å.
SQL: SHOW COLUMNS FROM `md_file_img` [ RunTime:0.0086s ]
SQL: SHOW COLUMNS FROM `md_file_video` [ RunTime:0.0047s ]
SQL: SELECT * FROM `md_file_img` WHERE ( id=2 )  [ RunTime:0.0004s ]
SQL: SHOW COLUMNS FROM `md_product` [ RunTime:0.0072s ]
SQL: SHOW COLUMNS FROM `md_product` [ RunTime:0.0048s ]
SQL: SELECT * FROM `md_product` WHERE ( province_id=1 )  [ RunTime:0.0005s ]

[ 2017-02-21T22:05:16+08:00 ] ::1 /meidian/index.php/Home/Advert/pushAdvert
INFO: [ app_begin ] --START--
INFO: Run Behavior\ReadHtmlCacheBehavior [ RunTime:0.000770s ]
INFO: [ app_begin ] --END-- [ RunTime:0.001465s ]
SQL: SHOW COLUMNS FROM `md_advert` [ RunTime:0.0043s ]
SQL: SHOW COLUMNS FROM `md_advert` [ RunTime:0.0043s ]
SQL: SELECT * FROM `md_advert` WHERE `id` = 11  [ RunTime:0.0007s ]
NOTIC: [8] Undefined index: city_id C:\wamp\www\meidian\Application\Home\Controller\AdvertController.class.php Á¨¨ 101 Ë°å.
NOTIC: [8] Undefined index: district_id C:\wamp\www\meidian\Application\Home\Controller\AdvertController.class.php Á¨¨ 102 Ë°å.
NOTIC: [8] Undefined index: street_id C:\wamp\www\meidian\Application\Home\Controller\AdvertController.class.php Á¨¨ 103 Ë°å.
SQL: SHOW COLUMNS FROM `md_file_img` [ RunTime:0.0049s ]
SQL: SHOW COLUMNS FROM `md_file_video` [ RunTime:0.0036s ]
SQL: SELECT * FROM `md_file_img` WHERE ( id=2 )  [ RunTime:0.0013s ]
SQL: SHOW COLUMNS FROM `md_product` [ RunTime:0.0090s ]
SQL: SHOW COLUMNS FROM `md_product` [ RunTime:0.0059s ]
SQL: SELECT * FROM `md_product` WHERE ( province_id=1 )  [ RunTime:0.0006s ]
NOTIC: [2] stream_socket_client():  C:\wamp\www\meidian\GatewayClient\Gateway.php Á¨¨ 826 Ë°å.
ERR: Can not connect to tcp://127.0.0.1:1234 ”…”⁄ƒø±Íº∆À„ª˙ª˝º´æ‹æ¯£¨Œﬁ∑®¡¨Ω”°£


[ 2017-02-21T22:05:17+08:00 ] ::1 /meidian/index.php/Home/Advert/pushAdvert
INFO: [ app_begin ] --START--
INFO: Run Behavior\ReadHtmlCacheBehavior [ RunTime:0.000902s ]
INFO: [ app_begin ] --END-- [ RunTime:0.001575s ]
SQL: SHOW COLUMNS FROM `md_advert` [ RunTime:0.0057s ]
SQL: SHOW COLUMNS FROM `md_advert` [ RunTime:0.0055s ]
SQL: SELECT * FROM `md_advert` WHERE `id` = 11  [ RunTime:0.0007s ]
NOTIC: [8] Undefined index: city_id C:\wamp\www\meidian\Application\Home\Controller\AdvertController.class.php Á¨¨ 101 Ë°å.
NOTIC: [8] Undefined index: district_id C:\wamp\www\meidian\Application\Home\Controller\AdvertController.class.php Á¨¨ 102 Ë°å.
NOTIC: [8] Undefined index: street_id C:\wamp\www\meidian\Application\Home\Controller\AdvertController.class.php Á¨¨ 103 Ë°å.
SQL: SHOW COLUMNS FROM `md_file_img` [ RunTime:0.0056s ]
SQL: SHOW COLUMNS FROM `md_file_video` [ RunTime:0.0052s ]
SQL: SELECT * FROM `md_file_img` WHERE ( id=2 )  [ RunTime:0.0004s ]
SQL: SHOW COLUMNS FROM `md_product` [ RunTime:0.0048s ]
SQL: SHOW COLUMNS FROM `md_product` [ RunTime:0.0053s ]
SQL: SELECT * FROM `md_product` WHERE ( province_id=1 )  [ RunTime:0.0005s ]
NOTIC: [2] stream_socket_client():  C:\wamp\www\meidian\GatewayClient\Gateway.php Á¨¨ 826 Ë°å.
ERR: Can not connect to tcp://127.0.0.1:1234 ”…”⁄ƒø±Íº∆À„ª˙ª˝º´æ‹æ¯£¨Œﬁ∑®¡¨Ω”°£


[ 2017-02-21T22:05:18+08:00 ] ::1 /meidian/index.php/Home/Advert/pushAdvert
INFO: [ app_begin ] --START--
INFO: Run Behavior\ReadHtmlCacheBehavior [ RunTime:0.000734s ]
INFO: [ app_begin ] --END-- [ RunTime:0.001394s ]
SQL: SHOW COLUMNS FROM `md_advert` [ RunTime:0.0049s ]
SQL: SHOW COLUMNS FROM `md_advert` [ RunTime:0.0040s ]
SQL: SELECT * FROM `md_advert` WHERE `id` = 11  [ RunTime:0.0005s ]
NOTIC: [8] Undefined index: city_id C:\wamp\www\meidian\Application\Home\Controller\AdvertController.class.php Á¨¨ 101 Ë°å.
NOTIC: [8] Undefined index: district_id C:\wamp\www\meidian\Application\Home\Controller\AdvertController.class.php Á¨¨ 102 Ë°å.
NOTIC: [8] Undefined index: street_id C:\wamp\www\meidian\Application\Home\Controller\AdvertController.class.php Á¨¨ 103 Ë°å.
SQL: SHOW COLUMNS FROM `md_file_img` [ RunTime:0.0037s ]
SQL: SHOW COLUMNS FROM `md_file_video` [ RunTime:0.0040s ]
SQL: SELECT * FROM `md_file_img` WHERE ( id=2 )  [ RunTime:0.0004s ]
SQL: SHOW COLUMNS FROM `md_product` [ RunTime:0.0039s ]
SQL: SHOW COLUMNS FROM `md_product` [ RunTime:0.0037s ]
SQL: SELECT * FROM `md_product` WHERE ( province_id=1 )  [ RunTime:0.0004s ]
NOTIC: [2] stream_socket_client():  C:\wamp\www\meidian\GatewayClient\Gateway.php Á¨¨ 826 Ë°å.
ERR: Can not connect to tcp://127.0.0.1:1234 ”…”⁄ƒø±Íº∆À„ª˙ª˝º´æ‹æ¯£¨Œﬁ∑®¡¨Ω”°£


[ 2017-02-21T22:05:19+08:00 ] ::1 /meidian/index.php/Home/Advert/pushAdvert
INFO: [ app_begin ] --START--
INFO: Run Behavior\ReadHtmlCacheBehavior [ RunTime:0.001537s ]
INFO: [ app_begin ] --END-- [ RunTime:0.002869s ]
SQL: SHOW COLUMNS FROM `md_advert` [ RunTime:0.0048s ]
SQL: SHOW COLUMNS FROM `md_advert` [ RunTime:0.0045s ]
SQL: SELECT * FROM `md_advert` WHERE `id` = 11  [ RunTime:0.0005s ]
NOTIC: [8] Undefined index: city_id C:\wamp\www\meidian\Application\Home\Controller\AdvertController.class.php Á¨¨ 101 Ë°å.
NOTIC: [8] Undefined index: district_id C:\wamp\www\meidian\Application\Home\Controller\AdvertController.class.php Á¨¨ 102 Ë°å.
NOTIC: [8] Undefined index: street_id C:\wamp\www\meidian\Application\Home\Controller\AdvertController.class.php Á¨¨ 103 Ë°å.
SQL: SHOW COLUMNS FROM `md_file_img` [ RunTime:0.0038s ]
SQL: SHOW COLUMNS FROM `md_file_video` [ RunTime:0.0044s ]
SQL: SELECT * FROM `md_file_img` WHERE ( id=2 )  [ RunTime:0.0004s ]
SQL: SHOW COLUMNS FROM `md_product` [ RunTime:0.0036s ]
SQL: SHOW COLUMNS FROM `md_product` [ RunTime:0.0033s ]
SQL: SELECT * FROM `md_product` WHERE ( province_id=1 )  [ RunTime:0.0004s ]
NOTIC: [2] stream_socket_client():  C:\wamp\www\meidian\GatewayClient\Gateway.php Á¨¨ 826 Ë°å.
ERR: Can not connect to tcp://127.0.0.1:1234 ”…”⁄ƒø±Íº∆À„ª˙ª˝º´æ‹æ¯£¨Œﬁ∑®¡¨Ω”°£


[ 2017-02-21T22:05:20+08:00 ] ::1 /meidian/index.php/Home/Advert/pushAdvert
INFO: [ app_begin ] --START--
INFO: Run Behavior\ReadHtmlCacheBehavior [ RunTime:0.001001s ]
INFO: [ app_begin ] --END-- [ RunTime:0.001957s ]
SQL: SHOW COLUMNS FROM `md_advert` [ RunTime:0.0042s ]
SQL: SHOW COLUMNS FROM `md_advert` [ RunTime:0.0044s ]
SQL: SELECT * FROM `md_advert` WHERE `id` = 11  [ RunTime:0.0005s ]
NOTIC: [8] Undefined index: city_id C:\wamp\www\meidian\Application\Home\Controller\AdvertController.class.php Á¨¨ 101 Ë°å.
NOTIC: [8] Undefined index: district_id C:\wamp\www\meidian\Application\Home\Controller\AdvertController.class.php Á¨¨ 102 Ë°å.
NOTIC: [8] Undefined index: street_id C:\wamp\www\meidian\Application\Home\Controller\AdvertController.class.php Á¨¨ 103 Ë°å.
SQL: SHOW COLUMNS FROM `md_file_img` [ RunTime:0.0035s ]
SQL: SHOW COLUMNS FROM `md_file_video` [ RunTime:0.0043s ]
SQL: SELECT * FROM `md_file_img` WHERE ( id=2 )  [ RunTime:0.0004s ]
SQL: SHOW COLUMNS FROM `md_product` [ RunTime:0.0040s ]
SQL: SHOW COLUMNS FROM `md_product` [ RunTime:0.0038s ]
SQL: SELECT * FROM `md_product` WHERE ( province_id=1 )  [ RunTime:0.0004s ]
NOTIC: [2] stream_socket_client():  C:\wamp\www\meidian\GatewayClient\Gateway.php Á¨¨ 826 Ë°å.
ERR: Can not connect to tcp://127.0.0.1:1234 ”…”⁄ƒø±Íº∆À„ª˙ª˝º´æ‹æ¯£¨Œﬁ∑®¡¨Ω”°£


[ 2017-02-21T22:05:21+08:00 ] ::1 /meidian/index.php/Home/Advert/pushAdvert
INFO: [ app_begin ] --START--
INFO: Run Behavior\ReadHtmlCacheBehavior [ RunTime:0.000904s ]
INFO: [ app_begin ] --END-- [ RunTime:0.001599s ]
SQL: SHOW COLUMNS FROM `md_advert` [ RunTime:0.0041s ]
SQL: SHOW COLUMNS FROM `md_advert` [ RunTime:0.0041s ]
SQL: SELECT * FROM `md_advert` WHERE `id` = 11  [ RunTime:0.0005s ]
NOTIC: [8] Undefined index: city_id C:\wamp\www\meidian\Application\Home\Controller\AdvertController.class.php Á¨¨ 101 Ë°å.
NOTIC: [8] Undefined index: district_id C:\wamp\www\meidian\Application\Home\Controller\AdvertController.class.php Á¨¨ 102 Ë°å.
NOTIC: [8] Undefined index: street_id C:\wamp\www\meidian\Application\Home\Controller\AdvertController.class.php Á¨¨ 103 Ë°å.
SQL: SHOW COLUMNS FROM `md_file_img` [ RunTime:0.0037s ]
SQL: SHOW COLUMNS FROM `md_file_video` [ RunTime:0.0037s ]
SQL: SELECT * FROM `md_file_img` WHERE ( id=2 )  [ RunTime:0.0004s ]
SQL: SHOW COLUMNS FROM `md_product` [ RunTime:0.0039s ]
SQL: SHOW COLUMNS FROM `md_product` [ RunTime:0.0037s ]
SQL: SELECT * FROM `md_product` WHERE ( province_id=1 )  [ RunTime:0.0004s ]
NOTIC: [2] stream_socket_client():  C:\wamp\www\meidian\GatewayClient\Gateway.php Á¨¨ 826 Ë°å.
ERR: Can not connect to tcp://127.0.0.1:1234 ”…”⁄ƒø±Íº∆À„ª˙ª˝º´æ‹æ¯£¨Œﬁ∑®¡¨Ω”°£


[ 2017-02-21T22:05:22+08:00 ] ::1 /meidian/index.php/Home/Advert/pushAdvert
INFO: [ app_begin ] --START--
INFO: Run Behavior\ReadHtmlCacheBehavior [ RunTime:0.000845s ]
INFO: [ app_begin ] --END-- [ RunTime:0.001554s ]
SQL: SHOW COLUMNS FROM `md_advert` [ RunTime:0.0059s ]
SQL: SHOW COLUMNS FROM `md_advert` [ RunTime:0.0053s ]
SQL: SELECT * FROM `md_advert` WHERE `id` = 11  [ RunTime:0.0005s ]
NOTIC: [8] Undefined index: city_id C:\wamp\www\meidian\Application\Home\Controller\AdvertController.class.php Á¨¨ 101 Ë°å.
NOTIC: [8] Undefined index: district_id C:\wamp\www\meidian\Application\Home\Controller\AdvertController.class.php Á¨¨ 102 Ë°å.
NOTIC: [8] Undefined index: street_id C:\wamp\www\meidian\Application\Home\Controller\AdvertController.class.php Á¨¨ 103 Ë°å.
SQL: SHOW COLUMNS FROM `md_file_img` [ RunTime:0.0037s ]
SQL: SHOW COLUMNS FROM `md_file_video` [ RunTime:0.0039s ]
SQL: SELECT * FROM `md_file_img` WHERE ( id=2 )  [ RunTime:0.0004s ]
SQL: SHOW COLUMNS FROM `md_product` [ RunTime:0.0042s ]
SQL: SHOW COLUMNS FROM `md_product` [ RunTime:0.0036s ]
SQL: SELECT * FROM `md_product` WHERE ( province_id=1 )  [ RunTime:0.0004s ]
NOTIC: [2] stream_socket_client():  C:\wamp\www\meidian\GatewayClient\Gateway.php Á¨¨ 826 Ë°å.
ERR: Can not connect to tcp://127.0.0.1:1234 ”…”⁄ƒø±Íº∆À„ª˙ª˝º´æ‹æ¯£¨Œﬁ∑®¡¨Ω”°£


[ 2017-02-21T22:05:23+08:00 ] ::1 /meidian/index.php/Home/Advert/pushAdvert
INFO: [ app_begin ] --START--
INFO: Run Behavior\ReadHtmlCacheBehavior [ RunTime:0.001072s ]
INFO: [ app_begin ] --END-- [ RunTime:0.002236s ]
SQL: SHOW COLUMNS FROM `md_advert` [ RunTime:0.0063s ]
SQL: SHOW COLUMNS FROM `md_advert` [ RunTime:0.0064s ]
SQL: SELECT * FROM `md_advert` WHERE `id` = 11  [ RunTime:0.0008s ]
NOTIC: [8] Undefined index: city_id C:\wamp\www\meidian\Application\Home\Controller\AdvertController.class.php Á¨¨ 101 Ë°å.
NOTIC: [8] Undefined index: district_id C:\wamp\www\meidian\Application\Home\Controller\AdvertController.class.php Á¨¨ 102 Ë°å.
NOTIC: [8] Undefined index: street_id C:\wamp\www\meidian\Application\Home\Controller\AdvertController.class.php Á¨¨ 103 Ë°å.
SQL: SHOW COLUMNS FROM `md_file_img` [ RunTime:0.0059s ]
SQL: SHOW COLUMNS FROM `md_file_video` [ RunTime:0.0059s ]
SQL: SELECT * FROM `md_file_img` WHERE ( id=2 )  [ RunTime:0.0006s ]
SQL: SHOW COLUMNS FROM `md_product` [ RunTime:0.0062s ]
SQL: SHOW COLUMNS FROM `md_product` [ RunTime:0.0056s ]
SQL: SELECT * FROM `md_product` WHERE ( province_id=1 )  [ RunTime:0.0004s ]
NOTIC: [2] stream_socket_client():  C:\wamp\www\meidian\GatewayClient\Gateway.php Á¨¨ 826 Ë°å.
ERR: Can not connect to tcp://127.0.0.1:1234 ”…”⁄ƒø±Íº∆À„ª˙ª˝º´æ‹æ¯£¨Œﬁ∑®¡¨Ω”°£


[ 2017-02-21T22:05:24+08:00 ] ::1 /meidian/index.php/Home/Advert/pushAdvert
INFO: [ app_begin ] --START--
INFO: Run Behavior\ReadHtmlCacheBehavior [ RunTime:0.000978s ]
INFO: [ app_begin ] --END-- [ RunTime:0.001914s ]
SQL: SHOW COLUMNS FROM `md_advert` [ RunTime:0.0073s ]
SQL: SHOW COLUMNS FROM `md_advert` [ RunTime:0.0080s ]
SQL: SELECT * FROM `md_advert` WHERE `id` = 11  [ RunTime:0.0007s ]
NOTIC: [8] Undefined index: city_id C:\wamp\www\meidian\Application\Home\Controller\AdvertController.class.php Á¨¨ 101 Ë°å.
NOTIC: [8] Undefined index: district_id C:\wamp\www\meidian\Application\Home\Controller\AdvertController.class.php Á¨¨ 102 Ë°å.
NOTIC: [8] Undefined index: street_id C:\wamp\www\meidian\Application\Home\Controller\AdvertController.class.php Á¨¨ 103 Ë°å.
SQL: SHOW COLUMNS FROM `md_file_img` [ RunTime:0.0070s ]
SQL: SHOW COLUMNS FROM `md_file_video` [ RunTime:0.0074s ]
SQL: SELECT * FROM `md_file_img` WHERE ( id=2 )  [ RunTime:0.0005s ]
SQL: SHOW COLUMNS FROM `md_product` [ RunTime:0.0085s ]
SQL: SHOW COLUMNS FROM `md_product` [ RunTime:0.0071s ]
SQL: SELECT * FROM `md_product` WHERE ( province_id=1 )  [ RunTime:0.0006s ]
ERR: Gateway::getAllGatewayAddressesFromRegister() with registerAddress:127.0.0.1:1234  return array (
)

[ 2017-02-21T22:05:25+08:00 ] ::1 /meidian/index.php/Home/Advert/pushAdvert
INFO: [ app_begin ] --START--
INFO: Run Behavior\ReadHtmlCacheBehavior [ RunTime:0.000823s ]
INFO: [ app_begin ] --END-- [ RunTime:0.001536s ]
SQL: SHOW COLUMNS FROM `md_advert` [ RunTime:0.0068s ]
SQL: SHOW COLUMNS FROM `md_advert` [ RunTime:0.0050s ]
SQL: SELECT * FROM `md_advert` WHERE `id` = 11  [ RunTime:0.0005s ]
NOTIC: [8] Undefined index: city_id C:\wamp\www\meidian\Application\Home\Controller\AdvertController.class.php Á¨¨ 101 Ë°å.
NOTIC: [8] Undefined index: district_id C:\wamp\www\meidian\Application\Home\Controller\AdvertController.class.php Á¨¨ 102 Ë°å.
NOTIC: [8] Undefined index: street_id C:\wamp\www\meidian\Application\Home\Controller\AdvertController.class.php Á¨¨ 103 Ë°å.
SQL: SHOW COLUMNS FROM `md_file_img` [ RunTime:0.0073s ]
SQL: SHOW COLUMNS FROM `md_file_video` [ RunTime:0.0043s ]
SQL: SELECT * FROM `md_file_img` WHERE ( id=2 )  [ RunTime:0.0004s ]
SQL: SHOW COLUMNS FROM `md_product` [ RunTime:0.0074s ]
SQL: SHOW COLUMNS FROM `md_product` [ RunTime:0.0048s ]
SQL: SELECT * FROM `md_product` WHERE ( province_id=1 )  [ RunTime:0.0005s ]

