[ 2016-12-24T11:40:52+08:00 ] ::1 /meidian/index.php/Admin/Advert/addAdvert
INFO: [ app_begin ] --START--
INFO: Run Behavior\ReadHtmlCacheBehavior [ RunTime:0.000494s ]
INFO: [ app_begin ] --END-- [ RunTime:0.000868s ]
SQL: SHOW COLUMNS FROM `md_advert` [ RunTime:0.0042s ]
SQL: SHOW COLUMNS FROM `md_advert` [ RunTime:0.0039s ]
NOTIC: [8] Undefined variable: infos C:\wamp\www\meidian\Application\Admin\Controller\AdvertController.class.php 第 56 行.
NOTIC: [8] Undefined index: validate C:\wamp\www\meidian\ThinkPHP\Library\Think\Model.class.php 第 1185 行.
NOTIC: [8] Undefined index: auto C:\wamp\www\meidian\ThinkPHP\Library\Think\Model.class.php 第 1128 行.
SQL: INSERT INTO `md_advert` (`user_id`,`ad_name`,`ad_text`,`ad_company_id`,`ad_area_id`,`ad_place_id`,`ad_putnum`,`ad_time`) VALUES ('1','开机10秒','笔记本固态硬盘开机飞起','2','0','0','5','2016-12-24 11:40:52') [ RunTime:0.0084s ]

[ 2016-12-24T11:42:53+08:00 ] ::1 /meidian/index.php/Admin/File/addImg
INFO: [ app_begin ] --START--
INFO: Run Behavior\ReadHtmlCacheBehavior [ RunTime:0.002481s ]
INFO: [ app_begin ] --END-- [ RunTime:0.003801s ]
SQL: SHOW COLUMNS FROM `md_file_img` [ RunTime:0.0035s ]
SQL: SHOW COLUMNS FROM `md_file_video` [ RunTime:0.0038s ]
SQL: INSERT INTO `md_file_img` (`small_img`,`big_img`,`img_name`,`img_size`) VALUES ('20161224/thumb1482550971_731638832.jpg','20161224/1482550971_731638832.jpg','undefined','undefined') [ RunTime:0.0013s ]

[ 2016-12-24T11:43:12+08:00 ] ::1 /meidian/index.php/Admin/Advert/addAdFile
INFO: [ app_begin ] --START--
INFO: Run Behavior\ReadHtmlCacheBehavior [ RunTime:0.001975s ]
INFO: [ app_begin ] --END-- [ RunTime:0.002791s ]
SQL: SHOW COLUMNS FROM `md_advert` [ RunTime:0.0046s ]
SQL: SHOW COLUMNS FROM `md_advert` [ RunTime:0.0040s ]
SQL: UPDATE `md_advert` SET `img_id`='1' WHERE ( id='1' ) [ RunTime:0.0061s ]
NOTIC: [8] Undefined index: video_id C:\wamp\www\meidian\Application\Admin\Controller\AdvertController.class.php 第 197 行.

[ 2016-12-24T11:43:36+08:00 ] ::1 /meidian/index.php/Admin/File/addImg
INFO: [ app_begin ] --START--
INFO: Run Behavior\ReadHtmlCacheBehavior [ RunTime:0.001052s ]
INFO: [ app_begin ] --END-- [ RunTime:0.001582s ]
SQL: SHOW COLUMNS FROM `md_file_img` [ RunTime:0.0059s ]
SQL: SHOW COLUMNS FROM `md_file_video` [ RunTime:0.0032s ]
SQL: INSERT INTO `md_file_img` (`small_img`,`big_img`,`img_name`,`img_size`) VALUES ('20161224/thumb1482551014_314979230.jpg','20161224/1482551014_314979230.jpg','undefined','undefined') [ RunTime:0.0006s ]

[ 2016-12-24T11:49:56+08:00 ] ::1 /meidian/index.php/Admin/File/delFile
INFO: [ app_begin ] --START--
INFO: Run Behavior\ReadHtmlCacheBehavior [ RunTime:0.000730s ]
INFO: [ app_begin ] --END-- [ RunTime:0.001181s ]
SQL: SHOW COLUMNS FROM `md_file_img` [ RunTime:0.0295s ]
SQL: SHOW COLUMNS FROM `md_file_video` [ RunTime:0.0302s ]
SQL: DELETE FROM `md_file_img` WHERE ( id='1' ) [ RunTime:0.0864s ]

[ 2016-12-24T11:50:00+08:00 ] ::1 /meidian/index.php/Admin/File/delFile
INFO: [ app_begin ] --START--
INFO: Run Behavior\ReadHtmlCacheBehavior [ RunTime:0.000729s ]
INFO: [ app_begin ] --END-- [ RunTime:0.001159s ]
SQL: SHOW COLUMNS FROM `md_file_img` [ RunTime:0.0058s ]
SQL: SHOW COLUMNS FROM `md_file_video` [ RunTime:0.0044s ]
SQL: DELETE FROM `md_file_img` WHERE ( id='2' ) [ RunTime:0.0004s ]

[ 2016-12-24T11:50:09+08:00 ] ::1 /meidian/index.php/Admin/File/addImg
INFO: [ app_begin ] --START--
INFO: Run Behavior\ReadHtmlCacheBehavior [ RunTime:0.000728s ]
INFO: [ app_begin ] --END-- [ RunTime:0.001174s ]
SQL: SHOW COLUMNS FROM `md_file_img` [ RunTime:0.0063s ]
SQL: SHOW COLUMNS FROM `md_file_video` [ RunTime:0.0049s ]
SQL: INSERT INTO `md_file_img` (`small_img`,`big_img`,`img_name`,`img_size`) VALUES ('20161224/thumb1482551407_2066888276.jpg','20161224/1482551407_2066888276.jpg','杜勇公众号.jpg','157613') [ RunTime:0.0003s ]

[ 2016-12-24T11:50:30+08:00 ] ::1 /meidian/index.php/Admin/Advert/addAdFile
INFO: [ app_begin ] --START--
INFO: Run Behavior\ReadHtmlCacheBehavior [ RunTime:0.000851s ]
INFO: [ app_begin ] --END-- [ RunTime:0.001290s ]
SQL: SHOW COLUMNS FROM `md_advert` [ RunTime:0.0067s ]
SQL: SHOW COLUMNS FROM `md_advert` [ RunTime:0.0052s ]
SQL: UPDATE `md_advert` SET `img_id`='3' WHERE ( id='1' ) [ RunTime:0.0005s ]
NOTIC: [8] Undefined index: video_id C:\wamp\www\meidian\Application\Admin\Controller\AdvertController.class.php 第 197 行.

[ 2016-12-24T12:04:34+08:00 ] ::1 /meidian/index.php/Admin/File/addVideo
INFO: [ app_begin ] --START--
INFO: Run Behavior\ReadHtmlCacheBehavior [ RunTime:0.001311s ]
INFO: [ app_begin ] --END-- [ RunTime:0.001885s ]
SQL: SHOW COLUMNS FROM `md_file_img` [ RunTime:0.0072s ]
SQL: SHOW COLUMNS FROM `md_file_video` [ RunTime:0.0044s ]
SQL: INSERT INTO `md_file_video` (`video_url`,`video_name`,`video_size`) VALUES ('20161224/1482552261_702724020.mp4','myxj_video_20160104231224.mp4.mp4','855548') [ RunTime:0.0005s ]

[ 2016-12-24T12:09:04+08:00 ] ::1 /meidian/index.php/Admin/Advert/saveAdvert
INFO: [ app_begin ] --START--
INFO: Run Behavior\ReadHtmlCacheBehavior [ RunTime:0.000662s ]
INFO: [ app_begin ] --END-- [ RunTime:0.001092s ]
SQL: SHOW COLUMNS FROM `md_advert` [ RunTime:0.0169s ]
SQL: SHOW COLUMNS FROM `md_advert` [ RunTime:0.0051s ]
SQL: UPDATE `md_advert` SET `ad_name`='开机10秒',`ad_text`='笔记本固态硬盘开机飞起										',`img_id`='0',`video_id`='1',`ad_putnum`='0',`ad_company_id`='2',`ad_area_id`='1',`ad_place_id`='1' WHERE ( id='1' ) [ RunTime:0.0006s ]

[ 2016-12-24T13:27:59+08:00 ] ::1 /meidian/index.php/Admin/Advert/saveAdvert
INFO: [ app_begin ] --START--
INFO: Run Behavior\ReadHtmlCacheBehavior [ RunTime:0.000737s ]
INFO: [ app_begin ] --END-- [ RunTime:0.001205s ]
SQL: SHOW COLUMNS FROM `md_advert` [ RunTime:0.0074s ]
SQL: SHOW COLUMNS FROM `md_advert` [ RunTime:0.0053s ]
SQL: UPDATE `md_advert` SET `ad_name`='开机10秒',`ad_text`='笔记本固态硬盘开机飞起																				',`img_id`='0',`video_id`='0',`ad_putnum`='100',`ad_company_id`='2',`ad_area_id`='1',`ad_place_id`='2' WHERE ( id='1' ) [ RunTime:0.0007s ]

[ 2016-12-24T17:45:52+08:00 ] ::1 /meidian/index.php/Admin/Product/getStatus
INFO: [ app_begin ] --START--
INFO: Run Behavior\ReadHtmlCacheBehavior [ RunTime:0.001059s ]
INFO: [ app_begin ] --END-- [ RunTime:0.001585s ]
SQL: SHOW COLUMNS FROM `md_product` [ RunTime:0.0033s ]
SQL: SHOW COLUMNS FROM `md_product` [ RunTime:0.0033s ]
SQL: SELECT * FROM `md_product` WHERE `id` = 1  [ RunTime:0.0002s ]
SQL: UPDATE `md_product` SET `product_status`='0' WHERE ( id='1' or product_maccode='' ) [ RunTime:0.0002s ]

[ 2016-12-24T17:45:57+08:00 ] ::1 /meidian/index.php/Admin/Product/updateProduct
INFO: [ app_begin ] --START--
INFO: Run Behavior\ReadHtmlCacheBehavior [ RunTime:0.000577s ]
INFO: [ app_begin ] --END-- [ RunTime:0.000928s ]
SQL: SHOW COLUMNS FROM `md_product` [ RunTime:0.0048s ]
SQL: SHOW COLUMNS FROM `md_product` [ RunTime:0.0044s ]
SQL: UPDATE `md_product` SET `barbershop_id`='1',`product_fix`='0' WHERE ( id='1' or product_maccode='' ) [ RunTime:0.0004s ]

[ 2016-12-24T17:46:07+08:00 ] ::1 /meidian/index.php/Admin/Product/updateProduct
INFO: [ app_begin ] --START--
INFO: Run Behavior\ReadHtmlCacheBehavior [ RunTime:0.000738s ]
INFO: [ app_begin ] --END-- [ RunTime:0.001183s ]
SQL: SHOW COLUMNS FROM `md_product` [ RunTime:0.0058s ]
SQL: SHOW COLUMNS FROM `md_product` [ RunTime:0.0038s ]
SQL: UPDATE `md_product` SET `barbershop_id`='1',`product_fix`='1' WHERE ( id='1' or product_maccode='' ) [ RunTime:0.0003s ]

[ 2016-12-24T21:02:15+08:00 ] ::1 /meidian/index.php/Admin/Place/city
INFO: [ app_begin ] --START--
INFO: Run Behavior\ReadHtmlCacheBehavior [ RunTime:0.000800s ]
INFO: [ app_begin ] --END-- [ RunTime:0.001225s ]
SQL: SHOW COLUMNS FROM `md_place` [ RunTime:0.0070s ]
SQL: SHOW COLUMNS FROM `md_city` [ RunTime:0.0049s ]
SQL: SELECT * FROM `md_city` WHERE ( province_id=1 )  [ RunTime:0.0003s ]

[ 2016-12-24T21:03:15+08:00 ] ::1 /meidian/index.php/Admin/Place/city
INFO: [ app_begin ] --START--
INFO: Run Behavior\ReadHtmlCacheBehavior [ RunTime:0.000515s ]
INFO: [ app_begin ] --END-- [ RunTime:0.000899s ]
SQL: SHOW COLUMNS FROM `md_place` [ RunTime:0.0058s ]
SQL: SHOW COLUMNS FROM `md_city` [ RunTime:0.0033s ]
SQL: SELECT * FROM `md_city` WHERE ( province_id=1 )  [ RunTime:0.0003s ]

[ 2016-12-24T21:03:44+08:00 ] ::1 /meidian/index.php/Admin/Place/city
INFO: [ app_begin ] --START--
INFO: Run Behavior\ReadHtmlCacheBehavior [ RunTime:0.000729s ]
INFO: [ app_begin ] --END-- [ RunTime:0.001088s ]
SQL: SHOW COLUMNS FROM `md_place` [ RunTime:0.0045s ]
SQL: SHOW COLUMNS FROM `md_city` [ RunTime:0.0029s ]
SQL: SELECT * FROM `md_city` WHERE ( province_id=1 )  [ RunTime:0.0003s ]

[ 2016-12-24T21:05:43+08:00 ] ::1 /meidian/index.php/Admin/Place/city
INFO: [ app_begin ] --START--
INFO: Run Behavior\ReadHtmlCacheBehavior [ RunTime:0.001104s ]
INFO: [ app_begin ] --END-- [ RunTime:0.001709s ]
SQL: SHOW COLUMNS FROM `md_place` [ RunTime:0.0051s ]
SQL: SHOW COLUMNS FROM `md_city` [ RunTime:0.0042s ]
SQL: SELECT * FROM `md_city` WHERE ( province_id=1 )  [ RunTime:0.0003s ]

[ 2016-12-24T21:06:01+08:00 ] ::1 /meidian/index.php/Admin/Place/city
INFO: [ app_begin ] --START--
INFO: Run Behavior\ReadHtmlCacheBehavior [ RunTime:0.000916s ]
INFO: [ app_begin ] --END-- [ RunTime:0.001359s ]
SQL: SHOW COLUMNS FROM `md_place` [ RunTime:0.0059s ]
SQL: SHOW COLUMNS FROM `md_city` [ RunTime:0.0059s ]
SQL: SELECT * FROM `md_city` WHERE ( province_id=1 )  [ RunTime:0.0003s ]

[ 2016-12-24T21:06:08+08:00 ] ::1 /meidian/index.php/Admin/Place/city
INFO: [ app_begin ] --START--
INFO: Run Behavior\ReadHtmlCacheBehavior [ RunTime:0.000386s ]
INFO: [ app_begin ] --END-- [ RunTime:0.000699s ]
SQL: SHOW COLUMNS FROM `md_place` [ RunTime:0.0066s ]
SQL: SHOW COLUMNS FROM `md_city` [ RunTime:0.0035s ]
SQL: SELECT * FROM `md_city` WHERE ( province_id=1 )  [ RunTime:0.0003s ]

[ 2016-12-24T21:06:31+08:00 ] ::1 /meidian/index.php/Admin/Place/city
INFO: [ app_begin ] --START--
INFO: Run Behavior\ReadHtmlCacheBehavior [ RunTime:0.000571s ]
INFO: [ app_begin ] --END-- [ RunTime:0.000920s ]
SQL: SHOW COLUMNS FROM `md_place` [ RunTime:0.0064s ]
SQL: SHOW COLUMNS FROM `md_city` [ RunTime:0.0036s ]
SQL: SELECT * FROM `md_city` WHERE ( province_id=1 )  [ RunTime:0.0003s ]

[ 2016-12-24T21:06:54+08:00 ] ::1 /meidian/index.php/Admin/Place/city
INFO: [ app_begin ] --START--
INFO: Run Behavior\ReadHtmlCacheBehavior [ RunTime:0.000384s ]
INFO: [ app_begin ] --END-- [ RunTime:0.000673s ]
SQL: SHOW COLUMNS FROM `md_place` [ RunTime:0.0051s ]
SQL: SHOW COLUMNS FROM `md_city` [ RunTime:0.0028s ]
SQL: SELECT * FROM `md_city` WHERE ( province_id=1 )  [ RunTime:0.0003s ]

[ 2016-12-24T21:07:17+08:00 ] ::1 /meidian/index.php/Admin/Place/city
INFO: [ app_begin ] --START--
INFO: Run Behavior\ReadHtmlCacheBehavior [ RunTime:0.000735s ]
INFO: [ app_begin ] --END-- [ RunTime:0.001160s ]
SQL: SHOW COLUMNS FROM `md_place` [ RunTime:0.0065s ]
SQL: SHOW COLUMNS FROM `md_city` [ RunTime:0.0036s ]
SQL: SELECT * FROM `md_city` WHERE ( province_id=1 )  [ RunTime:0.0002s ]

[ 2016-12-24T21:08:39+08:00 ] ::1 /meidian/index.php/Admin/Place/city
INFO: [ app_begin ] --START--
INFO: Run Behavior\ReadHtmlCacheBehavior [ RunTime:0.000556s ]
INFO: [ app_begin ] --END-- [ RunTime:0.000989s ]
SQL: SHOW COLUMNS FROM `md_place` [ RunTime:0.0072s ]
SQL: SHOW COLUMNS FROM `md_city` [ RunTime:0.0047s ]
SQL: SELECT * FROM `md_city` WHERE ( province_id=1 )  [ RunTime:0.0004s ]

[ 2016-12-24T21:08:47+08:00 ] ::1 /meidian/index.php/Admin/Place/city
INFO: [ app_begin ] --START--
INFO: Run Behavior\ReadHtmlCacheBehavior [ RunTime:0.000681s ]
INFO: [ app_begin ] --END-- [ RunTime:0.001657s ]
SQL: SHOW COLUMNS FROM `md_place` [ RunTime:0.0079s ]
SQL: SHOW COLUMNS FROM `md_city` [ RunTime:0.0044s ]
SQL: SELECT * FROM `md_city` WHERE ( province_id=1 )  [ RunTime:0.0003s ]

[ 2016-12-24T21:09:28+08:00 ] ::1 /meidian/index.php/Admin/Place/city
INFO: [ app_begin ] --START--
INFO: Run Behavior\ReadHtmlCacheBehavior [ RunTime:0.001129s ]
INFO: [ app_begin ] --END-- [ RunTime:0.001603s ]
SQL: SHOW COLUMNS FROM `md_place` [ RunTime:0.0072s ]
SQL: SHOW COLUMNS FROM `md_city` [ RunTime:0.0058s ]
SQL: SELECT * FROM `md_city` WHERE ( province_id=1 )  [ RunTime:0.0004s ]

[ 2016-12-24T21:11:08+08:00 ] ::1 /meidian/index.php/Admin/Place/city
INFO: [ app_begin ] --START--
INFO: Run Behavior\ReadHtmlCacheBehavior [ RunTime:0.000794s ]
INFO: [ app_begin ] --END-- [ RunTime:0.001243s ]
SQL: SHOW COLUMNS FROM `md_place` [ RunTime:0.0056s ]
SQL: SHOW COLUMNS FROM `md_city` [ RunTime:0.0028s ]
SQL: SELECT * FROM `md_city` WHERE ( province_id=1 )  [ RunTime:0.0002s ]

[ 2016-12-24T21:12:19+08:00 ] ::1 /meidian/index.php/Admin/Place/city
INFO: [ app_begin ] --START--
INFO: Run Behavior\ReadHtmlCacheBehavior [ RunTime:0.000667s ]
INFO: [ app_begin ] --END-- [ RunTime:0.001062s ]
SQL: SHOW COLUMNS FROM `md_place` [ RunTime:0.0124s ]
SQL: SHOW COLUMNS FROM `md_city` [ RunTime:0.0066s ]
SQL: SELECT * FROM `md_city` WHERE ( province_id=1 )  [ RunTime:0.0004s ]

[ 2016-12-24T21:13:40+08:00 ] ::1 /meidian/index.php/Admin/Place/city
INFO: [ app_begin ] --START--
INFO: Run Behavior\ReadHtmlCacheBehavior [ RunTime:0.000717s ]
INFO: [ app_begin ] --END-- [ RunTime:0.001267s ]
SQL: SHOW COLUMNS FROM `md_place` [ RunTime:0.0063s ]
SQL: SHOW COLUMNS FROM `md_city` [ RunTime:0.0034s ]
SQL: SELECT * FROM `md_city` WHERE ( province_id=1 )  [ RunTime:0.0002s ]

[ 2016-12-24T21:14:05+08:00 ] ::1 /meidian/index.php/Admin/Place/city
INFO: [ app_begin ] --START--
INFO: Run Behavior\ReadHtmlCacheBehavior [ RunTime:0.000886s ]
INFO: [ app_begin ] --END-- [ RunTime:0.001420s ]
SQL: SHOW COLUMNS FROM `md_place` [ RunTime:0.0056s ]
SQL: SHOW COLUMNS FROM `md_city` [ RunTime:0.0036s ]
SQL: SELECT * FROM `md_city` WHERE ( province_id=1 )  [ RunTime:0.0002s ]

[ 2016-12-24T21:16:57+08:00 ] ::1 /meidian/index.php/Admin/Place/city
INFO: [ app_begin ] --START--
INFO: Run Behavior\ReadHtmlCacheBehavior [ RunTime:0.000730s ]
INFO: [ app_begin ] --END-- [ RunTime:0.001224s ]
SQL: SHOW COLUMNS FROM `md_place` [ RunTime:0.0050s ]
SQL: SHOW COLUMNS FROM `md_city` [ RunTime:0.0052s ]
SQL: SELECT * FROM `md_city` WHERE ( province_id=1 )  [ RunTime:0.0005s ]

[ 2016-12-24T21:19:13+08:00 ] ::1 /meidian/index.php/Admin/Place/city
INFO: [ app_begin ] --START--
INFO: Run Behavior\ReadHtmlCacheBehavior [ RunTime:0.000608s ]
INFO: [ app_begin ] --END-- [ RunTime:0.001093s ]
SQL: SHOW COLUMNS FROM `md_place` [ RunTime:0.0036s ]
SQL: SHOW COLUMNS FROM `md_city` [ RunTime:0.0028s ]
SQL: SELECT * FROM `md_city` WHERE ( province_id=1 )  [ RunTime:0.0002s ]

[ 2016-12-24T21:27:53+08:00 ] ::1 /meidian/index.php/Admin/Place/city
INFO: [ app_begin ] --START--
INFO: Run Behavior\ReadHtmlCacheBehavior [ RunTime:0.000642s ]
INFO: [ app_begin ] --END-- [ RunTime:0.000987s ]
SQL: SHOW COLUMNS FROM `md_place` [ RunTime:0.0067s ]
SQL: SHOW COLUMNS FROM `md_city` [ RunTime:0.0029s ]
SQL: SELECT * FROM `md_city` WHERE ( province_id=1 )  [ RunTime:0.0002s ]

[ 2016-12-24T21:28:47+08:00 ] ::1 /meidian/index.php/Admin/Place/city
INFO: [ app_begin ] --START--
INFO: Run Behavior\ReadHtmlCacheBehavior [ RunTime:0.001715s ]
INFO: [ app_begin ] --END-- [ RunTime:0.002881s ]
SQL: SHOW COLUMNS FROM `md_place` [ RunTime:0.0038s ]
SQL: SHOW COLUMNS FROM `md_city` [ RunTime:0.0065s ]
SQL: SELECT * FROM `md_city` WHERE ( province_id=1 )  [ RunTime:0.0005s ]

[ 2016-12-24T21:29:54+08:00 ] ::1 /meidian/index.php/Admin/Place/city
INFO: [ app_begin ] --START--
INFO: Run Behavior\ReadHtmlCacheBehavior [ RunTime:0.000750s ]
INFO: [ app_begin ] --END-- [ RunTime:0.001284s ]
SQL: SHOW COLUMNS FROM `md_place` [ RunTime:0.0059s ]
SQL: SHOW COLUMNS FROM `md_city` [ RunTime:0.0050s ]
SQL: SELECT * FROM `md_city` WHERE ( province_id=1 )  [ RunTime:0.0003s ]

[ 2016-12-24T21:30:52+08:00 ] ::1 /meidian/index.php/Admin/Place/city
INFO: [ app_begin ] --START--
INFO: Run Behavior\ReadHtmlCacheBehavior [ RunTime:0.000611s ]
INFO: [ app_begin ] --END-- [ RunTime:0.000970s ]
SQL: SHOW COLUMNS FROM `md_place` [ RunTime:0.0067s ]
SQL: SHOW COLUMNS FROM `md_city` [ RunTime:0.0034s ]
SQL: SELECT * FROM `md_city` WHERE ( province_id=1 )  [ RunTime:0.0002s ]

[ 2016-12-24T21:33:34+08:00 ] ::1 /meidian/index.php/Admin/Place/city
INFO: [ app_begin ] --START--
INFO: Run Behavior\ReadHtmlCacheBehavior [ RunTime:0.000626s ]
INFO: [ app_begin ] --END-- [ RunTime:0.001182s ]
SQL: SHOW COLUMNS FROM `md_place` [ RunTime:0.0047s ]
SQL: SHOW COLUMNS FROM `md_city` [ RunTime:0.0042s ]
SQL: SELECT * FROM `md_city` WHERE ( province_id=1 )  [ RunTime:0.0004s ]

[ 2016-12-24T21:34:16+08:00 ] ::1 /meidian/index.php/Admin/Place/city
INFO: [ app_begin ] --START--
INFO: Run Behavior\ReadHtmlCacheBehavior [ RunTime:0.001256s ]
INFO: [ app_begin ] --END-- [ RunTime:0.001896s ]
SQL: SHOW COLUMNS FROM `md_place` [ RunTime:0.0142s ]
SQL: SHOW COLUMNS FROM `md_city` [ RunTime:0.0158s ]
SQL: SELECT * FROM `md_city` WHERE ( province_id=1 )  [ RunTime:0.0003s ]

[ 2016-12-24T21:36:15+08:00 ] ::1 /meidian/index.php/Admin/Index/__PUBLIC__/assets/js/chosen.jquery.min.js
ERR: 非法操作:__PUBLIC__

[ 2016-12-24T21:36:17+08:00 ] ::1 /meidian/index.php/Admin/Index/__PUBLIC__/assets/js/chosen.jquery.min.js
ERR: 非法操作:__PUBLIC__

[ 2016-12-24T21:37:00+08:00 ] ::1 /meidian/index.php/Admin/Index/__PUBLIC__/assets/js/chosen.jquery.min.js
ERR: 非法操作:__PUBLIC__

[ 2016-12-24T21:37:22+08:00 ] ::1 /meidian/index.php/Admin/Index/__PUBLIC__/assets/js/chosen.jquery.min.js
ERR: 非法操作:__PUBLIC__

[ 2016-12-24T21:37:31+08:00 ] ::1 /meidian/index.php/Admin/Place/city
INFO: [ app_begin ] --START--
INFO: Run Behavior\ReadHtmlCacheBehavior [ RunTime:0.000384s ]
INFO: [ app_begin ] --END-- [ RunTime:0.000679s ]
SQL: SHOW COLUMNS FROM `md_place` [ RunTime:0.0053s ]
SQL: SHOW COLUMNS FROM `md_city` [ RunTime:0.0030s ]
SQL: SELECT * FROM `md_city` WHERE ( province_id=1 )  [ RunTime:0.0003s ]

[ 2016-12-24T21:43:12+08:00 ] ::1 /meidian/index.php/Admin/Place/city
INFO: [ app_begin ] --START--
INFO: Run Behavior\ReadHtmlCacheBehavior [ RunTime:0.000941s ]
INFO: [ app_begin ] --END-- [ RunTime:0.001487s ]
SQL: SHOW COLUMNS FROM `md_place` [ RunTime:0.0051s ]
SQL: SHOW COLUMNS FROM `md_city` [ RunTime:0.0041s ]
SQL: SELECT * FROM `md_city` WHERE ( province_id=1 )  [ RunTime:0.0003s ]

[ 2016-12-24T21:43:41+08:00 ] ::1 /meidian/index.php/Admin/Place/city
INFO: [ app_begin ] --START--
INFO: Run Behavior\ReadHtmlCacheBehavior [ RunTime:0.000812s ]
INFO: [ app_begin ] --END-- [ RunTime:0.001296s ]
SQL: SHOW COLUMNS FROM `md_place` [ RunTime:0.0052s ]
SQL: SHOW COLUMNS FROM `md_city` [ RunTime:0.0038s ]
SQL: SELECT * FROM `md_city` WHERE ( province_id=1 )  [ RunTime:0.0004s ]

[ 2016-12-24T21:44:37+08:00 ] ::1 /meidian/index.php/Admin/Place/city
INFO: [ app_begin ] --START--
INFO: Run Behavior\ReadHtmlCacheBehavior [ RunTime:0.000547s ]
INFO: [ app_begin ] --END-- [ RunTime:0.000911s ]
SQL: SHOW COLUMNS FROM `md_place` [ RunTime:0.0058s ]
SQL: SHOW COLUMNS FROM `md_city` [ RunTime:0.0036s ]
SQL: SELECT * FROM `md_city` WHERE ( province_id=1 )  [ RunTime:0.0002s ]

[ 2016-12-24T21:45:04+08:00 ] ::1 /meidian/index.php/Admin/Place/city
INFO: [ app_begin ] --START--
INFO: Run Behavior\ReadHtmlCacheBehavior [ RunTime:0.000495s ]
INFO: [ app_begin ] --END-- [ RunTime:0.000868s ]
SQL: SHOW COLUMNS FROM `md_place` [ RunTime:0.0031s ]
SQL: SHOW COLUMNS FROM `md_city` [ RunTime:0.0051s ]
SQL: SELECT * FROM `md_city` WHERE ( province_id=1 )  [ RunTime:0.0003s ]

[ 2016-12-24T21:47:00+08:00 ] ::1 /meidian/index.php/Admin/Place/city
INFO: [ app_begin ] --START--
INFO: Run Behavior\ReadHtmlCacheBehavior [ RunTime:0.000495s ]
INFO: [ app_begin ] --END-- [ RunTime:0.000865s ]
SQL: SHOW COLUMNS FROM `md_place` [ RunTime:0.0035s ]
SQL: SHOW COLUMNS FROM `md_city` [ RunTime:0.0051s ]
SQL: SELECT * FROM `md_city` WHERE ( province_id=1 )  [ RunTime:0.0004s ]

[ 2016-12-24T21:47:16+08:00 ] ::1 /meidian/index.php/Admin/Place/city
INFO: [ app_begin ] --START--
INFO: Run Behavior\ReadHtmlCacheBehavior [ RunTime:0.000664s ]
INFO: [ app_begin ] --END-- [ RunTime:0.001105s ]
SQL: SHOW COLUMNS FROM `md_place` [ RunTime:0.0028s ]
SQL: SHOW COLUMNS FROM `md_city` [ RunTime:0.0031s ]
SQL: SELECT * FROM `md_city` WHERE ( province_id=1 )  [ RunTime:0.0003s ]

[ 2016-12-24T21:47:58+08:00 ] ::1 /meidian/index.php/Admin/Place/city
INFO: [ app_begin ] --START--
INFO: Run Behavior\ReadHtmlCacheBehavior [ RunTime:0.000714s ]
INFO: [ app_begin ] --END-- [ RunTime:0.001054s ]
SQL: SHOW COLUMNS FROM `md_place` [ RunTime:0.0031s ]
SQL: SHOW COLUMNS FROM `md_city` [ RunTime:0.0035s ]
SQL: SELECT * FROM `md_city` WHERE ( province_id=1 )  [ RunTime:0.0003s ]

[ 2016-12-24T21:48:15+08:00 ] ::1 /meidian/index.php/Admin/Place/city
INFO: [ app_begin ] --START--
INFO: Run Behavior\ReadHtmlCacheBehavior [ RunTime:0.000773s ]
INFO: [ app_begin ] --END-- [ RunTime:0.001251s ]
SQL: SHOW COLUMNS FROM `md_place` [ RunTime:0.0038s ]
SQL: SHOW COLUMNS FROM `md_city` [ RunTime:0.0035s ]
SQL: SELECT * FROM `md_city` WHERE ( province_id=1 )  [ RunTime:0.0002s ]

[ 2016-12-24T21:50:37+08:00 ] ::1 /meidian/index.php/Admin/Place/city
INFO: [ app_begin ] --START--
INFO: Run Behavior\ReadHtmlCacheBehavior [ RunTime:0.000651s ]
INFO: [ app_begin ] --END-- [ RunTime:0.001016s ]
SQL: SHOW COLUMNS FROM `md_place` [ RunTime:0.0077s ]
SQL: SHOW COLUMNS FROM `md_city` [ RunTime:0.0037s ]
SQL: SELECT * FROM `md_city` WHERE ( province_id=1 )  [ RunTime:0.0002s ]

[ 2016-12-24T21:51:42+08:00 ] ::1 /meidian/index.php/Admin/Place/city
INFO: [ app_begin ] --START--
INFO: Run Behavior\ReadHtmlCacheBehavior [ RunTime:0.000660s ]
INFO: [ app_begin ] --END-- [ RunTime:0.001094s ]
SQL: SHOW COLUMNS FROM `md_place` [ RunTime:0.0065s ]
SQL: SHOW COLUMNS FROM `md_city` [ RunTime:0.0036s ]
SQL: SELECT * FROM `md_city` WHERE ( province_id=1 )  [ RunTime:0.0002s ]

[ 2016-12-24T21:54:44+08:00 ] ::1 /meidian/index.php/Admin/Place/city
INFO: [ app_begin ] --START--
INFO: Run Behavior\ReadHtmlCacheBehavior [ RunTime:0.000686s ]
INFO: [ app_begin ] --END-- [ RunTime:0.001160s ]
SQL: SHOW COLUMNS FROM `md_place` [ RunTime:0.0063s ]
SQL: SHOW COLUMNS FROM `md_city` [ RunTime:0.0040s ]
SQL: SELECT * FROM `md_city` WHERE ( province_id=1 )  [ RunTime:0.0003s ]

[ 2016-12-24T21:54:57+08:00 ] ::1 /meidian/index.php/Admin/Place/city
INFO: [ app_begin ] --START--
INFO: Run Behavior\ReadHtmlCacheBehavior [ RunTime:0.000931s ]
INFO: [ app_begin ] --END-- [ RunTime:0.001373s ]
SQL: SHOW COLUMNS FROM `md_place` [ RunTime:0.0060s ]
SQL: SHOW COLUMNS FROM `md_city` [ RunTime:0.0039s ]
SQL: SELECT * FROM `md_city` WHERE ( province_id=1 )  [ RunTime:0.0002s ]

[ 2016-12-24T21:56:50+08:00 ] ::1 /meidian/index.php/Admin/Place/city
INFO: [ app_begin ] --START--
INFO: Run Behavior\ReadHtmlCacheBehavior [ RunTime:0.000780s ]
INFO: [ app_begin ] --END-- [ RunTime:0.001265s ]
SQL: SHOW COLUMNS FROM `md_place` [ RunTime:0.0054s ]
SQL: SHOW COLUMNS FROM `md_city` [ RunTime:0.0040s ]
SQL: SELECT * FROM `md_city` WHERE ( province_id=1 )  [ RunTime:0.0003s ]

[ 2016-12-24T21:57:03+08:00 ] ::1 /meidian/index.php/Admin/Place/city
INFO: [ app_begin ] --START--
INFO: Run Behavior\ReadHtmlCacheBehavior [ RunTime:0.000545s ]
INFO: [ app_begin ] --END-- [ RunTime:0.000981s ]
SQL: SHOW COLUMNS FROM `md_place` [ RunTime:0.0049s ]
SQL: SHOW COLUMNS FROM `md_city` [ RunTime:0.0031s ]
SQL: SELECT * FROM `md_city`  [ RunTime:0.0002s ]

[ 2016-12-24T21:58:27+08:00 ] ::1 /meidian/index.php/Admin/Place/city
INFO: [ app_begin ] --START--
INFO: Run Behavior\ReadHtmlCacheBehavior [ RunTime:0.000926s ]
INFO: [ app_begin ] --END-- [ RunTime:0.001364s ]
SQL: SHOW COLUMNS FROM `md_place` [ RunTime:0.0057s ]
SQL: SHOW COLUMNS FROM `md_city` [ RunTime:0.0030s ]
SQL: SELECT * FROM `md_city` WHERE ( province_id=1 )  [ RunTime:0.0002s ]

[ 2016-12-24T21:58:37+08:00 ] ::1 /meidian/index.php/Admin/Place/city
INFO: [ app_begin ] --START--
INFO: Run Behavior\ReadHtmlCacheBehavior [ RunTime:0.000701s ]
INFO: [ app_begin ] --END-- [ RunTime:0.001135s ]
SQL: SHOW COLUMNS FROM `md_place` [ RunTime:0.0053s ]
SQL: SHOW COLUMNS FROM `md_city` [ RunTime:0.0030s ]
SQL: SELECT * FROM `md_city`  [ RunTime:0.0002s ]

[ 2016-12-24T21:58:48+08:00 ] ::1 /meidian/index.php/Admin/Place/city
INFO: [ app_begin ] --START--
INFO: Run Behavior\ReadHtmlCacheBehavior [ RunTime:0.000902s ]
INFO: [ app_begin ] --END-- [ RunTime:0.001341s ]
SQL: SHOW COLUMNS FROM `md_place` [ RunTime:0.0046s ]
SQL: SHOW COLUMNS FROM `md_city` [ RunTime:0.0051s ]
SQL: SELECT * FROM `md_city` WHERE ( province_id=1 )  [ RunTime:0.0003s ]

[ 2016-12-24T21:59:17+08:00 ] ::1 /meidian/index.php/Admin/Place/city
INFO: [ app_begin ] --START--
INFO: Run Behavior\ReadHtmlCacheBehavior [ RunTime:0.000886s ]
INFO: [ app_begin ] --END-- [ RunTime:0.001318s ]
SQL: SHOW COLUMNS FROM `md_place` [ RunTime:0.0066s ]
SQL: SHOW COLUMNS FROM `md_city` [ RunTime:0.0048s ]
SQL: SELECT * FROM `md_city`  [ RunTime:0.0002s ]

[ 2016-12-24T21:59:19+08:00 ] ::1 /meidian/index.php/Admin/Place/city
INFO: [ app_begin ] --START--
INFO: Run Behavior\ReadHtmlCacheBehavior [ RunTime:0.000898s ]
INFO: [ app_begin ] --END-- [ RunTime:0.001381s ]
SQL: SHOW COLUMNS FROM `md_place` [ RunTime:0.0037s ]
SQL: SHOW COLUMNS FROM `md_city` [ RunTime:0.0032s ]
SQL: SELECT * FROM `md_city` WHERE ( province_id=1 )  [ RunTime:0.0002s ]

[ 2016-12-24T22:05:12+08:00 ] ::1 /meidian/index.php/Admin/Place/city
INFO: [ app_begin ] --START--
INFO: Run Behavior\ReadHtmlCacheBehavior [ RunTime:0.000547s ]
INFO: [ app_begin ] --END-- [ RunTime:0.000897s ]
SQL: SHOW COLUMNS FROM `md_place` [ RunTime:0.0063s ]
SQL: SHOW COLUMNS FROM `md_city` [ RunTime:0.0059s ]
SQL: SELECT * FROM `md_city` WHERE ( province_id=1 )  [ RunTime:0.0004s ]

[ 2016-12-24T22:05:14+08:00 ] ::1 /meidian/index.php/Admin/Place/district
INFO: [ app_begin ] --START--
INFO: Run Behavior\ReadHtmlCacheBehavior [ RunTime:0.000480s ]
INFO: [ app_begin ] --END-- [ RunTime:0.000761s ]
SQL: SHOW COLUMNS FROM `md_place` [ RunTime:0.0034s ]
SQL: SHOW COLUMNS FROM `md_district` [ RunTime:0.0048s ]
SQL: SELECT * FROM `md_district` WHERE ( city_id=1 )  [ RunTime:0.0006s ]

[ 2016-12-24T22:05:53+08:00 ] ::1 /meidian/index.php/Admin/Place/city
INFO: [ app_begin ] --START--
INFO: Run Behavior\ReadHtmlCacheBehavior [ RunTime:0.000970s ]
INFO: [ app_begin ] --END-- [ RunTime:0.001419s ]
SQL: SHOW COLUMNS FROM `md_place` [ RunTime:0.0071s ]
SQL: SHOW COLUMNS FROM `md_city` [ RunTime:0.0029s ]
SQL: SELECT * FROM `md_city` WHERE ( province_id=1 )  [ RunTime:0.0005s ]

[ 2016-12-24T22:05:55+08:00 ] ::1 /meidian/index.php/Admin/Place/district
INFO: [ app_begin ] --START--
INFO: Run Behavior\ReadHtmlCacheBehavior [ RunTime:0.000735s ]
INFO: [ app_begin ] --END-- [ RunTime:0.001079s ]
SQL: SHOW COLUMNS FROM `md_place` [ RunTime:0.0026s ]
SQL: SHOW COLUMNS FROM `md_district` [ RunTime:0.0026s ]
SQL: SELECT * FROM `md_district` WHERE ( city_id=1 )  [ RunTime:0.0002s ]

[ 2016-12-24T22:06:01+08:00 ] ::1 /meidian/index.php/Admin/Place/district
INFO: [ app_begin ] --START--
INFO: Run Behavior\ReadHtmlCacheBehavior [ RunTime:0.000882s ]
INFO: [ app_begin ] --END-- [ RunTime:0.001338s ]
SQL: SHOW COLUMNS FROM `md_place` [ RunTime:0.0070s ]
SQL: SHOW COLUMNS FROM `md_district` [ RunTime:0.0032s ]
SQL: SELECT * FROM `md_district` WHERE ( city_id=2 )  [ RunTime:0.0002s ]

[ 2016-12-24T22:06:29+08:00 ] ::1 /meidian/index.php/Admin/Place/city
INFO: [ app_begin ] --START--
INFO: Run Behavior\ReadHtmlCacheBehavior [ RunTime:0.000882s ]
INFO: [ app_begin ] --END-- [ RunTime:0.001332s ]
SQL: SHOW COLUMNS FROM `md_place` [ RunTime:0.0050s ]
SQL: SHOW COLUMNS FROM `md_city` [ RunTime:0.0058s ]
SQL: SELECT * FROM `md_city` WHERE ( province_id=1 )  [ RunTime:0.0003s ]

[ 2016-12-24T22:06:30+08:00 ] ::1 /meidian/index.php/Admin/Place/district
INFO: [ app_begin ] --START--
INFO: Run Behavior\ReadHtmlCacheBehavior [ RunTime:0.000866s ]
INFO: [ app_begin ] --END-- [ RunTime:0.001308s ]
SQL: SHOW COLUMNS FROM `md_place` [ RunTime:0.0058s ]
SQL: SHOW COLUMNS FROM `md_district` [ RunTime:0.0039s ]
SQL: SELECT * FROM `md_district` WHERE ( city_id=1 )  [ RunTime:0.0002s ]

[ 2016-12-24T22:06:32+08:00 ] ::1 /meidian/index.php/Admin/Place/district
INFO: [ app_begin ] --START--
INFO: Run Behavior\ReadHtmlCacheBehavior [ RunTime:0.000875s ]
INFO: [ app_begin ] --END-- [ RunTime:0.001316s ]
SQL: SHOW COLUMNS FROM `md_place` [ RunTime:0.0037s ]
SQL: SHOW COLUMNS FROM `md_district` [ RunTime:0.0040s ]
SQL: SELECT * FROM `md_district` WHERE ( city_id=2 )  [ RunTime:0.0003s ]

[ 2016-12-24T22:06:37+08:00 ] ::1 /meidian/index.php/Admin/Place/district
INFO: [ app_begin ] --START--
INFO: Run Behavior\ReadHtmlCacheBehavior [ RunTime:0.000885s ]
INFO: [ app_begin ] --END-- [ RunTime:0.001328s ]
SQL: SHOW COLUMNS FROM `md_place` [ RunTime:0.0053s ]
SQL: SHOW COLUMNS FROM `md_district` [ RunTime:0.0036s ]
SQL: SELECT * FROM `md_district` WHERE ( city_id=1 )  [ RunTime:0.0002s ]

[ 2016-12-24T22:07:12+08:00 ] ::1 /meidian/index.php/Admin/Place/city
INFO: [ app_begin ] --START--
INFO: Run Behavior\ReadHtmlCacheBehavior [ RunTime:0.001134s ]
INFO: [ app_begin ] --END-- [ RunTime:0.001675s ]
SQL: SHOW COLUMNS FROM `md_place` [ RunTime:0.0032s ]
SQL: SHOW COLUMNS FROM `md_city` [ RunTime:0.0026s ]
SQL: SELECT * FROM `md_city`  [ RunTime:0.0003s ]

[ 2016-12-24T22:07:16+08:00 ] ::1 /meidian/index.php/Admin/Place/city
INFO: [ app_begin ] --START--
INFO: Run Behavior\ReadHtmlCacheBehavior [ RunTime:0.001364s ]
INFO: [ app_begin ] --END-- [ RunTime:0.002021s ]
SQL: SHOW COLUMNS FROM `md_place` [ RunTime:0.0071s ]
SQL: SHOW COLUMNS FROM `md_city` [ RunTime:0.0041s ]
SQL: SELECT * FROM `md_city` WHERE ( province_id=1 )  [ RunTime:0.0003s ]

[ 2016-12-24T22:07:19+08:00 ] ::1 /meidian/index.php/Admin/Place/city
INFO: [ app_begin ] --START--
INFO: Run Behavior\ReadHtmlCacheBehavior [ RunTime:0.000966s ]
INFO: [ app_begin ] --END-- [ RunTime:0.001447s ]
SQL: SHOW COLUMNS FROM `md_place` [ RunTime:0.0052s ]
SQL: SHOW COLUMNS FROM `md_city` [ RunTime:0.0035s ]
SQL: SELECT * FROM `md_city`  [ RunTime:0.0003s ]

[ 2016-12-24T22:07:22+08:00 ] ::1 /meidian/index.php/Admin/Place/city
INFO: [ app_begin ] --START--
INFO: Run Behavior\ReadHtmlCacheBehavior [ RunTime:0.000942s ]
INFO: [ app_begin ] --END-- [ RunTime:0.001434s ]
SQL: SHOW COLUMNS FROM `md_place` [ RunTime:0.0062s ]
SQL: SHOW COLUMNS FROM `md_city` [ RunTime:0.0036s ]
SQL: SELECT * FROM `md_city` WHERE ( province_id=1 )  [ RunTime:0.0003s ]

[ 2016-12-24T22:07:23+08:00 ] ::1 /meidian/index.php/Admin/Place/city
INFO: [ app_begin ] --START--
INFO: Run Behavior\ReadHtmlCacheBehavior [ RunTime:0.000712s ]
INFO: [ app_begin ] --END-- [ RunTime:0.001125s ]
SQL: SHOW COLUMNS FROM `md_place` [ RunTime:0.0061s ]
SQL: SHOW COLUMNS FROM `md_city` [ RunTime:0.0032s ]
SQL: SELECT * FROM `md_city`  [ RunTime:0.0002s ]

[ 2016-12-24T22:07:35+08:00 ] ::1 /meidian/index.php/Admin/Place/district
INFO: [ app_begin ] --START--
INFO: Run Behavior\ReadHtmlCacheBehavior [ RunTime:0.000913s ]
INFO: [ app_begin ] --END-- [ RunTime:0.001390s ]
SQL: SHOW COLUMNS FROM `md_place` [ RunTime:0.0255s ]
SQL: SHOW COLUMNS FROM `md_district` [ RunTime:0.0032s ]
SQL: SELECT * FROM `md_district` WHERE ( city_id=1 )  [ RunTime:0.0002s ]

[ 2016-12-24T22:07:36+08:00 ] ::1 /meidian/index.php/Admin/Place/district
INFO: [ app_begin ] --START--
INFO: Run Behavior\ReadHtmlCacheBehavior [ RunTime:0.000919s ]
INFO: [ app_begin ] --END-- [ RunTime:0.001421s ]
SQL: SHOW COLUMNS FROM `md_place` [ RunTime:0.0041s ]
SQL: SHOW COLUMNS FROM `md_district` [ RunTime:0.0042s ]
ERR: 1054:Champ '请选择城市' inconnu dans where clause
 [ SQL语句 ] : SELECT * FROM `md_district` WHERE ( city_id=请选择城市 ) 
ERR: 1054:Champ '请选择城市' inconnu dans where clause
 [ SQL语句 ] : SELECT * FROM `md_district` WHERE ( city_id=请选择城市 ) 

[ 2016-12-24T22:07:41+08:00 ] ::1 /meidian/index.php/Admin/Place/district
INFO: [ app_begin ] --START--
INFO: Run Behavior\ReadHtmlCacheBehavior [ RunTime:0.000925s ]
INFO: [ app_begin ] --END-- [ RunTime:0.001406s ]
SQL: SHOW COLUMNS FROM `md_place` [ RunTime:0.0036s ]
SQL: SHOW COLUMNS FROM `md_district` [ RunTime:0.0048s ]
SQL: SELECT * FROM `md_district` WHERE ( city_id=2 )  [ RunTime:0.0003s ]

[ 2016-12-24T23:34:14+08:00 ] ::1 /meidian/index.php/Admin/Place/city
INFO: [ app_begin ] --START--
INFO: Run Behavior\ReadHtmlCacheBehavior [ RunTime:0.000734s ]
INFO: [ app_begin ] --END-- [ RunTime:0.001069s ]
SQL: SHOW COLUMNS FROM `md_place` [ RunTime:0.0042s ]
SQL: SHOW COLUMNS FROM `md_city` [ RunTime:0.0045s ]
SQL: SELECT * FROM `md_city` WHERE ( province_id=1 )  [ RunTime:0.0003s ]

[ 2016-12-24T23:34:16+08:00 ] ::1 /meidian/index.php/Admin/Place/district
INFO: [ app_begin ] --START--
INFO: Run Behavior\ReadHtmlCacheBehavior [ RunTime:0.000707s ]
INFO: [ app_begin ] --END-- [ RunTime:0.001064s ]
SQL: SHOW COLUMNS FROM `md_place` [ RunTime:0.0030s ]
SQL: SHOW COLUMNS FROM `md_district` [ RunTime:0.0029s ]
SQL: SELECT * FROM `md_district` WHERE ( city_id=2 )  [ RunTime:0.0003s ]

[ 2016-12-24T23:45:01+08:00 ] ::1 /meidian/index.php/Admin/Place/city
INFO: [ app_begin ] --START--
INFO: Run Behavior\ReadHtmlCacheBehavior [ RunTime:0.000703s ]
INFO: [ app_begin ] --END-- [ RunTime:0.001091s ]
SQL: SHOW COLUMNS FROM `md_place` [ RunTime:0.0041s ]
SQL: SHOW COLUMNS FROM `md_city` [ RunTime:0.0037s ]
SQL: SELECT * FROM `md_city` WHERE ( province_id=1 )  [ RunTime:0.0002s ]

[ 2016-12-24T23:45:02+08:00 ] ::1 /meidian/index.php/Admin/Place/district
INFO: [ app_begin ] --START--
INFO: Run Behavior\ReadHtmlCacheBehavior [ RunTime:0.000805s ]
INFO: [ app_begin ] --END-- [ RunTime:0.001338s ]
SQL: SHOW COLUMNS FROM `md_place` [ RunTime:0.0047s ]
SQL: SHOW COLUMNS FROM `md_district` [ RunTime:0.0044s ]
SQL: SELECT * FROM `md_district` WHERE ( city_id=2 )  [ RunTime:0.0003s ]

[ 2016-12-24T23:50:03+08:00 ] ::1 /meidian/index.php/Admin/Place/city
INFO: [ app_begin ] --START--
INFO: Run Behavior\ReadHtmlCacheBehavior [ RunTime:0.001234s ]
INFO: [ app_begin ] --END-- [ RunTime:0.002002s ]
SQL: SHOW COLUMNS FROM `md_place` [ RunTime:0.0045s ]
SQL: SHOW COLUMNS FROM `md_city` [ RunTime:0.0040s ]
SQL: SELECT * FROM `md_city` WHERE ( province_id=1 )  [ RunTime:0.0004s ]

[ 2016-12-24T23:50:05+08:00 ] ::1 /meidian/index.php/Admin/Place/district
INFO: [ app_begin ] --START--
INFO: Run Behavior\ReadHtmlCacheBehavior [ RunTime:0.000799s ]
INFO: [ app_begin ] --END-- [ RunTime:0.001315s ]
SQL: SHOW COLUMNS FROM `md_place` [ RunTime:0.0046s ]
SQL: SHOW COLUMNS FROM `md_district` [ RunTime:0.0048s ]
SQL: SELECT * FROM `md_district` WHERE ( city_id=2 )  [ RunTime:0.0005s ]

[ 2016-12-24T23:50:17+08:00 ] ::1 /meidian/index.php/Admin/Advert/addAdvert
INFO: [ app_begin ] --START--
INFO: Run Behavior\ReadHtmlCacheBehavior [ RunTime:0.000660s ]
INFO: [ app_begin ] --END-- [ RunTime:0.001097s ]
SQL: SHOW COLUMNS FROM `md_advert` [ RunTime:0.0064s ]
SQL: SHOW COLUMNS FROM `md_advert` [ RunTime:0.0042s ]
NOTIC: [8] Undefined variable: infos C:\wamp\www\meidian\Application\Admin\Controller\AdvertController.class.php 第 62 行.
NOTIC: [8] Undefined index: validate C:\wamp\www\meidian\ThinkPHP\Library\Think\Model.class.php 第 1185 行.
NOTIC: [8] Undefined index: auto C:\wamp\www\meidian\ThinkPHP\Library\Think\Model.class.php 第 1128 行.
SQL: INSERT INTO `md_advert` (`user_id`,`ad_name`,`ad_text`,`ad_company_id`,`ad_area_id`,`ad_province_id`,`ad_city_id`,`ad_place`,`ad_district_id`,`ad_putnum`,`ad_time`) VALUES ('1','较好的高房价','时间的回复','1','0','1','2','石塘镇美美美发','1','100','2016-12-24 23:50:17') [ RunTime:0.0004s ]

