[ 2016-12-16T14:38:25+08:00 ] ::1 /meidian/index.php/Admin/User/index
INFO: [ app_begin ] --START--
INFO: Run Behavior\ReadHtmlCacheBehavior [ RunTime:0.002000s ]
INFO: [ app_begin ] --END-- [ RunTime:0.004000s ]
SQL: SHOW COLUMNS FROM `md_user` [ RunTime:0.0160s ]
INFO: [ view_parse ] --START--
INFO: [ template_filter ] --START--
INFO: Run Behavior\ContentReplaceBehavior [ RunTime:0.000000s ]
INFO: [ template_filter ] --END-- [ RunTime:0.001000s ]
INFO: Run Behavior\ParseTemplateBehavior [ RunTime:0.029002s ]
INFO: [ view_parse ] --END-- [ RunTime:0.030002s ]
INFO: [ view_filter ] --START--
INFO: Run Behavior\WriteHtmlCacheBehavior [ RunTime:0.002000s ]
INFO: [ view_filter ] --END-- [ RunTime:0.003000s ]
INFO: [ app_end ] --START--
INFO: Run Behavior\ShowPageTraceBehavior [ RunTime:0.003000s ]
INFO: [ app_end ] --END-- [ RunTime:0.004000s ]

[ 2016-12-16T14:38:48+08:00 ] ::1 /meidian/index.php/Admin/User/index
INFO: [ app_begin ] --START--
INFO: Run Behavior\ReadHtmlCacheBehavior [ RunTime:0.003001s ]
INFO: [ app_begin ] --END-- [ RunTime:0.004001s ]
SQL: SHOW COLUMNS FROM `md_user` [ RunTime:0.0160s ]
INFO: [ view_parse ] --START--
INFO: [ template_filter ] --START--
INFO: Run Behavior\ContentReplaceBehavior [ RunTime:0.000000s ]
INFO: [ template_filter ] --END-- [ RunTime:0.001000s ]
INFO: Run Behavior\ParseTemplateBehavior [ RunTime:0.030001s ]
INFO: [ view_parse ] --END-- [ RunTime:0.031002s ]
INFO: [ view_filter ] --START--
INFO: Run Behavior\WriteHtmlCacheBehavior [ RunTime:0.003000s ]
INFO: [ view_filter ] --END-- [ RunTime:0.003000s ]
INFO: [ app_end ] --START--
INFO: Run Behavior\ShowPageTraceBehavior [ RunTime:0.003000s ]
INFO: [ app_end ] --END-- [ RunTime:0.003000s ]

[ 2016-12-16T14:39:29+08:00 ] ::1 /meidian/index.php/Admin/User/index
INFO: [ app_begin ] --START--
INFO: Run Behavior\ReadHtmlCacheBehavior [ RunTime:0.003001s ]
INFO: [ app_begin ] --END-- [ RunTime:0.004001s ]
SQL: SHOW COLUMNS FROM `md_user` [ RunTime:0.0180s ]
INFO: [ view_parse ] --START--
INFO: [ template_filter ] --START--
INFO: Run Behavior\ContentReplaceBehavior [ RunTime:0.001000s ]
INFO: [ template_filter ] --END-- [ RunTime:0.001000s ]
INFO: Run Behavior\ParseTemplateBehavior [ RunTime:0.034002s ]
INFO: [ view_parse ] --END-- [ RunTime:0.034002s ]
INFO: [ view_filter ] --START--
INFO: Run Behavior\WriteHtmlCacheBehavior [ RunTime:0.002000s ]
INFO: [ view_filter ] --END-- [ RunTime:0.003000s ]
INFO: [ app_end ] --START--
INFO: Run Behavior\ShowPageTraceBehavior [ RunTime:0.003000s ]
INFO: [ app_end ] --END-- [ RunTime:0.003000s ]

[ 2016-12-16T14:39:31+08:00 ] ::1 /meidian/index.php/Admin/User/addUser
INFO: [ app_begin ] --START--
INFO: Run Behavior\ReadHtmlCacheBehavior [ RunTime:0.002000s ]
INFO: [ app_begin ] --END-- [ RunTime:0.006000s ]
SQL: SHOW COLUMNS FROM `md_user` [ RunTime:0.0160s ]
SQL: INSERT INTO `md_user` (`username`,`password`) VALUES ('luoxin','478f5d767e6a9689358f3221e496ce82') [ RunTime:0.0010s ]
INFO: [ app_end ] --START--
INFO: Run Behavior\ShowPageTraceBehavior [ RunTime:0.003000s ]
INFO: [ app_end ] --END-- [ RunTime:0.004000s ]

[ 2016-12-16T14:40:31+08:00 ] ::1 /meidian/index.php/Admin/Advert/uploads
INFO: [ app_begin ] --START--
INFO: Run Behavior\ReadHtmlCacheBehavior [ RunTime:0.006001s ]
INFO: [ app_begin ] --END-- [ RunTime:0.009001s ]
SQL: SHOW COLUMNS FROM `md_auth_group_access` [ RunTime:0.0130s ]
SQL: SELECT `uid`,`group_id`,`title`,`rules` FROM md_auth_group_access a INNER JOIN md_auth_group g on a.group_id=g.id  WHERE ( a.uid='1' and g.status='1' )  [ RunTime:0.0010s ]
SQL: SHOW COLUMNS FROM `md_auth_rule` [ RunTime:0.0160s ]
SQL: SELECT `condition`,`name` FROM `md_auth_rule` WHERE `id` IN ('1','5') AND `type` = 'Admin' AND `status` = 1  [ RunTime:0.0010s ]

[ 2016-12-16T14:41:09+08:00 ] ::1 /meidian/index.php/Admin/Advert/getAdvert
INFO: [ app_begin ] --START--
INFO: Run Behavior\ReadHtmlCacheBehavior [ RunTime:0.002000s ]
INFO: [ app_begin ] --END-- [ RunTime:0.004000s ]
SQL: SHOW COLUMNS FROM `md_auth_group_access` [ RunTime:0.0150s ]
SQL: SELECT `uid`,`group_id`,`title`,`rules` FROM md_auth_group_access a INNER JOIN md_auth_group g on a.group_id=g.id  WHERE ( a.uid='1' and g.status='1' )  [ RunTime:0.0020s ]
SQL: SHOW COLUMNS FROM `md_auth_rule` [ RunTime:0.0150s ]
SQL: SELECT `condition`,`name` FROM `md_auth_rule` WHERE `id` IN ('1','5') AND `type` = 'Admin' AND `status` = 1  [ RunTime:0.0010s ]

[ 2016-12-16T14:41:26+08:00 ] ::1 /meidian/index.php/Admin/Advert/getAdvert
INFO: [ app_begin ] --START--
INFO: Run Behavior\ReadHtmlCacheBehavior [ RunTime:0.004000s ]
INFO: [ app_begin ] --END-- [ RunTime:0.007000s ]
SQL: SHOW COLUMNS FROM `md_auth_group_access` [ RunTime:0.0160s ]
SQL: SELECT `uid`,`group_id`,`title`,`rules` FROM md_auth_group_access a INNER JOIN md_auth_group g on a.group_id=g.id  WHERE ( a.uid='1' and g.status='1' )  [ RunTime:0.0020s ]
SQL: SHOW COLUMNS FROM `md_auth_rule` [ RunTime:0.0150s ]
SQL: SELECT `condition`,`name` FROM `md_auth_rule` WHERE `id` IN ('1','5') AND `type` = 'Admin' AND `status` = 1  [ RunTime:0.0010s ]

[ 2016-12-16T14:43:01+08:00 ] ::1 /meidian/index.php/Admin/Advert/getAdvert
INFO: [ app_begin ] --START--
INFO: Run Behavior\ReadHtmlCacheBehavior [ RunTime:0.005000s ]
INFO: [ app_begin ] --END-- [ RunTime:0.011001s ]
SQL: SHOW COLUMNS FROM `md_auth_group_access` [ RunTime:0.0150s ]
SQL: SELECT `uid`,`group_id`,`title`,`rules` FROM md_auth_group_access a INNER JOIN md_auth_group g on a.group_id=g.id  WHERE ( a.uid='1' and g.status='1' )  [ RunTime:0.0010s ]
SQL: SHOW COLUMNS FROM `md_auth_rule` [ RunTime:0.0150s ]
SQL: SELECT `condition`,`name` FROM `md_auth_rule` WHERE `id` IN ('1','5') AND `type` = 'Admin' AND `status` = 1  [ RunTime:0.0020s ]

[ 2016-12-16T14:43:22+08:00 ] ::1 /meidian/index.php/Admin/Advert/getAdvert
INFO: [ app_begin ] --START--
INFO: Run Behavior\ReadHtmlCacheBehavior [ RunTime:0.003000s ]
INFO: [ app_begin ] --END-- [ RunTime:0.005000s ]
SQL: SHOW COLUMNS FROM `md_auth_group_access` [ RunTime:0.0140s ]
SQL: SELECT `uid`,`group_id`,`title`,`rules` FROM md_auth_group_access a INNER JOIN md_auth_group g on a.group_id=g.id  WHERE ( a.uid='1' and g.status='1' )  [ RunTime:0.0010s ]
SQL: SHOW COLUMNS FROM `md_auth_rule` [ RunTime:0.0150s ]
SQL: SELECT `condition`,`name` FROM `md_auth_rule` WHERE `id` IN ('1','5') AND `type` = 'Admin' AND `status` = 1  [ RunTime:0.0010s ]

[ 2016-12-16T14:43:54+08:00 ] ::1 /meidian/index.php/Admin/Advert/getAdvert
INFO: [ app_begin ] --START--
INFO: Run Behavior\ReadHtmlCacheBehavior [ RunTime:0.002001s ]
INFO: [ app_begin ] --END-- [ RunTime:0.004001s ]
SQL: SHOW COLUMNS FROM `md_auth_group_access` [ RunTime:0.0150s ]
SQL: SELECT `uid`,`group_id`,`title`,`rules` FROM md_auth_group_access a INNER JOIN md_auth_group g on a.group_id=g.id  WHERE ( a.uid='1' and g.status='1' )  [ RunTime:0.0020s ]
SQL: SHOW COLUMNS FROM `md_auth_rule` [ RunTime:0.0160s ]
SQL: SELECT `condition`,`name` FROM `md_auth_rule` WHERE `id` IN ('1','5') AND `type` = 'Admin' AND `status` = 1  [ RunTime:0.0020s ]

[ 2016-12-16T14:44:43+08:00 ] ::1 /meidian/index.php/Admin/Advert/getAdvert
INFO: [ app_begin ] --START--
INFO: Run Behavior\ReadHtmlCacheBehavior [ RunTime:0.004000s ]
INFO: [ app_begin ] --END-- [ RunTime:0.008001s ]
SQL: SHOW COLUMNS FROM `md_auth_group_access` [ RunTime:0.0160s ]
SQL: SELECT `uid`,`group_id`,`title`,`rules` FROM md_auth_group_access a INNER JOIN md_auth_group g on a.group_id=g.id  WHERE ( a.uid='1' and g.status='1' )  [ RunTime:0.0010s ]
SQL: SHOW COLUMNS FROM `md_auth_rule` [ RunTime:0.0160s ]
SQL: SELECT `condition`,`name` FROM `md_auth_rule` WHERE `id` IN ('1','5') AND `type` = 'Admin' AND `status` = 1  [ RunTime:0.0020s ]

[ 2016-12-16T21:33:41+08:00 ] ::1 /meidian/index.php/Admin/User/assets/css/bootstrap.min.css
ERR: 非法操作:assets

[ 2016-12-16T21:33:49+08:00 ] ::1 /meidian/index.php/Admin/User/assets/css/bootstrap.min.css
ERR: 非法操作:assets

[ 2016-12-16T21:56:41+08:00 ] ::1 /meidian/index.php/Admin/User/typography.html
ERR: 非法操作:typography

[ 2016-12-16T23:34:07+08:00 ] ::1 /meidian/index.php/Admin/Index/tables.html
ERR: 非法操作:tables

