[ 2016-12-29T09:07:03+08:00 ] ::1 /meidian/index.php/admin/user/login
INFO: [ app_begin ] --START--
INFO: Run Behavior\ReadHtmlCacheBehavior [ RunTime:0.000969s ]
INFO: [ app_begin ] --END-- [ RunTime:0.001732s ]
SQL: SHOW COLUMNS FROM `md_user` [ RunTime:0.0081s ]
SQL: SHOW COLUMNS FROM `md_user` [ RunTime:0.0044s ]
SQL: SELECT * FROM `md_user` WHERE `username` = '321' AND `password` = '202cb962ac59075b964b07152d234b70'  [ RunTime:0.0005s ]

[ 2016-12-29T09:07:07+08:00 ] ::1 /meidian/index.php/admin/user/login
INFO: [ app_begin ] --START--
INFO: Run Behavior\ReadHtmlCacheBehavior [ RunTime:0.000969s ]
INFO: [ app_begin ] --END-- [ RunTime:0.002501s ]
SQL: SHOW COLUMNS FROM `md_user` [ RunTime:0.0045s ]
SQL: SHOW COLUMNS FROM `md_user` [ RunTime:0.0045s ]
SQL: SELECT * FROM `md_user` WHERE `username` = '321' AND `password` = '202cb962ac59075b964b07152d234b70'  [ RunTime:0.0007s ]

[ 2016-12-29T09:07:12+08:00 ] ::1 /meidian/index.php/admin/user/login
INFO: [ app_begin ] --START--
INFO: Run Behavior\ReadHtmlCacheBehavior [ RunTime:0.001006s ]
INFO: [ app_begin ] --END-- [ RunTime:0.001869s ]
SQL: SHOW COLUMNS FROM `md_user` [ RunTime:0.0059s ]
SQL: SHOW COLUMNS FROM `md_user` [ RunTime:0.0066s ]
SQL: SELECT * FROM `md_user` WHERE `username` = 'lx' AND `password` = '202cb962ac59075b964b07152d234b70'  [ RunTime:0.0005s ]

[ 2016-12-29T09:07:21+08:00 ] ::1 /meidian/index.php/admin/user/login
INFO: [ app_begin ] --START--
INFO: Run Behavior\ReadHtmlCacheBehavior [ RunTime:0.001039s ]
INFO: [ app_begin ] --END-- [ RunTime:0.001994s ]
SQL: SHOW COLUMNS FROM `md_user` [ RunTime:0.0077s ]
SQL: SHOW COLUMNS FROM `md_user` [ RunTime:0.0065s ]
SQL: SELECT * FROM `md_user` WHERE `username` = 'lw01' AND `password` = '202cb962ac59075b964b07152d234b70'  [ RunTime:0.0005s ]

[ 2016-12-29T09:12:53+08:00 ] ::1 /meidian/index.php/admin/user/login
INFO: [ app_begin ] --START--
INFO: Run Behavior\ReadHtmlCacheBehavior [ RunTime:0.001793s ]
INFO: [ app_begin ] --END-- [ RunTime:0.003011s ]
SQL: SHOW COLUMNS FROM `md_user` [ RunTime:0.0055s ]
SQL: SHOW COLUMNS FROM `md_user` [ RunTime:0.0050s ]
SQL: SELECT * FROM `md_user` WHERE `username` = 'lx' AND `password` = '202cb962ac59075b964b07152d234b70'  [ RunTime:0.0008s ]
SQL: SHOW COLUMNS FROM `md_auth_group_access` [ RunTime:0.0039s ]
SQL: SELECT * FROM `md_auth_group_access` WHERE ( uid=2 )  [ RunTime:0.0004s ]
NOTIC: [8] Undefined offset: 0 D:\wamp\www\meidian\Application\Admin\Logic\UserLogic.class.php 第 246 行.
SQL: UPDATE `md_user` SET `logintime`='2016-12-29 09:12:53',`lastloginip`='0.0.0.0' WHERE ( id='2' ) [ RunTime:0.0004s ]

[ 2016-12-29T09:59:31+08:00 ] ::1 /meidian/index.php/Admin/User/addUser
INFO: [ app_begin ] --START--
INFO: Run Behavior\ReadHtmlCacheBehavior [ RunTime:0.000910s ]
INFO: [ app_begin ] --END-- [ RunTime:0.001716s ]
SQL: SHOW COLUMNS FROM `md_auth_group_access` [ RunTime:0.0046s ]
SQL: SELECT `uid`,`group_id`,`title`,`rules` FROM md_auth_group_access a INNER JOIN md_auth_group g on a.group_id=g.id  WHERE ( a.uid='1' and g.status='1' )  [ RunTime:0.0004s ]
SQL: SHOW COLUMNS FROM `md_auth_rule` [ RunTime:0.0067s ]
SQL: SELECT `condition`,`name` FROM `md_auth_rule` WHERE `id` IN ('1','2','3','4','5','6','7','8','9','10') AND `type` = 'Admin' AND `status` = 1  [ RunTime:0.0007s ]
SQL: SHOW COLUMNS FROM `md_user` [ RunTime:0.0052s ]
SQL: SHOW COLUMNS FROM `md_user` [ RunTime:0.0073s ]
NOTIC: [8] Undefined variable: username D:\wamp\www\meidian\Application\Admin\Controller\UserController.class.php 第 96 行.
NOTIC: [8] Undefined variable: password D:\wamp\www\meidian\Application\Admin\Controller\UserController.class.php 第 97 行.
SQL: INSERT INTO `md_user` (`username`,`password`) VALUES ('312312','fa61f827f0f5373133b11cc20d835a79') [ RunTime:0.0005s ]

[ 2016-12-29T10:27:57+08:00 ] ::1 /meidian/index.php/Admin/User/addUser
INFO: [ app_begin ] --START--
INFO: Run Behavior\ReadHtmlCacheBehavior [ RunTime:0.000722s ]
INFO: [ app_begin ] --END-- [ RunTime:0.001461s ]
SQL: SHOW COLUMNS FROM `md_auth_group_access` [ RunTime:0.0051s ]
SQL: SELECT `uid`,`group_id`,`title`,`rules` FROM md_auth_group_access a INNER JOIN md_auth_group g on a.group_id=g.id  WHERE ( a.uid='1' and g.status='1' )  [ RunTime:0.0006s ]
SQL: SHOW COLUMNS FROM `md_auth_rule` [ RunTime:0.0048s ]
SQL: SELECT `condition`,`name` FROM `md_auth_rule` WHERE `id` IN ('1','2','3','4','5','6','7','8','9','10') AND `type` = 'Admin' AND `status` = 1  [ RunTime:0.0006s ]
SQL: SHOW COLUMNS FROM `md_user` [ RunTime:0.0058s ]
SQL: SHOW COLUMNS FROM `md_user` [ RunTime:0.0063s ]
SQL: INSERT INTO `md_user` (`username`,`password`) VALUES ('luoxin','2f6c1066d40deef21196d4d77d8f3812') [ RunTime:0.0008s ]

[ 2016-12-29T10:31:16+08:00 ] ::1 /meidian/index.php/admin/user/login
INFO: [ app_begin ] --START--
INFO: Run Behavior\ReadHtmlCacheBehavior [ RunTime:0.001008s ]
INFO: [ app_begin ] --END-- [ RunTime:0.001818s ]
SQL: SHOW COLUMNS FROM `md_user` [ RunTime:0.0080s ]
SQL: SHOW COLUMNS FROM `md_user` [ RunTime:0.0054s ]
SQL: SELECT * FROM `md_user` WHERE `username` = 'luoxin' AND `password` = '2f6c1066d40deef21196d4d77d8f3812'  [ RunTime:0.0006s ]
SQL: SHOW COLUMNS FROM `md_auth_group_access` [ RunTime:0.0071s ]
SQL: SELECT * FROM `md_auth_group_access` WHERE ( uid=9 )  [ RunTime:0.0004s ]
NOTIC: [8] Undefined offset: 0 D:\wamp\www\meidian\Application\Admin\Logic\UserLogic.class.php 第 246 行.
SQL: UPDATE `md_user` SET `logintime`='2016-12-29 10:31:16',`lastloginip`='0.0.0.0' WHERE ( id='9' ) [ RunTime:0.0005s ]

[ 2016-12-29T10:44:16+08:00 ] ::1 /meidian/index.php/admin/user/logout
ERR: Think\Controller:session方法不存在！

[ 2016-12-29T10:48:13+08:00 ] ::1 /meidian/index.php/admin/user/login
INFO: [ app_begin ] --START--
INFO: Run Behavior\ReadHtmlCacheBehavior [ RunTime:0.000958s ]
INFO: [ app_begin ] --END-- [ RunTime:0.001692s ]
SQL: SHOW COLUMNS FROM `md_user` [ RunTime:0.0084s ]
SQL: SHOW COLUMNS FROM `md_user` [ RunTime:0.0056s ]
SQL: SELECT * FROM `md_user` WHERE `username` = 'luoxin' AND `password` = '2f6c1066d40deef21196d4d77d8f3812'  [ RunTime:0.0005s ]
SQL: SHOW COLUMNS FROM `md_auth_group_access` [ RunTime:0.0077s ]
SQL: SELECT * FROM `md_auth_group_access` WHERE ( uid=9 )  [ RunTime:0.0004s ]
NOTIC: [8] Undefined offset: 0 D:\wamp\www\meidian\Application\Admin\Logic\UserLogic.class.php 第 246 行.
SQL: UPDATE `md_user` SET `logintime`='2016-12-29 10:48:13',`lastloginip`='0.0.0.0' WHERE ( id='9' ) [ RunTime:0.0005s ]

[ 2016-12-29T10:52:21+08:00 ] ::1 /meidian/index.php/admin/user/login
INFO: [ app_begin ] --START--
INFO: Run Behavior\ReadHtmlCacheBehavior [ RunTime:0.001228s ]
INFO: [ app_begin ] --END-- [ RunTime:0.002185s ]
SQL: SHOW COLUMNS FROM `md_user` [ RunTime:0.0086s ]
SQL: SHOW COLUMNS FROM `md_user` [ RunTime:0.0050s ]
SQL: SELECT * FROM `md_user` WHERE `username` = 'luoxin' AND `password` = '2f6c1066d40deef21196d4d77d8f3812'  [ RunTime:0.0005s ]
SQL: SHOW COLUMNS FROM `md_auth_group_access` [ RunTime:0.0078s ]
SQL: SELECT * FROM `md_auth_group_access` WHERE ( uid=9 )  [ RunTime:0.0006s ]
NOTIC: [8] Undefined offset: 0 D:\wamp\www\meidian\Application\Admin\Logic\UserLogic.class.php 第 246 行.
SQL: UPDATE `md_user` SET `logintime`='2016-12-29 10:52:21',`lastloginip`='0.0.0.0' WHERE ( id='9' ) [ RunTime:0.0006s ]

[ 2016-12-29T10:52:23+08:00 ] ::1 /meidian/index.php/admin/index/index.js.map
ERR: 非法操作:index.js.map

[ 2016-12-29T10:52:55+08:00 ] ::1 /meidian/index.php/Admin/Index/index.js.map
ERR: 非法操作:index.js.map

[ 2016-12-29T10:52:59+08:00 ] ::1 /meidian/index.php/admin/index/index.js.map
ERR: 非法操作:index.js.map

[ 2016-12-29T10:55:04+08:00 ] ::1 /meidian/index.php/admin/index/index.js.map
ERR: 非法操作:index.js.map

[ 2016-12-29T10:55:05+08:00 ] ::1 /meidian/index.php/admin/user/logout
INFO: [ app_begin ] --START--
INFO: Run Behavior\ReadHtmlCacheBehavior [ RunTime:0.001112s ]
INFO: [ app_begin ] --END-- [ RunTime:0.002269s ]
SQL: SHOW COLUMNS FROM `md_auth_group_access` [ RunTime:0.0062s ]
SQL: SELECT `uid`,`group_id`,`title`,`rules` FROM md_auth_group_access a INNER JOIN md_auth_group g on a.group_id=g.id  WHERE ( a.uid='1' and g.status='1' )  [ RunTime:0.0006s ]
SQL: SHOW COLUMNS FROM `md_auth_rule` [ RunTime:0.0066s ]
SQL: SELECT `condition`,`name` FROM `md_auth_rule` WHERE `id` IN ('1','2','3','4','5','6','7','8','9','10') AND `type` = 'Admin' AND `status` = 1  [ RunTime:0.0005s ]
SQL: SHOW COLUMNS FROM `md_user` [ RunTime:0.0067s ]
SQL: SHOW COLUMNS FROM `md_user` [ RunTime:0.0061s ]

[ 2016-12-29T10:56:20+08:00 ] ::1 /meidian/index.php/admin/user/logout
INFO: [ app_begin ] --START--
INFO: Run Behavior\ReadHtmlCacheBehavior [ RunTime:0.000719s ]
INFO: [ app_begin ] --END-- [ RunTime:0.001361s ]

[ 2016-12-29T10:56:20+08:00 ] ::1 /meidian/index.php/admin/index/login
INFO: [ app_begin ] --START--
INFO: Run Behavior\ReadHtmlCacheBehavior [ RunTime:0.000754s ]
INFO: [ app_begin ] --END-- [ RunTime:0.001517s ]
INFO: [ view_parse ] --START--
INFO: [ template_filter ] --START--
INFO: Run Behavior\ContentReplaceBehavior [ RunTime:0.000185s ]
INFO: [ template_filter ] --END-- [ RunTime:0.000339s ]
INFO: Run Behavior\ParseTemplateBehavior [ RunTime:0.009356s ]
INFO: [ view_parse ] --END-- [ RunTime:0.009517s ]
INFO: [ view_filter ] --START--
INFO: Run Behavior\WriteHtmlCacheBehavior [ RunTime:0.001190s ]
INFO: [ view_filter ] --END-- [ RunTime:0.001437s ]
INFO: [ app_end ] --START--
INFO: Run Behavior\ShowPageTraceBehavior [ RunTime:0.001010s ]
INFO: [ app_end ] --END-- [ RunTime:0.001257s ]

[ 2016-12-29T10:56:22+08:00 ] ::1 /meidian/index.php/admin/user/logout
INFO: [ app_begin ] --START--
INFO: Run Behavior\ReadHtmlCacheBehavior [ RunTime:0.000987s ]
INFO: [ app_begin ] --END-- [ RunTime:0.001936s ]

[ 2016-12-29T10:56:22+08:00 ] ::1 /meidian/index.php/admin/index/login
INFO: [ app_begin ] --START--
INFO: Run Behavior\ReadHtmlCacheBehavior [ RunTime:0.000701s ]
INFO: [ app_begin ] --END-- [ RunTime:0.001312s ]
INFO: [ view_parse ] --START--
INFO: [ template_filter ] --START--
INFO: Run Behavior\ContentReplaceBehavior [ RunTime:0.000208s ]
INFO: [ template_filter ] --END-- [ RunTime:0.000387s ]
INFO: Run Behavior\ParseTemplateBehavior [ RunTime:0.010331s ]
INFO: [ view_parse ] --END-- [ RunTime:0.010498s ]
INFO: [ view_filter ] --START--
INFO: Run Behavior\WriteHtmlCacheBehavior [ RunTime:0.000508s ]
INFO: [ view_filter ] --END-- [ RunTime:0.000658s ]
INFO: [ app_end ] --START--
INFO: Run Behavior\ShowPageTraceBehavior [ RunTime:0.000741s ]
INFO: [ app_end ] --END-- [ RunTime:0.000883s ]

[ 2016-12-29T10:57:01+08:00 ] ::1 /meidian/index.php/admin/user/login
INFO: [ app_begin ] --START--
INFO: Run Behavior\ReadHtmlCacheBehavior [ RunTime:0.000743s ]
INFO: [ app_begin ] --END-- [ RunTime:0.001475s ]
SQL: SHOW COLUMNS FROM `md_user` [ RunTime:0.0071s ]
SQL: SHOW COLUMNS FROM `md_user` [ RunTime:0.0057s ]
SQL: SELECT * FROM `md_user` WHERE `username` = 'luoxin' AND `password` = '2f6c1066d40deef21196d4d77d8f3812'  [ RunTime:0.0005s ]
SQL: SHOW COLUMNS FROM `md_auth_group_access` [ RunTime:0.0057s ]
SQL: SELECT * FROM `md_auth_group_access` WHERE ( uid=9 )  [ RunTime:0.0007s ]
NOTIC: [8] Undefined offset: 0 D:\wamp\www\meidian\Application\Admin\Logic\UserLogic.class.php 第 246 行.
SQL: UPDATE `md_user` SET `logintime`='2016-12-29 10:57:01',`lastloginip`='0.0.0.0' WHERE ( id='9' ) [ RunTime:0.0006s ]

[ 2016-12-29T10:57:03+08:00 ] ::1 /meidian/index.php/admin/index/index.js.map
ERR: 非法操作:index.js.map

[ 2016-12-29T10:57:10+08:00 ] ::1 /meidian/index.php/admin/user/logout
INFO: [ app_begin ] --START--
INFO: Run Behavior\ReadHtmlCacheBehavior [ RunTime:0.000728s ]
INFO: [ app_begin ] --END-- [ RunTime:0.001416s ]
SQL: SHOW COLUMNS FROM `md_auth_group_access` [ RunTime:0.0065s ]
SQL: SELECT `uid`,`group_id`,`title`,`rules` FROM md_auth_group_access a INNER JOIN md_auth_group g on a.group_id=g.id  WHERE ( a.uid='1' and g.status='1' )  [ RunTime:0.0005s ]
SQL: SHOW COLUMNS FROM `md_auth_rule` [ RunTime:0.0053s ]
SQL: SELECT `condition`,`name` FROM `md_auth_rule` WHERE `id` IN ('1','2','3','4','5','6','7','8','9','10') AND `type` = 'Admin' AND `status` = 1  [ RunTime:0.0005s ]
SQL: SHOW COLUMNS FROM `md_user` [ RunTime:0.0056s ]
SQL: SHOW COLUMNS FROM `md_user` [ RunTime:0.0051s ]

[ 2016-12-29T10:57:48+08:00 ] ::1 /meidian/index.php/admin/user/login
INFO: [ app_begin ] --START--
INFO: Run Behavior\ReadHtmlCacheBehavior [ RunTime:0.000789s ]
INFO: [ app_begin ] --END-- [ RunTime:0.001554s ]
SQL: SHOW COLUMNS FROM `md_user` [ RunTime:0.0065s ]
SQL: SHOW COLUMNS FROM `md_user` [ RunTime:0.0060s ]
SQL: SELECT * FROM `md_user` WHERE `username` = 'luoxin' AND `password` = '2f6c1066d40deef21196d4d77d8f3812'  [ RunTime:0.0008s ]
SQL: SHOW COLUMNS FROM `md_auth_group_access` [ RunTime:0.0052s ]
SQL: SELECT * FROM `md_auth_group_access` WHERE ( uid=9 )  [ RunTime:0.0004s ]
NOTIC: [8] Undefined offset: 0 D:\wamp\www\meidian\Application\Admin\Logic\UserLogic.class.php 第 246 行.
SQL: UPDATE `md_user` SET `logintime`='2016-12-29 10:57:48',`lastloginip`='0.0.0.0' WHERE ( id='9' ) [ RunTime:0.0005s ]

[ 2016-12-29T10:57:50+08:00 ] ::1 /meidian/index.php/admin/index/index.js.map
ERR: 非法操作:index.js.map

[ 2016-12-29T10:57:52+08:00 ] ::1 /meidian/index.php/admin/user/logout
INFO: [ app_begin ] --START--
INFO: Run Behavior\ReadHtmlCacheBehavior [ RunTime:0.001023s ]
INFO: [ app_begin ] --END-- [ RunTime:0.002240s ]
SQL: SHOW COLUMNS FROM `md_auth_group_access` [ RunTime:0.0063s ]
SQL: SELECT `uid`,`group_id`,`title`,`rules` FROM md_auth_group_access a INNER JOIN md_auth_group g on a.group_id=g.id  WHERE ( a.uid='1' and g.status='1' )  [ RunTime:0.0005s ]
SQL: SHOW COLUMNS FROM `md_auth_rule` [ RunTime:0.0060s ]
SQL: SELECT `condition`,`name` FROM `md_auth_rule` WHERE `id` IN ('1','2','3','4','5','6','7','8','9','10') AND `type` = 'Admin' AND `status` = 1  [ RunTime:0.0006s ]
SQL: SHOW COLUMNS FROM `md_user` [ RunTime:0.0067s ]
SQL: SHOW COLUMNS FROM `md_user` [ RunTime:0.0067s ]

[ 2016-12-29T10:59:35+08:00 ] ::1 /meidian/index.php/admin/user/login
INFO: [ app_begin ] --START--
INFO: Run Behavior\ReadHtmlCacheBehavior [ RunTime:0.000711s ]
INFO: [ app_begin ] --END-- [ RunTime:0.001443s ]
SQL: SHOW COLUMNS FROM `md_user` [ RunTime:0.0069s ]
SQL: SHOW COLUMNS FROM `md_user` [ RunTime:0.0067s ]
SQL: SELECT * FROM `md_user` WHERE `username` = 'luoxin' AND `password` = '2f6c1066d40deef21196d4d77d8f3812'  [ RunTime:0.0005s ]
SQL: SHOW COLUMNS FROM `md_auth_group_access` [ RunTime:0.0048s ]
SQL: SELECT * FROM `md_auth_group_access` WHERE ( uid=9 )  [ RunTime:0.0005s ]
NOTIC: [8] Undefined offset: 0 D:\wamp\www\meidian\Application\Admin\Logic\UserLogic.class.php 第 246 行.
SQL: UPDATE `md_user` SET `logintime`='2016-12-29 10:59:35',`lastloginip`='0.0.0.0' WHERE ( id='9' ) [ RunTime:0.0007s ]

[ 2016-12-29T10:59:37+08:00 ] ::1 /meidian/index.php/admin/index/index.js.map
ERR: 非法操作:index.js.map

[ 2016-12-29T10:59:40+08:00 ] ::1 /meidian/index.php/admin/user/logout
INFO: [ app_begin ] --START--
INFO: Run Behavior\ReadHtmlCacheBehavior [ RunTime:0.000735s ]
INFO: [ app_begin ] --END-- [ RunTime:0.001433s ]
SQL: SHOW COLUMNS FROM `md_auth_group_access` [ RunTime:0.0062s ]
SQL: SELECT `uid`,`group_id`,`title`,`rules` FROM md_auth_group_access a INNER JOIN md_auth_group g on a.group_id=g.id  WHERE ( a.uid='1' and g.status='1' )  [ RunTime:0.0004s ]
SQL: SHOW COLUMNS FROM `md_auth_rule` [ RunTime:0.0054s ]
SQL: SELECT `condition`,`name` FROM `md_auth_rule` WHERE `id` IN ('1','2','3','4','5','6','7','8','9','10') AND `type` = 'Admin' AND `status` = 1  [ RunTime:0.0006s ]
SQL: SHOW COLUMNS FROM `md_user` [ RunTime:0.0055s ]
SQL: SHOW COLUMNS FROM `md_user` [ RunTime:0.0053s ]

[ 2016-12-29T11:00:54+08:00 ] ::1 /meidian/index.php/admin/user/login
INFO: [ app_begin ] --START--
INFO: Run Behavior\ReadHtmlCacheBehavior [ RunTime:0.001222s ]
INFO: [ app_begin ] --END-- [ RunTime:0.002349s ]
SQL: SHOW COLUMNS FROM `md_user` [ RunTime:0.0073s ]
SQL: SHOW COLUMNS FROM `md_user` [ RunTime:0.0067s ]
SQL: SELECT * FROM `md_user` WHERE `username` = 'luoxin' AND `password` = '2f6c1066d40deef21196d4d77d8f3812'  [ RunTime:0.0006s ]
SQL: SHOW COLUMNS FROM `md_auth_group_access` [ RunTime:0.0056s ]
SQL: SELECT * FROM `md_auth_group_access` WHERE ( uid=9 )  [ RunTime:0.0004s ]
NOTIC: [8] Undefined offset: 0 D:\wamp\www\meidian\Application\Admin\Logic\UserLogic.class.php 第 246 行.
SQL: UPDATE `md_user` SET `logintime`='2016-12-29 11:00:54',`lastloginip`='0.0.0.0' WHERE ( id='9' ) [ RunTime:0.0004s ]

[ 2016-12-29T11:00:56+08:00 ] ::1 /meidian/index.php/admin/index/index.js.map
ERR: 非法操作:index.js.map

[ 2016-12-29T11:01:04+08:00 ] ::1 /meidian/index.php/admin/index/index.js.map
ERR: 非法操作:index.js.map

[ 2016-12-29T11:02:57+08:00 ] ::1 /meidian/index.php/admin/index/index.js.map
ERR: 非法操作:index.js.map

[ 2016-12-29T11:03:30+08:00 ] ::1 /meidian/index.php/admin/index/index.js.map
ERR: 非法操作:index.js.map

[ 2016-12-29T11:03:34+08:00 ] ::1 /meidian/index.php/admin/user/logout
INFO: [ app_begin ] --START--
INFO: Run Behavior\ReadHtmlCacheBehavior [ RunTime:0.000817s ]
INFO: [ app_begin ] --END-- [ RunTime:0.001550s ]
SQL: SHOW COLUMNS FROM `md_auth_group_access` [ RunTime:0.0222s ]
SQL: SELECT `uid`,`group_id`,`title`,`rules` FROM md_auth_group_access a INNER JOIN md_auth_group g on a.group_id=g.id  WHERE ( a.uid='1' and g.status='1' )  [ RunTime:0.0005s ]
SQL: SHOW COLUMNS FROM `md_auth_rule` [ RunTime:0.0052s ]
SQL: SELECT `condition`,`name` FROM `md_auth_rule` WHERE `id` IN ('1','2','3','4','5','6','7','8','9','10') AND `type` = 'Admin' AND `status` = 1  [ RunTime:0.0005s ]
SQL: SHOW COLUMNS FROM `md_user` [ RunTime:0.0058s ]
SQL: SHOW COLUMNS FROM `md_user` [ RunTime:0.0053s ]

[ 2016-12-29T11:03:40+08:00 ] ::1 /meidian/index.php/admin/user/login
INFO: [ app_begin ] --START--
INFO: Run Behavior\ReadHtmlCacheBehavior [ RunTime:0.000759s ]
INFO: [ app_begin ] --END-- [ RunTime:0.001518s ]
SQL: SHOW COLUMNS FROM `md_user` [ RunTime:0.0075s ]
SQL: SHOW COLUMNS FROM `md_user` [ RunTime:0.0059s ]
SQL: SELECT * FROM `md_user` WHERE `username` = 'luoxin' AND `password` = '2f6c1066d40deef21196d4d77d8f3812'  [ RunTime:0.0005s ]
SQL: SHOW COLUMNS FROM `md_auth_group_access` [ RunTime:0.0067s ]
SQL: SELECT * FROM `md_auth_group_access` WHERE ( uid=9 )  [ RunTime:0.0007s ]
NOTIC: [8] Undefined offset: 0 D:\wamp\www\meidian\Application\Admin\Logic\UserLogic.class.php 第 246 行.
SQL: UPDATE `md_user` SET `logintime`='2016-12-29 11:03:40',`lastloginip`='0.0.0.0' WHERE ( id='9' ) [ RunTime:0.0005s ]

[ 2016-12-29T11:03:42+08:00 ] ::1 /meidian/index.php/admin/index/index.js.map
ERR: 非法操作:index.js.map

[ 2016-12-29T11:04:58+08:00 ] ::1 /meidian/index.php/admin/user/logout
INFO: [ app_begin ] --START--
INFO: Run Behavior\ReadHtmlCacheBehavior [ RunTime:0.000787s ]
INFO: [ app_begin ] --END-- [ RunTime:0.001694s ]
SQL: SHOW COLUMNS FROM `md_auth_group_access` [ RunTime:0.0047s ]
SQL: SELECT `uid`,`group_id`,`title`,`rules` FROM md_auth_group_access a INNER JOIN md_auth_group g on a.group_id=g.id  WHERE ( a.uid='1' and g.status='1' )  [ RunTime:0.0005s ]
SQL: SHOW COLUMNS FROM `md_auth_rule` [ RunTime:0.0050s ]
SQL: SELECT `condition`,`name` FROM `md_auth_rule` WHERE `id` IN ('1','2','3','4','5','6','7','8','9','10') AND `type` = 'Admin' AND `status` = 1  [ RunTime:0.0005s ]
SQL: SHOW COLUMNS FROM `md_user` [ RunTime:0.0057s ]
SQL: SHOW COLUMNS FROM `md_user` [ RunTime:0.0053s ]

[ 2016-12-29T11:05:03+08:00 ] ::1 /meidian/index.php/admin/user/login
INFO: [ app_begin ] --START--
INFO: Run Behavior\ReadHtmlCacheBehavior [ RunTime:0.000934s ]
INFO: [ app_begin ] --END-- [ RunTime:0.001794s ]
SQL: SHOW COLUMNS FROM `md_user` [ RunTime:0.0062s ]
SQL: SHOW COLUMNS FROM `md_user` [ RunTime:0.0079s ]
SQL: SELECT * FROM `md_user` WHERE `username` = 'luoxin' AND `password` = '2f6c1066d40deef21196d4d77d8f3812'  [ RunTime:0.0005s ]
SQL: SHOW COLUMNS FROM `md_auth_group_access` [ RunTime:0.0061s ]
SQL: SELECT * FROM `md_auth_group_access` WHERE ( uid=9 )  [ RunTime:0.0006s ]
NOTIC: [8] Undefined offset: 0 D:\wamp\www\meidian\Application\Admin\Logic\UserLogic.class.php 第 246 行.
SQL: UPDATE `md_user` SET `logintime`='2016-12-29 11:05:03',`lastloginip`='0.0.0.0' WHERE ( id='9' ) [ RunTime:0.0004s ]

[ 2016-12-29T11:05:05+08:00 ] ::1 /meidian/index.php/admin/index/index.js.map
ERR: 非法操作:index.js.map

[ 2016-12-29T11:05:12+08:00 ] ::1 /meidian/index.php/admin/user/logout
INFO: [ app_begin ] --START--
INFO: Run Behavior\ReadHtmlCacheBehavior [ RunTime:0.000726s ]
INFO: [ app_begin ] --END-- [ RunTime:0.001437s ]
SQL: SHOW COLUMNS FROM `md_auth_group_access` [ RunTime:0.0065s ]
SQL: SELECT `uid`,`group_id`,`title`,`rules` FROM md_auth_group_access a INNER JOIN md_auth_group g on a.group_id=g.id  WHERE ( a.uid='1' and g.status='1' )  [ RunTime:0.0005s ]
SQL: SHOW COLUMNS FROM `md_auth_rule` [ RunTime:0.0058s ]
SQL: SELECT `condition`,`name` FROM `md_auth_rule` WHERE `id` IN ('1','2','3','4','5','6','7','8','9','10') AND `type` = 'Admin' AND `status` = 1  [ RunTime:0.0005s ]
SQL: SHOW COLUMNS FROM `md_user` [ RunTime:0.0060s ]
SQL: SHOW COLUMNS FROM `md_user` [ RunTime:0.0056s ]

[ 2016-12-29T11:05:45+08:00 ] ::1 /meidian/index.php/admin/user/login
INFO: [ app_begin ] --START--
INFO: Run Behavior\ReadHtmlCacheBehavior [ RunTime:0.000964s ]
INFO: [ app_begin ] --END-- [ RunTime:0.001834s ]
SQL: SHOW COLUMNS FROM `md_user` [ RunTime:0.0070s ]
SQL: SHOW COLUMNS FROM `md_user` [ RunTime:0.0072s ]
SQL: SELECT * FROM `md_user` WHERE `username` = 'luoxin' AND `password` = '2f6c1066d40deef21196d4d77d8f3812'  [ RunTime:0.0005s ]
SQL: SHOW COLUMNS FROM `md_auth_group_access` [ RunTime:0.0060s ]
SQL: SELECT * FROM `md_auth_group_access` WHERE ( uid=9 )  [ RunTime:0.0005s ]
NOTIC: [8] Undefined offset: 0 D:\wamp\www\meidian\Application\Admin\Logic\UserLogic.class.php 第 246 行.
SQL: UPDATE `md_user` SET `logintime`='2016-12-29 11:05:45',`lastloginip`='0.0.0.0' WHERE ( id='9' ) [ RunTime:0.0006s ]

[ 2016-12-29T11:06:04+08:00 ] ::1 /meidian/index.php/admin/user/login
INFO: [ app_begin ] --START--
INFO: Run Behavior\ReadHtmlCacheBehavior [ RunTime:0.001284s ]
INFO: [ app_begin ] --END-- [ RunTime:0.002375s ]

[ 2016-12-29T11:06:04+08:00 ] ::1 /meidian/index.php/admin/index/index
INFO: [ app_begin ] --START--
INFO: Run Behavior\ReadHtmlCacheBehavior [ RunTime:0.000853s ]
INFO: [ app_begin ] --END-- [ RunTime:0.001637s ]
SQL: SHOW COLUMNS FROM `md_auth_group_access` [ RunTime:0.0059s ]
SQL: SELECT `uid`,`group_id`,`title`,`rules` FROM md_auth_group_access a INNER JOIN md_auth_group g on a.group_id=g.id  WHERE ( a.uid='1' and g.status='1' )  [ RunTime:0.0005s ]
SQL: SHOW COLUMNS FROM `md_auth_rule` [ RunTime:0.0078s ]
SQL: SELECT `condition`,`name` FROM `md_auth_rule` WHERE `id` IN ('1','2','3','4','5','6','7','8','9','10') AND `type` = 'Admin' AND `status` = 1  [ RunTime:0.0005s ]
INFO: [ view_parse ] --START--
INFO: [ template_filter ] --START--
INFO: Run Behavior\ContentReplaceBehavior [ RunTime:0.000392s ]
INFO: [ template_filter ] --END-- [ RunTime:0.000562s ]
INFO: Run Behavior\ParseTemplateBehavior [ RunTime:0.018418s ]
INFO: [ view_parse ] --END-- [ RunTime:0.018575s ]
INFO: [ view_filter ] --START--
INFO: Run Behavior\WriteHtmlCacheBehavior [ RunTime:0.000521s ]
INFO: [ view_filter ] --END-- [ RunTime:0.000645s ]
INFO: [ app_end ] --START--
INFO: Run Behavior\ShowPageTraceBehavior [ RunTime:0.000828s ]
INFO: [ app_end ] --END-- [ RunTime:0.000986s ]

[ 2016-12-29T11:06:05+08:00 ] ::1 /meidian/index.php/admin/user/login
INFO: [ app_begin ] --START--
INFO: Run Behavior\ReadHtmlCacheBehavior [ RunTime:0.000928s ]
INFO: [ app_begin ] --END-- [ RunTime:0.001773s ]

[ 2016-12-29T11:06:05+08:00 ] ::1 /meidian/index.php/admin/index/index
INFO: [ app_begin ] --START--
INFO: Run Behavior\ReadHtmlCacheBehavior [ RunTime:0.000966s ]
INFO: [ app_begin ] --END-- [ RunTime:0.002232s ]
SQL: SHOW COLUMNS FROM `md_auth_group_access` [ RunTime:0.0050s ]
SQL: SELECT `uid`,`group_id`,`title`,`rules` FROM md_auth_group_access a INNER JOIN md_auth_group g on a.group_id=g.id  WHERE ( a.uid='1' and g.status='1' )  [ RunTime:0.0004s ]
SQL: SHOW COLUMNS FROM `md_auth_rule` [ RunTime:0.0062s ]
SQL: SELECT `condition`,`name` FROM `md_auth_rule` WHERE `id` IN ('1','2','3','4','5','6','7','8','9','10') AND `type` = 'Admin' AND `status` = 1  [ RunTime:0.0005s ]
INFO: [ view_parse ] --START--
INFO: [ template_filter ] --START--
INFO: Run Behavior\ContentReplaceBehavior [ RunTime:0.000370s ]
INFO: [ template_filter ] --END-- [ RunTime:0.000522s ]
INFO: Run Behavior\ParseTemplateBehavior [ RunTime:0.016442s ]
INFO: [ view_parse ] --END-- [ RunTime:0.016687s ]
INFO: [ view_filter ] --START--
INFO: Run Behavior\WriteHtmlCacheBehavior [ RunTime:0.000579s ]
INFO: [ view_filter ] --END-- [ RunTime:0.000729s ]
INFO: [ app_end ] --START--
INFO: Run Behavior\ShowPageTraceBehavior [ RunTime:0.000857s ]
INFO: [ app_end ] --END-- [ RunTime:0.001018s ]

[ 2016-12-29T11:06:06+08:00 ] ::1 /meidian/index.php/admin/user/login
INFO: [ app_begin ] --START--
INFO: Run Behavior\ReadHtmlCacheBehavior [ RunTime:0.000733s ]
INFO: [ app_begin ] --END-- [ RunTime:0.001435s ]

[ 2016-12-29T11:06:06+08:00 ] ::1 /meidian/index.php/admin/index/index
INFO: [ app_begin ] --START--
INFO: Run Behavior\ReadHtmlCacheBehavior [ RunTime:0.001188s ]
INFO: [ app_begin ] --END-- [ RunTime:0.002523s ]
SQL: SHOW COLUMNS FROM `md_auth_group_access` [ RunTime:0.0080s ]
SQL: SELECT `uid`,`group_id`,`title`,`rules` FROM md_auth_group_access a INNER JOIN md_auth_group g on a.group_id=g.id  WHERE ( a.uid='1' and g.status='1' )  [ RunTime:0.0005s ]
SQL: SHOW COLUMNS FROM `md_auth_rule` [ RunTime:0.0060s ]
SQL: SELECT `condition`,`name` FROM `md_auth_rule` WHERE `id` IN ('1','2','3','4','5','6','7','8','9','10') AND `type` = 'Admin' AND `status` = 1  [ RunTime:0.0009s ]
INFO: [ view_parse ] --START--
INFO: [ template_filter ] --START--
INFO: Run Behavior\ContentReplaceBehavior [ RunTime:0.000501s ]
INFO: [ template_filter ] --END-- [ RunTime:0.000791s ]
INFO: Run Behavior\ParseTemplateBehavior [ RunTime:0.020136s ]
INFO: [ view_parse ] --END-- [ RunTime:0.020397s ]
INFO: [ view_filter ] --START--
INFO: Run Behavior\WriteHtmlCacheBehavior [ RunTime:0.000558s ]
INFO: [ view_filter ] --END-- [ RunTime:0.000708s ]
INFO: [ app_end ] --START--
INFO: Run Behavior\ShowPageTraceBehavior [ RunTime:0.000846s ]
INFO: [ app_end ] --END-- [ RunTime:0.001084s ]

[ 2016-12-29T11:06:06+08:00 ] ::1 /meidian/index.php/admin/user/login
INFO: [ app_begin ] --START--
INFO: Run Behavior\ReadHtmlCacheBehavior [ RunTime:0.000714s ]
INFO: [ app_begin ] --END-- [ RunTime:0.001402s ]

[ 2016-12-29T11:06:06+08:00 ] ::1 /meidian/index.php/admin/index/index
INFO: [ app_begin ] --START--
INFO: Run Behavior\ReadHtmlCacheBehavior [ RunTime:0.000953s ]
INFO: [ app_begin ] --END-- [ RunTime:0.001800s ]
SQL: SHOW COLUMNS FROM `md_auth_group_access` [ RunTime:0.0068s ]
SQL: SELECT `uid`,`group_id`,`title`,`rules` FROM md_auth_group_access a INNER JOIN md_auth_group g on a.group_id=g.id  WHERE ( a.uid='1' and g.status='1' )  [ RunTime:0.0004s ]
SQL: SHOW COLUMNS FROM `md_auth_rule` [ RunTime:0.0054s ]
SQL: SELECT `condition`,`name` FROM `md_auth_rule` WHERE `id` IN ('1','2','3','4','5','6','7','8','9','10') AND `type` = 'Admin' AND `status` = 1  [ RunTime:0.0006s ]
INFO: [ view_parse ] --START--
INFO: [ template_filter ] --START--
INFO: Run Behavior\ContentReplaceBehavior [ RunTime:0.000420s ]
INFO: [ template_filter ] --END-- [ RunTime:0.000625s ]
INFO: Run Behavior\ParseTemplateBehavior [ RunTime:0.016120s ]
INFO: [ view_parse ] --END-- [ RunTime:0.016398s ]
INFO: [ view_filter ] --START--
INFO: Run Behavior\WriteHtmlCacheBehavior [ RunTime:0.000545s ]
INFO: [ view_filter ] --END-- [ RunTime:0.000671s ]
INFO: [ app_end ] --START--
INFO: Run Behavior\ShowPageTraceBehavior [ RunTime:0.000973s ]
INFO: [ app_end ] --END-- [ RunTime:0.001179s ]

[ 2016-12-29T11:06:06+08:00 ] ::1 /meidian/index.php/admin/user/login
INFO: [ app_begin ] --START--
INFO: Run Behavior\ReadHtmlCacheBehavior [ RunTime:0.000753s ]
INFO: [ app_begin ] --END-- [ RunTime:0.001500s ]

[ 2016-12-29T11:06:06+08:00 ] ::1 /meidian/index.php/admin/index/index
INFO: [ app_begin ] --START--
INFO: Run Behavior\ReadHtmlCacheBehavior [ RunTime:0.000761s ]
INFO: [ app_begin ] --END-- [ RunTime:0.001463s ]
SQL: SHOW COLUMNS FROM `md_auth_group_access` [ RunTime:0.0061s ]
SQL: SELECT `uid`,`group_id`,`title`,`rules` FROM md_auth_group_access a INNER JOIN md_auth_group g on a.group_id=g.id  WHERE ( a.uid='1' and g.status='1' )  [ RunTime:0.0004s ]
SQL: SHOW COLUMNS FROM `md_auth_rule` [ RunTime:0.0061s ]
SQL: SELECT `condition`,`name` FROM `md_auth_rule` WHERE `id` IN ('1','2','3','4','5','6','7','8','9','10') AND `type` = 'Admin' AND `status` = 1  [ RunTime:0.0005s ]
INFO: [ view_parse ] --START--
INFO: [ template_filter ] --START--
INFO: Run Behavior\ContentReplaceBehavior [ RunTime:0.000368s ]
INFO: [ template_filter ] --END-- [ RunTime:0.000519s ]
INFO: Run Behavior\ParseTemplateBehavior [ RunTime:0.016010s ]
INFO: [ view_parse ] --END-- [ RunTime:0.016167s ]
INFO: [ view_filter ] --START--
INFO: Run Behavior\WriteHtmlCacheBehavior [ RunTime:0.000529s ]
INFO: [ view_filter ] --END-- [ RunTime:0.000661s ]
INFO: [ app_end ] --START--
INFO: Run Behavior\ShowPageTraceBehavior [ RunTime:0.000732s ]
INFO: [ app_end ] --END-- [ RunTime:0.000897s ]

[ 2016-12-29T11:06:06+08:00 ] ::1 /meidian/index.php/admin/user/login
INFO: [ app_begin ] --START--
INFO: Run Behavior\ReadHtmlCacheBehavior [ RunTime:0.000744s ]
INFO: [ app_begin ] --END-- [ RunTime:0.001458s ]

[ 2016-12-29T11:06:06+08:00 ] ::1 /meidian/index.php/admin/index/index
INFO: [ app_begin ] --START--
INFO: Run Behavior\ReadHtmlCacheBehavior [ RunTime:0.000735s ]
INFO: [ app_begin ] --END-- [ RunTime:0.001550s ]
SQL: SHOW COLUMNS FROM `md_auth_group_access` [ RunTime:0.0054s ]
SQL: SELECT `uid`,`group_id`,`title`,`rules` FROM md_auth_group_access a INNER JOIN md_auth_group g on a.group_id=g.id  WHERE ( a.uid='1' and g.status='1' )  [ RunTime:0.0004s ]
SQL: SHOW COLUMNS FROM `md_auth_rule` [ RunTime:0.0059s ]
SQL: SELECT `condition`,`name` FROM `md_auth_rule` WHERE `id` IN ('1','2','3','4','5','6','7','8','9','10') AND `type` = 'Admin' AND `status` = 1  [ RunTime:0.0005s ]
INFO: [ view_parse ] --START--
INFO: [ template_filter ] --START--
INFO: Run Behavior\ContentReplaceBehavior [ RunTime:0.000388s ]
INFO: [ template_filter ] --END-- [ RunTime:0.000542s ]
INFO: Run Behavior\ParseTemplateBehavior [ RunTime:0.016623s ]
INFO: [ view_parse ] --END-- [ RunTime:0.016781s ]
INFO: [ view_filter ] --START--
INFO: Run Behavior\WriteHtmlCacheBehavior [ RunTime:0.000503s ]
INFO: [ view_filter ] --END-- [ RunTime:0.000629s ]
INFO: [ app_end ] --START--
INFO: Run Behavior\ShowPageTraceBehavior [ RunTime:0.001013s ]
INFO: [ app_end ] --END-- [ RunTime:0.001172s ]

[ 2016-12-29T11:06:06+08:00 ] ::1 /meidian/index.php/admin/user/login
INFO: [ app_begin ] --START--
INFO: Run Behavior\ReadHtmlCacheBehavior [ RunTime:0.000767s ]
INFO: [ app_begin ] --END-- [ RunTime:0.001596s ]

[ 2016-12-29T11:06:06+08:00 ] ::1 /meidian/index.php/admin/index/index
INFO: [ app_begin ] --START--
INFO: Run Behavior\ReadHtmlCacheBehavior [ RunTime:0.001116s ]
INFO: [ app_begin ] --END-- [ RunTime:0.001958s ]
SQL: SHOW COLUMNS FROM `md_auth_group_access` [ RunTime:0.0073s ]
SQL: SELECT `uid`,`group_id`,`title`,`rules` FROM md_auth_group_access a INNER JOIN md_auth_group g on a.group_id=g.id  WHERE ( a.uid='1' and g.status='1' )  [ RunTime:0.0005s ]
SQL: SHOW COLUMNS FROM `md_auth_rule` [ RunTime:0.0054s ]
SQL: SELECT `condition`,`name` FROM `md_auth_rule` WHERE `id` IN ('1','2','3','4','5','6','7','8','9','10') AND `type` = 'Admin' AND `status` = 1  [ RunTime:0.0005s ]
INFO: [ view_parse ] --START--
INFO: [ template_filter ] --START--
INFO: Run Behavior\ContentReplaceBehavior [ RunTime:0.000381s ]
INFO: [ template_filter ] --END-- [ RunTime:0.000533s ]
INFO: Run Behavior\ParseTemplateBehavior [ RunTime:0.017385s ]
INFO: [ view_parse ] --END-- [ RunTime:0.017551s ]
INFO: [ view_filter ] --START--
INFO: Run Behavior\WriteHtmlCacheBehavior [ RunTime:0.000467s ]
INFO: [ view_filter ] --END-- [ RunTime:0.000602s ]
INFO: [ app_end ] --START--
INFO: Run Behavior\ShowPageTraceBehavior [ RunTime:0.000881s ]
INFO: [ app_end ] --END-- [ RunTime:0.001090s ]

[ 2016-12-29T11:06:06+08:00 ] ::1 /meidian/index.php/admin/user/login
INFO: [ app_begin ] --START--
INFO: Run Behavior\ReadHtmlCacheBehavior [ RunTime:0.000824s ]
INFO: [ app_begin ] --END-- [ RunTime:0.001707s ]

[ 2016-12-29T11:06:07+08:00 ] ::1 /meidian/index.php/admin/index/index
INFO: [ app_begin ] --START--
INFO: Run Behavior\ReadHtmlCacheBehavior [ RunTime:0.000791s ]
INFO: [ app_begin ] --END-- [ RunTime:0.001603s ]
SQL: SHOW COLUMNS FROM `md_auth_group_access` [ RunTime:0.0051s ]
SQL: SELECT `uid`,`group_id`,`title`,`rules` FROM md_auth_group_access a INNER JOIN md_auth_group g on a.group_id=g.id  WHERE ( a.uid='1' and g.status='1' )  [ RunTime:0.0005s ]
SQL: SHOW COLUMNS FROM `md_auth_rule` [ RunTime:0.0063s ]
SQL: SELECT `condition`,`name` FROM `md_auth_rule` WHERE `id` IN ('1','2','3','4','5','6','7','8','9','10') AND `type` = 'Admin' AND `status` = 1  [ RunTime:0.0005s ]
INFO: [ view_parse ] --START--
INFO: [ template_filter ] --START--
INFO: Run Behavior\ContentReplaceBehavior [ RunTime:0.000403s ]
INFO: [ template_filter ] --END-- [ RunTime:0.000568s ]
INFO: Run Behavior\ParseTemplateBehavior [ RunTime:0.016875s ]
INFO: [ view_parse ] --END-- [ RunTime:0.017037s ]
INFO: [ view_filter ] --START--
INFO: Run Behavior\WriteHtmlCacheBehavior [ RunTime:0.000596s ]
INFO: [ view_filter ] --END-- [ RunTime:0.000733s ]
INFO: [ app_end ] --START--
INFO: Run Behavior\ShowPageTraceBehavior [ RunTime:0.000805s ]
INFO: [ app_end ] --END-- [ RunTime:0.000967s ]

[ 2016-12-29T11:06:07+08:00 ] ::1 /meidian/index.php/admin/user/login
INFO: [ app_begin ] --START--
INFO: Run Behavior\ReadHtmlCacheBehavior [ RunTime:0.001041s ]
INFO: [ app_begin ] --END-- [ RunTime:0.002309s ]

[ 2016-12-29T11:06:07+08:00 ] ::1 /meidian/index.php/admin/index/index
INFO: [ app_begin ] --START--
INFO: Run Behavior\ReadHtmlCacheBehavior [ RunTime:0.000764s ]
INFO: [ app_begin ] --END-- [ RunTime:0.001500s ]
SQL: SHOW COLUMNS FROM `md_auth_group_access` [ RunTime:0.0063s ]
SQL: SELECT `uid`,`group_id`,`title`,`rules` FROM md_auth_group_access a INNER JOIN md_auth_group g on a.group_id=g.id  WHERE ( a.uid='1' and g.status='1' )  [ RunTime:0.0007s ]
SQL: SHOW COLUMNS FROM `md_auth_rule` [ RunTime:0.0078s ]
SQL: SELECT `condition`,`name` FROM `md_auth_rule` WHERE `id` IN ('1','2','3','4','5','6','7','8','9','10') AND `type` = 'Admin' AND `status` = 1  [ RunTime:0.0006s ]
INFO: [ view_parse ] --START--
INFO: [ template_filter ] --START--
INFO: Run Behavior\ContentReplaceBehavior [ RunTime:0.000399s ]
INFO: [ template_filter ] --END-- [ RunTime:0.000574s ]
INFO: Run Behavior\ParseTemplateBehavior [ RunTime:0.019865s ]
INFO: [ view_parse ] --END-- [ RunTime:0.020157s ]
INFO: [ view_filter ] --START--
INFO: Run Behavior\WriteHtmlCacheBehavior [ RunTime:0.001260s ]
INFO: [ view_filter ] --END-- [ RunTime:0.001628s ]
INFO: [ app_end ] --START--
INFO: Run Behavior\ShowPageTraceBehavior [ RunTime:0.001285s ]
INFO: [ app_end ] --END-- [ RunTime:0.001619s ]

[ 2016-12-29T11:08:53+08:00 ] ::1 /meidian/index.php/admin/index/index.js.map
ERR: 非法操作:index.js.map

[ 2016-12-29T11:08:56+08:00 ] ::1 /meidian/index.php/admin/user/logout
INFO: [ app_begin ] --START--
INFO: Run Behavior\ReadHtmlCacheBehavior [ RunTime:0.000828s ]
INFO: [ app_begin ] --END-- [ RunTime:0.001532s ]
SQL: SHOW COLUMNS FROM `md_auth_group_access` [ RunTime:0.0055s ]
SQL: SELECT `uid`,`group_id`,`title`,`rules` FROM md_auth_group_access a INNER JOIN md_auth_group g on a.group_id=g.id  WHERE ( a.uid='1' and g.status='1' )  [ RunTime:0.0004s ]
SQL: SHOW COLUMNS FROM `md_auth_rule` [ RunTime:0.0050s ]
SQL: SELECT `condition`,`name` FROM `md_auth_rule` WHERE `id` IN ('1','2','3','4','5','6','7','8','9','10') AND `type` = 'Admin' AND `status` = 1  [ RunTime:0.0005s ]
SQL: SHOW COLUMNS FROM `md_user` [ RunTime:0.0056s ]
SQL: SHOW COLUMNS FROM `md_user` [ RunTime:0.0060s ]

[ 2016-12-29T11:08:58+08:00 ] ::1 /meidian/index.php/admin/user/login
INFO: [ app_begin ] --START--
INFO: Run Behavior\ReadHtmlCacheBehavior [ RunTime:0.000703s ]
INFO: [ app_begin ] --END-- [ RunTime:0.001371s ]
SQL: SHOW COLUMNS FROM `md_user` [ RunTime:0.0086s ]
SQL: SHOW COLUMNS FROM `md_user` [ RunTime:0.0063s ]
SQL: SELECT * FROM `md_user` WHERE `username` = 'luoxin' AND `password` = '2f6c1066d40deef21196d4d77d8f3812'  [ RunTime:0.0006s ]
SQL: SHOW COLUMNS FROM `md_auth_group_access` [ RunTime:0.0078s ]
SQL: SELECT * FROM `md_auth_group_access` WHERE ( uid=9 )  [ RunTime:0.0005s ]
NOTIC: [8] Undefined offset: 0 D:\wamp\www\meidian\Application\Admin\Logic\UserLogic.class.php 第 246 行.
SQL: UPDATE `md_user` SET `logintime`='2016-12-29 11:08:58',`lastloginip`='0.0.0.0' WHERE ( id='9' ) [ RunTime:0.0004s ]

[ 2016-12-29T11:13:32+08:00 ] ::1 /meidian/index.php/admin/index/index.js.map
ERR: 非法操作:index.js.map

[ 2016-12-29T11:15:58+08:00 ] ::1 /meidian/index.php/admin/index/index.js.map
ERR: 非法操作:index.js.map

[ 2016-12-29T11:16:13+08:00 ] ::1 /meidian/index.php/admin/user/logout
INFO: [ app_begin ] --START--
INFO: Run Behavior\ReadHtmlCacheBehavior [ RunTime:0.000794s ]
INFO: [ app_begin ] --END-- [ RunTime:0.001671s ]
SQL: SHOW COLUMNS FROM `md_auth_group_access` [ RunTime:0.0050s ]
SQL: SELECT `uid`,`group_id`,`title`,`rules` FROM md_auth_group_access a INNER JOIN md_auth_group g on a.group_id=g.id  WHERE ( a.uid='1' and g.status='1' )  [ RunTime:0.0004s ]
SQL: SHOW COLUMNS FROM `md_auth_rule` [ RunTime:0.0054s ]
SQL: SELECT `condition`,`name` FROM `md_auth_rule` WHERE `id` IN ('1','2','3','4','5','6','7','8','9','10') AND `type` = 'Admin' AND `status` = 1  [ RunTime:0.0005s ]
SQL: SHOW COLUMNS FROM `md_user` [ RunTime:0.0070s ]
SQL: SHOW COLUMNS FROM `md_user` [ RunTime:0.0047s ]

[ 2016-12-29T11:16:16+08:00 ] ::1 /meidian/index.php/admin/user/login
INFO: [ app_begin ] --START--
INFO: Run Behavior\ReadHtmlCacheBehavior [ RunTime:0.000719s ]
INFO: [ app_begin ] --END-- [ RunTime:0.001444s ]
SQL: SHOW COLUMNS FROM `md_user` [ RunTime:0.0070s ]
SQL: SHOW COLUMNS FROM `md_user` [ RunTime:0.0060s ]
SQL: SELECT * FROM `md_user` WHERE `username` = 'luoxin' AND `password` = '2f6c1066d40deef21196d4d77d8f3812'  [ RunTime:0.0005s ]
SQL: SHOW COLUMNS FROM `md_auth_group_access` [ RunTime:0.0060s ]
SQL: SELECT * FROM `md_auth_group_access` WHERE ( uid=9 )  [ RunTime:0.0006s ]
NOTIC: [8] Undefined offset: 0 D:\wamp\www\meidian\Application\Admin\Logic\UserLogic.class.php 第 246 行.
SQL: UPDATE `md_user` SET `logintime`='2016-12-29 11:16:16',`lastloginip`='0.0.0.0' WHERE ( id='9' ) [ RunTime:0.0005s ]

[ 2016-12-29T11:16:18+08:00 ] ::1 /meidian/index.php/admin/index/index.js.map
ERR: 非法操作:index.js.map

[ 2016-12-29T11:16:22+08:00 ] ::1 /meidian/index.php/Admin/Index/index.js.map
ERR: 非法操作:index.js.map

[ 2016-12-29T11:16:24+08:00 ] ::1 /meidian/index.php/Admin/Index/index.js.map
ERR: 非法操作:index.js.map

[ 2016-12-29T11:17:10+08:00 ] ::1 /meidian/index.php/Admin/Index/index.js.map
ERR: 非法操作:index.js.map

[ 2016-12-29T11:17:53+08:00 ] ::1 /meidian/index.php/Admin/Index/index.js.map
ERR: 非法操作:index.js.map

[ 2016-12-29T11:26:21+08:00 ] ::1 /meidian/index.php/admin/user/login
INFO: [ app_begin ] --START--
INFO: Run Behavior\ReadHtmlCacheBehavior [ RunTime:0.000931s ]
INFO: [ app_begin ] --END-- [ RunTime:0.001834s ]
SQL: SHOW COLUMNS FROM `md_user` [ RunTime:0.0077s ]
SQL: SHOW COLUMNS FROM `md_user` [ RunTime:0.0047s ]
SQL: SELECT * FROM `md_user` WHERE `username` = 'luoxin' AND `password` = '2f6c1066d40deef21196d4d77d8f3812'  [ RunTime:0.0005s ]
SQL: SHOW COLUMNS FROM `md_auth_group_access` [ RunTime:0.0065s ]
SQL: SELECT * FROM `md_auth_group_access` WHERE ( uid=9 )  [ RunTime:0.0005s ]
NOTIC: [8] Undefined offset: 0 D:\wamp\www\meidian\Application\Admin\Logic\UserLogic.class.php 第 246 行.
SQL: UPDATE `md_user` SET `logintime`='2016-12-29 11:26:21',`lastloginip`='0.0.0.0' WHERE ( id='9' ) [ RunTime:0.0004s ]

[ 2016-12-29T11:26:54+08:00 ] ::1 /meidian/index.php/admin/user/logout
INFO: [ app_begin ] --START--
INFO: Run Behavior\ReadHtmlCacheBehavior [ RunTime:0.000753s ]
INFO: [ app_begin ] --END-- [ RunTime:0.001493s ]
SQL: SHOW COLUMNS FROM `md_auth_group_access` [ RunTime:0.0054s ]
SQL: SELECT `uid`,`group_id`,`title`,`rules` FROM md_auth_group_access a INNER JOIN md_auth_group g on a.group_id=g.id  WHERE ( a.uid='1' and g.status='1' )  [ RunTime:0.0004s ]
SQL: SHOW COLUMNS FROM `md_auth_rule` [ RunTime:0.0062s ]
SQL: SELECT `condition`,`name` FROM `md_auth_rule` WHERE `id` IN ('1','2','3','4','5','6','7','8','9','10') AND `type` = 'Admin' AND `status` = 1  [ RunTime:0.0005s ]
SQL: SHOW COLUMNS FROM `md_user` [ RunTime:0.0055s ]
SQL: SHOW COLUMNS FROM `md_user` [ RunTime:0.0058s ]

[ 2016-12-29T11:26:57+08:00 ] ::1 /meidian/index.php/admin/user/login
INFO: [ app_begin ] --START--
INFO: Run Behavior\ReadHtmlCacheBehavior [ RunTime:0.000796s ]
INFO: [ app_begin ] --END-- [ RunTime:0.001612s ]
SQL: SHOW COLUMNS FROM `md_user` [ RunTime:0.0060s ]
SQL: SHOW COLUMNS FROM `md_user` [ RunTime:0.0060s ]
SQL: SELECT * FROM `md_user` WHERE `username` = 'luoxin' AND `password` = '2f6c1066d40deef21196d4d77d8f3812'  [ RunTime:0.0006s ]
SQL: SHOW COLUMNS FROM `md_auth_group_access` [ RunTime:0.0072s ]
SQL: SELECT * FROM `md_auth_group_access` WHERE ( uid=9 )  [ RunTime:0.0004s ]
NOTIC: [8] Undefined offset: 0 D:\wamp\www\meidian\Application\Admin\Logic\UserLogic.class.php 第 246 行.
SQL: UPDATE `md_user` SET `logintime`='2016-12-29 11:26:57',`lastloginip`='0.0.0.0' WHERE ( id='9' ) [ RunTime:0.0004s ]

[ 2016-12-29T11:30:21+08:00 ] ::1 /meidian/index.php/admin/user/logout
INFO: [ app_begin ] --START--
INFO: Run Behavior\ReadHtmlCacheBehavior [ RunTime:0.000987s ]
INFO: [ app_begin ] --END-- [ RunTime:0.001767s ]
SQL: SHOW COLUMNS FROM `md_auth_group_access` [ RunTime:0.0061s ]
SQL: SELECT `uid`,`group_id`,`title`,`rules` FROM md_auth_group_access a INNER JOIN md_auth_group g on a.group_id=g.id  WHERE ( a.uid='1' and g.status='1' )  [ RunTime:0.0005s ]
SQL: SHOW COLUMNS FROM `md_auth_rule` [ RunTime:0.0052s ]
SQL: SELECT `condition`,`name` FROM `md_auth_rule` WHERE `id` IN ('1','2','3','4','5','6','7','8','9','10') AND `type` = 'Admin' AND `status` = 1  [ RunTime:0.0005s ]
SQL: SHOW COLUMNS FROM `md_user` [ RunTime:0.0061s ]
SQL: SHOW COLUMNS FROM `md_user` [ RunTime:0.0054s ]

[ 2016-12-29T11:30:35+08:00 ] ::1 /meidian/index.php/admin/user/login
INFO: [ app_begin ] --START--
INFO: Run Behavior\ReadHtmlCacheBehavior [ RunTime:0.000732s ]
INFO: [ app_begin ] --END-- [ RunTime:0.001513s ]
SQL: SHOW COLUMNS FROM `md_user` [ RunTime:0.0087s ]
SQL: SHOW COLUMNS FROM `md_user` [ RunTime:0.0058s ]
SQL: SELECT * FROM `md_user` WHERE `username` = 'luoxin' AND `password` = '2f6c1066d40deef21196d4d77d8f3812'  [ RunTime:0.0006s ]
SQL: SHOW COLUMNS FROM `md_auth_group_access` [ RunTime:0.0075s ]
SQL: SELECT * FROM `md_auth_group_access` WHERE ( uid=9 )  [ RunTime:0.0004s ]
NOTIC: [8] Undefined offset: 0 D:\wamp\www\meidian\Application\Admin\Logic\UserLogic.class.php 第 246 行.
SQL: UPDATE `md_user` SET `logintime`='2016-12-29 11:30:35',`lastloginip`='0.0.0.0' WHERE ( id='9' ) [ RunTime:0.0004s ]

[ 2016-12-29T11:40:47+08:00 ] ::1 /meidian/index.php/admin/index/index.js.map
ERR: 非法操作:index.js.map

[ 2016-12-29T11:41:15+08:00 ] ::1 /meidian/index.php/admin/index/index.js.map
ERR: 非法操作:index.js.map

[ 2016-12-29T11:41:54+08:00 ] ::1 /meidian/index.php/admin/user/logout
INFO: [ app_begin ] --START--
INFO: Run Behavior\ReadHtmlCacheBehavior [ RunTime:0.001261s ]
INFO: [ app_begin ] --END-- [ RunTime:0.002199s ]
SQL: SHOW COLUMNS FROM `md_auth_group_access` [ RunTime:0.0057s ]
SQL: SELECT `uid`,`group_id`,`title`,`rules` FROM md_auth_group_access a INNER JOIN md_auth_group g on a.group_id=g.id  WHERE ( a.uid='1' and g.status='1' )  [ RunTime:0.0005s ]
SQL: SHOW COLUMNS FROM `md_auth_rule` [ RunTime:0.0049s ]
SQL: SELECT `condition`,`name` FROM `md_auth_rule` WHERE `id` IN ('1','2','3','4','5','6','7','8','9','10') AND `type` = 'Admin' AND `status` = 1  [ RunTime:0.0005s ]
SQL: SHOW COLUMNS FROM `md_user` [ RunTime:0.0053s ]
SQL: SHOW COLUMNS FROM `md_user` [ RunTime:0.0054s ]

[ 2016-12-29T11:41:58+08:00 ] ::1 /meidian/index.php/admin/user/login
INFO: [ app_begin ] --START--
INFO: Run Behavior\ReadHtmlCacheBehavior [ RunTime:0.000711s ]
INFO: [ app_begin ] --END-- [ RunTime:0.001410s ]
SQL: SHOW COLUMNS FROM `md_user` [ RunTime:0.0069s ]
SQL: SHOW COLUMNS FROM `md_user` [ RunTime:0.0062s ]
SQL: SELECT * FROM `md_user` WHERE `username` = 'luoxin' AND `password` = '2f6c1066d40deef21196d4d77d8f3812'  [ RunTime:0.0005s ]
SQL: SHOW COLUMNS FROM `md_auth_group_access` [ RunTime:0.0050s ]
SQL: SELECT * FROM `md_auth_group_access` WHERE ( uid=9 )  [ RunTime:0.0005s ]
NOTIC: [8] Undefined offset: 0 D:\wamp\www\meidian\Application\Admin\Logic\UserLogic.class.php 第 246 行.
SQL: UPDATE `md_user` SET `logintime`='2016-12-29 11:41:58',`lastloginip`='0.0.0.0' WHERE ( id='9' ) [ RunTime:0.0007s ]

[ 2016-12-29T11:42:00+08:00 ] ::1 /meidian/index.php/admin/index/index.js.map
ERR: 非法操作:index.js.map

[ 2016-12-29T11:42:26+08:00 ] ::1 /meidian/index.php/admin/index/index.js.map
ERR: 非法操作:index.js.map

[ 2016-12-29T14:17:40+08:00 ] ::1 /meidian/index.php/admin/user/login
INFO: [ app_begin ] --START--
INFO: Run Behavior\ReadHtmlCacheBehavior [ RunTime:0.000864s ]
INFO: [ app_begin ] --END-- [ RunTime:0.001631s ]
SQL: SHOW COLUMNS FROM `md_user` [ RunTime:0.0088s ]
SQL: SHOW COLUMNS FROM `md_user` [ RunTime:0.0055s ]
SQL: SELECT * FROM `md_user` WHERE `username` = 'luoxin' AND `password` = '2f6c1066d40deef21196d4d77d8f3812'  [ RunTime:0.0006s ]
SQL: SHOW COLUMNS FROM `md_auth_group_access` [ RunTime:0.0075s ]
SQL: SELECT * FROM `md_auth_group_access` WHERE ( uid=9 )  [ RunTime:0.0006s ]
NOTIC: [8] Undefined offset: 0 D:\wamp\www\meidian\Application\Admin\Logic\UserLogic.class.php 第 246 行.
SQL: UPDATE `md_user` SET `logintime`='2016-12-29 14:17:40',`lastloginip`='0.0.0.0' WHERE ( id='9' ) [ RunTime:0.0006s ]

[ 2016-12-29T14:17:43+08:00 ] ::1 /meidian/index.php/admin/user/logout
INFO: [ app_begin ] --START--
INFO: Run Behavior\ReadHtmlCacheBehavior [ RunTime:0.000717s ]
INFO: [ app_begin ] --END-- [ RunTime:0.001379s ]
SQL: SHOW COLUMNS FROM `md_auth_group_access` [ RunTime:0.0057s ]
SQL: SELECT `uid`,`group_id`,`title`,`rules` FROM md_auth_group_access a INNER JOIN md_auth_group g on a.group_id=g.id  WHERE ( a.uid='1' and g.status='1' )  [ RunTime:0.0004s ]
SQL: SHOW COLUMNS FROM `md_auth_rule` [ RunTime:0.0052s ]
SQL: SELECT `condition`,`name` FROM `md_auth_rule` WHERE `id` IN ('1','2','3','4','5','6','7','8','9','10') AND `type` = 'Admin' AND `status` = 1  [ RunTime:0.0006s ]
SQL: SHOW COLUMNS FROM `md_user` [ RunTime:0.0055s ]
SQL: SHOW COLUMNS FROM `md_user` [ RunTime:0.0054s ]

[ 2016-12-29T14:19:46+08:00 ] ::1 /meidian/index.php/admin/user/login
INFO: [ app_begin ] --START--
INFO: Run Behavior\ReadHtmlCacheBehavior [ RunTime:0.001129s ]
INFO: [ app_begin ] --END-- [ RunTime:0.001986s ]
SQL: SHOW COLUMNS FROM `md_user` [ RunTime:0.0083s ]
SQL: SHOW COLUMNS FROM `md_user` [ RunTime:0.0058s ]
SQL: SELECT * FROM `md_user` WHERE `username` = 'luoxin' AND `password` = '2f6c1066d40deef21196d4d77d8f3812'  [ RunTime:0.0007s ]
SQL: SHOW COLUMNS FROM `md_auth_group_access` [ RunTime:0.0057s ]
SQL: SELECT * FROM `md_auth_group_access` WHERE ( uid=9 )  [ RunTime:0.0004s ]
NOTIC: [8] Undefined offset: 0 D:\wamp\www\meidian\Application\Admin\Logic\UserLogic.class.php 第 246 行.
SQL: UPDATE `md_user` SET `logintime`='2016-12-29 14:19:46',`lastloginip`='0.0.0.0' WHERE ( id='9' ) [ RunTime:0.0004s ]

[ 2016-12-29T14:19:49+08:00 ] ::1 /meidian/index.php/admin/user/logout
INFO: [ app_begin ] --START--
INFO: Run Behavior\ReadHtmlCacheBehavior [ RunTime:0.000705s ]
INFO: [ app_begin ] --END-- [ RunTime:0.001365s ]
SQL: SHOW COLUMNS FROM `md_auth_group_access` [ RunTime:0.0053s ]
SQL: SELECT `uid`,`group_id`,`title`,`rules` FROM md_auth_group_access a INNER JOIN md_auth_group g on a.group_id=g.id  WHERE ( a.uid='1' and g.status='1' )  [ RunTime:0.0005s ]
SQL: SHOW COLUMNS FROM `md_auth_rule` [ RunTime:0.0047s ]
SQL: SELECT `condition`,`name` FROM `md_auth_rule` WHERE `id` IN ('1','2','3','4','5','6','7','8','9','10') AND `type` = 'Admin' AND `status` = 1  [ RunTime:0.0005s ]
SQL: SHOW COLUMNS FROM `md_user` [ RunTime:0.0050s ]
SQL: SHOW COLUMNS FROM `md_user` [ RunTime:0.0058s ]

[ 2016-12-29T14:19:52+08:00 ] ::1 /meidian/index.php/admin/user/login
INFO: [ app_begin ] --START--
INFO: Run Behavior\ReadHtmlCacheBehavior [ RunTime:0.001143s ]
INFO: [ app_begin ] --END-- [ RunTime:0.002160s ]
SQL: SHOW COLUMNS FROM `md_user` [ RunTime:0.0062s ]
SQL: SHOW COLUMNS FROM `md_user` [ RunTime:0.0052s ]
SQL: SELECT * FROM `md_user` WHERE `username` = 'luoxin' AND `password` = '2f6c1066d40deef21196d4d77d8f3812'  [ RunTime:0.0007s ]
SQL: SHOW COLUMNS FROM `md_auth_group_access` [ RunTime:0.0056s ]
SQL: SELECT * FROM `md_auth_group_access` WHERE ( uid=9 )  [ RunTime:0.0004s ]
NOTIC: [8] Undefined offset: 0 D:\wamp\www\meidian\Application\Admin\Logic\UserLogic.class.php 第 246 行.
SQL: UPDATE `md_user` SET `logintime`='2016-12-29 14:19:52',`lastloginip`='0.0.0.0' WHERE ( id='9' ) [ RunTime:0.0004s ]

[ 2016-12-29T14:20:26+08:00 ] ::1 /meidian/index.php/admin/user/logout
INFO: [ app_begin ] --START--
INFO: Run Behavior\ReadHtmlCacheBehavior [ RunTime:0.000728s ]
INFO: [ app_begin ] --END-- [ RunTime:0.001385s ]
SQL: SHOW COLUMNS FROM `md_auth_group_access` [ RunTime:0.0047s ]
SQL: SELECT `uid`,`group_id`,`title`,`rules` FROM md_auth_group_access a INNER JOIN md_auth_group g on a.group_id=g.id  WHERE ( a.uid='1' and g.status='1' )  [ RunTime:0.0004s ]
SQL: SHOW COLUMNS FROM `md_auth_rule` [ RunTime:0.0050s ]
SQL: SELECT `condition`,`name` FROM `md_auth_rule` WHERE `id` IN ('1','2','3','4','5','6','7','8','9','10') AND `type` = 'Admin' AND `status` = 1  [ RunTime:0.0006s ]
SQL: SHOW COLUMNS FROM `md_user` [ RunTime:0.0056s ]
SQL: SHOW COLUMNS FROM `md_user` [ RunTime:0.0056s ]

[ 2016-12-29T14:20:28+08:00 ] ::1 /meidian/index.php/admin/user/login
INFO: [ app_begin ] --START--
INFO: Run Behavior\ReadHtmlCacheBehavior [ RunTime:0.000699s ]
INFO: [ app_begin ] --END-- [ RunTime:0.001347s ]
SQL: SHOW COLUMNS FROM `md_user` [ RunTime:0.0061s ]
SQL: SHOW COLUMNS FROM `md_user` [ RunTime:0.0050s ]
SQL: SELECT * FROM `md_user` WHERE `username` = 'luoxin' AND `password` = '2f6c1066d40deef21196d4d77d8f3812'  [ RunTime:0.0006s ]
SQL: SHOW COLUMNS FROM `md_auth_group_access` [ RunTime:0.0068s ]
SQL: SELECT * FROM `md_auth_group_access` WHERE ( uid=9 )  [ RunTime:0.0005s ]
NOTIC: [8] Undefined offset: 0 D:\wamp\www\meidian\Application\Admin\Logic\UserLogic.class.php 第 246 行.
SQL: UPDATE `md_user` SET `logintime`='2016-12-29 14:20:28',`lastloginip`='0.0.0.0' WHERE ( id='9' ) [ RunTime:0.0004s ]

[ 2016-12-29T14:26:10+08:00 ] ::1 /meidian/index.php/Admin/User/addUserInfo
INFO: [ app_begin ] --START--
INFO: Run Behavior\ReadHtmlCacheBehavior [ RunTime:0.000873s ]
INFO: [ app_begin ] --END-- [ RunTime:0.001555s ]
SQL: SHOW COLUMNS FROM `md_auth_group_access` [ RunTime:0.0061s ]
SQL: SELECT `uid`,`group_id`,`title`,`rules` FROM md_auth_group_access a INNER JOIN md_auth_group g on a.group_id=g.id  WHERE ( a.uid='1' and g.status='1' )  [ RunTime:0.0005s ]
SQL: SHOW COLUMNS FROM `md_auth_rule` [ RunTime:0.0061s ]
SQL: SELECT `condition`,`name` FROM `md_auth_rule` WHERE `id` IN ('1','2','3','4','5','6','7','8','9','10') AND `type` = 'Admin' AND `status` = 1  [ RunTime:0.0005s ]
SQL: SHOW COLUMNS FROM `md_user` [ RunTime:0.0052s ]
SQL: SHOW COLUMNS FROM `md_user` [ RunTime:0.0062s ]
ERR: 1064:You have an error in your SQL syntax; check the manual that corresponds to your MySQL server version for the right syntax to use near ')' at line 1
 [ SQL语句 ] : UPDATE `md_user` SET `nickname`='罗鑫鑫',`names`='罗鑫鑫',`qq`='0',`address`='',`postalcode`='0',`telephonenum`='0' WHERE ( id= )
ERR: 1064:You have an error in your SQL syntax; check the manual that corresponds to your MySQL server version for the right syntax to use near ')' at line 1
 [ SQL语句 ] : UPDATE `md_user` SET `nickname`='罗鑫鑫',`names`='罗鑫鑫',`qq`='0',`address`='',`postalcode`='0',`telephonenum`='0' WHERE ( id= )

[ 2016-12-29T14:26:12+08:00 ] ::1 /meidian/index.php/Admin/User/addUserInfo
INFO: [ app_begin ] --START--
INFO: Run Behavior\ReadHtmlCacheBehavior [ RunTime:0.000735s ]
INFO: [ app_begin ] --END-- [ RunTime:0.001379s ]
SQL: SHOW COLUMNS FROM `md_auth_group_access` [ RunTime:0.0059s ]
SQL: SELECT `uid`,`group_id`,`title`,`rules` FROM md_auth_group_access a INNER JOIN md_auth_group g on a.group_id=g.id  WHERE ( a.uid='1' and g.status='1' )  [ RunTime:0.0005s ]
SQL: SHOW COLUMNS FROM `md_auth_rule` [ RunTime:0.0062s ]
SQL: SELECT `condition`,`name` FROM `md_auth_rule` WHERE `id` IN ('1','2','3','4','5','6','7','8','9','10') AND `type` = 'Admin' AND `status` = 1  [ RunTime:0.0005s ]
SQL: SHOW COLUMNS FROM `md_user` [ RunTime:0.0055s ]
SQL: SHOW COLUMNS FROM `md_user` [ RunTime:0.0051s ]
ERR: 1064:You have an error in your SQL syntax; check the manual that corresponds to your MySQL server version for the right syntax to use near ')' at line 1
 [ SQL语句 ] : UPDATE `md_user` SET `nickname`='罗鑫鑫',`names`='罗鑫鑫',`qq`='0',`address`='',`postalcode`='0',`telephonenum`='0' WHERE ( id= )
ERR: 1064:You have an error in your SQL syntax; check the manual that corresponds to your MySQL server version for the right syntax to use near ')' at line 1
 [ SQL语句 ] : UPDATE `md_user` SET `nickname`='罗鑫鑫',`names`='罗鑫鑫',`qq`='0',`address`='',`postalcode`='0',`telephonenum`='0' WHERE ( id= )

[ 2016-12-29T14:26:13+08:00 ] ::1 /meidian/index.php/Admin/User/addUserInfo
INFO: [ app_begin ] --START--
INFO: Run Behavior\ReadHtmlCacheBehavior [ RunTime:0.000876s ]
INFO: [ app_begin ] --END-- [ RunTime:0.001732s ]
SQL: SHOW COLUMNS FROM `md_auth_group_access` [ RunTime:0.0057s ]
SQL: SELECT `uid`,`group_id`,`title`,`rules` FROM md_auth_group_access a INNER JOIN md_auth_group g on a.group_id=g.id  WHERE ( a.uid='1' and g.status='1' )  [ RunTime:0.0005s ]
SQL: SHOW COLUMNS FROM `md_auth_rule` [ RunTime:0.0069s ]
SQL: SELECT `condition`,`name` FROM `md_auth_rule` WHERE `id` IN ('1','2','3','4','5','6','7','8','9','10') AND `type` = 'Admin' AND `status` = 1  [ RunTime:0.0006s ]
SQL: SHOW COLUMNS FROM `md_user` [ RunTime:0.0056s ]
SQL: SHOW COLUMNS FROM `md_user` [ RunTime:0.0075s ]
ERR: 1064:You have an error in your SQL syntax; check the manual that corresponds to your MySQL server version for the right syntax to use near ')' at line 1
 [ SQL语句 ] : UPDATE `md_user` SET `nickname`='罗鑫鑫',`names`='罗鑫鑫',`qq`='0',`address`='',`postalcode`='0',`telephonenum`='0' WHERE ( id= )
ERR: 1064:You have an error in your SQL syntax; check the manual that corresponds to your MySQL server version for the right syntax to use near ')' at line 1
 [ SQL语句 ] : UPDATE `md_user` SET `nickname`='罗鑫鑫',`names`='罗鑫鑫',`qq`='0',`address`='',`postalcode`='0',`telephonenum`='0' WHERE ( id= )

[ 2016-12-29T14:26:13+08:00 ] ::1 /meidian/index.php/Admin/User/addUserInfo
INFO: [ app_begin ] --START--
INFO: Run Behavior\ReadHtmlCacheBehavior [ RunTime:0.000802s ]
INFO: [ app_begin ] --END-- [ RunTime:0.001600s ]
SQL: SHOW COLUMNS FROM `md_auth_group_access` [ RunTime:0.0057s ]
SQL: SELECT `uid`,`group_id`,`title`,`rules` FROM md_auth_group_access a INNER JOIN md_auth_group g on a.group_id=g.id  WHERE ( a.uid='1' and g.status='1' )  [ RunTime:0.0005s ]
SQL: SHOW COLUMNS FROM `md_auth_rule` [ RunTime:0.0052s ]
SQL: SELECT `condition`,`name` FROM `md_auth_rule` WHERE `id` IN ('1','2','3','4','5','6','7','8','9','10') AND `type` = 'Admin' AND `status` = 1  [ RunTime:0.0005s ]
SQL: SHOW COLUMNS FROM `md_user` [ RunTime:0.0052s ]
SQL: SHOW COLUMNS FROM `md_user` [ RunTime:0.0049s ]
ERR: 1064:You have an error in your SQL syntax; check the manual that corresponds to your MySQL server version for the right syntax to use near ')' at line 1
 [ SQL语句 ] : UPDATE `md_user` SET `nickname`='罗鑫鑫',`names`='罗鑫鑫',`qq`='0',`address`='',`postalcode`='0',`telephonenum`='0' WHERE ( id= )
ERR: 1064:You have an error in your SQL syntax; check the manual that corresponds to your MySQL server version for the right syntax to use near ')' at line 1
 [ SQL语句 ] : UPDATE `md_user` SET `nickname`='罗鑫鑫',`names`='罗鑫鑫',`qq`='0',`address`='',`postalcode`='0',`telephonenum`='0' WHERE ( id= )

[ 2016-12-29T14:26:13+08:00 ] ::1 /meidian/index.php/Admin/User/addUserInfo
INFO: [ app_begin ] --START--
INFO: Run Behavior\ReadHtmlCacheBehavior [ RunTime:0.000795s ]
INFO: [ app_begin ] --END-- [ RunTime:0.001508s ]
SQL: SHOW COLUMNS FROM `md_auth_group_access` [ RunTime:0.0049s ]
SQL: SELECT `uid`,`group_id`,`title`,`rules` FROM md_auth_group_access a INNER JOIN md_auth_group g on a.group_id=g.id  WHERE ( a.uid='1' and g.status='1' )  [ RunTime:0.0005s ]
SQL: SHOW COLUMNS FROM `md_auth_rule` [ RunTime:0.0055s ]
SQL: SELECT `condition`,`name` FROM `md_auth_rule` WHERE `id` IN ('1','2','3','4','5','6','7','8','9','10') AND `type` = 'Admin' AND `status` = 1  [ RunTime:0.0005s ]
SQL: SHOW COLUMNS FROM `md_user` [ RunTime:0.0051s ]
SQL: SHOW COLUMNS FROM `md_user` [ RunTime:0.0055s ]
ERR: 1064:You have an error in your SQL syntax; check the manual that corresponds to your MySQL server version for the right syntax to use near ')' at line 1
 [ SQL语句 ] : UPDATE `md_user` SET `nickname`='罗鑫鑫',`names`='罗鑫鑫',`qq`='0',`address`='',`postalcode`='0',`telephonenum`='0' WHERE ( id= )
ERR: 1064:You have an error in your SQL syntax; check the manual that corresponds to your MySQL server version for the right syntax to use near ')' at line 1
 [ SQL语句 ] : UPDATE `md_user` SET `nickname`='罗鑫鑫',`names`='罗鑫鑫',`qq`='0',`address`='',`postalcode`='0',`telephonenum`='0' WHERE ( id= )

[ 2016-12-29T14:28:15+08:00 ] ::1 /meidian/index.php/Admin/User/addUserInfo
ERR: 1064:You have an error in your SQL syntax; check the manual that corresponds to your MySQL server version for the right syntax to use near ')' at line 1
 [ SQL语句 ] : UPDATE `md_user` SET `nickname`='',`names`='',`qq`='0',`address`='',`postalcode`='0',`telephonenum`='0' WHERE ( id= )

[ 2016-12-29T14:28:31+08:00 ] ::1 /meidian/index.php/Admin/User/addUserInfo
INFO: [ app_begin ] --START--
INFO: Run Behavior\ReadHtmlCacheBehavior [ RunTime:0.000877s ]
INFO: [ app_begin ] --END-- [ RunTime:0.001554s ]
SQL: SHOW COLUMNS FROM `md_auth_group_access` [ RunTime:0.0056s ]
SQL: SELECT `uid`,`group_id`,`title`,`rules` FROM md_auth_group_access a INNER JOIN md_auth_group g on a.group_id=g.id  WHERE ( a.uid='1' and g.status='1' )  [ RunTime:0.0005s ]
SQL: SHOW COLUMNS FROM `md_auth_rule` [ RunTime:0.0053s ]
SQL: SELECT `condition`,`name` FROM `md_auth_rule` WHERE `id` IN ('1','2','3','4','5','6','7','8','9','10') AND `type` = 'Admin' AND `status` = 1  [ RunTime:0.0005s ]
SQL: SHOW COLUMNS FROM `md_user` [ RunTime:0.0052s ]
SQL: SHOW COLUMNS FROM `md_user` [ RunTime:0.0056s ]
ERR: 1064:You have an error in your SQL syntax; check the manual that corresponds to your MySQL server version for the right syntax to use near ')' at line 1
 [ SQL语句 ] : UPDATE `md_user` SET `nickname`='罗鑫鑫',`names`='罗鑫鑫',`qq`='0',`address`='',`postalcode`='0',`telephonenum`='0' WHERE ( id= )
ERR: 1064:You have an error in your SQL syntax; check the manual that corresponds to your MySQL server version for the right syntax to use near ')' at line 1
 [ SQL语句 ] : UPDATE `md_user` SET `nickname`='罗鑫鑫',`names`='罗鑫鑫',`qq`='0',`address`='',`postalcode`='0',`telephonenum`='0' WHERE ( id= )

[ 2016-12-29T14:28:58+08:00 ] ::1 /meidian/index.php/Admin/Index/index.js.map
ERR: 非法操作:index.js.map

[ 2016-12-29T14:29:08+08:00 ] ::1 /meidian/index.php/Admin/Index/index.js.map
ERR: 非法操作:index.js.map

[ 2016-12-29T14:34:43+08:00 ] ::1 /meidian/index.php/Admin/User/addUserInfo
INFO: [ app_begin ] --START--
INFO: Run Behavior\ReadHtmlCacheBehavior [ RunTime:0.000674s ]
INFO: [ app_begin ] --END-- [ RunTime:0.001540s ]
SQL: SHOW COLUMNS FROM `md_auth_group_access` [ RunTime:0.0050s ]
SQL: SELECT `uid`,`group_id`,`title`,`rules` FROM md_auth_group_access a INNER JOIN md_auth_group g on a.group_id=g.id  WHERE ( a.uid='1' and g.status='1' )  [ RunTime:0.0005s ]
SQL: SHOW COLUMNS FROM `md_auth_rule` [ RunTime:0.0079s ]
SQL: SELECT `condition`,`name` FROM `md_auth_rule` WHERE `id` IN ('1','2','3','4','5','6','7','8','9','10') AND `type` = 'Admin' AND `status` = 1  [ RunTime:0.0006s ]
SQL: SHOW COLUMNS FROM `md_user` [ RunTime:0.0055s ]
SQL: SHOW COLUMNS FROM `md_user` [ RunTime:0.0054s ]
SQL: UPDATE `md_user` SET `nickname`='防守对方',`names`='asdfasd',`qq`='0',`address`='',`postalcode`='0',`telephonenum`='0' WHERE ( id=9 ) [ RunTime:0.0006s ]

[ 2016-12-29T14:34:47+08:00 ] ::1 /meidian/index.php/admin/user/logout
INFO: [ app_begin ] --START--
INFO: Run Behavior\ReadHtmlCacheBehavior [ RunTime:0.000920s ]
INFO: [ app_begin ] --END-- [ RunTime:0.001676s ]
SQL: SHOW COLUMNS FROM `md_auth_group_access` [ RunTime:0.0058s ]
SQL: SELECT `uid`,`group_id`,`title`,`rules` FROM md_auth_group_access a INNER JOIN md_auth_group g on a.group_id=g.id  WHERE ( a.uid='1' and g.status='1' )  [ RunTime:0.0005s ]
SQL: SHOW COLUMNS FROM `md_auth_rule` [ RunTime:0.0062s ]
SQL: SELECT `condition`,`name` FROM `md_auth_rule` WHERE `id` IN ('1','2','3','4','5','6','7','8','9','10') AND `type` = 'Admin' AND `status` = 1  [ RunTime:0.0005s ]
SQL: SHOW COLUMNS FROM `md_user` [ RunTime:0.0052s ]
SQL: SHOW COLUMNS FROM `md_user` [ RunTime:0.0052s ]

[ 2016-12-29T14:34:47+08:00 ] ::1 /meidian/index.php/admin/user/logout
INFO: [ app_begin ] --START--
INFO: Run Behavior\ReadHtmlCacheBehavior [ RunTime:0.000833s ]
INFO: [ app_begin ] --END-- [ RunTime:0.001493s ]

[ 2016-12-29T14:34:47+08:00 ] ::1 /meidian/index.php/admin/index/login
INFO: [ app_begin ] --START--
INFO: Run Behavior\ReadHtmlCacheBehavior [ RunTime:0.000697s ]
INFO: [ app_begin ] --END-- [ RunTime:0.001283s ]
INFO: [ view_parse ] --START--
INFO: [ template_filter ] --START--
INFO: Run Behavior\ContentReplaceBehavior [ RunTime:0.000198s ]
INFO: [ template_filter ] --END-- [ RunTime:0.000363s ]
INFO: Run Behavior\ParseTemplateBehavior [ RunTime:0.011505s ]
INFO: [ view_parse ] --END-- [ RunTime:0.011753s ]
INFO: [ view_filter ] --START--
INFO: Run Behavior\WriteHtmlCacheBehavior [ RunTime:0.000645s ]
INFO: [ view_filter ] --END-- [ RunTime:0.000831s ]
INFO: [ app_end ] --START--
INFO: Run Behavior\ShowPageTraceBehavior [ RunTime:0.000928s ]
INFO: [ app_end ] --END-- [ RunTime:0.001074s ]

[ 2016-12-29T14:34:50+08:00 ] ::1 /meidian/index.php/admin/user/login
INFO: [ app_begin ] --START--
INFO: Run Behavior\ReadHtmlCacheBehavior [ RunTime:0.000958s ]
INFO: [ app_begin ] --END-- [ RunTime:0.002022s ]
SQL: SHOW COLUMNS FROM `md_user` [ RunTime:0.0081s ]
SQL: SHOW COLUMNS FROM `md_user` [ RunTime:0.0055s ]
SQL: SELECT * FROM `md_user` WHERE `username` = 'luoxin' AND `password` = '2f6c1066d40deef21196d4d77d8f3812'  [ RunTime:0.0006s ]
SQL: SHOW COLUMNS FROM `md_auth_group_access` [ RunTime:0.0057s ]
SQL: SELECT * FROM `md_auth_group_access` WHERE ( uid=9 )  [ RunTime:0.0005s ]
NOTIC: [8] Undefined offset: 0 D:\wamp\www\meidian\Application\Admin\Logic\UserLogic.class.php 第 246 行.
SQL: UPDATE `md_user` SET `logintime`='2016-12-29 14:34:50',`lastloginip`='0.0.0.0' WHERE ( id='9' ) [ RunTime:0.0007s ]

[ 2016-12-29T14:46:59+08:00 ] ::1 /meidian/index.php/admin/user/login
INFO: [ app_begin ] --START--
INFO: Run Behavior\ReadHtmlCacheBehavior [ RunTime:0.000979s ]
INFO: [ app_begin ] --END-- [ RunTime:0.001782s ]
SQL: SHOW COLUMNS FROM `md_user` [ RunTime:0.0080s ]
SQL: SHOW COLUMNS FROM `md_user` [ RunTime:0.0055s ]
SQL: SELECT * FROM `md_user` WHERE `username` = 'luoxin' AND `password` = '2f6c1066d40deef21196d4d77d8f3812'  [ RunTime:0.0006s ]
SQL: SHOW COLUMNS FROM `md_auth_group_access` [ RunTime:0.0072s ]
SQL: SELECT * FROM `md_auth_group_access` WHERE ( uid=9 )  [ RunTime:0.0005s ]
NOTIC: [8] Undefined offset: 0 D:\wamp\www\meidian\Application\Admin\Logic\UserLogic.class.php 第 246 行.
SQL: UPDATE `md_user` SET `logintime`='2016-12-29 14:46:59',`lastloginip`='0.0.0.0' WHERE ( id='9' ) [ RunTime:0.0006s ]

[ 2016-12-29T14:47:06+08:00 ] ::1 /meidian/index.php/admin/user/logout
INFO: [ app_begin ] --START--
INFO: Run Behavior\ReadHtmlCacheBehavior [ RunTime:0.000843s ]
INFO: [ app_begin ] --END-- [ RunTime:0.001611s ]
SQL: SHOW COLUMNS FROM `md_auth_group_access` [ RunTime:0.0053s ]
SQL: SELECT `uid`,`group_id`,`title`,`rules` FROM md_auth_group_access a INNER JOIN md_auth_group g on a.group_id=g.id  WHERE ( a.uid='1' and g.status='1' )  [ RunTime:0.0005s ]
SQL: SHOW COLUMNS FROM `md_auth_rule` [ RunTime:0.0062s ]
SQL: SELECT `condition`,`name` FROM `md_auth_rule` WHERE `id` IN ('1','2','3','4','5','6','7','8','9','10') AND `type` = 'Admin' AND `status` = 1  [ RunTime:0.0006s ]
SQL: SHOW COLUMNS FROM `md_user` [ RunTime:0.0058s ]
SQL: SHOW COLUMNS FROM `md_user` [ RunTime:0.0049s ]

[ 2016-12-29T14:47:08+08:00 ] ::1 /meidian/index.php/admin/user/login
INFO: [ app_begin ] --START--
INFO: Run Behavior\ReadHtmlCacheBehavior [ RunTime:0.000966s ]
INFO: [ app_begin ] --END-- [ RunTime:0.002076s ]
SQL: SHOW COLUMNS FROM `md_user` [ RunTime:0.0074s ]
SQL: SHOW COLUMNS FROM `md_user` [ RunTime:0.0076s ]
SQL: SELECT * FROM `md_user` WHERE `username` = 'luoxin' AND `password` = '2f6c1066d40deef21196d4d77d8f3812'  [ RunTime:0.0005s ]
SQL: SHOW COLUMNS FROM `md_auth_group_access` [ RunTime:0.0054s ]
SQL: SELECT * FROM `md_auth_group_access` WHERE ( uid=9 )  [ RunTime:0.0008s ]
NOTIC: [8] Undefined offset: 0 D:\wamp\www\meidian\Application\Admin\Logic\UserLogic.class.php 第 246 行.
SQL: UPDATE `md_user` SET `logintime`='2016-12-29 14:47:08',`lastloginip`='0.0.0.0' WHERE ( id='9' ) [ RunTime:0.0005s ]

[ 2016-12-29T14:47:08+08:00 ] ::1 /meidian/index.php/admin/user/login
INFO: [ app_begin ] --START--
INFO: Run Behavior\ReadHtmlCacheBehavior [ RunTime:0.000857s ]
INFO: [ app_begin ] --END-- [ RunTime:0.001606s ]

[ 2016-12-29T14:47:08+08:00 ] ::1 /meidian/index.php/admin/index/index
INFO: [ app_begin ] --START--
INFO: Run Behavior\ReadHtmlCacheBehavior [ RunTime:0.000734s ]
INFO: [ app_begin ] --END-- [ RunTime:0.001389s ]
SQL: SHOW COLUMNS FROM `md_auth_group_access` [ RunTime:0.0065s ]
SQL: SELECT `uid`,`group_id`,`title`,`rules` FROM md_auth_group_access a INNER JOIN md_auth_group g on a.group_id=g.id  WHERE ( a.uid='1' and g.status='1' )  [ RunTime:0.0008s ]
SQL: SHOW COLUMNS FROM `md_auth_rule` [ RunTime:0.0069s ]
SQL: SELECT `condition`,`name` FROM `md_auth_rule` WHERE `id` IN ('1','2','3','4','5','6','7','8','9','10') AND `type` = 'Admin' AND `status` = 1  [ RunTime:0.0007s ]
INFO: [ view_parse ] --START--
INFO: [ template_filter ] --START--
INFO: Run Behavior\ContentReplaceBehavior [ RunTime:0.000507s ]
INFO: [ template_filter ] --END-- [ RunTime:0.000822s ]
SQL: SHOW COLUMNS FROM `md_user` [ RunTime:0.0083s ]
SQL: SHOW COLUMNS FROM `md_user` [ RunTime:0.0080s ]
SQL: SELECT * FROM `md_user` WHERE `id` = 9  [ RunTime:0.0008s ]
INFO: Run Behavior\ParseTemplateBehavior [ RunTime:0.047649s ]
INFO: [ view_parse ] --END-- [ RunTime:0.047958s ]
INFO: [ view_filter ] --START--
INFO: Run Behavior\WriteHtmlCacheBehavior [ RunTime:0.001218s ]
INFO: [ view_filter ] --END-- [ RunTime:0.001522s ]
INFO: [ app_end ] --START--
INFO: Run Behavior\ShowPageTraceBehavior [ RunTime:0.001524s ]
INFO: [ app_end ] --END-- [ RunTime:0.001872s ]

[ 2016-12-29T14:47:10+08:00 ] ::1 /meidian/index.php/admin/user/logout
INFO: [ app_begin ] --START--
INFO: Run Behavior\ReadHtmlCacheBehavior [ RunTime:0.001125s ]
INFO: [ app_begin ] --END-- [ RunTime:0.002226s ]
SQL: SHOW COLUMNS FROM `md_auth_group_access` [ RunTime:0.0060s ]
SQL: SELECT `uid`,`group_id`,`title`,`rules` FROM md_auth_group_access a INNER JOIN md_auth_group g on a.group_id=g.id  WHERE ( a.uid='1' and g.status='1' )  [ RunTime:0.0006s ]
SQL: SHOW COLUMNS FROM `md_auth_rule` [ RunTime:0.0086s ]
SQL: SELECT `condition`,`name` FROM `md_auth_rule` WHERE `id` IN ('1','2','3','4','5','6','7','8','9','10') AND `type` = 'Admin' AND `status` = 1  [ RunTime:0.0007s ]
SQL: SHOW COLUMNS FROM `md_user` [ RunTime:0.0064s ]
SQL: SHOW COLUMNS FROM `md_user` [ RunTime:0.0062s ]

[ 2016-12-29T14:47:16+08:00 ] ::1 /meidian/index.php/admin/user/login
INFO: [ app_begin ] --START--
INFO: Run Behavior\ReadHtmlCacheBehavior [ RunTime:0.001168s ]
INFO: [ app_begin ] --END-- [ RunTime:0.002095s ]
SQL: SHOW COLUMNS FROM `md_user` [ RunTime:0.0055s ]
SQL: SHOW COLUMNS FROM `md_user` [ RunTime:0.0052s ]
SQL: SELECT * FROM `md_user` WHERE `username` = '123' AND `password` = '202cb962ac59075b964b07152d234b70'  [ RunTime:0.0009s ]

[ 2016-12-29T14:47:19+08:00 ] ::1 /meidian/index.php/admin/user/login
INFO: [ app_begin ] --START--
INFO: Run Behavior\ReadHtmlCacheBehavior [ RunTime:0.000783s ]
INFO: [ app_begin ] --END-- [ RunTime:0.001579s ]
SQL: SHOW COLUMNS FROM `md_user` [ RunTime:0.0086s ]
SQL: SHOW COLUMNS FROM `md_user` [ RunTime:0.0081s ]
SQL: SELECT * FROM `md_user` WHERE `username` = '321' AND `password` = '202cb962ac59075b964b07152d234b70'  [ RunTime:0.0006s ]

[ 2016-12-29T14:47:19+08:00 ] ::1 /meidian/index.php/admin/user/login
INFO: [ app_begin ] --START--
INFO: Run Behavior\ReadHtmlCacheBehavior [ RunTime:0.001063s ]
INFO: [ app_begin ] --END-- [ RunTime:0.002050s ]
SQL: SHOW COLUMNS FROM `md_user` [ RunTime:0.0082s ]
SQL: SHOW COLUMNS FROM `md_user` [ RunTime:0.0052s ]
SQL: SELECT * FROM `md_user` WHERE `username` = '321' AND `password` = '202cb962ac59075b964b07152d234b70'  [ RunTime:0.0007s ]

[ 2016-12-29T14:47:21+08:00 ] ::1 /meidian/index.php/admin/user/login
INFO: [ app_begin ] --START--
INFO: Run Behavior\ReadHtmlCacheBehavior [ RunTime:0.001761s ]
INFO: [ app_begin ] --END-- [ RunTime:0.003106s ]
SQL: SHOW COLUMNS FROM `md_user` [ RunTime:0.0053s ]
SQL: SHOW COLUMNS FROM `md_user` [ RunTime:0.0057s ]
SQL: SELECT * FROM `md_user` WHERE `username` = '321' AND `password` = '202cb962ac59075b964b07152d234b70'  [ RunTime:0.0008s ]

[ 2016-12-29T14:47:26+08:00 ] ::1 /meidian/index.php/admin/user/login
INFO: [ app_begin ] --START--
INFO: Run Behavior\ReadHtmlCacheBehavior [ RunTime:0.001068s ]
INFO: [ app_begin ] --END-- [ RunTime:0.002221s ]
SQL: SHOW COLUMNS FROM `md_user` [ RunTime:0.0063s ]
SQL: SHOW COLUMNS FROM `md_user` [ RunTime:0.0057s ]
SQL: SELECT * FROM `md_user` WHERE `username` = 'lw01' AND `password` = '202cb962ac59075b964b07152d234b70'  [ RunTime:0.0006s ]

[ 2016-12-29T14:47:37+08:00 ] ::1 /meidian/index.php/admin/user/login
INFO: [ app_begin ] --START--
INFO: Run Behavior\ReadHtmlCacheBehavior [ RunTime:0.000841s ]
INFO: [ app_begin ] --END-- [ RunTime:0.001517s ]
SQL: SHOW COLUMNS FROM `md_user` [ RunTime:0.0074s ]
SQL: SHOW COLUMNS FROM `md_user` [ RunTime:0.0054s ]
SQL: SELECT * FROM `md_user` WHERE `username` = 'luoxin' AND `password` = '2f6c1066d40deef21196d4d77d8f3812'  [ RunTime:0.0005s ]
SQL: SHOW COLUMNS FROM `md_auth_group_access` [ RunTime:0.0064s ]
SQL: SELECT * FROM `md_auth_group_access` WHERE ( uid=9 )  [ RunTime:0.0005s ]
NOTIC: [8] Undefined offset: 0 D:\wamp\www\meidian\Application\Admin\Logic\UserLogic.class.php 第 246 行.
SQL: UPDATE `md_user` SET `logintime`='2016-12-29 14:47:37',`lastloginip`='0.0.0.0' WHERE ( id='9' ) [ RunTime:0.0004s ]

[ 2016-12-29T15:02:18+08:00 ] ::1 /meidian/index.php/Admin/Advert/addAdvert
ERR: 1048:Le champ 'user_id' ne peut être vide (null)
 [ SQL语句 ] : INSERT INTO `md_advert` (`user_id`,`ad_name`,`ad_text`,`ad_company_id`,`ad_area_id`,`ad_province_id`,`ad_city_id`,`ad_street_id`,`barbershop_id`,`ad_district_id`,`ad_putnum`,`ad_time`) VALUES (NULL,'今天你美发了吗','欣欣美发欢迎你！','1','1','1','2','1','0','2','100','2016-12-29 15:02:18')

[ 2016-12-29T15:09:14+08:00 ] ::1 /meidian/index.php/Admin/Advert/addAdvert
ERR: 1048:Le champ 'user_id' ne peut être vide (null)
 [ SQL语句 ] : INSERT INTO `md_advert` (`user_id`,`ad_name`,`ad_text`,`ad_company_id`,`ad_area_id`,`ad_province_id`,`ad_city_id`,`ad_street_id`,`barbershop_id`,`ad_district_id`,`ad_putnum`,`ad_time`) VALUES (NULL,'今天你美发了吗','欣欣美发欢迎你！','1','1','1','2','1','0','2','100','2016-12-29 15:09:14')

