[ 2016-12-26T09:26:11+08:00 ] ::1 /meidian/index.php/Admin/Place/city
INFO: [ app_begin ] --START--
INFO: Run Behavior\ReadHtmlCacheBehavior [ RunTime:0.000389s ]
INFO: [ app_begin ] --END-- [ RunTime:0.000770s ]
SQL: SHOW COLUMNS FROM `md_place` [ RunTime:0.0034s ]
SQL: SHOW COLUMNS FROM `md_city` [ RunTime:0.0063s ]
SQL: SELECT * FROM `md_city` WHERE ( province_id=1 )  [ RunTime:0.0007s ]

[ 2016-12-26T09:28:32+08:00 ] ::1 /meidian/index.php/Admin/Place/city
INFO: [ app_begin ] --START--
INFO: Run Behavior\ReadHtmlCacheBehavior [ RunTime:0.000492s ]
INFO: [ app_begin ] --END-- [ RunTime:0.000927s ]
SQL: SHOW COLUMNS FROM `md_place` [ RunTime:0.0065s ]
SQL: SHOW COLUMNS FROM `md_city` [ RunTime:0.0038s ]
SQL: SELECT * FROM `md_city` WHERE ( province_id=1 )  [ RunTime:0.0003s ]

[ 2016-12-26T09:28:33+08:00 ] ::1 /meidian/index.php/Admin/Place/district
INFO: [ app_begin ] --START--
INFO: Run Behavior\ReadHtmlCacheBehavior [ RunTime:0.000495s ]
INFO: [ app_begin ] --END-- [ RunTime:0.000932s ]
SQL: SHOW COLUMNS FROM `md_place` [ RunTime:0.0054s ]
SQL: SHOW COLUMNS FROM `md_district` [ RunTime:0.0055s ]
SQL: SELECT * FROM `md_district` WHERE ( city_id=2 )  [ RunTime:0.0003s ]

[ 2016-12-26T10:11:28+08:00 ] ::1 /meidian/index.php/Admin/Place/city
INFO: [ app_begin ] --START--
INFO: Run Behavior\ReadHtmlCacheBehavior [ RunTime:0.000674s ]
INFO: [ app_begin ] --END-- [ RunTime:0.001103s ]
SQL: SHOW COLUMNS FROM `md_place` [ RunTime:0.0038s ]
SQL: SHOW COLUMNS FROM `md_city` [ RunTime:0.0035s ]
SQL: SELECT * FROM `md_city` WHERE ( province_id=1 )  [ RunTime:0.0003s ]

[ 2016-12-26T10:11:30+08:00 ] ::1 /meidian/index.php/Admin/Place/district
INFO: [ app_begin ] --START--
INFO: Run Behavior\ReadHtmlCacheBehavior [ RunTime:0.000493s ]
INFO: [ app_begin ] --END-- [ RunTime:0.000860s ]
SQL: SHOW COLUMNS FROM `md_place` [ RunTime:0.0053s ]
SQL: SHOW COLUMNS FROM `md_district` [ RunTime:0.0038s ]
SQL: SELECT * FROM `md_district` WHERE ( city_id=2 )  [ RunTime:0.0003s ]

[ 2016-12-26T10:11:32+08:00 ] ::1 /meidian/index.php/Admin/Place/street
INFO: [ app_begin ] --START--
INFO: Run Behavior\ReadHtmlCacheBehavior [ RunTime:0.000498s ]
INFO: [ app_begin ] --END-- [ RunTime:0.000884s ]
SQL: SHOW COLUMNS FROM `md_place` [ RunTime:0.0050s ]
SQL: SHOW COLUMNS FROM `md_street` [ RunTime:0.0050s ]
SQL: SELECT * FROM `md_street` WHERE ( district_id=1 )  [ RunTime:0.0003s ]

[ 2016-12-26T10:11:35+08:00 ] ::1 /meidian/index.php/Admin/Barbershop/queryBarbershopByStreet
INFO: [ app_begin ] --START--
INFO: Run Behavior\ReadHtmlCacheBehavior [ RunTime:0.000497s ]
INFO: [ app_begin ] --END-- [ RunTime:0.000874s ]
SQL: SHOW COLUMNS FROM `md_barbershop` [ RunTime:0.0076s ]
SQL: SHOW COLUMNS FROM `md_barbershop` [ RunTime:0.0042s ]
ERR: 非法操作:queryBarbershopByStreet

[ 2016-12-26T10:27:32+08:00 ] ::1 /meidian/index.php/Admin/Place/city
INFO: [ app_begin ] --START--
INFO: Run Behavior\ReadHtmlCacheBehavior [ RunTime:0.000660s ]
INFO: [ app_begin ] --END-- [ RunTime:0.001086s ]
SQL: SHOW COLUMNS FROM `md_place` [ RunTime:0.0054s ]
SQL: SHOW COLUMNS FROM `md_city` [ RunTime:0.0038s ]
SQL: SELECT * FROM `md_city` WHERE ( province_id=1 )  [ RunTime:0.0003s ]

[ 2016-12-26T10:27:34+08:00 ] ::1 /meidian/index.php/Admin/Place/district
INFO: [ app_begin ] --START--
INFO: Run Behavior\ReadHtmlCacheBehavior [ RunTime:0.000496s ]
INFO: [ app_begin ] --END-- [ RunTime:0.000866s ]
SQL: SHOW COLUMNS FROM `md_place` [ RunTime:0.0050s ]
SQL: SHOW COLUMNS FROM `md_district` [ RunTime:0.0032s ]
SQL: SELECT * FROM `md_district` WHERE ( city_id=2 )  [ RunTime:0.0004s ]

[ 2016-12-26T10:27:38+08:00 ] ::1 /meidian/index.php/Admin/Place/street
INFO: [ app_begin ] --START--
INFO: Run Behavior\ReadHtmlCacheBehavior [ RunTime:0.000495s ]
INFO: [ app_begin ] --END-- [ RunTime:0.000873s ]
SQL: SHOW COLUMNS FROM `md_place` [ RunTime:0.0059s ]
SQL: SHOW COLUMNS FROM `md_street` [ RunTime:0.0041s ]
SQL: SELECT * FROM `md_street` WHERE ( district_id=2 )  [ RunTime:0.0004s ]

[ 2016-12-26T10:27:41+08:00 ] ::1 /meidian/index.php/Admin/Barbershop/queryBarbershopByStreet
INFO: [ app_begin ] --START--
INFO: Run Behavior\ReadHtmlCacheBehavior [ RunTime:0.000494s ]
INFO: [ app_begin ] --END-- [ RunTime:0.000864s ]
SQL: SHOW COLUMNS FROM `md_barbershop` [ RunTime:0.0066s ]
SQL: SHOW COLUMNS FROM `md_barbershop` [ RunTime:0.0040s ]
ERR: 非法操作:queryBarbershopByStreet

[ 2016-12-26T10:46:50+08:00 ] ::1 /meidian/index.php/Admin/Company/addCom
INFO: [ app_begin ] --START--
INFO: Run Behavior\ReadHtmlCacheBehavior [ RunTime:0.000497s ]
INFO: [ app_begin ] --END-- [ RunTime:0.000879s ]
SQL: SHOW COLUMNS FROM `md_company` [ RunTime:0.0064s ]
SQL: SHOW COLUMNS FROM `md_company` [ RunTime:0.0051s ]
SQL: INSERT INTO `md_company` (`com_name`,`user_id`) VALUES ('哈哈','1') [ RunTime:0.0050s ]

[ 2016-12-26T10:48:10+08:00 ] ::1 /meidian/index.php/Admin/Company/updateCompany
INFO: [ app_begin ] --START--
INFO: Run Behavior\ReadHtmlCacheBehavior [ RunTime:0.000515s ]
INFO: [ app_begin ] --END-- [ RunTime:0.000906s ]
SQL: SHOW COLUMNS FROM `md_company` [ RunTime:0.0068s ]
SQL: SHOW COLUMNS FROM `md_company` [ RunTime:0.0044s ]
NOTIC: [8] Undefined variable: thisk C:\wamp\www\meidian\Application\Admin\Logic\CompanyLogic.class.php 第 61 行.

[ 2016-12-26T10:48:12+08:00 ] ::1 /meidian/index.php/Admin/Company/updateCompany
INFO: [ app_begin ] --START--
INFO: Run Behavior\ReadHtmlCacheBehavior [ RunTime:0.000509s ]
INFO: [ app_begin ] --END-- [ RunTime:0.000926s ]
SQL: SHOW COLUMNS FROM `md_company` [ RunTime:0.0058s ]
SQL: SHOW COLUMNS FROM `md_company` [ RunTime:0.0043s ]
NOTIC: [8] Undefined variable: thisk C:\wamp\www\meidian\Application\Admin\Logic\CompanyLogic.class.php 第 61 行.

[ 2016-12-26T13:45:38+08:00 ] ::1 /meidian/index.php/Admin/Place/city
INFO: [ app_begin ] --START--
INFO: Run Behavior\ReadHtmlCacheBehavior [ RunTime:0.000504s ]
INFO: [ app_begin ] --END-- [ RunTime:0.000880s ]
SQL: SHOW COLUMNS FROM `md_place` [ RunTime:0.0053s ]
SQL: SHOW COLUMNS FROM `md_city` [ RunTime:0.0040s ]
SQL: SELECT * FROM `md_city` WHERE ( province_id=1 )  [ RunTime:0.0003s ]

[ 2016-12-26T13:45:40+08:00 ] ::1 /meidian/index.php/Admin/Place/district
INFO: [ app_begin ] --START--
INFO: Run Behavior\ReadHtmlCacheBehavior [ RunTime:0.000494s ]
INFO: [ app_begin ] --END-- [ RunTime:0.000863s ]
SQL: SHOW COLUMNS FROM `md_place` [ RunTime:0.0066s ]
SQL: SHOW COLUMNS FROM `md_district` [ RunTime:0.0039s ]
SQL: SELECT * FROM `md_district` WHERE ( city_id=2 )  [ RunTime:0.0003s ]

[ 2016-12-26T13:45:41+08:00 ] ::1 /meidian/index.php/Admin/Place/street
INFO: [ app_begin ] --START--
INFO: Run Behavior\ReadHtmlCacheBehavior [ RunTime:0.000405s ]
INFO: [ app_begin ] --END-- [ RunTime:0.000685s ]
SQL: SHOW COLUMNS FROM `md_place` [ RunTime:0.0048s ]
SQL: SHOW COLUMNS FROM `md_street` [ RunTime:0.0035s ]
SQL: SELECT * FROM `md_street` WHERE ( district_id=1 )  [ RunTime:0.0003s ]

[ 2016-12-26T13:45:43+08:00 ] ::1 /meidian/index.php/Admin/Barbershop/queryBarbershopByStreet
INFO: [ app_begin ] --START--
INFO: Run Behavior\ReadHtmlCacheBehavior [ RunTime:0.000491s ]
INFO: [ app_begin ] --END-- [ RunTime:0.000860s ]
SQL: SHOW COLUMNS FROM `md_barbershop` [ RunTime:0.0058s ]
SQL: SHOW COLUMNS FROM `md_barbershop` [ RunTime:0.0041s ]
ERR: 非法操作:queryBarbershopByStreet

[ 2016-12-26T13:45:51+08:00 ] ::1 /meidian/index.php/Admin/Advert/saveAdvert
INFO: [ app_begin ] --START--
INFO: Run Behavior\ReadHtmlCacheBehavior [ RunTime:0.000495s ]
INFO: [ app_begin ] --END-- [ RunTime:0.000868s ]
SQL: SHOW COLUMNS FROM `md_advert` [ RunTime:0.0073s ]
SQL: SHOW COLUMNS FROM `md_advert` [ RunTime:0.0036s ]
SQL: UPDATE `md_advert` SET `ad_name`='较好的高房价',`ad_text`='时间的回复																				',`img_id`='0',`video_id`='0',`ad_putnum`='100',`ad_company_id`='1',`ad_area_id`='0',`ad_province_id`='1',`ad_city_id`='2',`ad_district_id`='1' WHERE ( id='1' ) [ RunTime:0.0056s ]

[ 2016-12-26T14:47:03+08:00 ] ::1 /meidian/index.php/Admin/Advert/getAdvert
INFO: [ app_begin ] --START--
INFO: Run Behavior\ReadHtmlCacheBehavior [ RunTime:0.000668s ]
INFO: [ app_begin ] --END-- [ RunTime:0.001096s ]
SQL: SHOW COLUMNS FROM `md_advert` [ RunTime:0.0066s ]
SQL: SHOW COLUMNS FROM `md_advert` [ RunTime:0.0032s ]
INFO: [ app_end ] --START--
INFO: Run Behavior\ShowPageTraceBehavior [ RunTime:0.000547s ]
INFO: [ app_end ] --END-- [ RunTime:0.000630s ]

[ 2016-12-26T14:47:10+08:00 ] ::1 /meidian/index.php/Admin/Advert/getAdvert
INFO: [ app_begin ] --START--
INFO: Run Behavior\ReadHtmlCacheBehavior [ RunTime:0.000491s ]
INFO: [ app_begin ] --END-- [ RunTime:0.000861s ]
SQL: SHOW COLUMNS FROM `md_advert` [ RunTime:0.0057s ]
SQL: SHOW COLUMNS FROM `md_advert` [ RunTime:0.0044s ]
INFO: [ app_end ] --START--
INFO: Run Behavior\ShowPageTraceBehavior [ RunTime:0.000800s ]
INFO: [ app_end ] --END-- [ RunTime:0.000926s ]

[ 2016-12-26T14:56:36+08:00 ] ::1 /meidian/index.php/Admin/Advert/getAdvert
INFO: [ app_begin ] --START--
INFO: Run Behavior\ReadHtmlCacheBehavior [ RunTime:0.000435s ]
INFO: [ app_begin ] --END-- [ RunTime:0.000987s ]
SQL: SHOW COLUMNS FROM `md_advert` [ RunTime:0.0076s ]
SQL: SHOW COLUMNS FROM `md_advert` [ RunTime:0.0034s ]
INFO: [ app_end ] --START--
INFO: Run Behavior\ShowPageTraceBehavior [ RunTime:0.000751s ]
INFO: [ app_end ] --END-- [ RunTime:0.000836s ]

[ 2016-12-26T14:56:40+08:00 ] ::1 /meidian/index.php/Admin/Advert/getAdvert
INFO: [ app_begin ] --START--
INFO: Run Behavior\ReadHtmlCacheBehavior [ RunTime:0.000612s ]
INFO: [ app_begin ] --END-- [ RunTime:0.001170s ]
SQL: SHOW COLUMNS FROM `md_advert` [ RunTime:0.0072s ]
SQL: SHOW COLUMNS FROM `md_advert` [ RunTime:0.0033s ]
INFO: [ app_end ] --START--
INFO: Run Behavior\ShowPageTraceBehavior [ RunTime:0.000632s ]
INFO: [ app_end ] --END-- [ RunTime:0.000754s ]

[ 2016-12-26T16:39:14+08:00 ] ::1 /meidian/index.php/Admin/Place/city
INFO: [ app_begin ] --START--
INFO: Run Behavior\ReadHtmlCacheBehavior [ RunTime:0.000492s ]
INFO: [ app_begin ] --END-- [ RunTime:0.000930s ]
SQL: SHOW COLUMNS FROM `md_place` [ RunTime:0.0058s ]
SQL: SHOW COLUMNS FROM `md_city` [ RunTime:0.0034s ]
SQL: SELECT * FROM `md_city` WHERE ( province_id=1 )  [ RunTime:0.0006s ]

[ 2016-12-26T16:39:15+08:00 ] ::1 /meidian/index.php/Admin/Place/district
INFO: [ app_begin ] --START--
INFO: Run Behavior\ReadHtmlCacheBehavior [ RunTime:0.000507s ]
INFO: [ app_begin ] --END-- [ RunTime:0.000957s ]
SQL: SHOW COLUMNS FROM `md_place` [ RunTime:0.0059s ]
SQL: SHOW COLUMNS FROM `md_district` [ RunTime:0.0060s ]
SQL: SELECT * FROM `md_district` WHERE ( city_id=2 )  [ RunTime:0.0003s ]

[ 2016-12-26T16:39:16+08:00 ] ::1 /meidian/index.php/Admin/Place/street
INFO: [ app_begin ] --START--
INFO: Run Behavior\ReadHtmlCacheBehavior [ RunTime:0.000502s ]
INFO: [ app_begin ] --END-- [ RunTime:0.000937s ]
SQL: SHOW COLUMNS FROM `md_place` [ RunTime:0.0078s ]
SQL: SHOW COLUMNS FROM `md_street` [ RunTime:0.0056s ]
SQL: SELECT * FROM `md_street` WHERE ( district_id=2 )  [ RunTime:0.0003s ]

[ 2016-12-26T16:39:18+08:00 ] ::1 /meidian/index.php/Admin/Barbershop/queryBarbershopByStreet
INFO: [ app_begin ] --START--
INFO: Run Behavior\ReadHtmlCacheBehavior [ RunTime:0.000448s ]
INFO: [ app_begin ] --END-- [ RunTime:0.000824s ]
SQL: SHOW COLUMNS FROM `md_barbershop` [ RunTime:0.0062s ]
SQL: SHOW COLUMNS FROM `md_barbershop` [ RunTime:0.0045s ]
ERR: 非法操作:queryBarbershopByStreet

