[ 2016-12-19T00:00:03+08:00 ] ::1 /meidian/index.php/Admin/Index/getAdvert
ERR: XML标签语法错误 : name="<?php echo ($a["place"]); ?

[ 2016-12-19T00:00:17+08:00 ] ::1 /meidian/index.php/Admin/Index/getAdvert
ERR: XML标签语法错误 : name="<?php echo ($a["place"]); ?

[ 2016-12-19T00:01:13+08:00 ] ::1 /meidian/index.php/Admin/Index/getAdvert
ERR: XML标签语法错误 : name="<?php echo ($a["place"]); ?

[ 2016-12-19T00:01:15+08:00 ] ::1 /meidian/index.php/Admin/Index/getAdvert
ERR: XML标签语法错误 : name="<?php echo ($a["place"]); ?

[ 2016-12-19T00:01:54+08:00 ] ::1 /meidian/index.php/Admin/Index/getAdvert
ERR: XML标签语法错误 : name="<?php echo ($a["place"]); ?

[ 2016-12-19T00:01:59+08:00 ] ::1 /meidian/index.php/Admin/Index/getAdvert
ERR: XML标签语法错误 : name="<?php echo ($a["place"]); ?

[ 2016-12-19T00:02:24+08:00 ] ::1 /meidian/index.php/Admin/Index/getAdvert
ERR: XML标签语法错误 : name="<?php echo ($a["place"]); ?

[ 2016-12-19T00:02:26+08:00 ] ::1 /meidian/index.php/Admin/Index/getAdvert
ERR: XML标签语法错误 : name="<?php echo ($a["place"]); ?

[ 2016-12-19T00:02:27+08:00 ] ::1 /meidian/index.php/Admin/Index/getAdvert
ERR: XML标签语法错误 : name="<?php echo ($a["place"]); ?

[ 2016-12-19T00:02:57+08:00 ] ::1 /meidian/index.php/Admin/Index/getAdvert
ERR: XML标签语法错误 : name="<?php echo ($a["place"]); ?

[ 2016-12-19T00:02:59+08:00 ] ::1 /meidian/index.php/Admin/Index/getAdvert
ERR: XML标签语法错误 : name="<?php echo ($a["place"]); ?

[ 2016-12-19T00:03:00+08:00 ] ::1 /meidian/index.php/Admin/Index/getAdvert
ERR: XML标签语法错误 : name="<?php echo ($a["place"]); ?

[ 2016-12-19T00:04:28+08:00 ] ::1 /meidian/index.php/Admin/Index/getAdvert
ERR: XML标签语法错误 : name="<?php echo ($a["place"]); ?

[ 2016-12-19T00:04:29+08:00 ] ::1 /meidian/index.php/Admin/Index/getAdvert
ERR: XML标签语法错误 : name="<?php echo ($a["place"]); ?

[ 2016-12-19T00:04:32+08:00 ] ::1 /meidian/index.php/Admin/Index/getAdvert
ERR: XML标签语法错误 : name="<?php echo ($a["place"]); ?

[ 2016-12-19T00:04:34+08:00 ] ::1 /meidian/index.php/Admin/Index/getAdvert
ERR: XML标签语法错误 : name="<?php echo ($a["place"]); ?

[ 2016-12-19T00:04:36+08:00 ] ::1 /meidian/index.php/Admin/Index/getAdvert
ERR: XML标签语法错误 : name="<?php echo ($a["place"]); ?

[ 2016-12-19T00:04:39+08:00 ] ::1 /meidian/index.php/Admin/Index/getAdvert
ERR: XML标签语法错误 : name="<?php echo ($a["place"]); ?

[ 2016-12-19T00:08:05+08:00 ] ::1 /meidian/index.php/Admin/Index/getAdvert
ERR: XML标签语法错误 : name="<?php echo ($a["place"]); ?

[ 2016-12-19T00:08:14+08:00 ] ::1 /meidian/index.php/Admin/Index/getAdvert
ERR: XML标签语法错误 : name="<?php echo ($a["place"]); ?

[ 2016-12-19T00:09:00+08:00 ] ::1 /meidian/index.php/Admin/Index/getAdvert
ERR: XML标签语法错误 : name="<?php echo ($a["place"]); ?

[ 2016-12-19T00:09:01+08:00 ] ::1 /meidian/index.php/Admin/Index/getAdvert
ERR: XML标签语法错误 : name="<?php echo ($a["place"]); ?

[ 2016-12-19T00:09:02+08:00 ] ::1 /meidian/index.php/Admin/Index/getAdvert
ERR: XML标签语法错误 : name="<?php echo ($a["place"]); ?

[ 2016-12-19T00:09:27+08:00 ] ::1 /meidian/index.php/Admin/Index/getAdvert
ERR: XML标签语法错误 : name="<?php echo ($a["place"]); ?

[ 2016-12-19T00:09:28+08:00 ] ::1 /meidian/index.php/Admin/Index/getAdvert
ERR: XML标签语法错误 : name="<?php echo ($a["place"]); ?

[ 2016-12-19T00:09:59+08:00 ] ::1 /meidian/index.php/Admin/Index/getAdvert
ERR: XML标签语法错误 : name="<?php echo ($a["place"]); ?

[ 2016-12-19T09:11:44+08:00 ] ::1 /meidian/index.php/Admin/Index/getAdvert
ERR: XML标签语法错误 : name="<?php echo ($a["place"]); ?

[ 2016-12-19T09:12:01+08:00 ] ::1 /meidian/index.php/Admin/Index/getAdvert
ERR: XML标签语法错误 : name="<?php echo ($a["place"]); ?

[ 2016-12-19T09:21:17+08:00 ] ::1 /meidian/index.php/Admin/Index/getAdvert
ERR: XML标签语法错误 : name="places".<?php echo ($k); ?

[ 2016-12-19T09:21:30+08:00 ] ::1 /meidian/index.php/Admin/Index/getAdvert
ERR: XML标签语法错误 : name="places"+<?php echo ($k); ?

[ 2016-12-19T09:21:41+08:00 ] ::1 /meidian/index.php/Admin/Index/getAdvert
ERR: XML标签语法错误 : name="places<?php echo ($k); ?

[ 2016-12-19T09:21:43+08:00 ] ::1 /meidian/index.php/Admin/Index/getAdvert
ERR: XML标签语法错误 : name="places<?php echo ($k); ?

[ 2016-12-19T11:26:19+08:00 ] ::1 /meidian/index.php/Admin/Advert/updateAdvert
INFO: [ app_begin ] --START--
INFO: Run Behavior\ReadHtmlCacheBehavior [ RunTime:0.002000s ]
INFO: [ app_begin ] --END-- [ RunTime:0.005000s ]
SQL: SHOW COLUMNS FROM `md_advert` [ RunTime:0.0130s ]
SQL: SHOW COLUMNS FROM `md_advert` [ RunTime:0.0130s ]
NOTIC: [8] Undefined variable: arr C:\wamp\www\meidian\Application\Admin\Controller\AdvertController.class.php 第 125 行.
NOTIC: [8] Undefined variable: data C:\wamp\www\meidian\Application\Admin\Controller\AdvertController.class.php 第 125 行.

[ 2016-12-19T11:26:36+08:00 ] ::1 /meidian/index.php/Admin/Advert/updateAdvert
INFO: [ app_begin ] --START--
INFO: Run Behavior\ReadHtmlCacheBehavior [ RunTime:0.002001s ]
INFO: [ app_begin ] --END-- [ RunTime:0.004001s ]
SQL: SHOW COLUMNS FROM `md_advert` [ RunTime:0.0130s ]
SQL: SHOW COLUMNS FROM `md_advert` [ RunTime:0.0140s ]
NOTIC: [8] Undefined variable: arr C:\wamp\www\meidian\Application\Admin\Controller\AdvertController.class.php 第 125 行.
NOTIC: [8] Undefined variable: data C:\wamp\www\meidian\Application\Admin\Controller\AdvertController.class.php 第 125 行.

[ 2016-12-19T11:30:47+08:00 ] ::1 /meidian/index.php/Admin/Advert/updateAdvert
INFO: [ app_begin ] --START--
INFO: Run Behavior\ReadHtmlCacheBehavior [ RunTime:0.004000s ]
INFO: [ app_begin ] --END-- [ RunTime:0.006000s ]
SQL: SHOW COLUMNS FROM `md_advert` [ RunTime:0.0140s ]
SQL: SHOW COLUMNS FROM `md_advert` [ RunTime:0.0130s ]
NOTIC: [8] Undefined variable: arr C:\wamp\www\meidian\Application\Admin\Controller\AdvertController.class.php 第 125 行.
NOTIC: [8] Undefined variable: data C:\wamp\www\meidian\Application\Admin\Controller\AdvertController.class.php 第 125 行.

[ 2016-12-19T11:31:52+08:00 ] ::1 /meidian/index.php/Admin/Advert/updateAdvert
INFO: [ app_begin ] --START--
INFO: Run Behavior\ReadHtmlCacheBehavior [ RunTime:0.003000s ]
INFO: [ app_begin ] --END-- [ RunTime:0.007000s ]
SQL: SHOW COLUMNS FROM `md_advert` [ RunTime:0.0150s ]
SQL: SHOW COLUMNS FROM `md_advert` [ RunTime:0.0140s ]
NOTIC: [8] Undefined variable: data C:\wamp\www\meidian\Application\Admin\Controller\AdvertController.class.php 第 125 行.
NOTIC: [8] Undefined variable: arr C:\wamp\www\meidian\Application\Admin\Controller\AdvertController.class.php 第 126 行.
NOTIC: [8] Undefined variable: data C:\wamp\www\meidian\Application\Admin\Controller\AdvertController.class.php 第 126 行.

[ 2016-12-19T11:32:15+08:00 ] ::1 /meidian/index.php/Admin/Advert/updateAdvert
INFO: [ app_begin ] --START--
INFO: Run Behavior\ReadHtmlCacheBehavior [ RunTime:0.005001s ]
INFO: [ app_begin ] --END-- [ RunTime:0.007001s ]
SQL: SHOW COLUMNS FROM `md_advert` [ RunTime:0.0140s ]
SQL: SHOW COLUMNS FROM `md_advert` [ RunTime:0.0130s ]
NOTIC: [8] Undefined variable: data C:\wamp\www\meidian\Application\Admin\Controller\AdvertController.class.php 第 125 行.
INFO: [ app_end ] --START--
INFO: Run Behavior\ShowPageTraceBehavior [ RunTime:0.004000s ]
INFO: [ app_end ] --END-- [ RunTime:0.004000s ]

[ 2016-12-19T11:35:16+08:00 ] ::1 /meidian/index.php/Admin/Advert/updateAdvert
INFO: [ app_begin ] --START--
INFO: Run Behavior\ReadHtmlCacheBehavior [ RunTime:0.003000s ]
INFO: [ app_begin ] --END-- [ RunTime:0.005001s ]
SQL: SHOW COLUMNS FROM `md_advert` [ RunTime:0.0130s ]
SQL: SHOW COLUMNS FROM `md_advert` [ RunTime:0.0140s ]
NOTIC: [8] Undefined variable: data C:\wamp\www\meidian\Application\Admin\Controller\AdvertController.class.php 第 127 行.
INFO: [ app_end ] --START--
INFO: Run Behavior\ShowPageTraceBehavior [ RunTime:0.004000s ]
INFO: [ app_end ] --END-- [ RunTime:0.004000s ]

[ 2016-12-19T12:58:42+08:00 ] ::1 /meidian/index.php/Admin/Advert/updateAdvert
INFO: [ app_begin ] --START--
INFO: Run Behavior\ReadHtmlCacheBehavior [ RunTime:0.003000s ]
INFO: [ app_begin ] --END-- [ RunTime:0.006000s ]
SQL: SHOW COLUMNS FROM `md_advert` [ RunTime:0.0130s ]
SQL: SHOW COLUMNS FROM `md_advert` [ RunTime:0.0130s ]
INFO: [ app_end ] --START--
INFO: Run Behavior\ShowPageTraceBehavior [ RunTime:0.003000s ]
INFO: [ app_end ] --END-- [ RunTime:0.005000s ]

[ 2016-12-19T13:01:18+08:00 ] ::1 /meidian/index.php/Admin/Advert/updateAdvert
INFO: [ app_begin ] --START--
INFO: Run Behavior\ReadHtmlCacheBehavior [ RunTime:0.003000s ]
INFO: [ app_begin ] --END-- [ RunTime:0.005000s ]
SQL: SHOW COLUMNS FROM `md_advert` [ RunTime:0.0180s ]
SQL: SHOW COLUMNS FROM `md_advert` [ RunTime:0.0130s ]
SQL: UPDATE `md_advert` SET `ad_status`='未上架',`ad_examine`='通过',`ad_pay`='未付费' WHERE ( id='4' ) [ RunTime:0.0700s ]

[ 2016-12-19T13:10:00+08:00 ] ::1 /meidian/index.php/Admin/Advert/addAdvert
INFO: [ app_begin ] --START--
INFO: Run Behavior\ReadHtmlCacheBehavior [ RunTime:0.004001s ]
INFO: [ app_begin ] --END-- [ RunTime:0.007001s ]
SQL: SHOW COLUMNS FROM `md_advert` [ RunTime:0.0160s ]
SQL: SHOW COLUMNS FROM `md_advert` [ RunTime:0.0170s ]
NOTIC: [8] Undefined variable: infos C:\wamp\www\meidian\Application\Admin\Controller\AdvertController.class.php 第 56 行.
SQL: INSERT INTO `md_advert` (`user_id`,`ad_name`,`ad_url`,`ad_format`,`ad_company_id`,`ad_area_id`,`ad_putnum`,`ad_time`) VALUES ('1','kjhfjd ','20161219/1482124191_1380297355.jpg','dfd','0','0','200','2016-12-19 13:09:59') [ RunTime:0.0820s ]
SQL: SHOW COLUMNS FROM `md_ad_place` [ RunTime:0.0130s ]
SQL: INSERT INTO `md_ad_place` (`ad_id`,`place_id`) VALUES ('25','0') [ RunTime:0.0010s ]

[ 2016-12-19T13:10:31+08:00 ] ::1 /meidian/index.php/Admin/Advert/updateAdvert
INFO: [ app_begin ] --START--
INFO: Run Behavior\ReadHtmlCacheBehavior [ RunTime:0.003000s ]
INFO: [ app_begin ] --END-- [ RunTime:0.005000s ]
SQL: SHOW COLUMNS FROM `md_advert` [ RunTime:0.0130s ]
SQL: SHOW COLUMNS FROM `md_advert` [ RunTime:0.0130s ]
SQL: UPDATE `md_advert` SET `ad_status`='未上架',`ad_examine`='通过',`ad_pay`='未付费' WHERE ( id='5' ) [ RunTime:0.0010s ]

[ 2016-12-19T17:04:23+08:00 ] ::1 /meidian/index.php/Admin/User/addUser
INFO: [ app_begin ] --START--
INFO: Run Behavior\ReadHtmlCacheBehavior [ RunTime:0.003000s ]
INFO: [ app_begin ] --END-- [ RunTime:0.007000s ]
SQL: SHOW COLUMNS FROM `md_user` [ RunTime:0.0150s ]
SQL: SHOW COLUMNS FROM `md_user` [ RunTime:0.0140s ]
NOTIC: [8] Undefined variable: username C:\wamp\www\meidian\Application\Admin\Controller\UserController.class.php 第 67 行.

[ 2016-12-19T17:04:30+08:00 ] ::1 /meidian/index.php/Admin/User/addUser
INFO: [ app_begin ] --START--
INFO: Run Behavior\ReadHtmlCacheBehavior [ RunTime:0.003000s ]
INFO: [ app_begin ] --END-- [ RunTime:0.006001s ]
SQL: SHOW COLUMNS FROM `md_user` [ RunTime:0.0140s ]
SQL: SHOW COLUMNS FROM `md_user` [ RunTime:0.0140s ]
NOTIC: [8] Undefined variable: username C:\wamp\www\meidian\Application\Admin\Controller\UserController.class.php 第 67 行.

[ 2016-12-19T17:07:03+08:00 ] ::1 /meidian/index.php/Admin/User/addUser
INFO: [ app_begin ] --START--
INFO: Run Behavior\ReadHtmlCacheBehavior [ RunTime:0.003000s ]
INFO: [ app_begin ] --END-- [ RunTime:0.005000s ]
SQL: SHOW COLUMNS FROM `md_user` [ RunTime:0.0150s ]
SQL: SHOW COLUMNS FROM `md_user` [ RunTime:0.0150s ]
NOTIC: [8] Undefined variable: username C:\wamp\www\meidian\Application\Admin\Controller\UserController.class.php 第 67 行.

[ 2016-12-19T17:07:53+08:00 ] ::1 /meidian/index.php/Admin/User/addUser
INFO: [ app_begin ] --START--
INFO: Run Behavior\ReadHtmlCacheBehavior [ RunTime:0.004000s ]
INFO: [ app_begin ] --END-- [ RunTime:0.007001s ]
SQL: SHOW COLUMNS FROM `md_user` [ RunTime:0.0150s ]
SQL: SHOW COLUMNS FROM `md_user` [ RunTime:0.0140s ]
NOTIC: [8] Undefined variable: username C:\wamp\www\meidian\Application\Admin\Controller\UserController.class.php 第 68 行.

[ 2016-12-19T17:10:49+08:00 ] ::1 /meidian/index.php/Admin/User/addUser
INFO: [ app_begin ] --START--
INFO: Run Behavior\ReadHtmlCacheBehavior [ RunTime:0.003000s ]
INFO: [ app_begin ] --END-- [ RunTime:0.006000s ]
SQL: SHOW COLUMNS FROM `md_user` [ RunTime:0.0140s ]
SQL: SHOW COLUMNS FROM `md_user` [ RunTime:0.0150s ]
NOTIC: [8] Undefined variable: username C:\wamp\www\meidian\Application\Admin\Controller\UserController.class.php 第 68 行.
NOTIC: [8] Undefined variable: password C:\wamp\www\meidian\Application\Admin\Controller\UserController.class.php 第 69 行.
SQL: INSERT INTO `md_user` (`username`,`password`) VALUES ('dy','202cb962ac59075b964b07152d234b70') [ RunTime:0.0950s ]

[ 2016-12-19T17:11:13+08:00 ] ::1 /meidian/index.php/Admin/User/addUser
INFO: [ app_begin ] --START--
INFO: Run Behavior\ReadHtmlCacheBehavior [ RunTime:0.004000s ]
INFO: [ app_begin ] --END-- [ RunTime:0.006000s ]
SQL: SHOW COLUMNS FROM `md_user` [ RunTime:0.0160s ]
SQL: SHOW COLUMNS FROM `md_user` [ RunTime:0.0160s ]
NOTIC: [8] Undefined variable: username C:\wamp\www\meidian\Application\Admin\Controller\UserController.class.php 第 68 行.
NOTIC: [8] Undefined variable: password C:\wamp\www\meidian\Application\Admin\Controller\UserController.class.php 第 69 行.
SQL: INSERT INTO `md_user` (`username`,`password`) VALUES ('dy','202cb962ac59075b964b07152d234b70') [ RunTime:0.0010s ]

