[ 2016-12-18T19:59:25+08:00 ] ::1 /meidian/index.php/Admin/Index/widgets.html
ERR: 非法操作:widgets

[ 2016-12-18T20:34:33+08:00 ] ::1 /meidian/index.php/Admin/Advert/addAdvert
INFO: [ app_begin ] --START--
INFO: Run Behavior\ReadHtmlCacheBehavior [ RunTime:0.003000s ]
INFO: [ app_begin ] --END-- [ RunTime:0.006001s ]
SQL: SHOW COLUMNS FROM `md_advert` [ RunTime:0.0230s ]
SQL: SHOW COLUMNS FROM `md_advert` [ RunTime:0.0210s ]
NOTIC: [8] Undefined variable: infos C:\wamp\www\meidian\Application\Admin\Controller\AdvertController.class.php 第 53 行.
SQL: INSERT INTO `md_advert` (`user_id`,`ad_name`,`ad_url`,`ad_format`,`ad_company_id`,`ad_area_id`,`ad_putnum`,`ad_time`) VALUES ('1','','20161218/1482064468_330022240.jpg','','0','0','0','2016-12-18 20:34:33') [ RunTime:0.1290s ]
SQL: SHOW COLUMNS FROM `md_ad_place` [ RunTime:0.0190s ]
SQL: INSERT INTO `md_ad_place` (`ad_id`,`place_id`) VALUES ('11','0') [ RunTime:0.0010s ]

[ 2016-12-18T20:38:07+08:00 ] ::1 /meidian/index.php/Admin/Advert/addAdvert
INFO: [ app_begin ] --START--
INFO: Run Behavior\ReadHtmlCacheBehavior [ RunTime:0.003000s ]
INFO: [ app_begin ] --END-- [ RunTime:0.005000s ]
SQL: SHOW COLUMNS FROM `md_advert` [ RunTime:0.0220s ]
SQL: SHOW COLUMNS FROM `md_advert` [ RunTime:0.0230s ]
NOTIC: [8] Undefined variable: infos C:\wamp\www\meidian\Application\Admin\Controller\AdvertController.class.php 第 56 行.
SQL: INSERT INTO `md_advert` (`user_id`,`ad_name`,`ad_url`,`ad_format`,`ad_company_id`,`ad_area_id`,`ad_putnum`,`ad_time`) VALUES ('1','sdsad','20161218/1482064642_2140492205.mp3','sdfdsf','0','0','300','2016-12-18 20:38:07') [ RunTime:0.0010s ]
SQL: SHOW COLUMNS FROM `md_ad_place` [ RunTime:0.0330s ]
SQL: INSERT INTO `md_ad_place` (`ad_id`,`place_id`) VALUES ('4','0') [ RunTime:0.0030s ]

[ 2016-12-18T20:38:10+08:00 ] ::1 /meidian/index.php/Admin/Advert/addAdvert
INFO: [ app_begin ] --START--
INFO: Run Behavior\ReadHtmlCacheBehavior [ RunTime:0.004000s ]
INFO: [ app_begin ] --END-- [ RunTime:0.007001s ]
SQL: SHOW COLUMNS FROM `md_advert` [ RunTime:0.0230s ]
SQL: SHOW COLUMNS FROM `md_advert` [ RunTime:0.0220s ]
NOTIC: [8] Undefined variable: infos C:\wamp\www\meidian\Application\Admin\Controller\AdvertController.class.php 第 56 行.
SQL: INSERT INTO `md_advert` (`user_id`,`ad_name`,`ad_url`,`ad_format`,`ad_company_id`,`ad_area_id`,`ad_putnum`,`ad_time`) VALUES ('1','sdsad','20161218/1482064642_2140492205.mp3','sdfdsf','0','0','300','2016-12-18 20:38:10') [ RunTime:0.0020s ]
SQL: SHOW COLUMNS FROM `md_ad_place` [ RunTime:0.0200s ]
SQL: INSERT INTO `md_ad_place` (`ad_id`,`place_id`) VALUES ('5','0') [ RunTime:0.0020s ]

[ 2016-12-18T20:38:16+08:00 ] ::1 /meidian/index.php/Admin/Advert/addAdvert
INFO: [ app_begin ] --START--
INFO: Run Behavior\ReadHtmlCacheBehavior [ RunTime:0.004000s ]
INFO: [ app_begin ] --END-- [ RunTime:0.007000s ]
SQL: SHOW COLUMNS FROM `md_advert` [ RunTime:0.0220s ]
SQL: SHOW COLUMNS FROM `md_advert` [ RunTime:0.0200s ]
NOTIC: [8] Undefined variable: infos C:\wamp\www\meidian\Application\Admin\Controller\AdvertController.class.php 第 56 行.
SQL: INSERT INTO `md_advert` (`user_id`,`ad_name`,`ad_url`,`ad_format`,`ad_company_id`,`ad_area_id`,`ad_putnum`,`ad_time`) VALUES ('1','sdsad','20161218/1482064695_1641902251.jpg','sdfdsf','0','0','300','2016-12-18 20:38:16') [ RunTime:0.0020s ]
SQL: SHOW COLUMNS FROM `md_ad_place` [ RunTime:0.0190s ]
SQL: INSERT INTO `md_ad_place` (`ad_id`,`place_id`) VALUES ('6','0') [ RunTime:0.0010s ]

[ 2016-12-18T20:38:20+08:00 ] ::1 /meidian/index.php/Admin/Advert/addAdvert
INFO: [ app_begin ] --START--
INFO: Run Behavior\ReadHtmlCacheBehavior [ RunTime:0.004001s ]
INFO: [ app_begin ] --END-- [ RunTime:0.006001s ]
SQL: SHOW COLUMNS FROM `md_advert` [ RunTime:0.0210s ]
SQL: SHOW COLUMNS FROM `md_advert` [ RunTime:0.0230s ]
NOTIC: [8] Undefined variable: infos C:\wamp\www\meidian\Application\Admin\Controller\AdvertController.class.php 第 56 行.
SQL: INSERT INTO `md_advert` (`user_id`,`ad_name`,`ad_url`,`ad_format`,`ad_company_id`,`ad_area_id`,`ad_putnum`,`ad_time`) VALUES ('1','sdsad','20161218/1482064695_1641902251.jpg','sdfdsf','0','0','300','2016-12-18 20:38:20') [ RunTime:0.0020s ]
SQL: SHOW COLUMNS FROM `md_ad_place` [ RunTime:0.0190s ]
SQL: INSERT INTO `md_ad_place` (`ad_id`,`place_id`) VALUES ('7','0') [ RunTime:0.0010s ]

[ 2016-12-18T22:05:17+08:00 ] ::1 /meidian/index.php/Admin/Advert/addAdvert
INFO: [ app_begin ] --START--
INFO: Run Behavior\ReadHtmlCacheBehavior [ RunTime:0.004000s ]
INFO: [ app_begin ] --END-- [ RunTime:0.005000s ]
SQL: SHOW COLUMNS FROM `md_advert` [ RunTime:0.0220s ]
SQL: SHOW COLUMNS FROM `md_advert` [ RunTime:0.0230s ]
NOTIC: [8] Undefined variable: infos C:\wamp\www\meidian\Application\Admin\Controller\AdvertController.class.php 第 56 行.
SQL: INSERT INTO `md_advert` (`user_id`,`ad_name`,`ad_url`,`ad_format`,`ad_company_id`,`ad_area_id`,`ad_putnum`,`ad_time`) VALUES ('1','qwuehuw','20161218/1482069912_1146804664.jpg','ioqhasd','0','0','400','2016-12-18 22:05:17') [ RunTime:0.0010s ]
SQL: SHOW COLUMNS FROM `md_ad_place` [ RunTime:0.0180s ]
SQL: INSERT INTO `md_ad_place` (`ad_id`,`place_id`) VALUES ('8','0') [ RunTime:0.0140s ]

[ 2016-12-18T22:07:14+08:00 ] ::1 /meidian/index.php/Admin/Advert/addAdvert
INFO: [ app_begin ] --START--
INFO: Run Behavior\ReadHtmlCacheBehavior [ RunTime:0.004001s ]
INFO: [ app_begin ] --END-- [ RunTime:0.008001s ]
SQL: SHOW COLUMNS FROM `md_advert` [ RunTime:0.0250s ]
SQL: SHOW COLUMNS FROM `md_advert` [ RunTime:0.0210s ]
NOTIC: [8] Undefined variable: infos C:\wamp\www\meidian\Application\Admin\Controller\AdvertController.class.php 第 56 行.
SQL: INSERT INTO `md_advert` (`user_id`,`ad_name`,`ad_url`,`ad_format`,`ad_company_id`,`ad_area_id`,`ad_putnum`,`ad_time`) VALUES ('1','qwuehuw','20161218/1482069912_1146804664.jpg','ioqhasd','0','0','400','2016-12-18 22:07:14') [ RunTime:0.0020s ]
SQL: SHOW COLUMNS FROM `md_ad_place` [ RunTime:0.0260s ]
SQL: INSERT INTO `md_ad_place` (`ad_id`,`place_id`) VALUES ('4','0') [ RunTime:0.0020s ]

[ 2016-12-18T22:07:17+08:00 ] ::1 /meidian/index.php/Admin/Advert/addAdvert
INFO: [ app_begin ] --START--
INFO: Run Behavior\ReadHtmlCacheBehavior [ RunTime:0.004000s ]
INFO: [ app_begin ] --END-- [ RunTime:0.006000s ]
SQL: SHOW COLUMNS FROM `md_advert` [ RunTime:0.0240s ]
SQL: SHOW COLUMNS FROM `md_advert` [ RunTime:0.0220s ]
NOTIC: [8] Undefined variable: infos C:\wamp\www\meidian\Application\Admin\Controller\AdvertController.class.php 第 56 行.
SQL: INSERT INTO `md_advert` (`user_id`,`ad_name`,`ad_url`,`ad_format`,`ad_company_id`,`ad_area_id`,`ad_putnum`,`ad_time`) VALUES ('1','qwuehuw','20161218/1482069912_1146804664.jpg','ioqhasd','0','0','400','2016-12-18 22:07:17') [ RunTime:0.0020s ]
SQL: SHOW COLUMNS FROM `md_ad_place` [ RunTime:0.0190s ]
SQL: INSERT INTO `md_ad_place` (`ad_id`,`place_id`) VALUES ('5','0') [ RunTime:0.0010s ]

[ 2016-12-18T22:07:20+08:00 ] ::1 /meidian/index.php/Admin/Advert/addAdvert
INFO: [ app_begin ] --START--
INFO: Run Behavior\ReadHtmlCacheBehavior [ RunTime:0.006000s ]
INFO: [ app_begin ] --END-- [ RunTime:0.008000s ]
SQL: SHOW COLUMNS FROM `md_advert` [ RunTime:0.0210s ]
SQL: SHOW COLUMNS FROM `md_advert` [ RunTime:0.0230s ]
NOTIC: [8] Undefined variable: infos C:\wamp\www\meidian\Application\Admin\Controller\AdvertController.class.php 第 56 行.
SQL: INSERT INTO `md_advert` (`user_id`,`ad_name`,`ad_url`,`ad_format`,`ad_company_id`,`ad_area_id`,`ad_putnum`,`ad_time`) VALUES ('1','qwuehuw','20161218/1482069912_1146804664.jpg','ioqhasd','0','0','400','2016-12-18 22:07:20') [ RunTime:0.0020s ]
SQL: SHOW COLUMNS FROM `md_ad_place` [ RunTime:0.0200s ]
SQL: INSERT INTO `md_ad_place` (`ad_id`,`place_id`) VALUES ('6','0') [ RunTime:0.0010s ]

[ 2016-12-18T22:07:22+08:00 ] ::1 /meidian/index.php/Admin/Advert/addAdvert
INFO: [ app_begin ] --START--
INFO: Run Behavior\ReadHtmlCacheBehavior [ RunTime:0.004001s ]
INFO: [ app_begin ] --END-- [ RunTime:0.007001s ]
SQL: SHOW COLUMNS FROM `md_advert` [ RunTime:0.0250s ]
SQL: SHOW COLUMNS FROM `md_advert` [ RunTime:0.0230s ]
NOTIC: [8] Undefined variable: infos C:\wamp\www\meidian\Application\Admin\Controller\AdvertController.class.php 第 56 行.
SQL: INSERT INTO `md_advert` (`user_id`,`ad_name`,`ad_url`,`ad_format`,`ad_company_id`,`ad_area_id`,`ad_putnum`,`ad_time`) VALUES ('1','qwuehuw','20161218/1482069912_1146804664.jpg','ioqhasd','0','0','400','2016-12-18 22:07:22') [ RunTime:0.0020s ]
SQL: SHOW COLUMNS FROM `md_ad_place` [ RunTime:0.0210s ]
SQL: INSERT INTO `md_ad_place` (`ad_id`,`place_id`) VALUES ('7','0') [ RunTime:0.0020s ]

[ 2016-12-18T22:07:24+08:00 ] ::1 /meidian/index.php/Admin/Advert/addAdvert
INFO: [ app_begin ] --START--
INFO: Run Behavior\ReadHtmlCacheBehavior [ RunTime:0.004000s ]
INFO: [ app_begin ] --END-- [ RunTime:0.007000s ]
SQL: SHOW COLUMNS FROM `md_advert` [ RunTime:0.0210s ]
SQL: SHOW COLUMNS FROM `md_advert` [ RunTime:0.0200s ]
NOTIC: [8] Undefined variable: infos C:\wamp\www\meidian\Application\Admin\Controller\AdvertController.class.php 第 56 行.
SQL: INSERT INTO `md_advert` (`user_id`,`ad_name`,`ad_url`,`ad_format`,`ad_company_id`,`ad_area_id`,`ad_putnum`,`ad_time`) VALUES ('1','qwuehuw','20161218/1482069912_1146804664.jpg','ioqhasd','0','0','400','2016-12-18 22:07:24') [ RunTime:0.0020s ]
SQL: SHOW COLUMNS FROM `md_ad_place` [ RunTime:0.0210s ]
SQL: INSERT INTO `md_ad_place` (`ad_id`,`place_id`) VALUES ('8','0') [ RunTime:0.0010s ]

[ 2016-12-18T22:07:37+08:00 ] ::1 /meidian/index.php/Admin/Advert/addAdvert
INFO: [ app_begin ] --START--
INFO: Run Behavior\ReadHtmlCacheBehavior [ RunTime:0.003000s ]
INFO: [ app_begin ] --END-- [ RunTime:0.005000s ]
SQL: SHOW COLUMNS FROM `md_advert` [ RunTime:0.0240s ]
SQL: SHOW COLUMNS FROM `md_advert` [ RunTime:0.0290s ]
NOTIC: [8] Undefined variable: infos C:\wamp\www\meidian\Application\Admin\Controller\AdvertController.class.php 第 56 行.
SQL: INSERT INTO `md_advert` (`user_id`,`ad_name`,`ad_url`,`ad_format`,`ad_company_id`,`ad_area_id`,`ad_putnum`,`ad_time`) VALUES ('1','qwuehuw','20161218/1482069912_1146804664.jpg','ioqhasd','0','0','400','2016-12-18 22:07:37') [ RunTime:0.0020s ]
SQL: SHOW COLUMNS FROM `md_ad_place` [ RunTime:0.0200s ]
SQL: INSERT INTO `md_ad_place` (`ad_id`,`place_id`) VALUES ('9','0') [ RunTime:0.0010s ]

[ 2016-12-18T22:07:39+08:00 ] ::1 /meidian/index.php/Admin/Advert/addAdvert
INFO: [ app_begin ] --START--
INFO: Run Behavior\ReadHtmlCacheBehavior [ RunTime:0.004000s ]
INFO: [ app_begin ] --END-- [ RunTime:0.007000s ]
SQL: SHOW COLUMNS FROM `md_advert` [ RunTime:0.0240s ]
SQL: SHOW COLUMNS FROM `md_advert` [ RunTime:0.0210s ]
NOTIC: [8] Undefined variable: infos C:\wamp\www\meidian\Application\Admin\Controller\AdvertController.class.php 第 56 行.
SQL: INSERT INTO `md_advert` (`user_id`,`ad_name`,`ad_url`,`ad_format`,`ad_company_id`,`ad_area_id`,`ad_putnum`,`ad_time`) VALUES ('1','qwuehuw','20161218/1482069912_1146804664.jpg','ioqhasd','0','0','400','2016-12-18 22:07:39') [ RunTime:0.0010s ]
SQL: SHOW COLUMNS FROM `md_ad_place` [ RunTime:0.0200s ]
SQL: INSERT INTO `md_ad_place` (`ad_id`,`place_id`) VALUES ('10','0') [ RunTime:0.0010s ]

[ 2016-12-18T22:07:41+08:00 ] ::1 /meidian/index.php/Admin/Advert/addAdvert
INFO: [ app_begin ] --START--
INFO: Run Behavior\ReadHtmlCacheBehavior [ RunTime:0.004000s ]
INFO: [ app_begin ] --END-- [ RunTime:0.007000s ]
SQL: SHOW COLUMNS FROM `md_advert` [ RunTime:0.0240s ]
SQL: SHOW COLUMNS FROM `md_advert` [ RunTime:0.0230s ]
NOTIC: [8] Undefined variable: infos C:\wamp\www\meidian\Application\Admin\Controller\AdvertController.class.php 第 56 行.
SQL: INSERT INTO `md_advert` (`user_id`,`ad_name`,`ad_url`,`ad_format`,`ad_company_id`,`ad_area_id`,`ad_putnum`,`ad_time`) VALUES ('1','qwuehuw','20161218/1482069912_1146804664.jpg','ioqhasd','0','0','400','2016-12-18 22:07:41') [ RunTime:0.0010s ]
SQL: SHOW COLUMNS FROM `md_ad_place` [ RunTime:0.0200s ]
SQL: INSERT INTO `md_ad_place` (`ad_id`,`place_id`) VALUES ('11','0') [ RunTime:0.0010s ]

[ 2016-12-18T22:07:44+08:00 ] ::1 /meidian/index.php/Admin/Advert/addAdvert
INFO: [ app_begin ] --START--
INFO: Run Behavior\ReadHtmlCacheBehavior [ RunTime:0.004000s ]
INFO: [ app_begin ] --END-- [ RunTime:0.007000s ]
SQL: SHOW COLUMNS FROM `md_advert` [ RunTime:0.0250s ]
SQL: SHOW COLUMNS FROM `md_advert` [ RunTime:0.0230s ]
NOTIC: [8] Undefined variable: infos C:\wamp\www\meidian\Application\Admin\Controller\AdvertController.class.php 第 56 行.
SQL: INSERT INTO `md_advert` (`user_id`,`ad_name`,`ad_url`,`ad_format`,`ad_company_id`,`ad_area_id`,`ad_putnum`,`ad_time`) VALUES ('1','qwuehuw','20161218/1482069912_1146804664.jpg','ioqhasd','0','0','400','2016-12-18 22:07:44') [ RunTime:0.0010s ]
SQL: SHOW COLUMNS FROM `md_ad_place` [ RunTime:0.0210s ]
SQL: INSERT INTO `md_ad_place` (`ad_id`,`place_id`) VALUES ('12','0') [ RunTime:0.0010s ]

[ 2016-12-18T22:07:46+08:00 ] ::1 /meidian/index.php/Admin/Advert/addAdvert
INFO: [ app_begin ] --START--
INFO: Run Behavior\ReadHtmlCacheBehavior [ RunTime:0.003000s ]
INFO: [ app_begin ] --END-- [ RunTime:0.008000s ]
SQL: SHOW COLUMNS FROM `md_advert` [ RunTime:0.0250s ]
SQL: SHOW COLUMNS FROM `md_advert` [ RunTime:0.0250s ]
NOTIC: [8] Undefined variable: infos C:\wamp\www\meidian\Application\Admin\Controller\AdvertController.class.php 第 56 行.
SQL: INSERT INTO `md_advert` (`user_id`,`ad_name`,`ad_url`,`ad_format`,`ad_company_id`,`ad_area_id`,`ad_putnum`,`ad_time`) VALUES ('1','qwuehuw','20161218/1482069912_1146804664.jpg','ioqhasd','0','0','400','2016-12-18 22:07:46') [ RunTime:0.0010s ]
SQL: SHOW COLUMNS FROM `md_ad_place` [ RunTime:0.0240s ]
SQL: INSERT INTO `md_ad_place` (`ad_id`,`place_id`) VALUES ('13','0') [ RunTime:0.0020s ]

[ 2016-12-18T22:07:48+08:00 ] ::1 /meidian/index.php/Admin/Advert/addAdvert
INFO: [ app_begin ] --START--
INFO: Run Behavior\ReadHtmlCacheBehavior [ RunTime:0.004000s ]
INFO: [ app_begin ] --END-- [ RunTime:0.007000s ]
SQL: SHOW COLUMNS FROM `md_advert` [ RunTime:0.0200s ]
SQL: SHOW COLUMNS FROM `md_advert` [ RunTime:0.0210s ]
NOTIC: [8] Undefined variable: infos C:\wamp\www\meidian\Application\Admin\Controller\AdvertController.class.php 第 56 行.
SQL: INSERT INTO `md_advert` (`user_id`,`ad_name`,`ad_url`,`ad_format`,`ad_company_id`,`ad_area_id`,`ad_putnum`,`ad_time`) VALUES ('1','qwuehuw','20161218/1482069912_1146804664.jpg','ioqhasd','0','0','400','2016-12-18 22:07:48') [ RunTime:0.0020s ]
SQL: SHOW COLUMNS FROM `md_ad_place` [ RunTime:0.0220s ]
SQL: INSERT INTO `md_ad_place` (`ad_id`,`place_id`) VALUES ('14','0') [ RunTime:0.0010s ]

[ 2016-12-18T22:07:50+08:00 ] ::1 /meidian/index.php/Admin/Advert/addAdvert
INFO: [ app_begin ] --START--
INFO: Run Behavior\ReadHtmlCacheBehavior [ RunTime:0.005000s ]
INFO: [ app_begin ] --END-- [ RunTime:0.008000s ]
SQL: SHOW COLUMNS FROM `md_advert` [ RunTime:0.0260s ]
SQL: SHOW COLUMNS FROM `md_advert` [ RunTime:0.0220s ]
NOTIC: [8] Undefined variable: infos C:\wamp\www\meidian\Application\Admin\Controller\AdvertController.class.php 第 56 行.
SQL: INSERT INTO `md_advert` (`user_id`,`ad_name`,`ad_url`,`ad_format`,`ad_company_id`,`ad_area_id`,`ad_putnum`,`ad_time`) VALUES ('1','qwuehuw','20161218/1482069912_1146804664.jpg','ioqhasd','0','0','400','2016-12-18 22:07:50') [ RunTime:0.0020s ]
SQL: SHOW COLUMNS FROM `md_ad_place` [ RunTime:0.0220s ]
SQL: INSERT INTO `md_ad_place` (`ad_id`,`place_id`) VALUES ('15','0') [ RunTime:0.0010s ]

[ 2016-12-18T22:07:52+08:00 ] ::1 /meidian/index.php/Admin/Advert/addAdvert
INFO: [ app_begin ] --START--
INFO: Run Behavior\ReadHtmlCacheBehavior [ RunTime:0.008000s ]
INFO: [ app_begin ] --END-- [ RunTime:0.012000s ]
SQL: SHOW COLUMNS FROM `md_advert` [ RunTime:0.0260s ]
SQL: SHOW COLUMNS FROM `md_advert` [ RunTime:0.0230s ]
NOTIC: [8] Undefined variable: infos C:\wamp\www\meidian\Application\Admin\Controller\AdvertController.class.php 第 56 行.
SQL: INSERT INTO `md_advert` (`user_id`,`ad_name`,`ad_url`,`ad_format`,`ad_company_id`,`ad_area_id`,`ad_putnum`,`ad_time`) VALUES ('1','qwuehuw','20161218/1482069912_1146804664.jpg','ioqhasd','0','0','400','2016-12-18 22:07:52') [ RunTime:0.0020s ]
SQL: SHOW COLUMNS FROM `md_ad_place` [ RunTime:0.0230s ]
SQL: INSERT INTO `md_ad_place` (`ad_id`,`place_id`) VALUES ('16','0') [ RunTime:0.0020s ]

[ 2016-12-18T22:07:54+08:00 ] ::1 /meidian/index.php/Admin/Advert/addAdvert
INFO: [ app_begin ] --START--
INFO: Run Behavior\ReadHtmlCacheBehavior [ RunTime:0.003000s ]
INFO: [ app_begin ] --END-- [ RunTime:0.006000s ]
SQL: SHOW COLUMNS FROM `md_advert` [ RunTime:0.0240s ]
SQL: SHOW COLUMNS FROM `md_advert` [ RunTime:0.0240s ]
NOTIC: [8] Undefined variable: infos C:\wamp\www\meidian\Application\Admin\Controller\AdvertController.class.php 第 56 行.
SQL: INSERT INTO `md_advert` (`user_id`,`ad_name`,`ad_url`,`ad_format`,`ad_company_id`,`ad_area_id`,`ad_putnum`,`ad_time`) VALUES ('1','qwuehuw','20161218/1482069912_1146804664.jpg','ioqhasd','0','0','400','2016-12-18 22:07:54') [ RunTime:0.0020s ]
SQL: SHOW COLUMNS FROM `md_ad_place` [ RunTime:0.0240s ]
SQL: INSERT INTO `md_ad_place` (`ad_id`,`place_id`) VALUES ('17','0') [ RunTime:0.0020s ]

[ 2016-12-18T22:07:56+08:00 ] ::1 /meidian/index.php/Admin/Advert/addAdvert
INFO: [ app_begin ] --START--
INFO: Run Behavior\ReadHtmlCacheBehavior [ RunTime:0.005000s ]
INFO: [ app_begin ] --END-- [ RunTime:0.008000s ]
SQL: SHOW COLUMNS FROM `md_advert` [ RunTime:0.0250s ]
SQL: SHOW COLUMNS FROM `md_advert` [ RunTime:0.0230s ]
NOTIC: [8] Undefined variable: infos C:\wamp\www\meidian\Application\Admin\Controller\AdvertController.class.php 第 56 行.
SQL: INSERT INTO `md_advert` (`user_id`,`ad_name`,`ad_url`,`ad_format`,`ad_company_id`,`ad_area_id`,`ad_putnum`,`ad_time`) VALUES ('1','qwuehuw','20161218/1482069912_1146804664.jpg','ioqhasd','0','0','400','2016-12-18 22:07:56') [ RunTime:0.0010s ]
SQL: SHOW COLUMNS FROM `md_ad_place` [ RunTime:0.0210s ]
SQL: INSERT INTO `md_ad_place` (`ad_id`,`place_id`) VALUES ('18','0') [ RunTime:0.0010s ]

[ 2016-12-18T22:07:58+08:00 ] ::1 /meidian/index.php/Admin/Advert/addAdvert
INFO: [ app_begin ] --START--
INFO: Run Behavior\ReadHtmlCacheBehavior [ RunTime:0.004001s ]
INFO: [ app_begin ] --END-- [ RunTime:0.007001s ]
SQL: SHOW COLUMNS FROM `md_advert` [ RunTime:0.0240s ]
SQL: SHOW COLUMNS FROM `md_advert` [ RunTime:0.0220s ]
NOTIC: [8] Undefined variable: infos C:\wamp\www\meidian\Application\Admin\Controller\AdvertController.class.php 第 56 行.
SQL: INSERT INTO `md_advert` (`user_id`,`ad_name`,`ad_url`,`ad_format`,`ad_company_id`,`ad_area_id`,`ad_putnum`,`ad_time`) VALUES ('1','qwuehuw','20161218/1482069912_1146804664.jpg','ioqhasd','0','0','400','2016-12-18 22:07:58') [ RunTime:0.0020s ]
SQL: SHOW COLUMNS FROM `md_ad_place` [ RunTime:0.0200s ]
SQL: INSERT INTO `md_ad_place` (`ad_id`,`place_id`) VALUES ('19','0') [ RunTime:0.0010s ]

[ 2016-12-18T22:08:01+08:00 ] ::1 /meidian/index.php/Admin/Advert/addAdvert
INFO: [ app_begin ] --START--
INFO: Run Behavior\ReadHtmlCacheBehavior [ RunTime:0.003000s ]
INFO: [ app_begin ] --END-- [ RunTime:0.008000s ]
SQL: SHOW COLUMNS FROM `md_advert` [ RunTime:0.0250s ]
SQL: SHOW COLUMNS FROM `md_advert` [ RunTime:0.0230s ]
NOTIC: [8] Undefined variable: infos C:\wamp\www\meidian\Application\Admin\Controller\AdvertController.class.php 第 56 行.
SQL: INSERT INTO `md_advert` (`user_id`,`ad_name`,`ad_url`,`ad_format`,`ad_company_id`,`ad_area_id`,`ad_putnum`,`ad_time`) VALUES ('1','qwuehuw','20161218/1482069912_1146804664.jpg','ioqhasd','0','0','400','2016-12-18 22:08:01') [ RunTime:0.0010s ]
SQL: SHOW COLUMNS FROM `md_ad_place` [ RunTime:0.0210s ]
SQL: INSERT INTO `md_ad_place` (`ad_id`,`place_id`) VALUES ('20','0') [ RunTime:0.0010s ]

[ 2016-12-18T22:08:03+08:00 ] ::1 /meidian/index.php/Admin/Advert/addAdvert
INFO: [ app_begin ] --START--
INFO: Run Behavior\ReadHtmlCacheBehavior [ RunTime:0.003000s ]
INFO: [ app_begin ] --END-- [ RunTime:0.005001s ]
SQL: SHOW COLUMNS FROM `md_advert` [ RunTime:0.0240s ]
SQL: SHOW COLUMNS FROM `md_advert` [ RunTime:0.0250s ]
NOTIC: [8] Undefined variable: infos C:\wamp\www\meidian\Application\Admin\Controller\AdvertController.class.php 第 56 行.
SQL: INSERT INTO `md_advert` (`user_id`,`ad_name`,`ad_url`,`ad_format`,`ad_company_id`,`ad_area_id`,`ad_putnum`,`ad_time`) VALUES ('1','qwuehuw','20161218/1482069912_1146804664.jpg','ioqhasd','0','0','400','2016-12-18 22:08:03') [ RunTime:0.0020s ]
SQL: SHOW COLUMNS FROM `md_ad_place` [ RunTime:0.0210s ]
SQL: INSERT INTO `md_ad_place` (`ad_id`,`place_id`) VALUES ('21','0') [ RunTime:0.0020s ]

[ 2016-12-18T22:08:06+08:00 ] ::1 /meidian/index.php/Admin/Advert/addAdvert
INFO: [ app_begin ] --START--
INFO: Run Behavior\ReadHtmlCacheBehavior [ RunTime:0.005000s ]
INFO: [ app_begin ] --END-- [ RunTime:0.008001s ]
SQL: SHOW COLUMNS FROM `md_advert` [ RunTime:0.0220s ]
SQL: SHOW COLUMNS FROM `md_advert` [ RunTime:0.0240s ]
NOTIC: [8] Undefined variable: infos C:\wamp\www\meidian\Application\Admin\Controller\AdvertController.class.php 第 56 行.
SQL: INSERT INTO `md_advert` (`user_id`,`ad_name`,`ad_url`,`ad_format`,`ad_company_id`,`ad_area_id`,`ad_putnum`,`ad_time`) VALUES ('1','qwuehuw','20161218/1482069912_1146804664.jpg','ioqhasd','0','0','400','2016-12-18 22:08:06') [ RunTime:0.0010s ]
SQL: SHOW COLUMNS FROM `md_ad_place` [ RunTime:0.0200s ]
SQL: INSERT INTO `md_ad_place` (`ad_id`,`place_id`) VALUES ('22','0') [ RunTime:0.0010s ]

[ 2016-12-18T22:08:09+08:00 ] ::1 /meidian/index.php/Admin/Advert/addAdvert
INFO: [ app_begin ] --START--
INFO: Run Behavior\ReadHtmlCacheBehavior [ RunTime:0.004000s ]
INFO: [ app_begin ] --END-- [ RunTime:0.006000s ]
SQL: SHOW COLUMNS FROM `md_advert` [ RunTime:0.0250s ]
SQL: SHOW COLUMNS FROM `md_advert` [ RunTime:0.0240s ]
NOTIC: [8] Undefined variable: infos C:\wamp\www\meidian\Application\Admin\Controller\AdvertController.class.php 第 56 行.
SQL: INSERT INTO `md_advert` (`user_id`,`ad_name`,`ad_url`,`ad_format`,`ad_company_id`,`ad_area_id`,`ad_putnum`,`ad_time`) VALUES ('1','qwuehuw','20161218/1482069912_1146804664.jpg','ioqhasd','0','0','400','2016-12-18 22:08:09') [ RunTime:0.0010s ]
SQL: SHOW COLUMNS FROM `md_ad_place` [ RunTime:0.0210s ]
SQL: INSERT INTO `md_ad_place` (`ad_id`,`place_id`) VALUES ('23','0') [ RunTime:0.0020s ]

[ 2016-12-18T22:08:13+08:00 ] ::1 /meidian/index.php/Admin/Advert/addAdvert
INFO: [ app_begin ] --START--
INFO: Run Behavior\ReadHtmlCacheBehavior [ RunTime:0.004000s ]
INFO: [ app_begin ] --END-- [ RunTime:0.007001s ]
SQL: SHOW COLUMNS FROM `md_advert` [ RunTime:0.0210s ]
SQL: SHOW COLUMNS FROM `md_advert` [ RunTime:0.0210s ]
NOTIC: [8] Undefined variable: infos C:\wamp\www\meidian\Application\Admin\Controller\AdvertController.class.php 第 56 行.
SQL: INSERT INTO `md_advert` (`user_id`,`ad_name`,`ad_url`,`ad_format`,`ad_company_id`,`ad_area_id`,`ad_putnum`,`ad_time`) VALUES ('1','qwuehuw','20161218/1482069912_1146804664.jpg','ioqhasd','0','0','400','2016-12-18 22:08:13') [ RunTime:0.0020s ]
SQL: SHOW COLUMNS FROM `md_ad_place` [ RunTime:0.0300s ]
SQL: INSERT INTO `md_ad_place` (`ad_id`,`place_id`) VALUES ('24','0') [ RunTime:0.0020s ]

[ 2016-12-18T23:29:48+08:00 ] ::1 /meidian/index.php/Admin/Advert/delAdvert
INFO: [ app_begin ] --START--
INFO: Run Behavior\ReadHtmlCacheBehavior [ RunTime:0.003001s ]
INFO: [ app_begin ] --END-- [ RunTime:0.006001s ]
SQL: SHOW COLUMNS FROM `md_advert` [ RunTime:0.0190s ]
SQL: SHOW COLUMNS FROM `md_advert` [ RunTime:0.0200s ]
NOTIC: [8] Undefined index: id C:\wamp\www\meidian\Application\Admin\Logic\AdvertLogic.class.php 第 66 行.
SQL: DELETE FROM `md_advert` WHERE ( id='0' ) [ RunTime:0.1250s ]

[ 2016-12-18T23:31:23+08:00 ] ::1 /meidian/index.php/Admin/Advert/delAdvert
INFO: [ app_begin ] --START--
INFO: Run Behavior\ReadHtmlCacheBehavior [ RunTime:0.003000s ]
INFO: [ app_begin ] --END-- [ RunTime:0.005000s ]
SQL: SHOW COLUMNS FROM `md_advert` [ RunTime:0.0200s ]
SQL: SHOW COLUMNS FROM `md_advert` [ RunTime:0.0210s ]
NOTIC: [8] Undefined index: id C:\wamp\www\meidian\Application\Admin\Logic\AdvertLogic.class.php 第 66 行.
SQL: DELETE FROM `md_advert` WHERE ( id='0' ) [ RunTime:0.0010s ]

[ 2016-12-18T23:33:05+08:00 ] ::1 /meidian/index.php/Admin/Advert/delAdvert
INFO: [ app_begin ] --START--
INFO: Run Behavior\ReadHtmlCacheBehavior [ RunTime:0.003000s ]
INFO: [ app_begin ] --END-- [ RunTime:0.005000s ]
SQL: SHOW COLUMNS FROM `md_advert` [ RunTime:0.0190s ]
SQL: SHOW COLUMNS FROM `md_advert` [ RunTime:0.0200s ]
SQL: DELETE FROM `md_advert` WHERE ( id='1' ) [ RunTime:0.0980s ]

[ 2016-12-18T23:33:54+08:00 ] ::1 /meidian/index.php/Admin/Advert/delAdvert
INFO: [ app_begin ] --START--
INFO: Run Behavior\ReadHtmlCacheBehavior [ RunTime:0.002001s ]
INFO: [ app_begin ] --END-- [ RunTime:0.005001s ]
SQL: SHOW COLUMNS FROM `md_advert` [ RunTime:0.0190s ]
SQL: SHOW COLUMNS FROM `md_advert` [ RunTime:0.0190s ]
SQL: DELETE FROM `md_advert` WHERE ( id='2' ) [ RunTime:0.0010s ]

[ 2016-12-18T23:34:01+08:00 ] ::1 /meidian/index.php/Admin/Advert/delAdvert
INFO: [ app_begin ] --START--
INFO: Run Behavior\ReadHtmlCacheBehavior [ RunTime:0.003000s ]
INFO: [ app_begin ] --END-- [ RunTime:0.004000s ]
SQL: SHOW COLUMNS FROM `md_advert` [ RunTime:0.0250s ]
SQL: SHOW COLUMNS FROM `md_advert` [ RunTime:0.0200s ]
SQL: DELETE FROM `md_advert` WHERE ( id='3' ) [ RunTime:0.0010s ]

