[ 2017-01-01T11:54:33+08:00 ] ::1 /meidian/index.php/admin/user/login
INFO: [ app_begin ] --START--
INFO: Run Behavior\ReadHtmlCacheBehavior [ RunTime:0.000443s ]
INFO: [ app_begin ] --END-- [ RunTime:0.000802s ]
SQL: SHOW COLUMNS FROM `md_user` [ RunTime:0.0141s ]
SQL: SHOW COLUMNS FROM `md_user` [ RunTime:0.0028s ]
SQL: SELECT * FROM `md_user` WHERE `username` = 'dy' AND `password` = '202cb962ac59075b964b07152d234b70'  [ RunTime:0.0038s ]
SQL: SHOW COLUMNS FROM `md_auth_group_access` [ RunTime:0.0066s ]
SQL: SELECT * FROM `md_auth_group_access` WHERE ( uid=2 )  [ RunTime:0.0005s ]
NOTIC: [8] Undefined offset: 0 C:\wamp\www\meidian\Application\Admin\Logic\UserLogic.class.php 第 246 行.
SQL: UPDATE `md_user` SET `logintime`='2017-01-01 11:54:33',`lastloginip`='0.0.0.0' WHERE ( id='2' ) [ RunTime:0.0106s ]

[ 2017-01-01T12:45:54+08:00 ] ::1 /meidian/index.php/Admin/File/addImg
INFO: [ app_begin ] --START--
INFO: Run Behavior\ReadHtmlCacheBehavior [ RunTime:0.000958s ]
INFO: [ app_begin ] --END-- [ RunTime:0.001395s ]
SQL: SHOW COLUMNS FROM `md_auth_group_access` [ RunTime:0.0059s ]
SQL: SELECT `uid`,`group_id`,`title`,`rules` FROM md_auth_group_access a INNER JOIN md_auth_group g on a.group_id=g.id  WHERE ( a.uid='1' and g.status='1' )  [ RunTime:0.0008s ]
SQL: SHOW COLUMNS FROM `md_auth_rule` [ RunTime:0.0064s ]
SQL: SELECT `condition`,`name` FROM `md_auth_rule` WHERE `id` IN ('1','2','3','4','5','6','7','8','9','10') AND `type` = 'Admin' AND `status` = 1  [ RunTime:0.0003s ]
SQL: SHOW COLUMNS FROM `md_file_img` [ RunTime:0.0050s ]
SQL: SHOW COLUMNS FROM `md_file_video` [ RunTime:0.0047s ]
SQL: INSERT INTO `md_file_img` (`small_img`,`big_img`,`img_name`,`img_size`,`user_id`) VALUES ('20170101/thumb1483245948_1224782805.png','20170101/1483245948_1224782805.png','datatbale.png','52312','2') [ RunTime:0.0004s ]
SQL: INSERT INTO `md_file_img` (`small_img`,`big_img`,`img_name`,`img_size`,`user_id`) VALUES ('20170101/thumb1483245948_1222181437.jpg','20170101/1483245948_1222181437.jpg','ludashi.jpg','101888','2') [ RunTime:0.0003s ]
SQL: INSERT INTO `md_file_img` (`small_img`,`big_img`,`img_name`,`img_size`,`user_id`) VALUES ('20170101/thumb1483245949_882082691.jpg','20170101/1483245949_882082691.jpg','mmexport1481890332796.jpg','69684','2') [ RunTime:0.0005s ]
SQL: INSERT INTO `md_file_img` (`small_img`,`big_img`,`img_name`,`img_size`,`user_id`) VALUES ('20170101/thumb1483245949_246395083.jpg','20170101/1483245949_246395083.jpg','mmexport1481890348662.jpg','161984','2') [ RunTime:0.0003s ]
SQL: INSERT INTO `md_file_img` (`small_img`,`big_img`,`img_name`,`img_size`,`user_id`) VALUES ('20170101/thumb1483245949_517356605.jpg','20170101/1483245949_517356605.jpg','杜勇公众号.jpg','157613','2') [ RunTime:0.0004s ]

[ 2017-01-01T13:17:07+08:00 ] ::1 /meidian/index.php/admin/user/login
INFO: [ app_begin ] --START--
INFO: Run Behavior\ReadHtmlCacheBehavior [ RunTime:0.000875s ]
INFO: [ app_begin ] --END-- [ RunTime:0.001265s ]
SQL: SHOW COLUMNS FROM `md_user` [ RunTime:0.0050s ]
SQL: SHOW COLUMNS FROM `md_user` [ RunTime:0.0032s ]
SQL: SELECT * FROM `md_user` WHERE `username` = '123' AND `password` = '202cb962ac59075b964b07152d234b70'  [ RunTime:0.0006s ]

[ 2017-01-01T13:17:15+08:00 ] ::1 /meidian/index.php/admin/user/login
INFO: [ app_begin ] --START--
INFO: Run Behavior\ReadHtmlCacheBehavior [ RunTime:0.000517s ]
INFO: [ app_begin ] --END-- [ RunTime:0.000854s ]
SQL: SHOW COLUMNS FROM `md_user` [ RunTime:0.0056s ]
SQL: SHOW COLUMNS FROM `md_user` [ RunTime:0.0025s ]
SQL: SELECT * FROM `md_user` WHERE `username` = 'dy' AND `password` = '202cb962ac59075b964b07152d234b70'  [ RunTime:0.0003s ]
SQL: SHOW COLUMNS FROM `md_auth_group_access` [ RunTime:0.0021s ]
SQL: SELECT * FROM `md_auth_group_access` WHERE ( uid=2 )  [ RunTime:0.0003s ]
NOTIC: [8] Undefined offset: 0 C:\wamp\www\meidian\Application\Admin\Logic\UserLogic.class.php 第 246 行.
SQL: UPDATE `md_user` SET `logintime`='2017-01-01 13:17:15',`lastloginip`='0.0.0.0' WHERE ( id='2' ) [ RunTime:0.0008s ]

