[ 2017-02-21T13:47:33+08:00 ] ::1 /meidian/index.php/admin/user/login
INFO: [ app_begin ] --START--
INFO: Run Behavior\ReadHtmlCacheBehavior [ RunTime:0.000748s ]
INFO: [ app_begin ] --END-- [ RunTime:0.001390s ]
SQL: SHOW COLUMNS FROM `md_user` [ RunTime:0.0104s ]
SQL: SELECT * FROM `md_user` WHERE `username` = '123' AND `password` = '202cb962ac59075b964b07152d234b70'  [ RunTime:0.0019s ]
SQL: SHOW COLUMNS FROM `md_auth_group_access` [ RunTime:0.0097s ]
SQL: SELECT * FROM `md_auth_group_access` WHERE ( uid=3 )  [ RunTime:0.0009s ]
NOTIC: [8] Undefined offset: 0 C:\wamp\www\meidian\Application\Admin\Logic\UserLogic.class.php 第 287 行.
SQL: UPDATE `md_user` SET `logintime`='2017-02-21 13:47:33',`lastloginip`='0.0.0.0' WHERE ( id='3' ) [ RunTime:0.0023s ]

[ 2017-02-21T13:47:41+08:00 ] ::1 /meidian/index.php/admin/user/login
INFO: [ app_begin ] --START--
INFO: Run Behavior\ReadHtmlCacheBehavior [ RunTime:0.000704s ]
INFO: [ app_begin ] --END-- [ RunTime:0.001316s ]

[ 2017-02-21T13:47:41+08:00 ] ::1 /meidian/index.php/admin/index/index
INFO: [ app_begin ] --START--
INFO: Run Behavior\ReadHtmlCacheBehavior [ RunTime:0.001136s ]
INFO: [ app_begin ] --END-- [ RunTime:0.002055s ]
SQL: SHOW COLUMNS FROM `md_auth_group_access` [ RunTime:0.0065s ]
SQL: SELECT `uid`,`group_id`,`title`,`rules` FROM md_auth_group_access a INNER JOIN md_auth_group g on a.group_id=g.id  WHERE ( a.uid='3' and g.status='1' )  [ RunTime:0.0008s ]
INFO: [ view_parse ] --START--
INFO: [ template_filter ] --START--
INFO: Run Behavior\ContentReplaceBehavior [ RunTime:0.000183s ]
INFO: [ template_filter ] --END-- [ RunTime:0.000364s ]
INFO: Run Behavior\ParseTemplateBehavior [ RunTime:0.010111s ]
INFO: [ view_parse ] --END-- [ RunTime:0.010377s ]
INFO: [ view_filter ] --START--
INFO: Run Behavior\WriteHtmlCacheBehavior [ RunTime:0.000558s ]
INFO: [ view_filter ] --END-- [ RunTime:0.000726s ]
INFO: [ app_end ] --START--
INFO: Run Behavior\ShowPageTraceBehavior [ RunTime:0.001132s ]
INFO: [ app_end ] --END-- [ RunTime:0.001372s ]

[ 2017-02-21T13:47:42+08:00 ] ::1 /meidian/index.php/admin/user/login
INFO: [ app_begin ] --START--
INFO: Run Behavior\ReadHtmlCacheBehavior [ RunTime:0.000747s ]
INFO: [ app_begin ] --END-- [ RunTime:0.001416s ]

[ 2017-02-21T13:47:42+08:00 ] ::1 /meidian/index.php/admin/index/index
INFO: [ app_begin ] --START--
INFO: Run Behavior\ReadHtmlCacheBehavior [ RunTime:0.000711s ]
INFO: [ app_begin ] --END-- [ RunTime:0.001331s ]
SQL: SHOW COLUMNS FROM `md_auth_group_access` [ RunTime:0.0064s ]
SQL: SELECT `uid`,`group_id`,`title`,`rules` FROM md_auth_group_access a INNER JOIN md_auth_group g on a.group_id=g.id  WHERE ( a.uid='3' and g.status='1' )  [ RunTime:0.0006s ]
INFO: [ view_parse ] --START--
INFO: [ template_filter ] --START--
INFO: Run Behavior\ContentReplaceBehavior [ RunTime:0.000117s ]
INFO: [ template_filter ] --END-- [ RunTime:0.000273s ]
INFO: Run Behavior\ParseTemplateBehavior [ RunTime:0.008324s ]
INFO: [ view_parse ] --END-- [ RunTime:0.008585s ]
INFO: [ view_filter ] --START--
INFO: Run Behavior\WriteHtmlCacheBehavior [ RunTime:0.001068s ]
INFO: [ view_filter ] --END-- [ RunTime:0.001418s ]
INFO: [ app_end ] --START--
INFO: Run Behavior\ShowPageTraceBehavior [ RunTime:0.001231s ]
INFO: [ app_end ] --END-- [ RunTime:0.001463s ]

[ 2017-02-21T13:48:13+08:00 ] ::1 /meidian/index.php/admin/user/login
INFO: [ app_begin ] --START--
INFO: Run Behavior\ReadHtmlCacheBehavior [ RunTime:0.001209s ]
INFO: [ app_begin ] --END-- [ RunTime:0.002183s ]
SQL: SHOW COLUMNS FROM `md_user` [ RunTime:0.0080s ]
SQL: SELECT * FROM `md_user` WHERE `username` = 'admin' AND `password` = '202cb962ac59075b964b07152d234b70'  [ RunTime:0.0005s ]
SQL: SHOW COLUMNS FROM `md_auth_group_access` [ RunTime:0.0063s ]
SQL: SELECT * FROM `md_auth_group_access` WHERE ( uid=1 )  [ RunTime:0.0006s ]
SQL: UPDATE `md_user` SET `logintime`='2017-02-21 13:48:13',`lastloginip`='0.0.0.0' WHERE ( id='1' ) [ RunTime:0.0007s ]

[ 2017-02-21T13:48:42+08:00 ] ::1 /meidian/index.php/admin/user/login
INFO: [ app_begin ] --START--
INFO: Run Behavior\ReadHtmlCacheBehavior [ RunTime:0.000777s ]
INFO: [ app_begin ] --END-- [ RunTime:0.001610s ]
SQL: SHOW COLUMNS FROM `md_user` [ RunTime:0.0052s ]
SQL: SELECT * FROM `md_user` WHERE `username` = 'admin' AND `password` = '202cb962ac59075b964b07152d234b70'  [ RunTime:0.0005s ]
SQL: SHOW COLUMNS FROM `md_auth_group_access` [ RunTime:0.0051s ]
SQL: SELECT * FROM `md_auth_group_access` WHERE ( uid=1 )  [ RunTime:0.0003s ]
SQL: UPDATE `md_user` SET `logintime`='2017-02-21 13:48:42',`lastloginip`='0.0.0.0' WHERE ( id='1' ) [ RunTime:0.0004s ]

