[ 2017-02-16T09:29:47+08:00 ] ::1 /meidian/index.php/admin/user/login
INFO: [ app_begin ] --START--
INFO: Run Behavior\ReadHtmlCacheBehavior [ RunTime:0.000905s ]
INFO: [ app_begin ] --END-- [ RunTime:0.001558s ]
SQL: SHOW COLUMNS FROM `md_user` [ RunTime:0.0103s ]
SQL: SELECT * FROM `md_user` WHERE `username` = 'admin' AND `password` = '202cb962ac59075b964b07152d234b70'  [ RunTime:0.0035s ]
SQL: SHOW COLUMNS FROM `md_auth_group_access` [ RunTime:0.0099s ]
SQL: SELECT * FROM `md_auth_group_access` WHERE ( uid=1 )  [ RunTime:0.0004s ]
SQL: UPDATE `md_user` SET `logintime`='2017-02-16 09:29:47',`lastloginip`='0.0.0.0' WHERE ( id='1' ) [ RunTime:0.0048s ]

[ 2017-02-16T09:32:16+08:00 ] ::1 /meidian/index.php/Admin/Online/isOnline
INFO: [ app_begin ] --START--
INFO: Run Behavior\ReadHtmlCacheBehavior [ RunTime:0.000675s ]
INFO: [ app_begin ] --END-- [ RunTime:0.001348s ]

[ 2017-02-16T09:42:29+08:00 ] ::1 /meidian/index.php/admin/user/logout
INFO: [ app_begin ] --START--
INFO: Run Behavior\ReadHtmlCacheBehavior [ RunTime:0.001411s ]
INFO: [ app_begin ] --END-- [ RunTime:0.002263s ]
SQL: SHOW COLUMNS FROM `md_user` [ RunTime:0.0063s ]

[ 2017-02-16T09:42:34+08:00 ] ::1 /meidian/index.php/admin/user/login
INFO: [ app_begin ] --START--
INFO: Run Behavior\ReadHtmlCacheBehavior [ RunTime:0.000981s ]
INFO: [ app_begin ] --END-- [ RunTime:0.001929s ]
SQL: SHOW COLUMNS FROM `md_user` [ RunTime:0.0071s ]
SQL: SELECT * FROM `md_user` WHERE `username` = 'admin' AND `password` = '202cb962ac59075b964b07152d234b70'  [ RunTime:0.0005s ]
SQL: SHOW COLUMNS FROM `md_auth_group_access` [ RunTime:0.0065s ]
SQL: SELECT * FROM `md_auth_group_access` WHERE ( uid=1 )  [ RunTime:0.0004s ]
SQL: UPDATE `md_user` SET `logintime`='2017-02-16 09:42:34',`lastloginip`='0.0.0.0' WHERE ( id='1' ) [ RunTime:0.0005s ]

[ 2017-02-16T09:43:01+08:00 ] ::1 /meidian/index.php/Admin/User/authQuery
INFO: [ app_begin ] --START--
INFO: Run Behavior\ReadHtmlCacheBehavior [ RunTime:0.001370s ]
INFO: [ app_begin ] --END-- [ RunTime:0.002492s ]
SQL: SHOW COLUMNS FROM `md_user` [ RunTime:0.0066s ]
SQL: SHOW COLUMNS FROM `md_auth_group_access` [ RunTime:0.0061s ]
SQL: SELECT * FROM `md_auth_group_access` WHERE ( uid=2 )  [ RunTime:0.0004s ]

[ 2017-02-16T09:43:02+08:00 ] ::1 /meidian/index.php/Admin/User/authQuery
INFO: [ app_begin ] --START--
INFO: Run Behavior\ReadHtmlCacheBehavior [ RunTime:0.001102s ]
INFO: [ app_begin ] --END-- [ RunTime:0.002018s ]
SQL: SHOW COLUMNS FROM `md_user` [ RunTime:0.0061s ]
SQL: SHOW COLUMNS FROM `md_auth_group_access` [ RunTime:0.0060s ]
SQL: SELECT * FROM `md_auth_group_access` WHERE ( uid=1 )  [ RunTime:0.0004s ]
SQL: SHOW COLUMNS FROM `md_auth_group` [ RunTime:0.0063s ]
SQL: SELECT * FROM `md_auth_group` WHERE ( id=3 )  [ RunTime:0.0004s ]

[ 2017-02-16T09:44:21+08:00 ] ::1 /meidian/index.php/Admin/User/addUser
INFO: [ app_begin ] --START--
INFO: Run Behavior\ReadHtmlCacheBehavior [ RunTime:0.001095s ]
INFO: [ app_begin ] --END-- [ RunTime:0.001933s ]
SQL: SHOW COLUMNS FROM `md_user` [ RunTime:0.0066s ]
SQL: INSERT INTO `md_user` (`username`,`password`) VALUES ('123','202cb962ac59075b964b07152d234b70') [ RunTime:0.0008s ]

[ 2017-02-16T09:44:27+08:00 ] ::1 /meidian/index.php/Admin/User/addUser
INFO: [ app_begin ] --START--
INFO: Run Behavior\ReadHtmlCacheBehavior [ RunTime:0.001095s ]
INFO: [ app_begin ] --END-- [ RunTime:0.001950s ]
SQL: SHOW COLUMNS FROM `md_user` [ RunTime:0.0064s ]
SQL: INSERT INTO `md_user` (`username`,`password`) VALUES ('123','202cb962ac59075b964b07152d234b70') [ RunTime:0.0006s ]

[ 2017-02-16T09:47:27+08:00 ] ::1 /meidian/index.php/Admin/User/authQuery
INFO: [ app_begin ] --START--
INFO: Run Behavior\ReadHtmlCacheBehavior [ RunTime:0.000988s ]
INFO: [ app_begin ] --END-- [ RunTime:0.001721s ]
SQL: SHOW COLUMNS FROM `md_user` [ RunTime:0.0068s ]
SQL: SHOW COLUMNS FROM `md_auth_group_access` [ RunTime:0.0050s ]
SQL: SELECT * FROM `md_auth_group_access` WHERE ( uid=1 )  [ RunTime:0.0003s ]
SQL: SHOW COLUMNS FROM `md_auth_group` [ RunTime:0.0051s ]
SQL: SELECT * FROM `md_auth_group` WHERE ( id=3 )  [ RunTime:0.0004s ]

[ 2017-02-16T09:47:30+08:00 ] ::1 /meidian/index.php/Admin/User/authUpdateFree
INFO: [ app_begin ] --START--
INFO: Run Behavior\ReadHtmlCacheBehavior [ RunTime:0.001399s ]
INFO: [ app_begin ] --END-- [ RunTime:0.002143s ]
SQL: SHOW COLUMNS FROM `md_user` [ RunTime:0.0067s ]
SQL: SHOW COLUMNS FROM `md_auth_group_access` [ RunTime:0.0052s ]
NOTIC: [2] Illegal offset type in isset or empty C:\wamp\www\meidian\ThinkPHP\Library\Think\Model.class.php 第 511 行.
SQL: DELETE FROM `md_auth_group_access` WHERE ( uid=1 ) [ RunTime:0.0005s ]
SQL: SHOW COLUMNS FROM `md_auth_group` [ RunTime:0.0052s ]
SQL: INSERT INTO `md_auth_group` (`rules`) VALUES ('1,4,5,6,2,3,7,8,9,10,11,12,13,14') [ RunTime:0.0003s ]
SQL: INSERT INTO `md_auth_group_access` (`group_id`,`uid`) VALUES ('4','1') [ RunTime:0.0003s ]

[ 2017-02-16T09:47:49+08:00 ] ::1 /meidian/index.php/Admin/User/authQuery
INFO: [ app_begin ] --START--
INFO: Run Behavior\ReadHtmlCacheBehavior [ RunTime:0.000975s ]
INFO: [ app_begin ] --END-- [ RunTime:0.001647s ]
SQL: SHOW COLUMNS FROM `md_user` [ RunTime:0.0078s ]
SQL: SHOW COLUMNS FROM `md_auth_group_access` [ RunTime:0.0051s ]
SQL: SELECT * FROM `md_auth_group_access` WHERE ( uid=1 )  [ RunTime:0.0003s ]
SQL: SHOW COLUMNS FROM `md_auth_group` [ RunTime:0.0063s ]
SQL: SELECT * FROM `md_auth_group` WHERE ( id=4 )  [ RunTime:0.0004s ]

[ 2017-02-16T09:47:52+08:00 ] ::1 /meidian/index.php/Admin/User/authUpdateFree
INFO: [ app_begin ] --START--
INFO: Run Behavior\ReadHtmlCacheBehavior [ RunTime:0.000977s ]
INFO: [ app_begin ] --END-- [ RunTime:0.001697s ]
SQL: SHOW COLUMNS FROM `md_user` [ RunTime:0.0061s ]
SQL: SHOW COLUMNS FROM `md_auth_group_access` [ RunTime:0.0047s ]
NOTIC: [2] Illegal offset type in isset or empty C:\wamp\www\meidian\ThinkPHP\Library\Think\Model.class.php 第 511 行.
SQL: DELETE FROM `md_auth_group_access` WHERE ( uid=1 ) [ RunTime:0.0004s ]
SQL: SHOW COLUMNS FROM `md_auth_group` [ RunTime:0.0055s ]
SQL: INSERT INTO `md_auth_group` (`rules`) VALUES ('1,4,5,6,2,3,7,8,9,10,11,12') [ RunTime:0.0003s ]
SQL: INSERT INTO `md_auth_group_access` (`group_id`,`uid`) VALUES ('5','1') [ RunTime:0.0003s ]

[ 2017-02-16T09:49:48+08:00 ] ::1 /meidian/index.php/Admin/User/authQuery
INFO: [ app_begin ] --START--
INFO: Run Behavior\ReadHtmlCacheBehavior [ RunTime:0.000927s ]
INFO: [ app_begin ] --END-- [ RunTime:0.001622s ]
SQL: SHOW COLUMNS FROM `md_user` [ RunTime:0.0068s ]
SQL: SHOW COLUMNS FROM `md_auth_group_access` [ RunTime:0.0061s ]
SQL: SELECT * FROM `md_auth_group_access` WHERE ( uid=4 )  [ RunTime:0.0004s ]

[ 2017-02-16T09:49:50+08:00 ] ::1 /meidian/index.php/Admin/User/authQuery
INFO: [ app_begin ] --START--
INFO: Run Behavior\ReadHtmlCacheBehavior [ RunTime:0.001054s ]
INFO: [ app_begin ] --END-- [ RunTime:0.001797s ]
SQL: SHOW COLUMNS FROM `md_user` [ RunTime:0.0062s ]
SQL: SHOW COLUMNS FROM `md_auth_group_access` [ RunTime:0.0051s ]
SQL: SELECT * FROM `md_auth_group_access` WHERE ( uid=1 )  [ RunTime:0.0003s ]
SQL: SHOW COLUMNS FROM `md_auth_group` [ RunTime:0.0060s ]
SQL: SELECT * FROM `md_auth_group` WHERE ( id=5 )  [ RunTime:0.0004s ]

[ 2017-02-16T09:57:32+08:00 ] ::1 /meidian/index.php/Admin/User/authQuery
INFO: [ app_begin ] --START--
INFO: Run Behavior\ReadHtmlCacheBehavior [ RunTime:0.001060s ]
INFO: [ app_begin ] --END-- [ RunTime:0.001889s ]
SQL: SHOW COLUMNS FROM `md_user` [ RunTime:0.0061s ]
SQL: SHOW COLUMNS FROM `md_auth_group_access` [ RunTime:0.0052s ]
SQL: SELECT * FROM `md_auth_group_access` WHERE ( uid=2 )  [ RunTime:0.0005s ]

[ 2017-02-16T09:57:33+08:00 ] ::1 /meidian/index.php/Admin/User/authQuery
INFO: [ app_begin ] --START--
INFO: Run Behavior\ReadHtmlCacheBehavior [ RunTime:0.001277s ]
INFO: [ app_begin ] --END-- [ RunTime:0.002129s ]
SQL: SHOW COLUMNS FROM `md_user` [ RunTime:0.0061s ]
SQL: SHOW COLUMNS FROM `md_auth_group_access` [ RunTime:0.0055s ]
SQL: SELECT * FROM `md_auth_group_access` WHERE ( uid=1 )  [ RunTime:0.0003s ]
SQL: SHOW COLUMNS FROM `md_auth_group` [ RunTime:0.0055s ]
SQL: SELECT * FROM `md_auth_group` WHERE ( id=5 )  [ RunTime:0.0004s ]

[ 2017-02-16T10:00:18+08:00 ] ::1 /meidian/index.php/Admin/User/authQuery
INFO: [ app_begin ] --START--
INFO: Run Behavior\ReadHtmlCacheBehavior [ RunTime:0.001199s ]
INFO: [ app_begin ] --END-- [ RunTime:0.002443s ]
SQL: SHOW COLUMNS FROM `md_user` [ RunTime:0.0071s ]
SQL: SHOW COLUMNS FROM `md_auth_group_access` [ RunTime:0.0055s ]
SQL: SELECT * FROM `md_auth_group_access` WHERE ( uid=4 )  [ RunTime:0.0003s ]

[ 2017-02-16T10:00:32+08:00 ] ::1 /meidian/index.php/Admin/User/authQuery
INFO: [ app_begin ] --START--
INFO: Run Behavior\ReadHtmlCacheBehavior [ RunTime:0.000967s ]
INFO: [ app_begin ] --END-- [ RunTime:0.001656s ]
SQL: SHOW COLUMNS FROM `md_user` [ RunTime:0.0060s ]
SQL: SHOW COLUMNS FROM `md_auth_group_access` [ RunTime:0.0056s ]
SQL: SELECT * FROM `md_auth_group_access` WHERE ( uid=1 )  [ RunTime:0.0003s ]
SQL: SHOW COLUMNS FROM `md_auth_group` [ RunTime:0.0060s ]
SQL: SELECT * FROM `md_auth_group` WHERE ( id=5 )  [ RunTime:0.0003s ]

[ 2017-02-16T10:00:35+08:00 ] ::1 /meidian/index.php/admin/user/logout
INFO: [ app_begin ] --START--
INFO: Run Behavior\ReadHtmlCacheBehavior [ RunTime:0.000961s ]
INFO: [ app_begin ] --END-- [ RunTime:0.001731s ]
SQL: SHOW COLUMNS FROM `md_user` [ RunTime:0.0056s ]

[ 2017-02-16T10:00:40+08:00 ] ::1 /meidian/index.php/admin/user/login
INFO: [ app_begin ] --START--
INFO: Run Behavior\ReadHtmlCacheBehavior [ RunTime:0.000968s ]
INFO: [ app_begin ] --END-- [ RunTime:0.001665s ]
SQL: SHOW COLUMNS FROM `md_user` [ RunTime:0.0073s ]
SQL: SELECT * FROM `md_user` WHERE `username` = 'admin' AND `password` = 'cdaf38b382983d8b96a9899b94259bcd'  [ RunTime:0.0006s ]

[ 2017-02-16T10:00:43+08:00 ] ::1 /meidian/index.php/admin/user/login
INFO: [ app_begin ] --START--
INFO: Run Behavior\ReadHtmlCacheBehavior [ RunTime:0.001181s ]
INFO: [ app_begin ] --END-- [ RunTime:0.001967s ]
SQL: SHOW COLUMNS FROM `md_user` [ RunTime:0.0086s ]
SQL: SELECT * FROM `md_user` WHERE `username` = 'admin' AND `password` = '202cb962ac59075b964b07152d234b70'  [ RunTime:0.0006s ]
SQL: SHOW COLUMNS FROM `md_auth_group_access` [ RunTime:0.0082s ]
SQL: SELECT * FROM `md_auth_group_access` WHERE ( uid=1 )  [ RunTime:0.0004s ]
SQL: UPDATE `md_user` SET `logintime`='2017-02-16 10:00:43',`lastloginip`='0.0.0.0' WHERE ( id='1' ) [ RunTime:0.0007s ]

[ 2017-02-16T10:10:40+08:00 ] ::1 /meidian/index.php/Admin/User/addUser
INFO: [ app_begin ] --START--
INFO: Run Behavior\ReadHtmlCacheBehavior [ RunTime:0.001179s ]
INFO: [ app_begin ] --END-- [ RunTime:0.002015s ]
SQL: SHOW COLUMNS FROM `md_user` [ RunTime:0.0085s ]
SQL: INSERT INTO `md_user` (`username`,`password`) VALUES ('luoxinxin','a0779c9f854a762b1af85dd10c2a6507') [ RunTime:0.0004s ]
SQL: SHOW COLUMNS FROM `md_auth_group` [ RunTime:0.0060s ]
SQL: SHOW COLUMNS FROM `md_auth_group_access` [ RunTime:0.0077s ]
SQL: INSERT INTO `md_auth_group` (`rules`) VALUES ('1') [ RunTime:0.0004s ]
SQL: INSERT INTO `md_auth_group_access` (`uid`,`group_id`) VALUES ('5','6') [ RunTime:0.0004s ]

[ 2017-02-16T10:10:50+08:00 ] ::1 /meidian/index.php/Admin/User/authQuery
INFO: [ app_begin ] --START--
INFO: Run Behavior\ReadHtmlCacheBehavior [ RunTime:0.000903s ]
INFO: [ app_begin ] --END-- [ RunTime:0.001580s ]
SQL: SHOW COLUMNS FROM `md_user` [ RunTime:0.0066s ]
SQL: SHOW COLUMNS FROM `md_auth_group_access` [ RunTime:0.0056s ]
SQL: SELECT * FROM `md_auth_group_access` WHERE ( uid=5 )  [ RunTime:0.0004s ]
SQL: SHOW COLUMNS FROM `md_auth_group` [ RunTime:0.0055s ]
SQL: SELECT * FROM `md_auth_group` WHERE ( id=6 )  [ RunTime:0.0004s ]

[ 2017-02-16T10:16:17+08:00 ] ::1 /meidian/index.php/admin/user/logout
INFO: [ app_begin ] --START--
INFO: Run Behavior\ReadHtmlCacheBehavior [ RunTime:0.001509s ]
INFO: [ app_begin ] --END-- [ RunTime:0.002298s ]
SQL: SHOW COLUMNS FROM `md_auth_group_access` [ RunTime:0.0050s ]
SQL: SELECT `uid`,`group_id`,`title`,`rules` FROM md_auth_group_access a INNER JOIN md_auth_group g on a.group_id=g.id  WHERE ( a.uid='1' and g.status='1' )  [ RunTime:0.0005s ]
SQL: SHOW COLUMNS FROM `md_auth_rule` [ RunTime:0.0056s ]
SQL: SELECT `condition`,`name` FROM `md_auth_rule` WHERE `id` IN ('1','4','5','6','2','3','7','8','9','10','11','12') AND `type` = 'Admin' AND `status` = 1  [ RunTime:0.0005s ]
SQL: SHOW COLUMNS FROM `md_user` [ RunTime:0.0068s ]

[ 2017-02-16T10:16:23+08:00 ] ::1 /meidian/index.php/admin/user/login
INFO: [ app_begin ] --START--
INFO: Run Behavior\ReadHtmlCacheBehavior [ RunTime:0.001321s ]
INFO: [ app_begin ] --END-- [ RunTime:0.002398s ]
SQL: SHOW COLUMNS FROM `md_user` [ RunTime:0.0064s ]
SQL: SELECT * FROM `md_user` WHERE `username` = 'luoxinxin' AND `password` = 'a0779c9f854a762b1af85dd10c2a6507'  [ RunTime:0.0006s ]
SQL: SHOW COLUMNS FROM `md_auth_group_access` [ RunTime:0.0067s ]
SQL: SELECT * FROM `md_auth_group_access` WHERE ( uid=5 )  [ RunTime:0.0005s ]
SQL: UPDATE `md_user` SET `logintime`='2017-02-16 10:16:23',`lastloginip`='0.0.0.0' WHERE ( id='5' ) [ RunTime:0.0007s ]

[ 2017-02-16T10:16:48+08:00 ] ::1 /meidian/index.php/admin/user/logout
INFO: [ app_begin ] --START--
INFO: Run Behavior\ReadHtmlCacheBehavior [ RunTime:0.001327s ]
INFO: [ app_begin ] --END-- [ RunTime:0.002236s ]
SQL: SHOW COLUMNS FROM `md_auth_group_access` [ RunTime:0.0054s ]
SQL: SELECT `uid`,`group_id`,`title`,`rules` FROM md_auth_group_access a INNER JOIN md_auth_group g on a.group_id=g.id  WHERE ( a.uid='5' and g.status='1' )  [ RunTime:0.0004s ]
SQL: SHOW COLUMNS FROM `md_auth_rule` [ RunTime:0.0057s ]
SQL: SELECT `condition`,`name` FROM `md_auth_rule` WHERE `id` IN ('1') AND `type` = 'Admin' AND `status` = 1  [ RunTime:0.0004s ]
SQL: SHOW COLUMNS FROM `md_user` [ RunTime:0.0061s ]

[ 2017-02-16T10:16:48+08:00 ] ::1 /meidian/index.php/admin/user/logout
INFO: [ app_begin ] --START--
INFO: Run Behavior\ReadHtmlCacheBehavior [ RunTime:0.000988s ]
INFO: [ app_begin ] --END-- [ RunTime:0.001655s ]

[ 2017-02-16T10:16:48+08:00 ] ::1 /meidian/index.php/admin/index/login
INFO: [ app_begin ] --START--
INFO: Run Behavior\ReadHtmlCacheBehavior [ RunTime:0.001153s ]
INFO: [ app_begin ] --END-- [ RunTime:0.001955s ]
INFO: [ view_parse ] --START--
INFO: [ template_filter ] --START--
INFO: Run Behavior\ContentReplaceBehavior [ RunTime:0.000461s ]
INFO: [ template_filter ] --END-- [ RunTime:0.000930s ]
INFO: Run Behavior\ParseTemplateBehavior [ RunTime:0.014571s ]
INFO: [ view_parse ] --END-- [ RunTime:0.014773s ]
INFO: [ view_filter ] --START--
INFO: Run Behavior\WriteHtmlCacheBehavior [ RunTime:0.001639s ]
INFO: [ view_filter ] --END-- [ RunTime:0.001874s ]
INFO: [ app_end ] --START--
INFO: Run Behavior\ShowPageTraceBehavior [ RunTime:0.001590s ]
INFO: [ app_end ] --END-- [ RunTime:0.001862s ]

[ 2017-02-16T10:16:52+08:00 ] ::1 /meidian/index.php/admin/user/login
INFO: [ app_begin ] --START--
INFO: Run Behavior\ReadHtmlCacheBehavior [ RunTime:0.001059s ]
INFO: [ app_begin ] --END-- [ RunTime:0.001841s ]
SQL: SHOW COLUMNS FROM `md_user` [ RunTime:0.0077s ]
SQL: SELECT * FROM `md_user` WHERE `username` = 'admin' AND `password` = '202cb962ac59075b964b07152d234b70'  [ RunTime:0.0005s ]
SQL: SHOW COLUMNS FROM `md_auth_group_access` [ RunTime:0.0048s ]
SQL: SELECT * FROM `md_auth_group_access` WHERE ( uid=1 )  [ RunTime:0.0008s ]
SQL: UPDATE `md_user` SET `logintime`='2017-02-16 10:16:52',`lastloginip`='0.0.0.0' WHERE ( id='1' ) [ RunTime:0.0005s ]

[ 2017-02-16T10:17:05+08:00 ] ::1 /meidian/index.php/Admin/User/authQuery
INFO: [ app_begin ] --START--
INFO: Run Behavior\ReadHtmlCacheBehavior [ RunTime:0.001439s ]
INFO: [ app_begin ] --END-- [ RunTime:0.002529s ]
SQL: SHOW COLUMNS FROM `md_auth_group_access` [ RunTime:0.0076s ]
SQL: SELECT `uid`,`group_id`,`title`,`rules` FROM md_auth_group_access a INNER JOIN md_auth_group g on a.group_id=g.id  WHERE ( a.uid='1' and g.status='1' )  [ RunTime:0.0005s ]
SQL: SHOW COLUMNS FROM `md_auth_rule` [ RunTime:0.0078s ]
SQL: SELECT `condition`,`name` FROM `md_auth_rule` WHERE `id` IN ('1','4','5','6','2','3','7','8','9','10','11','12') AND `type` = 'Admin' AND `status` = 1  [ RunTime:0.0007s ]
SQL: SHOW COLUMNS FROM `md_user` [ RunTime:0.0083s ]
SQL: SHOW COLUMNS FROM `md_auth_group_access` [ RunTime:0.0066s ]
SQL: SELECT * FROM `md_auth_group_access` WHERE ( uid=5 )  [ RunTime:0.0005s ]
SQL: SHOW COLUMNS FROM `md_auth_group` [ RunTime:0.0074s ]
SQL: SELECT * FROM `md_auth_group` WHERE ( id=6 )  [ RunTime:0.0004s ]

[ 2017-02-16T10:18:40+08:00 ] ::1 /meidian/index.php/Admin/User/authUpdateFree
INFO: [ app_begin ] --START--
INFO: Run Behavior\ReadHtmlCacheBehavior [ RunTime:0.001579s ]
INFO: [ app_begin ] --END-- [ RunTime:0.002647s ]
SQL: SHOW COLUMNS FROM `md_auth_group_access` [ RunTime:0.0061s ]
SQL: SELECT `uid`,`group_id`,`title`,`rules` FROM md_auth_group_access a INNER JOIN md_auth_group g on a.group_id=g.id  WHERE ( a.uid='1' and g.status='1' )  [ RunTime:0.0007s ]
SQL: SHOW COLUMNS FROM `md_auth_rule` [ RunTime:0.0059s ]
SQL: SELECT `condition`,`name` FROM `md_auth_rule` WHERE `id` IN ('1','4','5','6','2','3','7','8','9','10','11','12') AND `type` = 'Admin' AND `status` = 1  [ RunTime:0.0005s ]
SQL: SHOW COLUMNS FROM `md_user` [ RunTime:0.0057s ]
SQL: SHOW COLUMNS FROM `md_auth_group_access` [ RunTime:0.0066s ]
NOTIC: [2] Illegal offset type in isset or empty C:\wamp\www\meidian\ThinkPHP\Library\Think\Model.class.php 第 511 行.
SQL: DELETE FROM `md_auth_group_access` WHERE ( uid=5 ) [ RunTime:0.0004s ]
SQL: SHOW COLUMNS FROM `md_auth_group` [ RunTime:0.0058s ]
SQL: INSERT INTO `md_auth_group` (`rules`) VALUES ('1,4,5,6') [ RunTime:0.0004s ]
SQL: INSERT INTO `md_auth_group_access` (`group_id`,`uid`) VALUES ('7','5') [ RunTime:0.0003s ]

[ 2017-02-16T10:24:09+08:00 ] ::1 /meidian/index.php/Admin/User/authQuery
INFO: [ app_begin ] --START--
INFO: Run Behavior\ReadHtmlCacheBehavior [ RunTime:0.001387s ]
INFO: [ app_begin ] --END-- [ RunTime:0.002231s ]
SQL: SHOW COLUMNS FROM `md_auth_group_access` [ RunTime:0.0059s ]
SQL: SELECT `uid`,`group_id`,`title`,`rules` FROM md_auth_group_access a INNER JOIN md_auth_group g on a.group_id=g.id  WHERE ( a.uid='1' and g.status='1' )  [ RunTime:0.0005s ]
SQL: SHOW COLUMNS FROM `md_auth_rule` [ RunTime:0.0065s ]
SQL: SELECT `condition`,`name` FROM `md_auth_rule` WHERE `id` IN ('1','4','5','6','2','3','7','8','9','10','11','12') AND `type` = 'Admin' AND `status` = 1  [ RunTime:0.0006s ]
SQL: SHOW COLUMNS FROM `md_user` [ RunTime:0.0064s ]
SQL: SHOW COLUMNS FROM `md_auth_group_access` [ RunTime:0.0053s ]
SQL: SELECT * FROM `md_auth_group_access` WHERE ( uid=1 )  [ RunTime:0.0005s ]
SQL: SHOW COLUMNS FROM `md_auth_group` [ RunTime:0.0062s ]
SQL: SELECT * FROM `md_auth_group` WHERE ( id=5 )  [ RunTime:0.0004s ]

[ 2017-02-16T10:24:11+08:00 ] ::1 /meidian/index.php/Admin/User/authQuery
INFO: [ app_begin ] --START--
INFO: Run Behavior\ReadHtmlCacheBehavior [ RunTime:0.001245s ]
INFO: [ app_begin ] --END-- [ RunTime:0.002075s ]
SQL: SHOW COLUMNS FROM `md_auth_group_access` [ RunTime:0.0065s ]
SQL: SELECT `uid`,`group_id`,`title`,`rules` FROM md_auth_group_access a INNER JOIN md_auth_group g on a.group_id=g.id  WHERE ( a.uid='1' and g.status='1' )  [ RunTime:0.0005s ]
SQL: SHOW COLUMNS FROM `md_auth_rule` [ RunTime:0.0060s ]
SQL: SELECT `condition`,`name` FROM `md_auth_rule` WHERE `id` IN ('1','4','5','6','2','3','7','8','9','10','11','12') AND `type` = 'Admin' AND `status` = 1  [ RunTime:0.0005s ]
SQL: SHOW COLUMNS FROM `md_user` [ RunTime:0.0063s ]
SQL: SHOW COLUMNS FROM `md_auth_group_access` [ RunTime:0.0050s ]
SQL: SELECT * FROM `md_auth_group_access` WHERE ( uid=3 )  [ RunTime:0.0003s ]

[ 2017-02-16T10:24:13+08:00 ] ::1 /meidian/index.php/Admin/User/authQuery
INFO: [ app_begin ] --START--
INFO: Run Behavior\ReadHtmlCacheBehavior [ RunTime:0.001527s ]
INFO: [ app_begin ] --END-- [ RunTime:0.002392s ]
SQL: SHOW COLUMNS FROM `md_auth_group_access` [ RunTime:0.0058s ]
SQL: SELECT `uid`,`group_id`,`title`,`rules` FROM md_auth_group_access a INNER JOIN md_auth_group g on a.group_id=g.id  WHERE ( a.uid='1' and g.status='1' )  [ RunTime:0.0004s ]
SQL: SHOW COLUMNS FROM `md_auth_rule` [ RunTime:0.0056s ]
SQL: SELECT `condition`,`name` FROM `md_auth_rule` WHERE `id` IN ('1','4','5','6','2','3','7','8','9','10','11','12') AND `type` = 'Admin' AND `status` = 1  [ RunTime:0.0005s ]
SQL: SHOW COLUMNS FROM `md_user` [ RunTime:0.0062s ]
SQL: SHOW COLUMNS FROM `md_auth_group_access` [ RunTime:0.0058s ]
SQL: SELECT * FROM `md_auth_group_access` WHERE ( uid=4 )  [ RunTime:0.0004s ]

[ 2017-02-16T10:43:41+08:00 ] ::1 /meidian/index.php/admin/user/login
INFO: [ app_begin ] --START--
INFO: Run Behavior\ReadHtmlCacheBehavior [ RunTime:0.001531s ]
INFO: [ app_begin ] --END-- [ RunTime:0.002599s ]
SQL: SHOW COLUMNS FROM `md_user` [ RunTime:0.0108s ]
SQL: SELECT * FROM `md_user` WHERE `username` = 'admin' AND `password` = '202cb962ac59075b964b07152d234b70'  [ RunTime:0.0009s ]
SQL: SHOW COLUMNS FROM `md_auth_group_access` [ RunTime:0.0051s ]
SQL: SELECT * FROM `md_auth_group_access` WHERE ( uid=1 )  [ RunTime:0.0004s ]
SQL: UPDATE `md_user` SET `logintime`='2017-02-16 10:43:41',`lastloginip`='0.0.0.0' WHERE ( id='1' ) [ RunTime:0.0005s ]

[ 2017-02-16T11:08:22+08:00 ] ::1 /meidian/index.php/admin/user/logout
INFO: [ app_begin ] --START--
INFO: Run Behavior\ReadHtmlCacheBehavior [ RunTime:0.001044s ]
INFO: [ app_begin ] --END-- [ RunTime:0.001782s ]
SQL: SHOW COLUMNS FROM `md_auth_group_access` [ RunTime:0.0063s ]
SQL: SELECT `uid`,`group_id`,`title`,`rules` FROM md_auth_group_access a INNER JOIN md_auth_group g on a.group_id=g.id  WHERE ( a.uid='1' and g.status='1' )  [ RunTime:0.0005s ]
SQL: SHOW COLUMNS FROM `md_auth_rule` [ RunTime:0.0064s ]
SQL: SELECT `condition`,`name` FROM `md_auth_rule` WHERE `id` IN ('1','4','5','6','2','3','7','8','9','10','11','12') AND `type` = 'Admin' AND `status` = 1  [ RunTime:0.0006s ]
SQL: SHOW COLUMNS FROM `md_user` [ RunTime:0.0067s ]

[ 2017-02-16T11:19:50+08:00 ] ::1 /meidian/index.php/admin/user/login
INFO: [ app_begin ] --START--
INFO: Run Behavior\ReadHtmlCacheBehavior [ RunTime:0.002074s ]
INFO: [ app_begin ] --END-- [ RunTime:0.003043s ]
SQL: SHOW COLUMNS FROM `md_user` [ RunTime:0.0097s ]
SQL: SELECT * FROM `md_user` WHERE `username` = 'admin' AND `password` = '202cb962ac59075b964b07152d234b70'  [ RunTime:0.0006s ]
SQL: SHOW COLUMNS FROM `md_auth_group_access` [ RunTime:0.0069s ]
SQL: SELECT * FROM `md_auth_group_access` WHERE ( uid=1 )  [ RunTime:0.0006s ]
SQL: UPDATE `md_user` SET `logintime`='2017-02-16 11:19:50',`lastloginip`='0.0.0.0' WHERE ( id='1' ) [ RunTime:0.0008s ]

[ 2017-02-16T13:12:31+08:00 ] ::1 /meidian/index.php/Admin/User/authQuery
INFO: [ app_begin ] --START--
INFO: Run Behavior\ReadHtmlCacheBehavior [ RunTime:0.002701s ]
INFO: [ app_begin ] --END-- [ RunTime:0.003743s ]
SQL: SHOW COLUMNS FROM `md_auth_group_access` [ RunTime:0.0079s ]
SQL: SELECT `uid`,`group_id`,`title`,`rules` FROM md_auth_group_access a INNER JOIN md_auth_group g on a.group_id=g.id  WHERE ( a.uid='1' and g.status='1' )  [ RunTime:0.0007s ]
SQL: SHOW COLUMNS FROM `md_auth_rule` [ RunTime:0.0085s ]
SQL: SELECT `condition`,`name` FROM `md_auth_rule` WHERE `id` IN ('1','4','5','6','2','3','7','8','9','10','11','12') AND `type` = 'Admin' AND `status` = 1  [ RunTime:0.0007s ]
SQL: SHOW COLUMNS FROM `md_user` [ RunTime:0.0077s ]
SQL: SHOW COLUMNS FROM `md_auth_group_access` [ RunTime:0.0076s ]
SQL: SELECT * FROM `md_auth_group_access` WHERE ( uid=1 )  [ RunTime:0.0006s ]
SQL: SHOW COLUMNS FROM `md_auth_group` [ RunTime:0.0091s ]
SQL: SELECT * FROM `md_auth_group` WHERE ( id=5 )  [ RunTime:0.0005s ]

[ 2017-02-16T13:12:34+08:00 ] ::1 /meidian/index.php/Admin/User/authUpdateFree
INFO: [ app_begin ] --START--
INFO: Run Behavior\ReadHtmlCacheBehavior [ RunTime:0.001240s ]
INFO: [ app_begin ] --END-- [ RunTime:0.002315s ]
SQL: SHOW COLUMNS FROM `md_auth_group_access` [ RunTime:0.0056s ]
SQL: SELECT `uid`,`group_id`,`title`,`rules` FROM md_auth_group_access a INNER JOIN md_auth_group g on a.group_id=g.id  WHERE ( a.uid='1' and g.status='1' )  [ RunTime:0.0004s ]
SQL: SHOW COLUMNS FROM `md_auth_rule` [ RunTime:0.0053s ]
SQL: SELECT `condition`,`name` FROM `md_auth_rule` WHERE `id` IN ('1','4','5','6','2','3','7','8','9','10','11','12') AND `type` = 'Admin' AND `status` = 1  [ RunTime:0.0006s ]
SQL: SHOW COLUMNS FROM `md_user` [ RunTime:0.0066s ]
SQL: SHOW COLUMNS FROM `md_auth_group_access` [ RunTime:0.0051s ]
NOTIC: [2] Illegal offset type in isset or empty C:\wamp\www\meidian\ThinkPHP\Library\Think\Model.class.php 第 511 行.
SQL: DELETE FROM `md_auth_group_access` WHERE ( uid=1 ) [ RunTime:0.0006s ]
SQL: SHOW COLUMNS FROM `md_auth_group` [ RunTime:0.0066s ]
SQL: INSERT INTO `md_auth_group` (`rules`) VALUES ('1,4,5,6,2,3,7,8,9,10,11,12,13,14,15') [ RunTime:0.0004s ]
SQL: INSERT INTO `md_auth_group_access` (`group_id`,`uid`) VALUES ('8','1') [ RunTime:0.0003s ]

[ 2017-02-16T13:12:43+08:00 ] ::1 /meidian/index.php/Admin/Online/isOnline
INFO: [ app_begin ] --START--
INFO: Run Behavior\ReadHtmlCacheBehavior [ RunTime:0.000943s ]
INFO: [ app_begin ] --END-- [ RunTime:0.001621s ]
SQL: SHOW COLUMNS FROM `md_auth_group_access` [ RunTime:0.0061s ]
SQL: SELECT `uid`,`group_id`,`title`,`rules` FROM md_auth_group_access a INNER JOIN md_auth_group g on a.group_id=g.id  WHERE ( a.uid='1' and g.status='1' )  [ RunTime:0.0005s ]
SQL: SHOW COLUMNS FROM `md_auth_rule` [ RunTime:0.0060s ]
SQL: SELECT `condition`,`name` FROM `md_auth_rule` WHERE `id` IN ('1','4','5','6','2','3','7','8','9','10','11','12','13','14','15') AND `type` = 'Admin' AND `status` = 1  [ RunTime:0.0005s ]

[ 2017-02-16T13:25:57+08:00 ] ::1 /meidian/index.php/Admin/Index/statusAdvert?id=1&ad_name=%E5%86%9C%E5%A4%AB%E5%B1%B1%E6%B3%89&ad_company_id=1&ad_area_id=1&ad_putnum=0&ad_text=%E5%86%9C%E5%A4%AB%E5%B1%B1%E6%B3%89%E6%9C%89%E7%82%B9%E7%94%9C&province_id=1&city_id=0&district_id=0&street_id=0&barbershop_id=0
ERR: 非法操作:statusAdvert

[ 2017-02-16T13:26:02+08:00 ] ::1 /meidian/index.php/Admin/Index/examineAdvert?id=1&ad_name=%E5%86%9C%E5%A4%AB%E5%B1%B1%E6%B3%89&ad_company_id=1&ad_area_id=1&ad_putnum=0&ad_text=%E5%86%9C%E5%A4%AB%E5%B1%B1%E6%B3%89%E6%9C%89%E7%82%B9%E7%94%9C&province_id=1&city_id=0&district_id=0&street_id=0&barbershop_id=0
ERR: 非法操作:examineAdvert

[ 2017-02-16T13:26:05+08:00 ] ::1 /meidian/index.php/Admin/Index/payAdvert?id=1&ad_name=%E5%86%9C%E5%A4%AB%E5%B1%B1%E6%B3%89&ad_company_id=1&ad_area_id=1&ad_putnum=0&ad_text=%E5%86%9C%E5%A4%AB%E5%B1%B1%E6%B3%89%E6%9C%89%E7%82%B9%E7%94%9C&province_id=1&city_id=0&district_id=0&street_id=0&barbershop_id=0
ERR: 非法操作:payAdvert

[ 2017-02-16T14:03:09+08:00 ] ::1 /meidian/index.php/admin/user/logout
INFO: [ app_begin ] --START--
INFO: Run Behavior\ReadHtmlCacheBehavior [ RunTime:0.000962s ]
INFO: [ app_begin ] --END-- [ RunTime:0.001629s ]
SQL: SHOW COLUMNS FROM `md_auth_group_access` [ RunTime:0.0058s ]
SQL: SELECT `uid`,`group_id`,`title`,`rules` FROM md_auth_group_access a INNER JOIN md_auth_group g on a.group_id=g.id  WHERE ( a.uid='1' and g.status='1' )  [ RunTime:0.0004s ]
SQL: SHOW COLUMNS FROM `md_auth_rule` [ RunTime:0.0053s ]
SQL: SELECT `condition`,`name` FROM `md_auth_rule` WHERE `id` IN ('1','4','5','6','2','3','7','8','9','10','11','12','13','14','15') AND `type` = 'Admin' AND `status` = 1  [ RunTime:0.0005s ]
SQL: SHOW COLUMNS FROM `md_user` [ RunTime:0.0057s ]

[ 2017-02-16T14:05:53+08:00 ] ::1 /meidian/index.php/admin/user/login
INFO: [ app_begin ] --START--
INFO: Run Behavior\ReadHtmlCacheBehavior [ RunTime:0.001430s ]
INFO: [ app_begin ] --END-- [ RunTime:0.002309s ]
SQL: SHOW COLUMNS FROM `md_user` [ RunTime:0.0103s ]
SQL: SELECT * FROM `md_user` WHERE `username` = 'admin' AND `password` = '202cb962ac59075b964b07152d234b70'  [ RunTime:0.0006s ]
SQL: SHOW COLUMNS FROM `md_auth_group_access` [ RunTime:0.0066s ]
SQL: SELECT * FROM `md_auth_group_access` WHERE ( uid=1 )  [ RunTime:0.0006s ]
SQL: UPDATE `md_user` SET `logintime`='2017-02-16 14:05:53',`lastloginip`='0.0.0.0' WHERE ( id='1' ) [ RunTime:0.0014s ]

[ 2017-02-16T14:06:24+08:00 ] ::1 /meidian/index.php/Admin/Advert/updateAdvert
INFO: [ app_begin ] --START--
INFO: Run Behavior\ReadHtmlCacheBehavior [ RunTime:0.000985s ]
INFO: [ app_begin ] --END-- [ RunTime:0.001743s ]
SQL: SHOW COLUMNS FROM `md_auth_group_access` [ RunTime:0.0057s ]
SQL: SELECT `uid`,`group_id`,`title`,`rules` FROM md_auth_group_access a INNER JOIN md_auth_group g on a.group_id=g.id  WHERE ( a.uid='1' and g.status='1' )  [ RunTime:0.0004s ]
SQL: SHOW COLUMNS FROM `md_auth_rule` [ RunTime:0.0072s ]
SQL: SELECT `condition`,`name` FROM `md_auth_rule` WHERE `id` IN ('1','4','5','6','2','3','7','8','9','10','11','12','13','14','15') AND `type` = 'Admin' AND `status` = 1  [ RunTime:0.0008s ]
SQL: SHOW COLUMNS FROM `md_advert` [ RunTime:0.0073s ]
SQL: SHOW COLUMNS FROM `md_advert` [ RunTime:0.0071s ]
SQL: UPDATE `md_advert` SET `ad_status`='通过',`ad_examine`='',`ad_pay`='' WHERE ( id='1' ) [ RunTime:0.0007s ]

[ 2017-02-16T14:14:11+08:00 ] ::1 /meidian/index.php/Admin/Advert/updateAdvert
INFO: [ app_begin ] --START--
INFO: Run Behavior\ReadHtmlCacheBehavior [ RunTime:0.001048s ]
INFO: [ app_begin ] --END-- [ RunTime:0.001922s ]
SQL: SHOW COLUMNS FROM `md_auth_group_access` [ RunTime:0.0056s ]
SQL: SELECT `uid`,`group_id`,`title`,`rules` FROM md_auth_group_access a INNER JOIN md_auth_group g on a.group_id=g.id  WHERE ( a.uid='1' and g.status='1' )  [ RunTime:0.0006s ]
SQL: SHOW COLUMNS FROM `md_auth_rule` [ RunTime:0.0083s ]
SQL: SELECT `condition`,`name` FROM `md_auth_rule` WHERE `id` IN ('1','4','5','6','2','3','7','8','9','10','11','12','13','14','15') AND `type` = 'Admin' AND `status` = 1  [ RunTime:0.0005s ]
SQL: SHOW COLUMNS FROM `md_advert` [ RunTime:0.0079s ]
SQL: SHOW COLUMNS FROM `md_advert` [ RunTime:0.0067s ]
SQL: UPDATE `md_advert` SET `ad_status`='',`ad_examine`='驳回',`ad_pay`='' WHERE ( id='2' ) [ RunTime:0.0005s ]

[ 2017-02-16T14:14:49+08:00 ] ::1 /meidian/index.php/Admin/Advert/examineAdvert
INFO: [ app_begin ] --START--
INFO: Run Behavior\ReadHtmlCacheBehavior [ RunTime:0.001051s ]
INFO: [ app_begin ] --END-- [ RunTime:0.002049s ]
SQL: SHOW COLUMNS FROM `md_auth_group_access` [ RunTime:0.0092s ]
SQL: SELECT `uid`,`group_id`,`title`,`rules` FROM md_auth_group_access a INNER JOIN md_auth_group g on a.group_id=g.id  WHERE ( a.uid='1' and g.status='1' )  [ RunTime:0.0005s ]
SQL: SHOW COLUMNS FROM `md_auth_rule` [ RunTime:0.0055s ]
SQL: SELECT `condition`,`name` FROM `md_auth_rule` WHERE `id` IN ('1','4','5','6','2','3','7','8','9','10','11','12','13','14','15') AND `type` = 'Admin' AND `status` = 1  [ RunTime:0.0006s ]
SQL: SHOW COLUMNS FROM `md_advert` [ RunTime:0.0065s ]
SQL: SHOW COLUMNS FROM `md_advert` [ RunTime:0.0063s ]
NOTIC: [8] Undefined variable: data C:\wamp\www\meidian\Application\Admin\Controller\AdvertController.class.php 第 165 行.
NOTIC: [8] Undefined variable: data C:\wamp\www\meidian\Application\Admin\Controller\AdvertController.class.php 第 167 行.

[ 2017-02-16T14:14:55+08:00 ] ::1 /meidian/index.php/Admin/Advert/examineAdvert
INFO: [ app_begin ] --START--
INFO: Run Behavior\ReadHtmlCacheBehavior [ RunTime:0.001562s ]
INFO: [ app_begin ] --END-- [ RunTime:0.002813s ]
SQL: SHOW COLUMNS FROM `md_auth_group_access` [ RunTime:0.0070s ]
SQL: SELECT `uid`,`group_id`,`title`,`rules` FROM md_auth_group_access a INNER JOIN md_auth_group g on a.group_id=g.id  WHERE ( a.uid='1' and g.status='1' )  [ RunTime:0.0006s ]
SQL: SHOW COLUMNS FROM `md_auth_rule` [ RunTime:0.0089s ]
SQL: SELECT `condition`,`name` FROM `md_auth_rule` WHERE `id` IN ('1','4','5','6','2','3','7','8','9','10','11','12','13','14','15') AND `type` = 'Admin' AND `status` = 1  [ RunTime:0.0007s ]
SQL: SHOW COLUMNS FROM `md_advert` [ RunTime:0.0082s ]
SQL: SHOW COLUMNS FROM `md_advert` [ RunTime:0.0100s ]
NOTIC: [8] Undefined variable: data C:\wamp\www\meidian\Application\Admin\Controller\AdvertController.class.php 第 165 行.
NOTIC: [8] Undefined variable: data C:\wamp\www\meidian\Application\Admin\Controller\AdvertController.class.php 第 167 行.

[ 2017-02-16T14:15:06+08:00 ] ::1 /meidian/index.php/Admin/Advert/examineAdvert
INFO: [ app_begin ] --START--
INFO: Run Behavior\ReadHtmlCacheBehavior [ RunTime:0.002153s ]
INFO: [ app_begin ] --END-- [ RunTime:0.003581s ]
SQL: SHOW COLUMNS FROM `md_auth_group_access` [ RunTime:0.0091s ]
SQL: SELECT `uid`,`group_id`,`title`,`rules` FROM md_auth_group_access a INNER JOIN md_auth_group g on a.group_id=g.id  WHERE ( a.uid='1' and g.status='1' )  [ RunTime:0.0004s ]
SQL: SHOW COLUMNS FROM `md_auth_rule` [ RunTime:0.0056s ]
SQL: SELECT `condition`,`name` FROM `md_auth_rule` WHERE `id` IN ('1','4','5','6','2','3','7','8','9','10','11','12','13','14','15') AND `type` = 'Admin' AND `status` = 1  [ RunTime:0.0010s ]
SQL: SHOW COLUMNS FROM `md_advert` [ RunTime:0.0065s ]
SQL: SHOW COLUMNS FROM `md_advert` [ RunTime:0.0088s ]
NOTIC: [8] Undefined variable: data C:\wamp\www\meidian\Application\Admin\Controller\AdvertController.class.php 第 165 行.
NOTIC: [8] Undefined variable: data C:\wamp\www\meidian\Application\Admin\Controller\AdvertController.class.php 第 167 行.

[ 2017-02-16T14:15:11+08:00 ] ::1 /meidian/index.php/Admin/Advert/examineAdvert
INFO: [ app_begin ] --START--
INFO: Run Behavior\ReadHtmlCacheBehavior [ RunTime:0.001117s ]
INFO: [ app_begin ] --END-- [ RunTime:0.001993s ]
SQL: SHOW COLUMNS FROM `md_auth_group_access` [ RunTime:0.0077s ]
SQL: SELECT `uid`,`group_id`,`title`,`rules` FROM md_auth_group_access a INNER JOIN md_auth_group g on a.group_id=g.id  WHERE ( a.uid='1' and g.status='1' )  [ RunTime:0.0009s ]
SQL: SHOW COLUMNS FROM `md_auth_rule` [ RunTime:0.0075s ]
SQL: SELECT `condition`,`name` FROM `md_auth_rule` WHERE `id` IN ('1','4','5','6','2','3','7','8','9','10','11','12','13','14','15') AND `type` = 'Admin' AND `status` = 1  [ RunTime:0.0013s ]
SQL: SHOW COLUMNS FROM `md_advert` [ RunTime:0.0067s ]
SQL: SHOW COLUMNS FROM `md_advert` [ RunTime:0.0092s ]
NOTIC: [8] Undefined variable: data C:\wamp\www\meidian\Application\Admin\Controller\AdvertController.class.php 第 165 行.
NOTIC: [8] Undefined variable: data C:\wamp\www\meidian\Application\Admin\Controller\AdvertController.class.php 第 167 行.

[ 2017-02-16T14:15:41+08:00 ] ::1 /meidian/index.php/Admin/Advert/examineAdvert
INFO: [ app_begin ] --START--
INFO: Run Behavior\ReadHtmlCacheBehavior [ RunTime:0.002483s ]
INFO: [ app_begin ] --END-- [ RunTime:0.003842s ]
SQL: SHOW COLUMNS FROM `md_auth_group_access` [ RunTime:0.0092s ]
SQL: SELECT `uid`,`group_id`,`title`,`rules` FROM md_auth_group_access a INNER JOIN md_auth_group g on a.group_id=g.id  WHERE ( a.uid='1' and g.status='1' )  [ RunTime:0.0005s ]
SQL: SHOW COLUMNS FROM `md_auth_rule` [ RunTime:0.0068s ]
SQL: SELECT `condition`,`name` FROM `md_auth_rule` WHERE `id` IN ('1','4','5','6','2','3','7','8','9','10','11','12','13','14','15') AND `type` = 'Admin' AND `status` = 1  [ RunTime:0.0005s ]
SQL: SHOW COLUMNS FROM `md_advert` [ RunTime:0.0058s ]
SQL: SHOW COLUMNS FROM `md_advert` [ RunTime:0.0070s ]
NOTIC: [8] Undefined variable: data C:\wamp\www\meidian\Application\Admin\Controller\AdvertController.class.php 第 165 行.

[ 2017-02-16T14:15:56+08:00 ] ::1 /meidian/index.php/Admin/Advert/examineAdvert
INFO: [ app_begin ] --START--
INFO: Run Behavior\ReadHtmlCacheBehavior [ RunTime:0.001688s ]
INFO: [ app_begin ] --END-- [ RunTime:0.002839s ]
SQL: SHOW COLUMNS FROM `md_auth_group_access` [ RunTime:0.0068s ]
SQL: SELECT `uid`,`group_id`,`title`,`rules` FROM md_auth_group_access a INNER JOIN md_auth_group g on a.group_id=g.id  WHERE ( a.uid='1' and g.status='1' )  [ RunTime:0.0004s ]
SQL: SHOW COLUMNS FROM `md_auth_rule` [ RunTime:0.0060s ]
SQL: SELECT `condition`,`name` FROM `md_auth_rule` WHERE `id` IN ('1','4','5','6','2','3','7','8','9','10','11','12','13','14','15') AND `type` = 'Admin' AND `status` = 1  [ RunTime:0.0007s ]
SQL: SHOW COLUMNS FROM `md_advert` [ RunTime:0.0073s ]
SQL: SHOW COLUMNS FROM `md_advert` [ RunTime:0.0067s ]
NOTIC: [8] Undefined variable: data C:\wamp\www\meidian\Application\Admin\Controller\AdvertController.class.php 第 165 行.

[ 2017-02-16T14:16:13+08:00 ] ::1 /meidian/index.php/Admin/Advert/examineAdvert
INFO: [ app_begin ] --START--
INFO: Run Behavior\ReadHtmlCacheBehavior [ RunTime:0.001900s ]
INFO: [ app_begin ] --END-- [ RunTime:0.003021s ]
SQL: SHOW COLUMNS FROM `md_auth_group_access` [ RunTime:0.0095s ]
SQL: SELECT `uid`,`group_id`,`title`,`rules` FROM md_auth_group_access a INNER JOIN md_auth_group g on a.group_id=g.id  WHERE ( a.uid='1' and g.status='1' )  [ RunTime:0.0005s ]
SQL: SHOW COLUMNS FROM `md_auth_rule` [ RunTime:0.0069s ]
SQL: SELECT `condition`,`name` FROM `md_auth_rule` WHERE `id` IN ('1','4','5','6','2','3','7','8','9','10','11','12','13','14','15') AND `type` = 'Admin' AND `status` = 1  [ RunTime:0.0007s ]
SQL: SHOW COLUMNS FROM `md_advert` [ RunTime:0.0067s ]
SQL: SHOW COLUMNS FROM `md_advert` [ RunTime:0.0082s ]
NOTIC: [8] Undefined variable: data C:\wamp\www\meidian\Application\Admin\Controller\AdvertController.class.php 第 165 行.
NOTIC: [8] Undefined variable: data C:\wamp\www\meidian\Application\Admin\Controller\AdvertController.class.php 第 167 行.

[ 2017-02-16T14:17:43+08:00 ] ::1 /meidian/index.php/Admin/Advert/examineAdvert
INFO: [ app_begin ] --START--
INFO: Run Behavior\ReadHtmlCacheBehavior [ RunTime:0.003850s ]
INFO: [ app_begin ] --END-- [ RunTime:0.005197s ]
SQL: SHOW COLUMNS FROM `md_auth_group_access` [ RunTime:0.0083s ]
SQL: SELECT `uid`,`group_id`,`title`,`rules` FROM md_auth_group_access a INNER JOIN md_auth_group g on a.group_id=g.id  WHERE ( a.uid='1' and g.status='1' )  [ RunTime:0.0004s ]
SQL: SHOW COLUMNS FROM `md_auth_rule` [ RunTime:0.0093s ]
SQL: SELECT `condition`,`name` FROM `md_auth_rule` WHERE `id` IN ('1','4','5','6','2','3','7','8','9','10','11','12','13','14','15') AND `type` = 'Admin' AND `status` = 1  [ RunTime:0.0005s ]
SQL: SHOW COLUMNS FROM `md_advert` [ RunTime:0.0081s ]
SQL: SHOW COLUMNS FROM `md_advert` [ RunTime:0.0072s ]
NOTIC: [8] Undefined variable: data C:\wamp\www\meidian\Application\Admin\Controller\AdvertController.class.php 第 165 行.
NOTIC: [8] Undefined variable: data C:\wamp\www\meidian\Application\Admin\Controller\AdvertController.class.php 第 167 行.

[ 2017-02-16T14:18:21+08:00 ] ::1 /meidian/index.php/Admin/Advert/examineAdvert
INFO: [ app_begin ] --START--
INFO: Run Behavior\ReadHtmlCacheBehavior [ RunTime:0.001181s ]
INFO: [ app_begin ] --END-- [ RunTime:0.001922s ]
SQL: SHOW COLUMNS FROM `md_auth_group_access` [ RunTime:0.0056s ]
SQL: SELECT `uid`,`group_id`,`title`,`rules` FROM md_auth_group_access a INNER JOIN md_auth_group g on a.group_id=g.id  WHERE ( a.uid='1' and g.status='1' )  [ RunTime:0.0005s ]
SQL: SHOW COLUMNS FROM `md_auth_rule` [ RunTime:0.0069s ]
SQL: SELECT `condition`,`name` FROM `md_auth_rule` WHERE `id` IN ('1','4','5','6','2','3','7','8','9','10','11','12','13','14','15') AND `type` = 'Admin' AND `status` = 1  [ RunTime:0.0007s ]
SQL: SHOW COLUMNS FROM `md_advert` [ RunTime:0.0066s ]
SQL: SHOW COLUMNS FROM `md_advert` [ RunTime:0.0077s ]
NOTIC: [8] Undefined variable: data C:\wamp\www\meidian\Application\Admin\Controller\AdvertController.class.php 第 165 行.

[ 2017-02-16T14:18:47+08:00 ] ::1 /meidian/index.php/Admin/Advert/examineAdvert
INFO: [ app_begin ] --START--
INFO: Run Behavior\ReadHtmlCacheBehavior [ RunTime:0.002266s ]
INFO: [ app_begin ] --END-- [ RunTime:0.003294s ]
SQL: SHOW COLUMNS FROM `md_auth_group_access` [ RunTime:0.0089s ]
SQL: SELECT `uid`,`group_id`,`title`,`rules` FROM md_auth_group_access a INNER JOIN md_auth_group g on a.group_id=g.id  WHERE ( a.uid='1' and g.status='1' )  [ RunTime:0.0006s ]
SQL: SHOW COLUMNS FROM `md_auth_rule` [ RunTime:0.0099s ]
SQL: SELECT `condition`,`name` FROM `md_auth_rule` WHERE `id` IN ('1','4','5','6','2','3','7','8','9','10','11','12','13','14','15') AND `type` = 'Admin' AND `status` = 1  [ RunTime:0.0009s ]
SQL: SHOW COLUMNS FROM `md_advert` [ RunTime:0.0091s ]
SQL: SHOW COLUMNS FROM `md_advert` [ RunTime:0.0086s ]
SQL: UPDATE `md_advert` SET `ad_examine`='通过' WHERE `id` = 3 [ RunTime:0.0007s ]

[ 2017-02-16T14:18:59+08:00 ] ::1 /meidian/index.php/Admin/Advert/examineAdvert
INFO: [ app_begin ] --START--
INFO: Run Behavior\ReadHtmlCacheBehavior [ RunTime:0.001556s ]
INFO: [ app_begin ] --END-- [ RunTime:0.002453s ]
SQL: SHOW COLUMNS FROM `md_auth_group_access` [ RunTime:0.0077s ]
SQL: SELECT `uid`,`group_id`,`title`,`rules` FROM md_auth_group_access a INNER JOIN md_auth_group g on a.group_id=g.id  WHERE ( a.uid='1' and g.status='1' )  [ RunTime:0.0007s ]
SQL: SHOW COLUMNS FROM `md_auth_rule` [ RunTime:0.0061s ]
SQL: SELECT `condition`,`name` FROM `md_auth_rule` WHERE `id` IN ('1','4','5','6','2','3','7','8','9','10','11','12','13','14','15') AND `type` = 'Admin' AND `status` = 1  [ RunTime:0.0005s ]
SQL: SHOW COLUMNS FROM `md_advert` [ RunTime:0.0075s ]
SQL: SHOW COLUMNS FROM `md_advert` [ RunTime:0.0058s ]
SQL: UPDATE `md_advert` SET `ad_examine`='未审核' WHERE `id` = 3 [ RunTime:0.0005s ]

[ 2017-02-16T14:19:08+08:00 ] ::1 /meidian/index.php/Admin/Advert/examineAdvert
INFO: [ app_begin ] --START--
INFO: Run Behavior\ReadHtmlCacheBehavior [ RunTime:0.001313s ]
INFO: [ app_begin ] --END-- [ RunTime:0.002459s ]
SQL: SHOW COLUMNS FROM `md_auth_group_access` [ RunTime:0.0074s ]
SQL: SELECT `uid`,`group_id`,`title`,`rules` FROM md_auth_group_access a INNER JOIN md_auth_group g on a.group_id=g.id  WHERE ( a.uid='1' and g.status='1' )  [ RunTime:0.0008s ]
SQL: SHOW COLUMNS FROM `md_auth_rule` [ RunTime:0.0066s ]
SQL: SELECT `condition`,`name` FROM `md_auth_rule` WHERE `id` IN ('1','4','5','6','2','3','7','8','9','10','11','12','13','14','15') AND `type` = 'Admin' AND `status` = 1  [ RunTime:0.0005s ]
SQL: SHOW COLUMNS FROM `md_advert` [ RunTime:0.0079s ]
SQL: SHOW COLUMNS FROM `md_advert` [ RunTime:0.0056s ]
SQL: UPDATE `md_advert` SET `ad_examine`='冻结' WHERE `id` = 4 [ RunTime:0.0010s ]

[ 2017-02-16T14:27:26+08:00 ] ::1 /meidian/index.php/Admin/Advert/payAdvert
INFO: [ app_begin ] --START--
INFO: Run Behavior\ReadHtmlCacheBehavior [ RunTime:0.002107s ]
INFO: [ app_begin ] --END-- [ RunTime:0.004544s ]
SQL: SHOW COLUMNS FROM `md_auth_group_access` [ RunTime:0.0080s ]
SQL: SELECT `uid`,`group_id`,`title`,`rules` FROM md_auth_group_access a INNER JOIN md_auth_group g on a.group_id=g.id  WHERE ( a.uid='1' and g.status='1' )  [ RunTime:0.0004s ]
SQL: SHOW COLUMNS FROM `md_auth_rule` [ RunTime:0.0062s ]
SQL: SELECT `condition`,`name` FROM `md_auth_rule` WHERE `id` IN ('1','4','5','6','2','3','7','8','9','10','11','12','13','14','15') AND `type` = 'Admin' AND `status` = 1  [ RunTime:0.0007s ]
SQL: SHOW COLUMNS FROM `md_advert` [ RunTime:0.0065s ]
SQL: SHOW COLUMNS FROM `md_advert` [ RunTime:0.0121s ]
SQL: UPDATE `md_advert` SET `ad_pay`='已付费' WHERE `id` = 3 [ RunTime:0.0005s ]

[ 2017-02-16T14:27:36+08:00 ] ::1 /meidian/index.php/Admin/Advert/payAdvert
INFO: [ app_begin ] --START--
INFO: Run Behavior\ReadHtmlCacheBehavior [ RunTime:0.001297s ]
INFO: [ app_begin ] --END-- [ RunTime:0.002319s ]
SQL: SHOW COLUMNS FROM `md_auth_group_access` [ RunTime:0.0096s ]
SQL: SELECT `uid`,`group_id`,`title`,`rules` FROM md_auth_group_access a INNER JOIN md_auth_group g on a.group_id=g.id  WHERE ( a.uid='1' and g.status='1' )  [ RunTime:0.0007s ]
SQL: SHOW COLUMNS FROM `md_auth_rule` [ RunTime:0.0083s ]
SQL: SELECT `condition`,`name` FROM `md_auth_rule` WHERE `id` IN ('1','4','5','6','2','3','7','8','9','10','11','12','13','14','15') AND `type` = 'Admin' AND `status` = 1  [ RunTime:0.0009s ]
SQL: SHOW COLUMNS FROM `md_advert` [ RunTime:0.0094s ]
SQL: SHOW COLUMNS FROM `md_advert` [ RunTime:0.0082s ]
SQL: UPDATE `md_advert` SET `ad_pay`='免费' WHERE `id` = 4 [ RunTime:0.0013s ]

[ 2017-02-16T14:27:55+08:00 ] ::1 /meidian/index.php/Admin/Advert/examineAdvert
INFO: [ app_begin ] --START--
INFO: Run Behavior\ReadHtmlCacheBehavior [ RunTime:0.001566s ]
INFO: [ app_begin ] --END-- [ RunTime:0.002425s ]
SQL: SHOW COLUMNS FROM `md_auth_group_access` [ RunTime:0.0071s ]
SQL: SELECT `uid`,`group_id`,`title`,`rules` FROM md_auth_group_access a INNER JOIN md_auth_group g on a.group_id=g.id  WHERE ( a.uid='1' and g.status='1' )  [ RunTime:0.0010s ]
SQL: SHOW COLUMNS FROM `md_auth_rule` [ RunTime:0.0098s ]
SQL: SELECT `condition`,`name` FROM `md_auth_rule` WHERE `id` IN ('1','4','5','6','2','3','7','8','9','10','11','12','13','14','15') AND `type` = 'Admin' AND `status` = 1  [ RunTime:0.0008s ]
SQL: SHOW COLUMNS FROM `md_advert` [ RunTime:0.0079s ]
SQL: SHOW COLUMNS FROM `md_advert` [ RunTime:0.0078s ]
SQL: UPDATE `md_advert` SET `ad_examine`='通过' WHERE `id` = 3 [ RunTime:0.0007s ]

[ 2017-02-16T14:28:06+08:00 ] ::1 /meidian/index.php/Admin/Advert/payAdvert
INFO: [ app_begin ] --START--
INFO: Run Behavior\ReadHtmlCacheBehavior [ RunTime:0.001140s ]
INFO: [ app_begin ] --END-- [ RunTime:0.002086s ]
SQL: SHOW COLUMNS FROM `md_auth_group_access` [ RunTime:0.0081s ]
SQL: SELECT `uid`,`group_id`,`title`,`rules` FROM md_auth_group_access a INNER JOIN md_auth_group g on a.group_id=g.id  WHERE ( a.uid='1' and g.status='1' )  [ RunTime:0.0008s ]
SQL: SHOW COLUMNS FROM `md_auth_rule` [ RunTime:0.0084s ]
SQL: SELECT `condition`,`name` FROM `md_auth_rule` WHERE `id` IN ('1','4','5','6','2','3','7','8','9','10','11','12','13','14','15') AND `type` = 'Admin' AND `status` = 1  [ RunTime:0.0006s ]
SQL: SHOW COLUMNS FROM `md_advert` [ RunTime:0.0100s ]
SQL: SHOW COLUMNS FROM `md_advert` [ RunTime:0.0097s ]
SQL: UPDATE `md_advert` SET `ad_pay`='免费' WHERE `id` = 3 [ RunTime:0.0006s ]

[ 2017-02-16T14:32:53+08:00 ] ::1 /meidian/index.php/Admin/Advert/statusAdvert
INFO: [ app_begin ] --START--
INFO: Run Behavior\ReadHtmlCacheBehavior [ RunTime:0.001785s ]
INFO: [ app_begin ] --END-- [ RunTime:0.003008s ]
SQL: SHOW COLUMNS FROM `md_auth_group_access` [ RunTime:0.0100s ]
SQL: SELECT `uid`,`group_id`,`title`,`rules` FROM md_auth_group_access a INNER JOIN md_auth_group g on a.group_id=g.id  WHERE ( a.uid='1' and g.status='1' )  [ RunTime:0.0005s ]
SQL: SHOW COLUMNS FROM `md_auth_rule` [ RunTime:0.0080s ]
SQL: SELECT `condition`,`name` FROM `md_auth_rule` WHERE `id` IN ('1','4','5','6','2','3','7','8','9','10','11','12','13','14','15') AND `type` = 'Admin' AND `status` = 1  [ RunTime:0.0009s ]
SQL: SHOW COLUMNS FROM `md_advert` [ RunTime:0.0083s ]
SQL: SHOW COLUMNS FROM `md_advert` [ RunTime:0.0091s ]
INFO: [ view_parse ] --START--
INFO: [ template_filter ] --START--
INFO: Run Behavior\ContentReplaceBehavior [ RunTime:0.000445s ]
INFO: [ template_filter ] --END-- [ RunTime:0.000807s ]
SQL: SHOW COLUMNS FROM `md_user` [ RunTime:0.0090s ]
SQL: SELECT * FROM `md_user` WHERE `id` = 1  [ RunTime:0.0006s ]
NOTIC: [8] Undefined variable: index_style C:\wamp\www\meidian\Application\Runtime\Cache\Admin\2054ab60b94041b14f7f5b8319d8da92.php 第 154 行.
NOTIC: [8] Undefined variable: advert_style C:\wamp\www\meidian\Application\Runtime\Cache\Admin\2054ab60b94041b14f7f5b8319d8da92.php 第 161 行.
NOTIC: [8] Undefined variable: advert_style C:\wamp\www\meidian\Application\Runtime\Cache\Admin\2054ab60b94041b14f7f5b8319d8da92.php 第 169 行.
NOTIC: [8] Undefined variable: advert_style C:\wamp\www\meidian\Application\Runtime\Cache\Admin\2054ab60b94041b14f7f5b8319d8da92.php 第 170 行.
NOTIC: [8] Undefined variable: advert_style C:\wamp\www\meidian\Application\Runtime\Cache\Admin\2054ab60b94041b14f7f5b8319d8da92.php 第 177 行.
NOTIC: [8] Undefined variable: user_style C:\wamp\www\meidian\Application\Runtime\Cache\Admin\2054ab60b94041b14f7f5b8319d8da92.php 第 186 行.
NOTIC: [8] Undefined variable: user_style C:\wamp\www\meidian\Application\Runtime\Cache\Admin\2054ab60b94041b14f7f5b8319d8da92.php 第 194 行.
NOTIC: [8] Undefined variable: user_style C:\wamp\www\meidian\Application\Runtime\Cache\Admin\2054ab60b94041b14f7f5b8319d8da92.php 第 195 行.
NOTIC: [8] Undefined variable: user_style C:\wamp\www\meidian\Application\Runtime\Cache\Admin\2054ab60b94041b14f7f5b8319d8da92.php 第 202 行.
NOTIC: [8] Undefined variable: user_style C:\wamp\www\meidian\Application\Runtime\Cache\Admin\2054ab60b94041b14f7f5b8319d8da92.php 第 209 行.
NOTIC: [8] Undefined variable: file_style C:\wamp\www\meidian\Application\Runtime\Cache\Admin\2054ab60b94041b14f7f5b8319d8da92.php 第 219 行.
NOTIC: [8] Undefined variable: file_style C:\wamp\www\meidian\Application\Runtime\Cache\Admin\2054ab60b94041b14f7f5b8319d8da92.php 第 227 行.
NOTIC: [8] Undefined variable: file_style C:\wamp\www\meidian\Application\Runtime\Cache\Admin\2054ab60b94041b14f7f5b8319d8da92.php 第 228 行.
NOTIC: [8] Undefined variable: file_style C:\wamp\www\meidian\Application\Runtime\Cache\Admin\2054ab60b94041b14f7f5b8319d8da92.php 第 235 行.
NOTIC: [8] Undefined variable: company_style C:\wamp\www\meidian\Application\Runtime\Cache\Admin\2054ab60b94041b14f7f5b8319d8da92.php 第 245 行.
NOTIC: [8] Undefined variable: company_style C:\wamp\www\meidian\Application\Runtime\Cache\Admin\2054ab60b94041b14f7f5b8319d8da92.php 第 253 行.
NOTIC: [8] Undefined variable: company_style C:\wamp\www\meidian\Application\Runtime\Cache\Admin\2054ab60b94041b14f7f5b8319d8da92.php 第 254 行.
NOTIC: [8] Undefined variable: company_style C:\wamp\www\meidian\Application\Runtime\Cache\Admin\2054ab60b94041b14f7f5b8319d8da92.php 第 261 行.
NOTIC: [8] Undefined variable: barbershop_style C:\wamp\www\meidian\Application\Runtime\Cache\Admin\2054ab60b94041b14f7f5b8319d8da92.php 第 270 行.
NOTIC: [8] Undefined variable: barbershop_style C:\wamp\www\meidian\Application\Runtime\Cache\Admin\2054ab60b94041b14f7f5b8319d8da92.php 第 278 行.
NOTIC: [8] Undefined variable: barbershop_style C:\wamp\www\meidian\Application\Runtime\Cache\Admin\2054ab60b94041b14f7f5b8319d8da92.php 第 279 行.
NOTIC: [8] Undefined variable: barbershop_style C:\wamp\www\meidian\Application\Runtime\Cache\Admin\2054ab60b94041b14f7f5b8319d8da92.php 第 286 行.
NOTIC: [8] Undefined variable: product_style C:\wamp\www\meidian\Application\Runtime\Cache\Admin\2054ab60b94041b14f7f5b8319d8da92.php 第 295 行.
NOTIC: [8] Undefined variable: product_style C:\wamp\www\meidian\Application\Runtime\Cache\Admin\2054ab60b94041b14f7f5b8319d8da92.php 第 303 行.
NOTIC: [8] Undefined variable: product_style C:\wamp\www\meidian\Application\Runtime\Cache\Admin\2054ab60b94041b14f7f5b8319d8da92.php 第 304 行.
NOTIC: [8] Undefined variable: product_style C:\wamp\www\meidian\Application\Runtime\Cache\Admin\2054ab60b94041b14f7f5b8319d8da92.php 第 311 行.
NOTIC: [8] Undefined variable: place_style C:\wamp\www\meidian\Application\Runtime\Cache\Admin\2054ab60b94041b14f7f5b8319d8da92.php 第 320 行.
NOTIC: [8] Undefined variable: a C:\wamp\www\meidian\Application\Runtime\Cache\Admin\2054ab60b94041b14f7f5b8319d8da92.php 第 376 行.
NOTIC: [8] Undefined index: ad_name C:\wamp\www\meidian\Application\Runtime\Cache\Admin\2054ab60b94041b14f7f5b8319d8da92.php 第 381 行.
NOTIC: [8] Undefined index: id C:\wamp\www\meidian\Application\Runtime\Cache\Admin\2054ab60b94041b14f7f5b8319d8da92.php 第 387 行.
INFO: Run Behavior\ParseTemplateBehavior [ RunTime:0.051949s ]
INFO: [ view_parse ] --END-- [ RunTime:0.052235s ]
INFO: [ view_filter ] --START--
INFO: Run Behavior\WriteHtmlCacheBehavior [ RunTime:0.001482s ]
INFO: [ view_filter ] --END-- [ RunTime:0.001772s ]
INFO: [ app_end ] --START--
INFO: Run Behavior\ShowPageTraceBehavior [ RunTime:0.001940s ]
INFO: [ app_end ] --END-- [ RunTime:0.002246s ]

[ 2017-02-16T14:37:45+08:00 ] ::1 /meidian/index.php/Admin/Advert/statusAdvert
INFO: [ app_begin ] --START--
INFO: Run Behavior\ReadHtmlCacheBehavior [ RunTime:0.001169s ]
INFO: [ app_begin ] --END-- [ RunTime:0.001861s ]
SQL: SHOW COLUMNS FROM `md_auth_group_access` [ RunTime:0.0062s ]
SQL: SELECT `uid`,`group_id`,`title`,`rules` FROM md_auth_group_access a INNER JOIN md_auth_group g on a.group_id=g.id  WHERE ( a.uid='1' and g.status='1' )  [ RunTime:0.0007s ]
SQL: SHOW COLUMNS FROM `md_auth_rule` [ RunTime:0.0079s ]
SQL: SELECT `condition`,`name` FROM `md_auth_rule` WHERE `id` IN ('1','4','5','6','2','3','7','8','9','10','11','12','13','14','15') AND `type` = 'Admin' AND `status` = 1  [ RunTime:0.0006s ]
SQL: SHOW COLUMNS FROM `md_advert` [ RunTime:0.0094s ]
SQL: SHOW COLUMNS FROM `md_advert` [ RunTime:0.0063s ]
SQL: UPDATE `md_advert` SET `ad_status`='已上架' WHERE `id` = 3 [ RunTime:0.0006s ]

[ 2017-02-16T14:41:35+08:00 ] ::1 /meidian/index.php/Admin/Advert/statusAdvert
INFO: [ app_begin ] --START--
INFO: Run Behavior\ReadHtmlCacheBehavior [ RunTime:0.001082s ]
INFO: [ app_begin ] --END-- [ RunTime:0.001885s ]
SQL: SHOW COLUMNS FROM `md_auth_group_access` [ RunTime:0.0088s ]
SQL: SELECT `uid`,`group_id`,`title`,`rules` FROM md_auth_group_access a INNER JOIN md_auth_group g on a.group_id=g.id  WHERE ( a.uid='1' and g.status='1' )  [ RunTime:0.0005s ]
SQL: SHOW COLUMNS FROM `md_auth_rule` [ RunTime:0.0063s ]
SQL: SELECT `condition`,`name` FROM `md_auth_rule` WHERE `id` IN ('1','4','5','6','2','3','7','8','9','10','11','12','13','14','15') AND `type` = 'Admin' AND `status` = 1  [ RunTime:0.0006s ]
SQL: SHOW COLUMNS FROM `md_advert` [ RunTime:0.0059s ]
SQL: SHOW COLUMNS FROM `md_advert` [ RunTime:0.0078s ]
SQL: UPDATE `md_advert` SET `ad_status`='已下架' WHERE `id` = 4 [ RunTime:0.0007s ]

[ 2017-02-16T14:49:42+08:00 ] ::1 /meidian/index.php/Admin/Index/updateAdvert?id=3&ad_name=1323123&ad_company_id=1&ad_area_id=2&ad_putnum=1&ad_text=12312312312%09%09%09%09%09%09%09%09%09%09&img_id=1&province_id=1&city_id=0&district_id=0&street_id=0&barbershop_id=0%09%09%09%09%09%09%09%09%09%09
ERR: 模板不存在:./Application/Admin/View/Advert/updataAdvert.html

[ 2017-02-16T14:52:39+08:00 ] ::1 /meidian/index.php/Admin/Advert/saveAdvert
INFO: [ app_begin ] --START--
INFO: Run Behavior\ReadHtmlCacheBehavior [ RunTime:0.000878s ]
INFO: [ app_begin ] --END-- [ RunTime:0.001571s ]
SQL: SHOW COLUMNS FROM `md_auth_group_access` [ RunTime:0.0064s ]
SQL: SELECT `uid`,`group_id`,`title`,`rules` FROM md_auth_group_access a INNER JOIN md_auth_group g on a.group_id=g.id  WHERE ( a.uid='1' and g.status='1' )  [ RunTime:0.0009s ]
SQL: SHOW COLUMNS FROM `md_auth_rule` [ RunTime:0.0068s ]
SQL: SELECT `condition`,`name` FROM `md_auth_rule` WHERE `id` IN ('1','4','5','6','2','3','7','8','9','10','11','12','13','14','15') AND `type` = 'Admin' AND `status` = 1  [ RunTime:0.0006s ]
SQL: SHOW COLUMNS FROM `md_advert` [ RunTime:0.0069s ]
SQL: SHOW COLUMNS FROM `md_advert` [ RunTime:0.0060s ]
ERR: 非法操作:saveAdvert

[ 2017-02-16T15:01:48+08:00 ] ::1 /meidian/index.php/Admin/Online/isOnline
INFO: [ app_begin ] --START--
INFO: Run Behavior\ReadHtmlCacheBehavior [ RunTime:0.000729s ]
INFO: [ app_begin ] --END-- [ RunTime:0.001487s ]
SQL: SHOW COLUMNS FROM `md_auth_group_access` [ RunTime:0.0068s ]
SQL: SELECT `uid`,`group_id`,`title`,`rules` FROM md_auth_group_access a INNER JOIN md_auth_group g on a.group_id=g.id  WHERE ( a.uid='1' and g.status='1' )  [ RunTime:0.0004s ]
SQL: SHOW COLUMNS FROM `md_auth_rule` [ RunTime:0.0065s ]
SQL: SELECT `condition`,`name` FROM `md_auth_rule` WHERE `id` IN ('1','4','5','6','2','3','7','8','9','10','11','12','13','14','15') AND `type` = 'Admin' AND `status` = 1  [ RunTime:0.0005s ]

[ 2017-02-16T15:03:17+08:00 ] ::1 /meidian/index.php/admin/user/logout
INFO: [ app_begin ] --START--
INFO: Run Behavior\ReadHtmlCacheBehavior [ RunTime:0.000768s ]
INFO: [ app_begin ] --END-- [ RunTime:0.001473s ]
SQL: SHOW COLUMNS FROM `md_auth_group_access` [ RunTime:0.0061s ]
SQL: SELECT `uid`,`group_id`,`title`,`rules` FROM md_auth_group_access a INNER JOIN md_auth_group g on a.group_id=g.id  WHERE ( a.uid='1' and g.status='1' )  [ RunTime:0.0005s ]
SQL: SHOW COLUMNS FROM `md_auth_rule` [ RunTime:0.0063s ]
SQL: SELECT `condition`,`name` FROM `md_auth_rule` WHERE `id` IN ('1','4','5','6','2','3','7','8','9','10','11','12','13','14','15') AND `type` = 'Admin' AND `status` = 1  [ RunTime:0.0005s ]
SQL: SHOW COLUMNS FROM `md_user` [ RunTime:0.0058s ]

[ 2017-02-16T15:03:28+08:00 ] ::1 /meidian/index.php/admin/user/login
INFO: [ app_begin ] --START--
INFO: Run Behavior\ReadHtmlCacheBehavior [ RunTime:0.001275s ]
INFO: [ app_begin ] --END-- [ RunTime:0.002066s ]
SQL: SHOW COLUMNS FROM `md_user` [ RunTime:0.0107s ]
SQL: SELECT * FROM `md_user` WHERE `username` = 'admin' AND `password` = '202cb962ac59075b964b07152d234b70'  [ RunTime:0.0005s ]
SQL: SHOW COLUMNS FROM `md_auth_group_access` [ RunTime:0.0074s ]
SQL: SELECT * FROM `md_auth_group_access` WHERE ( uid=1 )  [ RunTime:0.0004s ]
SQL: UPDATE `md_user` SET `logintime`='2017-02-16 15:03:28',`lastloginip`='0.0.0.0' WHERE ( id='1' ) [ RunTime:0.0006s ]

[ 2017-02-16T15:04:08+08:00 ] ::1 /meidian/index.php/admin/user/logout
INFO: [ app_begin ] --START--
INFO: Run Behavior\ReadHtmlCacheBehavior [ RunTime:0.001153s ]
INFO: [ app_begin ] --END-- [ RunTime:0.001956s ]
SQL: SHOW COLUMNS FROM `md_auth_group_access` [ RunTime:0.0070s ]
SQL: SELECT `uid`,`group_id`,`title`,`rules` FROM md_auth_group_access a INNER JOIN md_auth_group g on a.group_id=g.id  WHERE ( a.uid='1' and g.status='1' )  [ RunTime:0.0005s ]
SQL: SHOW COLUMNS FROM `md_auth_rule` [ RunTime:0.0060s ]
SQL: SELECT `condition`,`name` FROM `md_auth_rule` WHERE `id` IN ('1','4','5','6','2','3','7','8','9','10','11','12','13','14','15') AND `type` = 'Admin' AND `status` = 1  [ RunTime:0.0005s ]
SQL: SHOW COLUMNS FROM `md_user` [ RunTime:0.0076s ]

[ 2017-02-16T15:05:55+08:00 ] ::1 /meidian/index.php/admin/user/login
INFO: [ app_begin ] --START--
INFO: Run Behavior\ReadHtmlCacheBehavior [ RunTime:0.002235s ]
INFO: [ app_begin ] --END-- [ RunTime:0.003159s ]
SQL: SHOW COLUMNS FROM `md_user` [ RunTime:0.0085s ]
SQL: SELECT * FROM `md_user` WHERE `username` = 'admin' AND `password` = '202cb962ac59075b964b07152d234b70'  [ RunTime:0.0009s ]
SQL: SHOW COLUMNS FROM `md_auth_group_access` [ RunTime:0.0088s ]
SQL: SELECT * FROM `md_auth_group_access` WHERE ( uid=1 )  [ RunTime:0.0005s ]
SQL: UPDATE `md_user` SET `logintime`='2017-02-16 15:05:55',`lastloginip`='0.0.0.0' WHERE ( id='1' ) [ RunTime:0.0006s ]

[ 2017-02-16T15:06:10+08:00 ] ::1 /meidian/index.php/Admin/Place/city
INFO: [ app_begin ] --START--
INFO: Run Behavior\ReadHtmlCacheBehavior [ RunTime:0.002508s ]
INFO: [ app_begin ] --END-- [ RunTime:0.005138s ]
SQL: SHOW COLUMNS FROM `md_auth_group_access` [ RunTime:0.0090s ]
SQL: SELECT `uid`,`group_id`,`title`,`rules` FROM md_auth_group_access a INNER JOIN md_auth_group g on a.group_id=g.id  WHERE ( a.uid='1' and g.status='1' )  [ RunTime:0.0007s ]
SQL: SHOW COLUMNS FROM `md_auth_rule` [ RunTime:0.0081s ]
SQL: SELECT `condition`,`name` FROM `md_auth_rule` WHERE `id` IN ('1','4','5','6','2','3','7','8','9','10','11','12','13','14','15') AND `type` = 'Admin' AND `status` = 1  [ RunTime:0.0009s ]
SQL: SHOW COLUMNS FROM `md_place` [ RunTime:0.0070s ]
SQL: SHOW COLUMNS FROM `md_city` [ RunTime:0.0082s ]
SQL: SELECT * FROM `md_city` WHERE ( province_id=1 )  [ RunTime:0.0005s ]

[ 2017-02-16T15:06:12+08:00 ] ::1 /meidian/index.php/Admin/Place/district
INFO: [ app_begin ] --START--
INFO: Run Behavior\ReadHtmlCacheBehavior [ RunTime:0.001284s ]
INFO: [ app_begin ] --END-- [ RunTime:0.002284s ]
SQL: SHOW COLUMNS FROM `md_auth_group_access` [ RunTime:0.0080s ]
SQL: SELECT `uid`,`group_id`,`title`,`rules` FROM md_auth_group_access a INNER JOIN md_auth_group g on a.group_id=g.id  WHERE ( a.uid='1' and g.status='1' )  [ RunTime:0.0008s ]
SQL: SHOW COLUMNS FROM `md_auth_rule` [ RunTime:0.0081s ]
SQL: SELECT `condition`,`name` FROM `md_auth_rule` WHERE `id` IN ('1','4','5','6','2','3','7','8','9','10','11','12','13','14','15') AND `type` = 'Admin' AND `status` = 1  [ RunTime:0.0008s ]
SQL: SHOW COLUMNS FROM `md_place` [ RunTime:0.0062s ]
SQL: SHOW COLUMNS FROM `md_district` [ RunTime:0.0065s ]
SQL: SELECT * FROM `md_district` WHERE ( city_id=2 )  [ RunTime:0.0004s ]

[ 2017-02-16T15:06:14+08:00 ] ::1 /meidian/index.php/Admin/Place/street
INFO: [ app_begin ] --START--
INFO: Run Behavior\ReadHtmlCacheBehavior [ RunTime:0.001236s ]
INFO: [ app_begin ] --END-- [ RunTime:0.002099s ]
SQL: SHOW COLUMNS FROM `md_auth_group_access` [ RunTime:0.0079s ]
SQL: SELECT `uid`,`group_id`,`title`,`rules` FROM md_auth_group_access a INNER JOIN md_auth_group g on a.group_id=g.id  WHERE ( a.uid='1' and g.status='1' )  [ RunTime:0.0007s ]
SQL: SHOW COLUMNS FROM `md_auth_rule` [ RunTime:0.0079s ]
SQL: SELECT `condition`,`name` FROM `md_auth_rule` WHERE `id` IN ('1','4','5','6','2','3','7','8','9','10','11','12','13','14','15') AND `type` = 'Admin' AND `status` = 1  [ RunTime:0.0006s ]
SQL: SHOW COLUMNS FROM `md_place` [ RunTime:0.0075s ]
SQL: SHOW COLUMNS FROM `md_street` [ RunTime:0.0062s ]
SQL: SELECT * FROM `md_street` WHERE ( district_id=2 )  [ RunTime:0.0005s ]

[ 2017-02-16T15:06:58+08:00 ] ::1 /meidian/index.php/admin/user/login
INFO: [ app_begin ] --START--
INFO: Run Behavior\ReadHtmlCacheBehavior [ RunTime:0.001234s ]
INFO: [ app_begin ] --END-- [ RunTime:0.002024s ]
SQL: SHOW COLUMNS FROM `md_user` [ RunTime:0.0086s ]
SQL: SELECT * FROM `md_user` WHERE `username` = 'admin' AND `password` = '202cb962ac59075b964b07152d234b70'  [ RunTime:0.0007s ]
SQL: SHOW COLUMNS FROM `md_auth_group_access` [ RunTime:0.0113s ]
SQL: SELECT * FROM `md_auth_group_access` WHERE ( uid=1 )  [ RunTime:0.0005s ]
SQL: UPDATE `md_user` SET `logintime`='2017-02-16 15:06:58',`lastloginip`='0.0.0.0' WHERE ( id='1' ) [ RunTime:0.0005s ]

[ 2017-02-16T15:07:56+08:00 ] ::1 /meidian/index.php/admin/user/login
INFO: [ app_begin ] --START--
INFO: Run Behavior\ReadHtmlCacheBehavior [ RunTime:0.001013s ]
INFO: [ app_begin ] --END-- [ RunTime:0.002049s ]
SQL: SHOW COLUMNS FROM `md_user` [ RunTime:0.0067s ]
SQL: SELECT * FROM `md_user` WHERE `username` = 'admin' AND `password` = '202cb962ac59075b964b07152d234b70'  [ RunTime:0.0005s ]
SQL: SHOW COLUMNS FROM `md_auth_group_access` [ RunTime:0.0071s ]
SQL: SELECT * FROM `md_auth_group_access` WHERE ( uid=1 )  [ RunTime:0.0004s ]
SQL: UPDATE `md_user` SET `logintime`='2017-02-16 15:07:56',`lastloginip`='0.0.0.0' WHERE ( id='1' ) [ RunTime:0.0004s ]

[ 2017-02-16T15:08:05+08:00 ] ::1 /meidian/index.php/Admin/File/addImg
INFO: [ app_begin ] --START--
INFO: Run Behavior\ReadHtmlCacheBehavior [ RunTime:0.001170s ]
INFO: [ app_begin ] --END-- [ RunTime:0.001973s ]
SQL: SHOW COLUMNS FROM `md_auth_group_access` [ RunTime:0.0067s ]
SQL: SELECT `uid`,`group_id`,`title`,`rules` FROM md_auth_group_access a INNER JOIN md_auth_group g on a.group_id=g.id  WHERE ( a.uid='1' and g.status='1' )  [ RunTime:0.0006s ]
SQL: SHOW COLUMNS FROM `md_auth_rule` [ RunTime:0.0054s ]
SQL: SELECT `condition`,`name` FROM `md_auth_rule` WHERE `id` IN ('1','4','5','6','2','3','7','8','9','10','11','12','13','14','15') AND `type` = 'Admin' AND `status` = 1  [ RunTime:0.0005s ]
SQL: SHOW COLUMNS FROM `md_file_img` [ RunTime:0.0076s ]
SQL: SHOW COLUMNS FROM `md_file_video` [ RunTime:0.0052s ]
SQL: INSERT INTO `md_file_img` (`small_img`,`big_img`,`img_name`,`img_size`,`user_id`) VALUES ('20170216/thumb1487228883_1463193901.jpg','20170216/1487228883_1463193901.jpg','1.jpg','121688','1') [ RunTime:0.0005s ]

